-- Found ament_cmake: 0.9.9 (/opt/ros/foxy/share/ament_cmake/cmake)
-- Found PythonInterp: /usr/bin/python3 (found suitable version "3.8.10", minimum required is "3") 
-- Using PYTHON_EXECUTABLE: /usr/bin/python3
-- Override CMake install command with custom implementation using symlinks instead of copying resources
-- Found rosidl_default_generators: 1.0.1 (/opt/ros/foxy/share/rosidl_default_generators/cmake)
-- Using all available rosidl_typesupport_c: rosidl_typesupport_fastrtps_c;rosidl_typesupport_introspection_c
-- Found rosidl_adapter: 1.2.1 (/opt/ros/foxy/share/rosidl_adapter/cmake)
-- Using all available rosidl_typesupport_cpp: rosidl_typesupport_fastrtps_cpp;rosidl_typesupport_introspection_cpp
-- Found PythonInterp: /usr/bin/python3 (found version "3.8.10") 
-- Found ament_cmake_ros: 0.9.2 (/opt/ros/foxy/share/ament_cmake_ros/cmake)
-- Using all available rosidl_typesupport_c: rosidl_typesupport_fastrtps_c;rosidl_typesupport_introspection_c
-- Using all available rosidl_typesupport_cpp: rosidl_typesupport_fastrtps_cpp;rosidl_typesupport_introspection_cpp
-- Found PythonInterp: /usr/bin/python3 (found suitable version "3.8.10", minimum required is "3.5") 
-- Found python_cmake_module: 0.8.1 (/opt/ros/foxy/share/python_cmake_module/cmake)
-- Using PYTHON_EXECUTABLE: /usr/bin/python3
-- Using PYTHON_INCLUDE_DIRS: /usr/include/python3.8
-- Using PYTHON_LIBRARIES: /usr/lib/x86_64-linux-gnu/libpython3.8.so
-- Found ament_lint_auto: 0.9.6 (/opt/ros/foxy/share/ament_lint_auto/cmake)
-- Added test 'copyright' to check source files copyright and LICENSE
-- Added test 'lint_cmake' to check CMake code style
-- Added test 'xmllint' to check XML markup files
-- Configuring done
-- Generating done
-- Build files have been written to: /home/dahyeon/dev_ws/build/time_msgs
[  2%] [34m[1mGenerating C code for ROS interfaces[0m
[35m[1mScanning dependencies of target time_msgs__cpp[0m
[  4%] [34m[1mGenerating C++ code for ROS interfaces[0m
[35m[1mScanning dependencies of target time_msgs__rosidl_generator_c[0m
[  4%] Built target time_msgs__cpp
[ 10%] [32mBuilding C object CMakeFiles/time_msgs__rosidl_generator_c.dir/rosidl_generator_c/time_msgs/srv/detail/time__functions.c.o[0m
[ 10%] [32mBuilding C object CMakeFiles/time_msgs__rosidl_generator_c.dir/rosidl_generator_c/time_msgs/action/detail/time__functions.c.o[0m
[ 10%] [32mBuilding C object CMakeFiles/time_msgs__rosidl_generator_c.dir/rosidl_generator_c/time_msgs/msg/detail/time__functions.c.o[0m
[ 12%] [34m[1mGenerating C++ type support dispatch for ROS interfaces[0m
[ 14%] [34m[1mGenerating C++ type support for eProsima Fast-RTPS[0m
[ 17%] [34m[1mGenerating C++ introspection for ROS interfaces[0m
[ 19%] [32m[1mLinking C shared library libtime_msgs__rosidl_generator_c.so[0m
[ 19%] Built target time_msgs__rosidl_generator_c
[ 23%] [34m[1mGenerating C type support dispatch for ROS interfaces[0m
[ 23%] [34m[1mGenerating C introspection for ROS interfaces[0m
[35m[1mScanning dependencies of target time_msgs__rosidl_typesupport_cpp[0m
[ 25%] [32mBuilding CXX object CMakeFiles/time_msgs__rosidl_typesupport_cpp.dir/rosidl_typesupport_cpp/time_msgs/msg/time__type_support.cpp.o[0m
[ 29%] [32mBuilding CXX object CMakeFiles/time_msgs__rosidl_typesupport_cpp.dir/rosidl_typesupport_cpp/time_msgs/action/time__type_support.cpp.o[0m
[ 29%] [32mBuilding CXX object CMakeFiles/time_msgs__rosidl_typesupport_cpp.dir/rosidl_typesupport_cpp/time_msgs/srv/time__type_support.cpp.o[0m
[35m[1mScanning dependencies of target time_msgs__rosidl_typesupport_introspection_cpp[0m
[ 31%] [32mBuilding CXX object CMakeFiles/time_msgs__rosidl_typesupport_introspection_cpp.dir/rosidl_typesupport_introspection_cpp/time_msgs/msg/detail/time__type_support.cpp.o[0m
[ 34%] [32mBuilding CXX object CMakeFiles/time_msgs__rosidl_typesupport_introspection_cpp.dir/rosidl_typesupport_introspection_cpp/time_msgs/srv/detail/time__type_support.cpp.o[0m
[ 36%] [32mBuilding CXX object CMakeFiles/time_msgs__rosidl_typesupport_introspection_cpp.dir/rosidl_typesupport_introspection_cpp/time_msgs/action/detail/time__type_support.cpp.o[0m
[35m[1mScanning dependencies of target time_msgs__rosidl_typesupport_fastrtps_cpp[0m
[35m[1mScanning dependencies of target time_msgs__rosidl_typesupport_c[0m
[ 38%] [32mBuilding CXX object CMakeFiles/time_msgs__rosidl_typesupport_fastrtps_cpp.dir/rosidl_typesupport_fastrtps_cpp/time_msgs/action/detail/dds_fastrtps/time__type_support.cpp.o[0m
[ 40%] [32mBuilding CXX object CMakeFiles/time_msgs__rosidl_typesupport_c.dir/rosidl_typesupport_c/time_msgs/msg/time__type_support.cpp.o[0m
[ 42%] [32mBuilding CXX object CMakeFiles/time_msgs__rosidl_typesupport_c.dir/rosidl_typesupport_c/time_msgs/srv/time__type_support.cpp.o[0m
[ 44%] [32mBuilding CXX object CMakeFiles/time_msgs__rosidl_typesupport_c.dir/rosidl_typesupport_c/time_msgs/action/time__type_support.cpp.o[0m
[ 46%] [32mBuilding CXX object CMakeFiles/time_msgs__rosidl_typesupport_fastrtps_cpp.dir/rosidl_typesupport_fastrtps_cpp/time_msgs/msg/detail/dds_fastrtps/time__type_support.cpp.o[0m
[ 48%] [32mBuilding CXX object CMakeFiles/time_msgs__rosidl_typesupport_fastrtps_cpp.dir/rosidl_typesupport_fastrtps_cpp/time_msgs/srv/detail/dds_fastrtps/time__type_support.cpp.o[0m
[ 51%] [32m[1mLinking CXX shared library libtime_msgs__rosidl_typesupport_c.so[0m
[ 51%] Built target time_msgs__rosidl_typesupport_c
[35m[1mScanning dependencies of target time_msgs__rosidl_typesupport_introspection_c[0m
[ 55%] [32mBuilding C object CMakeFiles/time_msgs__rosidl_typesupport_introspection_c.dir/rosidl_typesupport_introspection_c/time_msgs/msg/detail/time__type_support.c.o[0m
[ 55%] [32mBuilding C object CMakeFiles/time_msgs__rosidl_typesupport_introspection_c.dir/rosidl_typesupport_introspection_c/time_msgs/srv/detail/time__type_support.c.o[0m
[ 57%] [32mBuilding C object CMakeFiles/time_msgs__rosidl_typesupport_introspection_c.dir/rosidl_typesupport_introspection_c/time_msgs/action/detail/time__type_support.c.o[0m
[ 59%] [32m[1mLinking CXX shared library libtime_msgs__rosidl_typesupport_cpp.so[0m
[ 61%] [32m[1mLinking C shared library libtime_msgs__rosidl_typesupport_introspection_c.so[0m
[ 61%] Built target time_msgs__rosidl_typesupport_cpp
[ 61%] Built target time_msgs__rosidl_typesupport_introspection_c
[ 63%] [32m[1mLinking CXX shared library libtime_msgs__rosidl_typesupport_introspection_cpp.so[0m
[ 63%] Built target time_msgs__rosidl_typesupport_introspection_cpp
[ 65%] [32m[1mLinking CXX shared library libtime_msgs__rosidl_typesupport_fastrtps_cpp.so[0m
[ 65%] Built target time_msgs__rosidl_typesupport_fastrtps_cpp
[ 68%] [34m[1mGenerating C type support for eProsima Fast-RTPS[0m
[35m[1mScanning dependencies of target time_msgs__rosidl_typesupport_fastrtps_c[0m
[ 74%] [32mBuilding CXX object CMakeFiles/time_msgs__rosidl_typesupport_fastrtps_c.dir/rosidl_typesupport_fastrtps_c/time_msgs/action/detail/time__type_support_c.cpp.o[0m
[ 74%] [32mBuilding CXX object CMakeFiles/time_msgs__rosidl_typesupport_fastrtps_c.dir/rosidl_typesupport_fastrtps_c/time_msgs/srv/detail/time__type_support_c.cpp.o[0m
[ 74%] [32mBuilding CXX object CMakeFiles/time_msgs__rosidl_typesupport_fastrtps_c.dir/rosidl_typesupport_fastrtps_c/time_msgs/msg/detail/time__type_support_c.cpp.o[0m
[ 76%] [32m[1mLinking CXX shared library libtime_msgs__rosidl_typesupport_fastrtps_c.so[0m
[ 76%] Built target time_msgs__rosidl_typesupport_fastrtps_c
[ 76%] Built target time_msgs
[35m[1mScanning dependencies of target time_msgs__py[0m
[ 78%] [34m[1mGenerating Python code for ROS interfaces[0m
[ 78%] Built target time_msgs__py
[35m[1mScanning dependencies of target time_msgs__python[0m
[ 85%] [32mBuilding C object CMakeFiles/time_msgs__python.dir/rosidl_generator_py/time_msgs/action/_time_s.c.o[0m
[ 85%] [32mBuilding C object CMakeFiles/time_msgs__python.dir/rosidl_generator_py/time_msgs/srv/_time_s.c.o[0m
[ 85%] [32mBuilding C object CMakeFiles/time_msgs__python.dir/rosidl_generator_py/time_msgs/msg/_time_s.c.o[0m
[ 87%] [32m[1mLinking C shared library rosidl_generator_py/time_msgs/libtime_msgs__python.so[0m
[ 87%] Built target time_msgs__python
[35m[1mScanning dependencies of target time_msgs__rosidl_typesupport_introspection_c__pyext[0m
[35m[1mScanning dependencies of target time_msgs__rosidl_typesupport_c__pyext[0m
[35m[1mScanning dependencies of target time_msgs__rosidl_typesupport_fastrtps_c__pyext[0m
[ 91%] [32mBuilding C object CMakeFiles/time_msgs__rosidl_typesupport_c__pyext.dir/rosidl_generator_py/time_msgs/_time_msgs_s.ep.rosidl_typesupport_c.c.o[0m
[ 91%] [32mBuilding C object CMakeFiles/time_msgs__rosidl_typesupport_introspection_c__pyext.dir/rosidl_generator_py/time_msgs/_time_msgs_s.ep.rosidl_typesupport_introspection_c.c.o[0m
[ 93%] [32mBuilding C object CMakeFiles/time_msgs__rosidl_typesupport_fastrtps_c__pyext.dir/rosidl_generator_py/time_msgs/_time_msgs_s.ep.rosidl_typesupport_fastrtps_c.c.o[0m
[ 95%] [32m[1mLinking C shared library rosidl_generator_py/time_msgs/time_msgs_s__rosidl_typesupport_introspection_c.cpython-38-x86_64-linux-gnu.so[0m
[ 97%] [32m[1mLinking CXX shared library rosidl_generator_py/time_msgs/time_msgs_s__rosidl_typesupport_fastrtps_c.cpython-38-x86_64-linux-gnu.so[0m
[100%] [32m[1mLinking C shared library rosidl_generator_py/time_msgs/time_msgs_s__rosidl_typesupport_c.cpython-38-x86_64-linux-gnu.so[0m
[100%] Built target time_msgs__rosidl_typesupport_introspection_c__pyext
[100%] Built target time_msgs__rosidl_typesupport_c__pyext
[100%] Built target time_msgs__rosidl_typesupport_fastrtps_c__pyext
