[0.102s] Invoking command in '/home/dahyeon/dev_ws/build/time_msgs': CMAKE_PREFIX_PATH=${CMAKE_PREFIX_PATH}:/home/dahyeon/dev_ws/install/topic_service_action_rclpy_example:/home/dahyeon/dev_ws/install/time_rclpy_example:/home/dahyeon/dev_ws/install/time_alarm_handle:/home/dahyeon/dev_ws/install/tf2_rclpy_example:/home/dahyeon/dev_ws/install/ros2env:/home/dahyeon/dev_ws/install/my_first_ros_rclpy_pkg:/home/dahyeon/dev_ws/install/logging_rclpy_example:/opt/ros/foxy /usr/bin/cmake --build /home/dahyeon/dev_ws/build/time_msgs -- -j12 -l12
[0.786s] -- Found ament_cmake: 0.9.9 (/opt/ros/foxy/share/ament_cmake/cmake)
[0.786s] -- Found PythonInterp: /usr/bin/python3 (found suitable version "3.8.10", minimum required is "3") 
[0.786s] -- Using PYTHON_EXECUTABLE: /usr/bin/python3
[0.786s] -- Override CMake install command with custom implementation using symlinks instead of copying resources
[0.786s] -- Found rosidl_default_generators: 1.0.1 (/opt/ros/foxy/share/rosidl_default_generators/cmake)
[0.787s] -- Using all available rosidl_typesupport_c: rosidl_typesupport_fastrtps_c;rosidl_typesupport_introspection_c
[0.788s] -- Found rosidl_adapter: 1.2.1 (/opt/ros/foxy/share/rosidl_adapter/cmake)
[0.788s] -- Using all available rosidl_typesupport_cpp: rosidl_typesupport_fastrtps_cpp;rosidl_typesupport_introspection_cpp
[0.789s] -- Found PythonInterp: /usr/bin/python3 (found version "3.8.10") 
[0.919s] -- Found ament_cmake_ros: 0.9.2 (/opt/ros/foxy/share/ament_cmake_ros/cmake)
[1.037s] -- Using all available rosidl_typesupport_c: rosidl_typesupport_fastrtps_c;rosidl_typesupport_introspection_c
[1.066s] -- Using all available rosidl_typesupport_cpp: rosidl_typesupport_fastrtps_cpp;rosidl_typesupport_introspection_cpp
[1.098s] -- Found PythonInterp: /usr/bin/python3 (found suitable version "3.8.10", minimum required is "3.5") 
[1.099s] -- Found python_cmake_module: 0.8.1 (/opt/ros/foxy/share/python_cmake_module/cmake)
[1.128s] -- Using PYTHON_EXECUTABLE: /usr/bin/python3
[1.128s] -- Using PYTHON_INCLUDE_DIRS: /usr/include/python3.8
[1.129s] -- Using PYTHON_LIBRARIES: /usr/lib/x86_64-linux-gnu/libpython3.8.so
[1.166s] -- Found ament_lint_auto: 0.9.6 (/opt/ros/foxy/share/ament_lint_auto/cmake)
[1.190s] -- Added test 'copyright' to check source files copyright and LICENSE
[1.192s] -- Added test 'lint_cmake' to check CMake code style
[1.193s] -- Added test 'xmllint' to check XML markup files
[1.200s] -- Configuring done
[1.267s] -- Generating done
[1.269s] -- Build files have been written to: /home/dahyeon/dev_ws/build/time_msgs
[1.289s] [  2%] [34m[1mGenerating C code for ROS interfaces[0m
[1.289s] [35m[1mScanning dependencies of target time_msgs__cpp[0m
[1.298s] [  4%] [34m[1mGenerating C++ code for ROS interfaces[0m
[1.706s] [35m[1mScanning dependencies of target time_msgs__rosidl_generator_c[0m
[1.709s] [  4%] Built target time_msgs__cpp
[1.717s] [ 10%] [32mBuilding C object CMakeFiles/time_msgs__rosidl_generator_c.dir/rosidl_generator_c/time_msgs/srv/detail/time__functions.c.o[0m
[1.717s] [ 10%] [32mBuilding C object CMakeFiles/time_msgs__rosidl_generator_c.dir/rosidl_generator_c/time_msgs/action/detail/time__functions.c.o[0m
[1.717s] [ 10%] [32mBuilding C object CMakeFiles/time_msgs__rosidl_generator_c.dir/rosidl_generator_c/time_msgs/msg/detail/time__functions.c.o[0m
[1.718s] [ 12%] [34m[1mGenerating C++ type support dispatch for ROS interfaces[0m
[1.718s] [ 14%] [34m[1mGenerating C++ type support for eProsima Fast-RTPS[0m
[1.721s] [ 17%] [34m[1mGenerating C++ introspection for ROS interfaces[0m
[1.862s] [ 19%] [32m[1mLinking C shared library libtime_msgs__rosidl_generator_c.so[0m
[1.891s] [ 19%] Built target time_msgs__rosidl_generator_c
[1.906s] [ 23%] [34m[1mGenerating C type support dispatch for ROS interfaces[0m
[1.906s] [ 23%] [34m[1mGenerating C introspection for ROS interfaces[0m
[2.056s] [35m[1mScanning dependencies of target time_msgs__rosidl_typesupport_cpp[0m
[2.067s] [ 25%] [32mBuilding CXX object CMakeFiles/time_msgs__rosidl_typesupport_cpp.dir/rosidl_typesupport_cpp/time_msgs/msg/time__type_support.cpp.o[0m
[2.069s] [ 29%] [32mBuilding CXX object CMakeFiles/time_msgs__rosidl_typesupport_cpp.dir/rosidl_typesupport_cpp/time_msgs/action/time__type_support.cpp.o[0m
[2.069s] [ 29%] [32mBuilding CXX object CMakeFiles/time_msgs__rosidl_typesupport_cpp.dir/rosidl_typesupport_cpp/time_msgs/srv/time__type_support.cpp.o[0m
[2.160s] [35m[1mScanning dependencies of target time_msgs__rosidl_typesupport_introspection_cpp[0m
[2.172s] [ 31%] [32mBuilding CXX object CMakeFiles/time_msgs__rosidl_typesupport_introspection_cpp.dir/rosidl_typesupport_introspection_cpp/time_msgs/msg/detail/time__type_support.cpp.o[0m
[2.172s] [ 34%] [32mBuilding CXX object CMakeFiles/time_msgs__rosidl_typesupport_introspection_cpp.dir/rosidl_typesupport_introspection_cpp/time_msgs/srv/detail/time__type_support.cpp.o[0m
[2.173s] [ 36%] [32mBuilding CXX object CMakeFiles/time_msgs__rosidl_typesupport_introspection_cpp.dir/rosidl_typesupport_introspection_cpp/time_msgs/action/detail/time__type_support.cpp.o[0m
[2.231s] [35m[1mScanning dependencies of target time_msgs__rosidl_typesupport_fastrtps_cpp[0m
[2.236s] [35m[1mScanning dependencies of target time_msgs__rosidl_typesupport_c[0m
[2.252s] [ 38%] [32mBuilding CXX object CMakeFiles/time_msgs__rosidl_typesupport_fastrtps_cpp.dir/rosidl_typesupport_fastrtps_cpp/time_msgs/action/detail/dds_fastrtps/time__type_support.cpp.o[0m
[2.252s] [ 40%] [32mBuilding CXX object CMakeFiles/time_msgs__rosidl_typesupport_c.dir/rosidl_typesupport_c/time_msgs/msg/time__type_support.cpp.o[0m
[2.255s] [ 42%] [32mBuilding CXX object CMakeFiles/time_msgs__rosidl_typesupport_c.dir/rosidl_typesupport_c/time_msgs/srv/time__type_support.cpp.o[0m
[2.265s] [ 44%] [32mBuilding CXX object CMakeFiles/time_msgs__rosidl_typesupport_c.dir/rosidl_typesupport_c/time_msgs/action/time__type_support.cpp.o[0m
[2.278s] [ 46%] [32mBuilding CXX object CMakeFiles/time_msgs__rosidl_typesupport_fastrtps_cpp.dir/rosidl_typesupport_fastrtps_cpp/time_msgs/msg/detail/dds_fastrtps/time__type_support.cpp.o[0m
[2.298s] [ 48%] [32mBuilding CXX object CMakeFiles/time_msgs__rosidl_typesupport_fastrtps_cpp.dir/rosidl_typesupport_fastrtps_cpp/time_msgs/srv/detail/dds_fastrtps/time__type_support.cpp.o[0m
[2.335s] [ 51%] [32m[1mLinking CXX shared library libtime_msgs__rosidl_typesupport_c.so[0m
[2.395s] [ 51%] Built target time_msgs__rosidl_typesupport_c
[2.436s] [35m[1mScanning dependencies of target time_msgs__rosidl_typesupport_introspection_c[0m
[2.453s] [ 55%] [32mBuilding C object CMakeFiles/time_msgs__rosidl_typesupport_introspection_c.dir/rosidl_typesupport_introspection_c/time_msgs/msg/detail/time__type_support.c.o[0m
[2.453s] [ 55%] [32mBuilding C object CMakeFiles/time_msgs__rosidl_typesupport_introspection_c.dir/rosidl_typesupport_introspection_c/time_msgs/srv/detail/time__type_support.c.o[0m
[2.454s] [ 57%] [32mBuilding C object CMakeFiles/time_msgs__rosidl_typesupport_introspection_c.dir/rosidl_typesupport_introspection_c/time_msgs/action/detail/time__type_support.c.o[0m
[2.469s] [ 59%] [32m[1mLinking CXX shared library libtime_msgs__rosidl_typesupport_cpp.so[0m
[2.512s] [ 61%] [32m[1mLinking C shared library libtime_msgs__rosidl_typesupport_introspection_c.so[0m
[2.518s] [ 61%] Built target time_msgs__rosidl_typesupport_cpp
[2.537s] [ 61%] Built target time_msgs__rosidl_typesupport_introspection_c
[2.601s] [ 63%] [32m[1mLinking CXX shared library libtime_msgs__rosidl_typesupport_introspection_cpp.so[0m
[2.664s] [ 63%] Built target time_msgs__rosidl_typesupport_introspection_cpp
[2.844s] [ 65%] [32m[1mLinking CXX shared library libtime_msgs__rosidl_typesupport_fastrtps_cpp.so[0m
[2.908s] [ 65%] Built target time_msgs__rosidl_typesupport_fastrtps_cpp
[2.917s] [ 68%] [34m[1mGenerating C type support for eProsima Fast-RTPS[0m
[3.301s] [35m[1mScanning dependencies of target time_msgs__rosidl_typesupport_fastrtps_c[0m
[3.315s] [ 74%] [32mBuilding CXX object CMakeFiles/time_msgs__rosidl_typesupport_fastrtps_c.dir/rosidl_typesupport_fastrtps_c/time_msgs/action/detail/time__type_support_c.cpp.o[0m
[3.315s] [ 74%] [32mBuilding CXX object CMakeFiles/time_msgs__rosidl_typesupport_fastrtps_c.dir/rosidl_typesupport_fastrtps_c/time_msgs/srv/detail/time__type_support_c.cpp.o[0m
[3.315s] [ 74%] [32mBuilding CXX object CMakeFiles/time_msgs__rosidl_typesupport_fastrtps_c.dir/rosidl_typesupport_fastrtps_c/time_msgs/msg/detail/time__type_support_c.cpp.o[0m
[3.625s] [ 76%] [32m[1mLinking CXX shared library libtime_msgs__rosidl_typesupport_fastrtps_c.so[0m
[3.684s] [ 76%] Built target time_msgs__rosidl_typesupport_fastrtps_c
[3.699s] [ 76%] Built target time_msgs
[3.706s] [35m[1mScanning dependencies of target time_msgs__py[0m
[3.714s] [ 78%] [34m[1mGenerating Python code for ROS interfaces[0m
[4.593s] [ 78%] Built target time_msgs__py
[4.602s] [35m[1mScanning dependencies of target time_msgs__python[0m
[4.615s] [ 85%] [32mBuilding C object CMakeFiles/time_msgs__python.dir/rosidl_generator_py/time_msgs/action/_time_s.c.o[0m
[4.615s] [ 85%] [32mBuilding C object CMakeFiles/time_msgs__python.dir/rosidl_generator_py/time_msgs/srv/_time_s.c.o[0m
[4.615s] [ 85%] [32mBuilding C object CMakeFiles/time_msgs__python.dir/rosidl_generator_py/time_msgs/msg/_time_s.c.o[0m
[4.745s] [ 87%] [32m[1mLinking C shared library rosidl_generator_py/time_msgs/libtime_msgs__python.so[0m
[4.776s] [ 87%] Built target time_msgs__python
[4.784s] [35m[1mScanning dependencies of target time_msgs__rosidl_typesupport_introspection_c__pyext[0m
[4.784s] [35m[1mScanning dependencies of target time_msgs__rosidl_typesupport_c__pyext[0m
[4.784s] [35m[1mScanning dependencies of target time_msgs__rosidl_typesupport_fastrtps_c__pyext[0m
[4.796s] [ 91%] [32mBuilding C object CMakeFiles/time_msgs__rosidl_typesupport_c__pyext.dir/rosidl_generator_py/time_msgs/_time_msgs_s.ep.rosidl_typesupport_c.c.o[0m
[4.796s] [ 91%] [32mBuilding C object CMakeFiles/time_msgs__rosidl_typesupport_introspection_c__pyext.dir/rosidl_generator_py/time_msgs/_time_msgs_s.ep.rosidl_typesupport_introspection_c.c.o[0m
[4.797s] [ 93%] [32mBuilding C object CMakeFiles/time_msgs__rosidl_typesupport_fastrtps_c__pyext.dir/rosidl_generator_py/time_msgs/_time_msgs_s.ep.rosidl_typesupport_fastrtps_c.c.o[0m
[4.880s] [ 95%] [32m[1mLinking C shared library rosidl_generator_py/time_msgs/time_msgs_s__rosidl_typesupport_introspection_c.cpython-38-x86_64-linux-gnu.so[0m
[4.881s] [ 97%] [32m[1mLinking CXX shared library rosidl_generator_py/time_msgs/time_msgs_s__rosidl_typesupport_fastrtps_c.cpython-38-x86_64-linux-gnu.so[0m
[4.884s] [100%] [32m[1mLinking C shared library rosidl_generator_py/time_msgs/time_msgs_s__rosidl_typesupport_c.cpython-38-x86_64-linux-gnu.so[0m
[4.910s] [100%] Built target time_msgs__rosidl_typesupport_introspection_c__pyext
[4.913s] [100%] Built target time_msgs__rosidl_typesupport_c__pyext
[4.933s] [100%] Built target time_msgs__rosidl_typesupport_fastrtps_c__pyext
