[  3%] Built target srv_alarm_interface__cpp
[ 12%] Built target srv_alarm_interface__rosidl_generator_c
[ 22%] Built target srv_alarm_interface__rosidl_typesupport_cpp
[ 32%] Built target srv_alarm_interface__rosidl_typesupport_introspection_cpp
[ 41%] Built target srv_alarm_interface__rosidl_typesupport_fastrtps_cpp
[ 51%] Built target srv_alarm_interface__rosidl_typesupport_c
[ 61%] Built target srv_alarm_interface__rosidl_typesupport_introspection_c
[ 70%] Built target srv_alarm_interface__rosidl_typesupport_fastrtps_c
[ 70%] Built target srv_alarm_interface
[ 74%] Built target srv_alarm_interface__py
[ 80%] Built target srv_alarm_interface__python
[ 87%] Built target srv_alarm_interface__rosidl_typesupport_c__pyext
[ 93%] Built target srv_alarm_interface__rosidl_typesupport_introspection_c__pyext
[100%] Built target srv_alarm_interface__rosidl_typesupport_fastrtps_c__pyext
-- Install configuration: ""
-- Execute custom install script
-- Up-to-date symlink: /home/dahyeon/dev_ws/install/srv_alarm_interface/share/ament_index/resource_index/rosidl_interfaces/srv_alarm_interface
-- Up-to-date symlink: /home/dahyeon/dev_ws/install/srv_alarm_interface/include/srv_alarm_interface/msg/rosidl_generator_c__visibility_control.h
-- Up-to-date symlink: /home/dahyeon/dev_ws/install/srv_alarm_interface/include/srv_alarm_interface/srv/alarm.h
-- Up-to-date symlink: /home/dahyeon/dev_ws/install/srv_alarm_interface/include/srv_alarm_interface/srv/alarm_option.h
-- Up-to-date symlink: /home/dahyeon/dev_ws/install/srv_alarm_interface/include/srv_alarm_interface/srv/detail/alarm__functions.h
-- Up-to-date symlink: /home/dahyeon/dev_ws/install/srv_alarm_interface/include/srv_alarm_interface/srv/detail/alarm__struct.h
-- Up-to-date symlink: /home/dahyeon/dev_ws/install/srv_alarm_interface/include/srv_alarm_interface/srv/detail/alarm__type_support.h
-- Up-to-date symlink: /home/dahyeon/dev_ws/install/srv_alarm_interface/include/srv_alarm_interface/srv/detail/alarm_option__functions.h
-- Up-to-date symlink: /home/dahyeon/dev_ws/install/srv_alarm_interface/include/srv_alarm_interface/srv/detail/alarm_option__struct.h
-- Up-to-date symlink: /home/dahyeon/dev_ws/install/srv_alarm_interface/include/srv_alarm_interface/srv/detail/alarm_option__type_support.h
-- Up-to-date symlink: /home/dahyeon/dev_ws/install/srv_alarm_interface/share/srv_alarm_interface/environment/library_path.sh
-- Up-to-date symlink: /home/dahyeon/dev_ws/install/srv_alarm_interface/share/srv_alarm_interface/environment/library_path.dsv
-- Up-to-date symlink: /home/dahyeon/dev_ws/install/srv_alarm_interface/include/srv_alarm_interface/msg/rosidl_typesupport_fastrtps_c__visibility_control.h
-- Up-to-date symlink: /home/dahyeon/dev_ws/install/srv_alarm_interface/include/srv_alarm_interface/srv/detail/alarm__rosidl_typesupport_fastrtps_c.h
-- Up-to-date symlink: /home/dahyeon/dev_ws/install/srv_alarm_interface/include/srv_alarm_interface/srv/detail/alarm_option__rosidl_typesupport_fastrtps_c.h
-- Up-to-date symlink: /home/dahyeon/dev_ws/install/srv_alarm_interface/lib/libsrv_alarm_interface__rosidl_typesupport_fastrtps_c.so
-- Up-to-date symlink: /home/dahyeon/dev_ws/install/srv_alarm_interface/include/srv_alarm_interface/msg/rosidl_typesupport_fastrtps_cpp__visibility_control.h
-- Up-to-date symlink: /home/dahyeon/dev_ws/install/srv_alarm_interface/include/srv_alarm_interface/srv/detail/alarm__rosidl_typesupport_fastrtps_cpp.hpp
-- Up-to-date symlink: /home/dahyeon/dev_ws/install/srv_alarm_interface/include/srv_alarm_interface/srv/detail/alarm_option__rosidl_typesupport_fastrtps_cpp.hpp
-- Up-to-date symlink: /home/dahyeon/dev_ws/install/srv_alarm_interface/lib/libsrv_alarm_interface__rosidl_typesupport_fastrtps_cpp.so
-- Up-to-date symlink: /home/dahyeon/dev_ws/install/srv_alarm_interface/include/srv_alarm_interface/msg/rosidl_typesupport_introspection_c__visibility_control.h
-- Up-to-date symlink: /home/dahyeon/dev_ws/install/srv_alarm_interface/include/srv_alarm_interface/srv/detail/alarm__rosidl_typesupport_introspection_c.h
-- Up-to-date symlink: /home/dahyeon/dev_ws/install/srv_alarm_interface/include/srv_alarm_interface/srv/detail/alarm_option__rosidl_typesupport_introspection_c.h
-- Up-to-date symlink: /home/dahyeon/dev_ws/install/srv_alarm_interface/include/srv_alarm_interface/srv/alarm.hpp
-- Up-to-date symlink: /home/dahyeon/dev_ws/install/srv_alarm_interface/include/srv_alarm_interface/srv/alarm_option.hpp
-- Up-to-date symlink: /home/dahyeon/dev_ws/install/srv_alarm_interface/include/srv_alarm_interface/srv/detail/alarm__builder.hpp
-- Up-to-date symlink: /home/dahyeon/dev_ws/install/srv_alarm_interface/include/srv_alarm_interface/srv/detail/alarm__struct.hpp
-- Up-to-date symlink: /home/dahyeon/dev_ws/install/srv_alarm_interface/include/srv_alarm_interface/srv/detail/alarm__traits.hpp
-- Up-to-date symlink: /home/dahyeon/dev_ws/install/srv_alarm_interface/include/srv_alarm_interface/srv/detail/alarm_option__builder.hpp
-- Up-to-date symlink: /home/dahyeon/dev_ws/install/srv_alarm_interface/include/srv_alarm_interface/srv/detail/alarm_option__struct.hpp
-- Up-to-date symlink: /home/dahyeon/dev_ws/install/srv_alarm_interface/include/srv_alarm_interface/srv/detail/alarm_option__traits.hpp
-- Up-to-date symlink: /home/dahyeon/dev_ws/install/srv_alarm_interface/include/srv_alarm_interface/srv/detail/alarm__rosidl_typesupport_introspection_cpp.hpp
-- Up-to-date symlink: /home/dahyeon/dev_ws/install/srv_alarm_interface/include/srv_alarm_interface/srv/detail/alarm_option__rosidl_typesupport_introspection_cpp.hpp
-- Up-to-date symlink: /home/dahyeon/dev_ws/install/srv_alarm_interface/share/srv_alarm_interface/environment/pythonpath.sh
-- Up-to-date symlink: /home/dahyeon/dev_ws/install/srv_alarm_interface/share/srv_alarm_interface/environment/pythonpath.dsv
-- Up-to-date symlink: /home/dahyeon/dev_ws/install/srv_alarm_interface/lib/python3.8/site-packages/srv_alarm_interface/__init__.py
-- Up-to-date symlink: /home/dahyeon/dev_ws/install/srv_alarm_interface/lib/python3.8/site-packages/srv_alarm_interface/srv/__init__.py
-- Up-to-date symlink: /home/dahyeon/dev_ws/install/srv_alarm_interface/lib/python3.8/site-packages/srv_alarm_interface/srv/_alarm.py
-- Up-to-date symlink: /home/dahyeon/dev_ws/install/srv_alarm_interface/lib/python3.8/site-packages/srv_alarm_interface/srv/_alarm_option.py
-- Up-to-date symlink: /home/dahyeon/dev_ws/install/srv_alarm_interface/lib/python3.8/site-packages/srv_alarm_interface/srv_alarm_interface_s__rosidl_typesupport_fastrtps_c.cpython-38-x86_64-linux-gnu.so
-- Up-to-date symlink: /home/dahyeon/dev_ws/install/srv_alarm_interface/lib/python3.8/site-packages/srv_alarm_interface/srv_alarm_interface_s__rosidl_typesupport_introspection_c.cpython-38-x86_64-linux-gnu.so
-- Up-to-date symlink: /home/dahyeon/dev_ws/install/srv_alarm_interface/lib/python3.8/site-packages/srv_alarm_interface/srv_alarm_interface_s__rosidl_typesupport_c.cpython-38-x86_64-linux-gnu.so
-- Up-to-date symlink: /home/dahyeon/dev_ws/install/srv_alarm_interface/lib/libsrv_alarm_interface__python.so
-- Up-to-date symlink: /home/dahyeon/dev_ws/install/srv_alarm_interface/share/srv_alarm_interface/srv/Alarm.idl
-- Up-to-date symlink: /home/dahyeon/dev_ws/install/srv_alarm_interface/share/srv_alarm_interface/srv/Alarm.srv
-- Up-to-date symlink: /home/dahyeon/dev_ws/install/srv_alarm_interface/share/srv_alarm_interface/srv/Alarm_Request.msg
-- Up-to-date symlink: /home/dahyeon/dev_ws/install/srv_alarm_interface/share/srv_alarm_interface/srv/Alarm_Response.msg
-- Up-to-date symlink: /home/dahyeon/dev_ws/install/srv_alarm_interface/share/ament_index/resource_index/package_run_dependencies/srv_alarm_interface
-- Up-to-date symlink: /home/dahyeon/dev_ws/install/srv_alarm_interface/share/ament_index/resource_index/parent_prefix_path/srv_alarm_interface
-- Up-to-date symlink: /home/dahyeon/dev_ws/install/srv_alarm_interface/share/srv_alarm_interface/environment/ament_prefix_path.sh
-- Up-to-date symlink: /home/dahyeon/dev_ws/install/srv_alarm_interface/share/srv_alarm_interface/environment/ament_prefix_path.dsv
-- Up-to-date symlink: /home/dahyeon/dev_ws/install/srv_alarm_interface/share/srv_alarm_interface/environment/path.sh
-- Up-to-date symlink: /home/dahyeon/dev_ws/install/srv_alarm_interface/share/srv_alarm_interface/environment/path.dsv
-- Up-to-date symlink: /home/dahyeon/dev_ws/install/srv_alarm_interface/share/srv_alarm_interface/local_setup.bash
-- Up-to-date symlink: /home/dahyeon/dev_ws/install/srv_alarm_interface/share/srv_alarm_interface/local_setup.sh
-- Up-to-date symlink: /home/dahyeon/dev_ws/install/srv_alarm_interface/share/srv_alarm_interface/local_setup.zsh
-- Up-to-date symlink: /home/dahyeon/dev_ws/install/srv_alarm_interface/share/srv_alarm_interface/local_setup.dsv
-- Symlinking: /home/dahyeon/dev_ws/install/srv_alarm_interface/share/srv_alarm_interface/package.dsv
-- Up-to-date symlink: /home/dahyeon/dev_ws/install/srv_alarm_interface/share/ament_index/resource_index/packages/srv_alarm_interface
-- Up-to-date symlink: /home/dahyeon/dev_ws/install/srv_alarm_interface/share/srv_alarm_interface/cmake/rosidl_cmake-extras.cmake
-- Up-to-date symlink: /home/dahyeon/dev_ws/install/srv_alarm_interface/share/srv_alarm_interface/cmake/ament_cmake_export_dependencies-extras.cmake
-- Up-to-date symlink: /home/dahyeon/dev_ws/install/srv_alarm_interface/share/srv_alarm_interface/cmake/ament_cmake_export_libraries-extras.cmake
-- Up-to-date symlink: /home/dahyeon/dev_ws/install/srv_alarm_interface/share/srv_alarm_interface/cmake/ament_cmake_export_targets-extras.cmake
-- Up-to-date symlink: /home/dahyeon/dev_ws/install/srv_alarm_interface/share/srv_alarm_interface/cmake/ament_cmake_export_include_directories-extras.cmake
-- Up-to-date symlink: /home/dahyeon/dev_ws/install/srv_alarm_interface/share/srv_alarm_interface/cmake/rosidl_cmake_export_typesupport_libraries-extras.cmake
-- Up-to-date symlink: /home/dahyeon/dev_ws/install/srv_alarm_interface/share/srv_alarm_interface/cmake/rosidl_cmake_export_typesupport_targets-extras.cmake
-- Up-to-date symlink: /home/dahyeon/dev_ws/install/srv_alarm_interface/share/srv_alarm_interface/cmake/srv_alarm_interfaceConfig.cmake
-- Up-to-date symlink: /home/dahyeon/dev_ws/install/srv_alarm_interface/share/srv_alarm_interface/cmake/srv_alarm_interfaceConfig-version.cmake
-- Up-to-date symlink: /home/dahyeon/dev_ws/install/srv_alarm_interface/share/srv_alarm_interface/package.xml
-- Up-to-date: /home/dahyeon/dev_ws/install/srv_alarm_interface/lib/libsrv_alarm_interface__rosidl_generator_c.so
-- Up-to-date: /home/dahyeon/dev_ws/install/srv_alarm_interface/lib/libsrv_alarm_interface__rosidl_typesupport_introspection_c.so
-- Up-to-date: /home/dahyeon/dev_ws/install/srv_alarm_interface/lib/libsrv_alarm_interface__rosidl_typesupport_c.so
-- Up-to-date: /home/dahyeon/dev_ws/install/srv_alarm_interface/lib/libsrv_alarm_interface__rosidl_typesupport_introspection_cpp.so
-- Up-to-date: /home/dahyeon/dev_ws/install/srv_alarm_interface/lib/libsrv_alarm_interface__rosidl_typesupport_cpp.so
-- Up-to-date: /home/dahyeon/dev_ws/install/srv_alarm_interface/share/srv_alarm_interface/cmake/srv_alarm_interface__rosidl_generator_cExport.cmake
-- Up-to-date: /home/dahyeon/dev_ws/install/srv_alarm_interface/share/srv_alarm_interface/cmake/srv_alarm_interface__rosidl_generator_cExport-noconfig.cmake
-- Up-to-date: /home/dahyeon/dev_ws/install/srv_alarm_interface/share/srv_alarm_interface/cmake/srv_alarm_interface__rosidl_typesupport_introspection_cExport.cmake
-- Up-to-date: /home/dahyeon/dev_ws/install/srv_alarm_interface/share/srv_alarm_interface/cmake/srv_alarm_interface__rosidl_typesupport_introspection_cExport-noconfig.cmake
-- Up-to-date: /home/dahyeon/dev_ws/install/srv_alarm_interface/share/srv_alarm_interface/cmake/srv_alarm_interface__rosidl_typesupport_cExport.cmake
-- Up-to-date: /home/dahyeon/dev_ws/install/srv_alarm_interface/share/srv_alarm_interface/cmake/srv_alarm_interface__rosidl_typesupport_cExport-noconfig.cmake
-- Up-to-date: /home/dahyeon/dev_ws/install/srv_alarm_interface/share/srv_alarm_interface/cmake/srv_alarm_interface__rosidl_generator_cppExport.cmake
-- Up-to-date: /home/dahyeon/dev_ws/install/srv_alarm_interface/share/srv_alarm_interface/cmake/srv_alarm_interface__rosidl_typesupport_introspection_cppExport.cmake
-- Up-to-date: /home/dahyeon/dev_ws/install/srv_alarm_interface/share/srv_alarm_interface/cmake/srv_alarm_interface__rosidl_typesupport_introspection_cppExport-noconfig.cmake
-- Up-to-date: /home/dahyeon/dev_ws/install/srv_alarm_interface/share/srv_alarm_interface/cmake/srv_alarm_interface__rosidl_typesupport_cppExport.cmake
-- Up-to-date: /home/dahyeon/dev_ws/install/srv_alarm_interface/share/srv_alarm_interface/cmake/srv_alarm_interface__rosidl_typesupport_cppExport-noconfig.cmake
