[0.367s] Invoking command in '/home/dahyeon/dev_ws/build/my_package': CMAKE_PREFIX_PATH=${CMAKE_PREFIX_PATH}:/opt/ros/foxy /usr/bin/cmake --build /home/dahyeon/dev_ws/build/my_package -- -j12 -l12
[0.707s] [100%] Built target my_node
[0.712s] Invoked command in '/home/dahyeon/dev_ws/build/my_package' returned '0': CMAKE_PREFIX_PATH=${CMAKE_PREFIX_PATH}:/opt/ros/foxy /usr/bin/cmake --build /home/dahyeon/dev_ws/build/my_package -- -j12 -l12
[0.750s] Invoking command in '/home/dahyeon/dev_ws/build/my_package': CMAKE_PREFIX_PATH=${CMAKE_PREFIX_PATH}:/opt/ros/foxy /usr/bin/cmake --install /home/dahyeon/dev_ws/build/my_package
[0.772s] -- Install configuration: ""
[0.772s] -- Execute custom install script
[0.772s] -- Up-to-date symlink: /home/dahyeon/dev_ws/install/my_package/lib/my_package/my_node
[0.772s] -- Up-to-date symlink: /home/dahyeon/dev_ws/install/my_package/share/ament_index/resource_index/package_run_dependencies/my_package
[0.772s] -- Up-to-date symlink: /home/dahyeon/dev_ws/install/my_package/share/ament_index/resource_index/parent_prefix_path/my_package
[0.772s] -- Up-to-date symlink: /home/dahyeon/dev_ws/install/my_package/share/my_package/environment/ament_prefix_path.sh
[0.773s] -- Up-to-date symlink: /home/dahyeon/dev_ws/install/my_package/share/my_package/environment/ament_prefix_path.dsv
[0.773s] -- Up-to-date symlink: /home/dahyeon/dev_ws/install/my_package/share/my_package/environment/path.sh
[0.773s] -- Up-to-date symlink: /home/dahyeon/dev_ws/install/my_package/share/my_package/environment/path.dsv
[0.773s] -- Up-to-date symlink: /home/dahyeon/dev_ws/install/my_package/share/my_package/local_setup.bash
[0.773s] -- Up-to-date symlink: /home/dahyeon/dev_ws/install/my_package/share/my_package/local_setup.sh
[0.773s] -- Up-to-date symlink: /home/dahyeon/dev_ws/install/my_package/share/my_package/local_setup.zsh
[0.773s] -- Up-to-date symlink: /home/dahyeon/dev_ws/install/my_package/share/my_package/local_setup.dsv
[0.774s] -- Up-to-date symlink: /home/dahyeon/dev_ws/install/my_package/share/my_package/package.dsv
[0.774s] -- Up-to-date symlink: /home/dahyeon/dev_ws/install/my_package/share/ament_index/resource_index/packages/my_package
[0.774s] -- Up-to-date symlink: /home/dahyeon/dev_ws/install/my_package/share/my_package/cmake/my_packageConfig.cmake
[0.774s] -- Up-to-date symlink: /home/dahyeon/dev_ws/install/my_package/share/my_package/cmake/my_packageConfig-version.cmake
[0.774s] -- Up-to-date symlink: /home/dahyeon/dev_ws/install/my_package/share/my_package/package.xml
[0.780s] Invoked command in '/home/dahyeon/dev_ws/build/my_package' returned '0': CMAKE_PREFIX_PATH=${CMAKE_PREFIX_PATH}:/opt/ros/foxy /usr/bin/cmake --install /home/dahyeon/dev_ws/build/my_package
