[0.000000] (-) TimerEvent: {}
[0.000270] (-) JobUnselected: {'identifier': 'cpp_pubsub'}
[0.000309] (-) JobUnselected: {'identifier': 'logging_rclpy_example'}
[0.000327] (-) JobUnselected: {'identifier': 'msg_srv_action_interface_example'}
[0.000341] (-) JobUnselected: {'identifier': 'my_first_ros_rclcpp_pkg'}
[0.000354] (-) JobUnselected: {'identifier': 'my_first_ros_rclpy_pkg'}
[0.000367] (-) JobUnselected: {'identifier': 'my_package'}
[0.000379] (-) JobUnselected: {'identifier': 'ros2env'}
[0.000391] (-) JobUnselected: {'identifier': 'rqt_example'}
[0.000403] (-) JobUnselected: {'identifier': 'srv_alarm_interface'}
[0.000415] (-) JobUnselected: {'identifier': 'testbot_description'}
[0.000427] (-) JobUnselected: {'identifier': 'tf2_rclcpp_example'}
[0.000438] (-) JobUnselected: {'identifier': 'tf2_rclpy_example'}
[0.000450] (-) JobUnselected: {'identifier': 'time_rclcpp_example'}
[0.000462] (-) JobUnselected: {'identifier': 'time_rclpy_example'}
[0.000474] (-) JobUnselected: {'identifier': 'topic_service_action_rclcpp_example'}
[0.000486] (-) JobUnselected: {'identifier': 'topic_service_action_rclpy_example'}
[0.000498] (-) JobUnselected: {'identifier': 'turtlesim'}
[0.000510] (-) JobUnselected: {'identifier': 'uni'}
[0.000522] (-) EventReactorShutdown: {}
