[0.000000] (-) TimerEvent: {}
[0.000260] (-) JobUnselected: {'identifier': 'cpp_parameters'}
[0.000338] (-) JobUnselected: {'identifier': 'cpp_pubsub'}
[0.000416] (-) JobUnselected: {'identifier': 'logging_rclpy_example'}
[0.000463] (-) JobUnselected: {'identifier': 'msg_srv_action_interface_example'}
[0.000484] (-) JobUnselected: {'identifier': 'my_first_ros_rclcpp_pkg'}
[0.000533] (-) JobUnselected: {'identifier': 'my_first_ros_rclpy_pkg'}
[0.000577] (-) JobUnselected: {'identifier': 'my_package'}
[0.000631] (-) JobUnselected: {'identifier': 'ros2env'}
[0.000656] (-) JobUnselected: {'identifier': 'rqt_example'}
[0.000677] (-) JobUnselected: {'identifier': 'srv_alarm_interface'}
[0.000691] (-) JobUnselected: {'identifier': 'testbot_description'}
[0.000732] (-) JobUnselected: {'identifier': 'tf2_rclcpp_example'}
[0.000743] (-) JobUnselected: {'identifier': 'tf2_rclpy_example'}
[0.000754] (-) JobUnselected: {'identifier': 'time_rclcpp_example'}
[0.000764] (-) JobUnselected: {'identifier': 'time_rclpy_example'}
[0.000775] (-) JobUnselected: {'identifier': 'topic_service_action_rclcpp_example'}
[0.000786] (-) JobUnselected: {'identifier': 'topic_service_action_rclpy_example'}
[0.000797] (-) JobUnselected: {'identifier': 'turtlesim'}
[0.000808] (-) JobUnselected: {'identifier': 'uni'}
[0.000823] (-) JobUnselected: {'identifier': 'uni'}
[0.000835] (-) EventReactorShutdown: {}
