[0.000000] (-) TimerEvent: {}
[0.000078] (-) JobUnselected: {'identifier': 'cpp_parameters'}
[0.000127] (-) JobUnselected: {'identifier': 'cpp_pubsub'}
[0.000157] (-) JobUnselected: {'identifier': 'cpp_pubsub'}
[0.000194] (-) JobUnselected: {'identifier': 'logging_rclpy_example'}
[0.000243] (-) JobUnselected: {'identifier': 'msg_srv_action_interface_example'}
[0.000285] (-) JobUnselected: {'identifier': 'my_first_ros_rclcpp_pkg'}
[0.000299] (-) JobUnselected: {'identifier': 'my_first_ros_rclpy_pkg'}
[0.000311] (-) JobUnselected: {'identifier': 'my_package'}
[0.000322] (-) JobUnselected: {'identifier': 'ros2env'}
[0.000333] (-) JobUnselected: {'identifier': 'rqt_example'}
[0.000344] (-) JobUnselected: {'identifier': 'srv_alarm_interface'}
[0.000355] (-) JobUnselected: {'identifier': 'test'}
[0.000366] (-) JobUnselected: {'identifier': 'test'}
[0.000377] (-) JobUnselected: {'identifier': 'testbot_description'}
[0.000387] (-) JobUnselected: {'identifier': 'tf2_rclcpp_example'}
[0.000398] (-) JobUnselected: {'identifier': 'tf2_rclpy_example'}
[0.000409] (-) JobUnselected: {'identifier': 'time_rclcpp_example'}
[0.000420] (-) JobUnselected: {'identifier': 'time_rclpy_example'}
[0.000431] (-) JobUnselected: {'identifier': 'topic_service_action_rclcpp_example'}
[0.000441] (-) JobUnselected: {'identifier': 'topic_service_action_rclpy_example'}
[0.000452] (-) JobUnselected: {'identifier': 'turtlesim'}
[0.000465] (-) JobUnselected: {'identifier': 'uni'}
[0.000476] (-) JobUnselected: {'identifier': 'uni_save'}
[0.000488] (-) EventReactorShutdown: {}
