[0.000000] (-) TimerEvent: {}
[0.000234] (-) JobUnselected: {'identifier': 'cpp_pubsub'}
[0.000258] (-) JobUnselected: {'identifier': 'logging_rclpy_example'}
[0.000274] (-) JobUnselected: {'identifier': 'msg_srv_action_interface_example'}
[0.000287] (-) JobUnselected: {'identifier': 'my_first_ros_rclcpp_pkg'}
[0.000299] (-) JobUnselected: {'identifier': 'my_first_ros_rclpy_pkg'}
[0.000311] (-) JobUnselected: {'identifier': 'my_package'}
[0.000342] (-) JobUnselected: {'identifier': 'ros2env'}
[0.000354] (-) JobUnselected: {'identifier': 'rqt_example'}
[0.000385] (-) JobUnselected: {'identifier': 'srv_alarm_interface'}
[0.000397] (-) JobUnselected: {'identifier': 'testbot_description'}
[0.000422] (-) JobUnselected: {'identifier': 'tf2_rclcpp_example'}
[0.000449] (-) JobUnselected: {'identifier': 'tf2_rclpy_example'}
[0.000460] (-) JobUnselected: {'identifier': 'time_rclcpp_example'}
[0.000471] (-) JobUnselected: {'identifier': 'time_rclpy_example'}
[0.000483] (-) JobUnselected: {'identifier': 'topic_service_action_rclcpp_example'}
[0.000494] (-) JobUnselected: {'identifier': 'topic_service_action_rclpy_example'}
[0.000505] (-) JobUnselected: {'identifier': 'turtlesim'}
[0.000516] (-) JobUnselected: {'identifier': 'uni'}
[0.000528] (-) EventReactorShutdown: {}
