[0.521s] Invoking command in '/home/dahyeon/dev_ws/build/tf2_rclcpp_example': CMAKE_PREFIX_PATH=${CMAKE_PREFIX_PATH}:/opt/ros/foxy /usr/bin/cmake --build /home/dahyeon/dev_ws/build/tf2_rclcpp_example -- -j12 -l12
[0.721s] -- Found ament_cmake: 0.9.9 (/opt/ros/foxy/share/ament_cmake/cmake)
[0.721s] -- Using PYTHON_EXECUTABLE: /usr/bin/python3
[0.722s] -- Override CMake install command with custom implementation using symlinks instead of copying resources
[0.722s] -- Found geometry_msgs: 2.0.5 (/opt/ros/foxy/share/geometry_msgs/cmake)
[0.723s] -- Using all available rosidl_typesupport_c: rosidl_typesupport_fastrtps_c;rosidl_typesupport_introspection_c
[0.723s] -- Found rosidl_adapter: 1.2.1 (/opt/ros/foxy/share/rosidl_adapter/cmake)
[0.838s] -- Using all available rosidl_typesupport_cpp: rosidl_typesupport_fastrtps_cpp;rosidl_typesupport_introspection_cpp
[0.922s] -- Found rclcpp: 2.4.1 (/opt/ros/foxy/share/rclcpp/cmake)
[0.951s] -- Found rmw_implementation_cmake: 1.0.3 (/opt/ros/foxy/share/rmw_implementation_cmake/cmake)
[0.952s] -- Using RMW implementation 'rmw_fastrtps_cpp' as default
[1.058s] -- Found std_srvs: 2.0.5 (/opt/ros/foxy/share/std_srvs/cmake)
[1.066s] -- Found tf2: 0.13.13 (/opt/ros/foxy/share/tf2/cmake)
[1.073s] -- Found tf2_geometry_msgs: 0.13.13 (/opt/ros/foxy/share/tf2_geometry_msgs/cmake)
[1.078s] -- Found eigen3_cmake_module: 0.1.1 (/opt/ros/foxy/share/eigen3_cmake_module/cmake)
[1.366s] -- Found ament_lint_auto: 0.9.6 (/opt/ros/foxy/share/ament_lint_auto/cmake)
[1.413s] -- Added test 'copyright' to check source files copyright and LICENSE
[1.414s] -- Added test 'cppcheck' to perform static code analysis on C / C++ code
[1.414s] -- Configured cppcheck include dirs: /home/dahyeon/dev_ws/src/ros2-seminar-examples/tf2_rclcpp_example/include
[1.414s] -- Configured cppcheck exclude dirs and/or files: 
[1.415s] -- Added test 'cpplint' to check C / C++ code against the Google style
[1.415s] -- Configured cpplint exclude dirs and/or files: 
[1.415s] -- Added test 'lint_cmake' to check CMake code style
[1.416s] -- Added test 'uncrustify' to check C / C++ code style
[1.416s] -- Configured uncrustify additional arguments: 
[1.416s] -- Added test 'xmllint' to check XML markup files
[1.418s] -- Configuring done
[1.434s] -- Generating done
[1.435s] -- Build files have been written to: /home/dahyeon/dev_ws/build/tf2_rclcpp_example
[1.454s] [35m[1mScanning dependencies of target broadcaster[0m
[1.454s] [35m[1mScanning dependencies of target static_broadcaster[0m
[1.454s] [35m[1mScanning dependencies of target listener[0m
[1.473s] [ 33%] [32mBuilding CXX object CMakeFiles/static_broadcaster.dir/src/static_broadcaster.cpp.o[0m
[1.473s] [ 33%] [32mBuilding CXX object CMakeFiles/broadcaster.dir/src/broadcaster.cpp.o[0m
[1.474s] [ 50%] [32mBuilding CXX object CMakeFiles/listener.dir/src/listener.cpp.o[0m
[3.069s] [ 66%] [32m[1mLinking CXX executable listener[0m
[3.179s] [ 66%] Built target listener
[3.702s] [ 83%] [32m[1mLinking CXX executable static_broadcaster[0m
[3.821s] [ 83%] Built target static_broadcaster
[4.064s] [100%] [32m[1mLinking CXX executable broadcaster[0m
[4.183s] [100%] Built target broadcaster
