[0.000000] (-) TimerEvent: {}
[0.000322] (-) JobUnselected: {'identifier': 'cpp_parameters'}
[0.000394] (-) JobUnselected: {'identifier': 'cpp_pubsub'}
[0.000435] (-) JobUnselected: {'identifier': 'cpp_pubsub'}
[0.000504] (-) JobUnselected: {'identifier': 'logging_rclpy_example'}
[0.000570] (-) JobUnselected: {'identifier': 'msg_srv_action_interface_example'}
[0.000645] (-) JobUnselected: {'identifier': 'my_first_ros_rclcpp_pkg'}
[0.000681] (-) JobUnselected: {'identifier': 'my_first_ros_rclpy_pkg'}
[0.000702] (-) JobUnselected: {'identifier': 'my_package'}
[0.000722] (-) JobUnselected: {'identifier': 'ros2env'}
[0.000742] (-) JobUnselected: {'identifier': 'rqt_example'}
[0.000762] (-) JobUnselected: {'identifier': 'srv_alarm_interface'}
[0.000783] (-) JobUnselected: {'identifier': 'test'}
[0.000803] (-) JobUnselected: {'identifier': 'test'}
[0.000823] (-) JobUnselected: {'identifier': 'testbot_description'}
[0.000844] (-) JobUnselected: {'identifier': 'tf2_rclcpp_example'}
[0.000864] (-) JobUnselected: {'identifier': 'tf2_rclpy_example'}
[0.000884] (-) JobUnselected: {'identifier': 'time_alarm_handle'}
[0.000904] (-) JobUnselected: {'identifier': 'time_calculate'}
[0.000923] (-) JobUnselected: {'identifier': 'time_msgs'}
[0.000943] (-) JobUnselected: {'identifier': 'time_rclcpp_example'}
[0.000963] (-) JobUnselected: {'identifier': 'time_rclpy_example'}
[0.000986] (-) JobUnselected: {'identifier': 'topic_service_action_rclcpp_example'}
[0.001008] (-) JobUnselected: {'identifier': 'topic_service_action_rclpy_example'}
[0.001028] (-) JobUnselected: {'identifier': 'turtlesim'}
[0.001047] (-) JobUnselected: {'identifier': 'uni'}
[0.001067] (-) JobUnselected: {'identifier': 'uni_save'}
[0.001087] (-) EventReactorShutdown: {}
