[0.000000] (-) TimerEvent: {}
[0.000235] (-) JobUnselected: {'identifier': 'cpp_pubsub'}
[0.000300] (-) JobUnselected: {'identifier': 'logging_rclpy_example'}
[0.000322] (-) JobUnselected: {'identifier': 'msg_srv_action_interface_example'}
[0.000341] (-) JobUnselected: {'identifier': 'my_first_ros_rclcpp_pkg'}
[0.000356] (-) JobUnselected: {'identifier': 'my_first_ros_rclcpp_pkg'}
[0.000368] (-) JobUnselected: {'identifier': 'my_first_ros_rclpy_pkg'}
[0.000379] (-) JobUnselected: {'identifier': 'my_package'}
[0.000390] (-) JobUnselected: {'identifier': 'ros2env'}
[0.000402] (-) JobUnselected: {'identifier': 'rqt_example'}
[0.000414] (-) JobUnselected: {'identifier': 'testbot_description'}
[0.000427] (-) JobUnselected: {'identifier': 'tf2_rclcpp_example'}
[0.000439] (-) JobUnselected: {'identifier': 'tf2_rclpy_example'}
[0.000451] (-) JobUnselected: {'identifier': 'time_rclcpp_example'}
[0.000463] (-) JobUnselected: {'identifier': 'time_rclpy_example'}
[0.000475] (-) JobUnselected: {'identifier': 'topic_service_action_rclcpp_example'}
[0.000487] (-) JobUnselected: {'identifier': 'topic_service_action_rclcpp_example'}
[0.000498] (-) JobUnselected: {'identifier': 'topic_service_action_rclpy_example'}
[0.000510] (-) JobUnselected: {'identifier': 'turtlesim'}
[0.000818] (-) EventReactorShutdown: {}
