[0.000000] (-) TimerEvent: {}
[0.000204] (-) JobUnselected: {'identifier': 'cpp_parameters'}
[0.000279] (-) JobUnselected: {'identifier': 'cpp_pubsub'}
[0.000422] (-) JobUnselected: {'identifier': 'cpp_pubsub'}
[0.000463] (-) JobUnselected: {'identifier': 'logging_rclpy_example'}
[0.000514] (-) JobUnselected: {'identifier': 'msg_srv_action_interface_example'}
[0.000538] (-) JobUnselected: {'identifier': 'my_first_ros_rclcpp_pkg'}
[0.000552] (-) JobUnselected: {'identifier': 'my_first_ros_rclpy_pkg'}
[0.000564] (-) JobUnselected: {'identifier': 'my_package'}
[0.000575] (-) JobUnselected: {'identifier': 'ros2env'}
[0.000586] (-) JobUnselected: {'identifier': 'rqt_example'}
[0.000597] (-) JobUnselected: {'identifier': 'srv_alarm_interface'}
[0.000607] (-) JobUnselected: {'identifier': 'test'}
[0.000618] (-) JobUnselected: {'identifier': 'test'}
[0.000629] (-) JobUnselected: {'identifier': 'testbot_description'}
[0.000639] (-) JobUnselected: {'identifier': 'tf2_rclcpp_example'}
[0.000649] (-) JobUnselected: {'identifier': 'tf2_rclpy_example'}
[0.000660] (-) JobUnselected: {'identifier': 'time_rclcpp_example'}
[0.000670] (-) JobUnselected: {'identifier': 'time_rclpy_example'}
[0.000681] (-) JobUnselected: {'identifier': 'topic_service_action_rclcpp_example'}
[0.000691] (-) JobUnselected: {'identifier': 'topic_service_action_rclpy_example'}
[0.000701] (-) JobUnselected: {'identifier': 'turtlesim'}
[0.000714] (-) JobUnselected: {'identifier': 'uni'}
[0.000725] (-) JobUnselected: {'identifier': 'uni_save'}
[0.000736] (-) EventReactorShutdown: {}
