[0.447s] Invoking command in '/home/dahyeon/dev_ws/build/my_package': CMAKE_PREFIX_PATH=${CMAKE_PREFIX_PATH}:/opt/ros/foxy /usr/bin/cmake /home/dahyeon/dev_ws/src/my_package -DAMENT_CMAKE_SYMLINK_INSTALL=1 -DCMAKE_INSTALL_PREFIX=/home/dahyeon/dev_ws/install/my_package
[0.879s] -- Found ament_cmake: 0.9.9 (/opt/ros/foxy/share/ament_cmake/cmake)
[0.879s] -- Using PYTHON_EXECUTABLE: /usr/bin/python3
[0.879s] -- Override CMake install command with custom implementation using symlinks instead of copying resources
[0.880s] -- Found ament_lint_auto: 0.9.6 (/opt/ros/foxy/share/ament_lint_auto/cmake)
[0.880s] -- Added test 'copyright' to check source files copyright and LICENSE
[0.882s] -- Added test 'cppcheck' to perform static code analysis on C / C++ code
[0.882s] -- Configured cppcheck include dirs: $<BUILD_INTERFACE:/home/dahyeon/dev_ws/src/my_package/include>
[0.882s] -- Configured cppcheck exclude dirs and/or files: 
[0.882s] -- Added test 'cpplint' to check C / C++ code against the Google style
[0.883s] -- Configured cpplint exclude dirs and/or files: 
[0.883s] -- Added test 'lint_cmake' to check CMake code style
[0.884s] -- Added test 'uncrustify' to check C / C++ code style
[0.884s] -- Configured uncrustify additional arguments: 
[0.884s] -- Added test 'xmllint' to check XML markup files
[0.884s] -- Configuring done
[0.884s] -- Generating done
[0.884s] -- Build files have been written to: /home/dahyeon/dev_ws/build/my_package
[0.891s] Invoked command in '/home/dahyeon/dev_ws/build/my_package' returned '0': CMAKE_PREFIX_PATH=${CMAKE_PREFIX_PATH}:/opt/ros/foxy /usr/bin/cmake /home/dahyeon/dev_ws/src/my_package -DAMENT_CMAKE_SYMLINK_INSTALL=1 -DCMAKE_INSTALL_PREFIX=/home/dahyeon/dev_ws/install/my_package
[0.893s] Invoking command in '/home/dahyeon/dev_ws/build/my_package': CMAKE_PREFIX_PATH=${CMAKE_PREFIX_PATH}:/opt/ros/foxy /usr/bin/cmake --build /home/dahyeon/dev_ws/build/my_package -- -j12 -l12
[0.968s] [100%] Built target my_node
