[0.000000] (-) TimerEvent: {}
[0.000455] (-) JobUnselected: {'identifier': 'cpp_parameters'}
[0.000530] (-) JobUnselected: {'identifier': 'cpp_pubsub'}
[0.000703] (-) JobUnselected: {'identifier': 'cpp_pubsub'}
[0.000727] (-) JobUnselected: {'identifier': 'logging_rclpy_example'}
[0.000741] (-) JobUnselected: {'identifier': 'msg_srv_action_interface_example'}
[0.000753] (-) JobUnselected: {'identifier': 'my_first_ros_rclcpp_pkg'}
[0.000768] (-) JobUnselected: {'identifier': 'my_first_ros_rclpy_pkg'}
[0.000781] (-) JobUnselected: {'identifier': 'my_package'}
[0.000792] (-) JobUnselected: {'identifier': 'ros2env'}
[0.000803] (-) JobUnselected: {'identifier': 'rqt_example'}
[0.000816] (-) JobUnselected: {'identifier': 'srv_alarm_interface'}
[0.000829] (-) JobUnselected: {'identifier': 'test'}
[0.000859] (-) JobUnselected: {'identifier': 'test'}
[0.000871] (-) JobUnselected: {'identifier': 'testbot_description'}
[0.000882] (-) JobUnselected: {'identifier': 'tf2_rclcpp_example'}
[0.000893] (-) JobUnselected: {'identifier': 'tf2_rclpy_example'}
[0.000904] (-) JobUnselected: {'identifier': 'time_rclcpp_example'}
[0.000915] (-) JobUnselected: {'identifier': 'time_rclpy_example'}
[0.000926] (-) JobUnselected: {'identifier': 'topic_service_action_rclcpp_example'}
[0.000937] (-) JobUnselected: {'identifier': 'topic_service_action_rclpy_example'}
[0.000948] (-) JobUnselected: {'identifier': 'turtlesim'}
[0.000962] (-) JobUnselected: {'identifier': 'uni'}
[0.000973] (-) JobUnselected: {'identifier': 'uni_save'}
[0.000985] (-) EventReactorShutdown: {}
