[0.366s] Invoking command in '/home/dahyeon/dev_ws/build/my_package': CMAKE_PREFIX_PATH=${CMAKE_PREFIX_PATH}:/opt/ros/foxy /usr/bin/cmake --build /home/dahyeon/dev_ws/build/my_package -- -j12 -l12
[0.709s] [100%] Built target my_node
[0.715s] Invoked command in '/home/dahyeon/dev_ws/build/my_package' returned '0': CMAKE_PREFIX_PATH=${CMAKE_PREFIX_PATH}:/opt/ros/foxy /usr/bin/cmake --build /home/dahyeon/dev_ws/build/my_package -- -j12 -l12
[0.757s] Invoking command in '/home/dahyeon/dev_ws/build/my_package': CMAKE_PREFIX_PATH=${CMAKE_PREFIX_PATH}:/opt/ros/foxy /usr/bin/cmake --install /home/dahyeon/dev_ws/build/my_package
[0.777s] -- Install configuration: ""
[0.777s] -- Execute custom install script
[0.777s] -- Up-to-date symlink: /home/dahyeon/dev_ws/install/my_package/lib/my_package/my_node
[0.777s] -- Up-to-date symlink: /home/dahyeon/dev_ws/install/my_package/share/ament_index/resource_index/package_run_dependencies/my_package
[0.777s] -- Up-to-date symlink: /home/dahyeon/dev_ws/install/my_package/share/ament_index/resource_index/parent_prefix_path/my_package
[0.777s] -- Up-to-date symlink: /home/dahyeon/dev_ws/install/my_package/share/my_package/environment/ament_prefix_path.sh
[0.777s] -- Up-to-date symlink: /home/dahyeon/dev_ws/install/my_package/share/my_package/environment/ament_prefix_path.dsv
[0.778s] -- Up-to-date symlink: /home/dahyeon/dev_ws/install/my_package/share/my_package/environment/path.sh
[0.778s] -- Up-to-date symlink: /home/dahyeon/dev_ws/install/my_package/share/my_package/environment/path.dsv
[0.779s] -- Up-to-date symlink: /home/dahyeon/dev_ws/install/my_package/share/my_package/local_setup.bash
[0.779s] -- Up-to-date symlink: /home/dahyeon/dev_ws/install/my_package/share/my_package/local_setup.sh
[0.782s] -- Up-to-date symlink: /home/dahyeon/dev_ws/install/my_package/share/my_package/local_setup.zsh
[0.782s] -- Up-to-date symlink: /home/dahyeon/dev_ws/install/my_package/share/my_package/local_setup.dsv
[0.782s] -- Symlinking: /home/dahyeon/dev_ws/install/my_package/share/my_package/package.dsv
[0.800s] -- Up-to-date symlink: /home/dahyeon/dev_ws/install/my_package/share/ament_index/resource_index/packages/my_package
[0.800s] -- Up-to-date symlink: /home/dahyeon/dev_ws/install/my_package/share/my_package/cmake/my_packageConfig.cmake
[0.800s] -- Up-to-date symlink: /home/dahyeon/dev_ws/install/my_package/share/my_package/cmake/my_packageConfig-version.cmake
[0.800s] -- Up-to-date symlink: /home/dahyeon/dev_ws/install/my_package/share/my_package/package.xml
[0.836s] Invoked command in '/home/dahyeon/dev_ws/build/my_package' returned '0': CMAKE_PREFIX_PATH=${CMAKE_PREFIX_PATH}:/opt/ros/foxy /usr/bin/cmake --install /home/dahyeon/dev_ws/build/my_package
