[0.234s] Invoking command in '/home/dahyeon/dev_ws/build/turtlesim': CMAKE_PREFIX_PATH=${CMAKE_PREFIX_PATH}:/opt/ros/foxy /usr/bin/cmake --build /home/dahyeon/dev_ws/build/turtlesim -- -j12 -l12
[0.279s] [  1%] Built target turtlesim__cpp
[0.282s] [ 11%] Built target turtlesim__rosidl_generator_c
[0.309s] [ 21%] Built target turtlesim__rosidl_typesupport_cpp
[0.313s] [ 31%] Built target turtlesim__rosidl_typesupport_introspection_cpp
[0.317s] [ 41%] Built target turtlesim__rosidl_typesupport_fastrtps_cpp
[0.319s] [ 51%] Built target turtlesim__rosidl_typesupport_c
[0.333s] [ 61%] Built target turtlesim__rosidl_typesupport_introspection_c
[0.356s] [ 71%] Built target turtlesim__rosidl_typesupport_fastrtps_c
[0.409s] [ 71%] Built target turtlesim
[0.610s] [ 73%] Built target mimic
[0.616s] [ 75%] Built target draw_square
[0.640s] [ 76%] Built target turtlesim__py
[0.650s] [ 78%] Built target turtle_teleop_key
[0.761s] [ 84%] Built target turtlesim_node
[0.798s] [ 93%] Built target turtlesim__python
[0.905s] [ 95%] Built target turtlesim__rosidl_typesupport_fastrtps_c__pyext
[0.919s] [ 97%] Built target turtlesim__rosidl_typesupport_introspection_c__pyext
[0.938s] [100%] Built target turtlesim__rosidl_typesupport_c__pyext
[0.967s] Invoked command in '/home/dahyeon/dev_ws/build/turtlesim' returned '0': CMAKE_PREFIX_PATH=${CMAKE_PREFIX_PATH}:/opt/ros/foxy /usr/bin/cmake --build /home/dahyeon/dev_ws/build/turtlesim -- -j12 -l12
[1.174s] Invoking command in '/home/dahyeon/dev_ws/build/turtlesim': CMAKE_PREFIX_PATH=${CMAKE_PREFIX_PATH}:/opt/ros/foxy /usr/bin/cmake --install /home/dahyeon/dev_ws/build/turtlesim
[1.186s] -- Install configuration: ""
[1.187s] -- Execute custom install script
[1.191s] -- Symlinking: /home/dahyeon/dev_ws/install/turtlesim/share/ament_index/resource_index/rosidl_interfaces/turtlesim
[1.204s] -- Symlinking: /home/dahyeon/dev_ws/install/turtlesim/include/turtlesim/action/detail/rotate_absolute__functions.h
[1.215s] -- Symlinking: /home/dahyeon/dev_ws/install/turtlesim/include/turtlesim/action/detail/rotate_absolute__struct.h
[1.225s] -- Symlinking: /home/dahyeon/dev_ws/install/turtlesim/include/turtlesim/action/detail/rotate_absolute__type_support.h
[1.236s] -- Symlinking: /home/dahyeon/dev_ws/install/turtlesim/include/turtlesim/action/rotate_absolute.h
[1.247s] -- Symlinking: /home/dahyeon/dev_ws/install/turtlesim/include/turtlesim/msg/color.h
[1.258s] -- Symlinking: /home/dahyeon/dev_ws/install/turtlesim/include/turtlesim/msg/detail/color__functions.h
[1.268s] -- Symlinking: /home/dahyeon/dev_ws/install/turtlesim/include/turtlesim/msg/detail/color__struct.h
[1.279s] -- Symlinking: /home/dahyeon/dev_ws/install/turtlesim/include/turtlesim/msg/detail/color__type_support.h
[1.291s] -- Symlinking: /home/dahyeon/dev_ws/install/turtlesim/include/turtlesim/msg/detail/pose__functions.h
[1.301s] -- Symlinking: /home/dahyeon/dev_ws/install/turtlesim/include/turtlesim/msg/detail/pose__struct.h
[1.312s] -- Symlinking: /home/dahyeon/dev_ws/install/turtlesim/include/turtlesim/msg/detail/pose__type_support.h
[1.325s] -- Symlinking: /home/dahyeon/dev_ws/install/turtlesim/include/turtlesim/msg/pose.h
[1.335s] -- Symlinking: /home/dahyeon/dev_ws/install/turtlesim/include/turtlesim/msg/rosidl_generator_c__visibility_control.h
[1.346s] -- Symlinking: /home/dahyeon/dev_ws/install/turtlesim/include/turtlesim/srv/detail/kill__functions.h
[1.358s] -- Symlinking: /home/dahyeon/dev_ws/install/turtlesim/include/turtlesim/srv/detail/kill__struct.h
[1.368s] -- Symlinking: /home/dahyeon/dev_ws/install/turtlesim/include/turtlesim/srv/detail/kill__type_support.h
[1.375s] -- Symlinking: /home/dahyeon/dev_ws/install/turtlesim/include/turtlesim/srv/detail/set_pen__functions.h
[1.382s] -- Symlinking: /home/dahyeon/dev_ws/install/turtlesim/include/turtlesim/srv/detail/set_pen__struct.h
[1.389s] -- Symlinking: /home/dahyeon/dev_ws/install/turtlesim/include/turtlesim/srv/detail/set_pen__type_support.h
[1.396s] -- Symlinking: /home/dahyeon/dev_ws/install/turtlesim/include/turtlesim/srv/detail/spawn__functions.h
[1.403s] -- Symlinking: /home/dahyeon/dev_ws/install/turtlesim/include/turtlesim/srv/detail/spawn__struct.h
[1.410s] -- Symlinking: /home/dahyeon/dev_ws/install/turtlesim/include/turtlesim/srv/detail/spawn__type_support.h
[1.420s] -- Symlinking: /home/dahyeon/dev_ws/install/turtlesim/include/turtlesim/srv/detail/teleport_absolute__functions.h
[1.427s] -- Symlinking: /home/dahyeon/dev_ws/install/turtlesim/include/turtlesim/srv/detail/teleport_absolute__struct.h
[1.434s] -- Symlinking: /home/dahyeon/dev_ws/install/turtlesim/include/turtlesim/srv/detail/teleport_absolute__type_support.h
[1.441s] -- Symlinking: /home/dahyeon/dev_ws/install/turtlesim/include/turtlesim/srv/detail/teleport_relative__functions.h
[1.448s] -- Symlinking: /home/dahyeon/dev_ws/install/turtlesim/include/turtlesim/srv/detail/teleport_relative__struct.h
[1.455s] -- Symlinking: /home/dahyeon/dev_ws/install/turtlesim/include/turtlesim/srv/detail/teleport_relative__type_support.h
[1.462s] -- Symlinking: /home/dahyeon/dev_ws/install/turtlesim/include/turtlesim/srv/kill.h
[1.469s] -- Symlinking: /home/dahyeon/dev_ws/install/turtlesim/include/turtlesim/srv/set_pen.h
[1.476s] -- Symlinking: /home/dahyeon/dev_ws/install/turtlesim/include/turtlesim/srv/spawn.h
[1.483s] -- Symlinking: /home/dahyeon/dev_ws/install/turtlesim/include/turtlesim/srv/teleport_absolute.h
[1.490s] -- Symlinking: /home/dahyeon/dev_ws/install/turtlesim/include/turtlesim/srv/teleport_relative.h
[1.497s] -- Symlinking: /home/dahyeon/dev_ws/install/turtlesim/share/turtlesim/environment/library_path.sh
[1.504s] -- Symlinking: /home/dahyeon/dev_ws/install/turtlesim/share/turtlesim/environment/library_path.dsv
[1.512s] -- Symlinking: /home/dahyeon/dev_ws/install/turtlesim/include/turtlesim/action/detail/rotate_absolute__rosidl_typesupport_fastrtps_c.h
[1.519s] -- Symlinking: /home/dahyeon/dev_ws/install/turtlesim/include/turtlesim/msg/detail/color__rosidl_typesupport_fastrtps_c.h
[1.526s] -- Symlinking: /home/dahyeon/dev_ws/install/turtlesim/include/turtlesim/msg/detail/pose__rosidl_typesupport_fastrtps_c.h
[1.533s] -- Symlinking: /home/dahyeon/dev_ws/install/turtlesim/include/turtlesim/msg/rosidl_typesupport_fastrtps_c__visibility_control.h
[1.540s] -- Symlinking: /home/dahyeon/dev_ws/install/turtlesim/include/turtlesim/srv/detail/kill__rosidl_typesupport_fastrtps_c.h
[1.547s] -- Symlinking: /home/dahyeon/dev_ws/install/turtlesim/include/turtlesim/srv/detail/set_pen__rosidl_typesupport_fastrtps_c.h
[1.554s] -- Symlinking: /home/dahyeon/dev_ws/install/turtlesim/include/turtlesim/srv/detail/spawn__rosidl_typesupport_fastrtps_c.h
[1.562s] -- Symlinking: /home/dahyeon/dev_ws/install/turtlesim/include/turtlesim/srv/detail/teleport_absolute__rosidl_typesupport_fastrtps_c.h
[1.569s] -- Symlinking: /home/dahyeon/dev_ws/install/turtlesim/include/turtlesim/srv/detail/teleport_relative__rosidl_typesupport_fastrtps_c.h
[1.577s] -- Symlinking: /home/dahyeon/dev_ws/install/turtlesim/lib/libturtlesim__rosidl_typesupport_fastrtps_c.so
[1.585s] -- Symlinking: /home/dahyeon/dev_ws/install/turtlesim/include/turtlesim/action/detail/rotate_absolute__rosidl_typesupport_fastrtps_cpp.hpp
[1.592s] -- Symlinking: /home/dahyeon/dev_ws/install/turtlesim/include/turtlesim/msg/detail/color__rosidl_typesupport_fastrtps_cpp.hpp
[1.599s] -- Symlinking: /home/dahyeon/dev_ws/install/turtlesim/include/turtlesim/msg/detail/pose__rosidl_typesupport_fastrtps_cpp.hpp
[1.606s] -- Symlinking: /home/dahyeon/dev_ws/install/turtlesim/include/turtlesim/msg/rosidl_typesupport_fastrtps_cpp__visibility_control.h
[1.613s] -- Symlinking: /home/dahyeon/dev_ws/install/turtlesim/include/turtlesim/srv/detail/kill__rosidl_typesupport_fastrtps_cpp.hpp
[1.620s] -- Symlinking: /home/dahyeon/dev_ws/install/turtlesim/include/turtlesim/srv/detail/set_pen__rosidl_typesupport_fastrtps_cpp.hpp
[1.627s] -- Symlinking: /home/dahyeon/dev_ws/install/turtlesim/include/turtlesim/srv/detail/spawn__rosidl_typesupport_fastrtps_cpp.hpp
[1.634s] -- Symlinking: /home/dahyeon/dev_ws/install/turtlesim/include/turtlesim/srv/detail/teleport_absolute__rosidl_typesupport_fastrtps_cpp.hpp
[1.641s] -- Symlinking: /home/dahyeon/dev_ws/install/turtlesim/include/turtlesim/srv/detail/teleport_relative__rosidl_typesupport_fastrtps_cpp.hpp
[1.649s] -- Symlinking: /home/dahyeon/dev_ws/install/turtlesim/lib/libturtlesim__rosidl_typesupport_fastrtps_cpp.so
[1.656s] -- Symlinking: /home/dahyeon/dev_ws/install/turtlesim/include/turtlesim/action/detail/rotate_absolute__rosidl_typesupport_introspection_c.h
[1.663s] -- Symlinking: /home/dahyeon/dev_ws/install/turtlesim/include/turtlesim/msg/detail/color__rosidl_typesupport_introspection_c.h
[1.671s] -- Symlinking: /home/dahyeon/dev_ws/install/turtlesim/include/turtlesim/msg/detail/pose__rosidl_typesupport_introspection_c.h
[1.678s] -- Symlinking: /home/dahyeon/dev_ws/install/turtlesim/include/turtlesim/msg/rosidl_typesupport_introspection_c__visibility_control.h
[1.685s] -- Symlinking: /home/dahyeon/dev_ws/install/turtlesim/include/turtlesim/srv/detail/kill__rosidl_typesupport_introspection_c.h
[1.692s] -- Symlinking: /home/dahyeon/dev_ws/install/turtlesim/include/turtlesim/srv/detail/set_pen__rosidl_typesupport_introspection_c.h
[1.699s] -- Symlinking: /home/dahyeon/dev_ws/install/turtlesim/include/turtlesim/srv/detail/spawn__rosidl_typesupport_introspection_c.h
[1.706s] -- Symlinking: /home/dahyeon/dev_ws/install/turtlesim/include/turtlesim/srv/detail/teleport_absolute__rosidl_typesupport_introspection_c.h
[1.713s] -- Symlinking: /home/dahyeon/dev_ws/install/turtlesim/include/turtlesim/srv/detail/teleport_relative__rosidl_typesupport_introspection_c.h
[1.721s] -- Symlinking: /home/dahyeon/dev_ws/install/turtlesim/include/turtlesim/action/detail/rotate_absolute__builder.hpp
[1.729s] -- Symlinking: /home/dahyeon/dev_ws/install/turtlesim/include/turtlesim/action/detail/rotate_absolute__struct.hpp
[1.736s] -- Symlinking: /home/dahyeon/dev_ws/install/turtlesim/include/turtlesim/action/detail/rotate_absolute__traits.hpp
[1.744s] -- Symlinking: /home/dahyeon/dev_ws/install/turtlesim/include/turtlesim/action/rotate_absolute.hpp
[1.751s] -- Symlinking: /home/dahyeon/dev_ws/install/turtlesim/include/turtlesim/msg/color.hpp
[1.759s] -- Symlinking: /home/dahyeon/dev_ws/install/turtlesim/include/turtlesim/msg/detail/color__builder.hpp
[1.766s] -- Symlinking: /home/dahyeon/dev_ws/install/turtlesim/include/turtlesim/msg/detail/color__struct.hpp
[1.773s] -- Symlinking: /home/dahyeon/dev_ws/install/turtlesim/include/turtlesim/msg/detail/color__traits.hpp
[1.780s] -- Symlinking: /home/dahyeon/dev_ws/install/turtlesim/include/turtlesim/msg/detail/pose__builder.hpp
[1.787s] -- Symlinking: /home/dahyeon/dev_ws/install/turtlesim/include/turtlesim/msg/detail/pose__struct.hpp
[1.795s] -- Symlinking: /home/dahyeon/dev_ws/install/turtlesim/include/turtlesim/msg/detail/pose__traits.hpp
[1.802s] -- Symlinking: /home/dahyeon/dev_ws/install/turtlesim/include/turtlesim/msg/pose.hpp
[1.809s] -- Symlinking: /home/dahyeon/dev_ws/install/turtlesim/include/turtlesim/srv/detail/kill__builder.hpp
[1.816s] -- Symlinking: /home/dahyeon/dev_ws/install/turtlesim/include/turtlesim/srv/detail/kill__struct.hpp
[1.823s] -- Symlinking: /home/dahyeon/dev_ws/install/turtlesim/include/turtlesim/srv/detail/kill__traits.hpp
[1.830s] -- Symlinking: /home/dahyeon/dev_ws/install/turtlesim/include/turtlesim/srv/detail/set_pen__builder.hpp
[1.837s] -- Symlinking: /home/dahyeon/dev_ws/install/turtlesim/include/turtlesim/srv/detail/set_pen__struct.hpp
[1.844s] -- Symlinking: /home/dahyeon/dev_ws/install/turtlesim/include/turtlesim/srv/detail/set_pen__traits.hpp
[1.851s] -- Symlinking: /home/dahyeon/dev_ws/install/turtlesim/include/turtlesim/srv/detail/spawn__builder.hpp
[1.858s] -- Symlinking: /home/dahyeon/dev_ws/install/turtlesim/include/turtlesim/srv/detail/spawn__struct.hpp
[1.865s] -- Symlinking: /home/dahyeon/dev_ws/install/turtlesim/include/turtlesim/srv/detail/spawn__traits.hpp
[1.872s] -- Symlinking: /home/dahyeon/dev_ws/install/turtlesim/include/turtlesim/srv/detail/teleport_absolute__builder.hpp
[1.879s] -- Symlinking: /home/dahyeon/dev_ws/install/turtlesim/include/turtlesim/srv/detail/teleport_absolute__struct.hpp
[1.886s] -- Symlinking: /home/dahyeon/dev_ws/install/turtlesim/include/turtlesim/srv/detail/teleport_absolute__traits.hpp
[1.893s] -- Symlinking: /home/dahyeon/dev_ws/install/turtlesim/include/turtlesim/srv/detail/teleport_relative__builder.hpp
[1.900s] -- Symlinking: /home/dahyeon/dev_ws/install/turtlesim/include/turtlesim/srv/detail/teleport_relative__struct.hpp
[1.907s] -- Symlinking: /home/dahyeon/dev_ws/install/turtlesim/include/turtlesim/srv/detail/teleport_relative__traits.hpp
[1.914s] -- Symlinking: /home/dahyeon/dev_ws/install/turtlesim/include/turtlesim/srv/kill.hpp
[1.921s] -- Symlinking: /home/dahyeon/dev_ws/install/turtlesim/include/turtlesim/srv/set_pen.hpp
[1.928s] -- Symlinking: /home/dahyeon/dev_ws/install/turtlesim/include/turtlesim/srv/spawn.hpp
[1.935s] -- Symlinking: /home/dahyeon/dev_ws/install/turtlesim/include/turtlesim/srv/teleport_absolute.hpp
[1.943s] -- Symlinking: /home/dahyeon/dev_ws/install/turtlesim/include/turtlesim/srv/teleport_relative.hpp
[1.951s] -- Symlinking: /home/dahyeon/dev_ws/install/turtlesim/include/turtlesim/action/detail/rotate_absolute__rosidl_typesupport_introspection_cpp.hpp
[1.958s] -- Symlinking: /home/dahyeon/dev_ws/install/turtlesim/include/turtlesim/msg/detail/color__rosidl_typesupport_introspection_cpp.hpp
[1.965s] -- Symlinking: /home/dahyeon/dev_ws/install/turtlesim/include/turtlesim/msg/detail/pose__rosidl_typesupport_introspection_cpp.hpp
[1.972s] -- Symlinking: /home/dahyeon/dev_ws/install/turtlesim/include/turtlesim/srv/detail/kill__rosidl_typesupport_introspection_cpp.hpp
[1.980s] -- Symlinking: /home/dahyeon/dev_ws/install/turtlesim/include/turtlesim/srv/detail/set_pen__rosidl_typesupport_introspection_cpp.hpp
[1.987s] -- Symlinking: /home/dahyeon/dev_ws/install/turtlesim/include/turtlesim/srv/detail/spawn__rosidl_typesupport_introspection_cpp.hpp
[1.995s] -- Symlinking: /home/dahyeon/dev_ws/install/turtlesim/include/turtlesim/srv/detail/teleport_absolute__rosidl_typesupport_introspection_cpp.hpp
[2.003s] -- Symlinking: /home/dahyeon/dev_ws/install/turtlesim/include/turtlesim/srv/detail/teleport_relative__rosidl_typesupport_introspection_cpp.hpp
[2.010s] -- Symlinking: /home/dahyeon/dev_ws/install/turtlesim/share/turtlesim/environment/pythonpath.sh
[2.019s] -- Symlinking: /home/dahyeon/dev_ws/install/turtlesim/share/turtlesim/environment/pythonpath.dsv
[2.030s] -- Symlinking: /home/dahyeon/dev_ws/install/turtlesim/lib/python3.8/site-packages/turtlesim/__init__.py
[2.038s] -- Symlinking: /home/dahyeon/dev_ws/install/turtlesim/lib/python3.8/site-packages/turtlesim/action/__init__.py
[2.046s] -- Symlinking: /home/dahyeon/dev_ws/install/turtlesim/lib/python3.8/site-packages/turtlesim/action/_rotate_absolute.py
[2.054s] -- Symlinking: /home/dahyeon/dev_ws/install/turtlesim/lib/python3.8/site-packages/turtlesim/msg/__init__.py
[2.061s] -- Symlinking: /home/dahyeon/dev_ws/install/turtlesim/lib/python3.8/site-packages/turtlesim/msg/_color.py
[2.070s] -- Symlinking: /home/dahyeon/dev_ws/install/turtlesim/lib/python3.8/site-packages/turtlesim/msg/_pose.py
[2.078s] -- Symlinking: /home/dahyeon/dev_ws/install/turtlesim/lib/python3.8/site-packages/turtlesim/srv/__init__.py
[2.086s] -- Symlinking: /home/dahyeon/dev_ws/install/turtlesim/lib/python3.8/site-packages/turtlesim/srv/_kill.py
[2.094s] -- Symlinking: /home/dahyeon/dev_ws/install/turtlesim/lib/python3.8/site-packages/turtlesim/srv/_set_pen.py
[2.102s] -- Symlinking: /home/dahyeon/dev_ws/install/turtlesim/lib/python3.8/site-packages/turtlesim/srv/_spawn.py
[2.109s] -- Symlinking: /home/dahyeon/dev_ws/install/turtlesim/lib/python3.8/site-packages/turtlesim/srv/_teleport_absolute.py
[2.117s] -- Symlinking: /home/dahyeon/dev_ws/install/turtlesim/lib/python3.8/site-packages/turtlesim/srv/_teleport_relative.py
[2.125s] -- Symlinking: /home/dahyeon/dev_ws/install/turtlesim/lib/python3.8/site-packages/turtlesim/turtlesim_s__rosidl_typesupport_fastrtps_c.cpython-38-x86_64-linux-gnu.so
[2.132s] -- Symlinking: /home/dahyeon/dev_ws/install/turtlesim/lib/python3.8/site-packages/turtlesim/turtlesim_s__rosidl_typesupport_introspection_c.cpython-38-x86_64-linux-gnu.so
[2.140s] -- Symlinking: /home/dahyeon/dev_ws/install/turtlesim/lib/python3.8/site-packages/turtlesim/turtlesim_s__rosidl_typesupport_c.cpython-38-x86_64-linux-gnu.so
[2.148s] -- Symlinking: /home/dahyeon/dev_ws/install/turtlesim/lib/libturtlesim__python.so
[2.158s] -- Symlinking: /home/dahyeon/dev_ws/install/turtlesim/share/turtlesim/action/RotateAbsolute.idl
[2.166s] -- Symlinking: /home/dahyeon/dev_ws/install/turtlesim/share/turtlesim/msg/Color.idl
[2.173s] -- Symlinking: /home/dahyeon/dev_ws/install/turtlesim/share/turtlesim/msg/Pose.idl
[2.182s] -- Symlinking: /home/dahyeon/dev_ws/install/turtlesim/share/turtlesim/srv/Kill.idl
[2.189s] -- Symlinking: /home/dahyeon/dev_ws/install/turtlesim/share/turtlesim/srv/SetPen.idl
[2.197s] -- Symlinking: /home/dahyeon/dev_ws/install/turtlesim/share/turtlesim/srv/Spawn.idl
[2.205s] -- Symlinking: /home/dahyeon/dev_ws/install/turtlesim/share/turtlesim/srv/TeleportAbsolute.idl
[2.213s] -- Symlinking: /home/dahyeon/dev_ws/install/turtlesim/share/turtlesim/srv/TeleportRelative.idl
[2.220s] -- Symlinking: /home/dahyeon/dev_ws/install/turtlesim/share/turtlesim/action/RotateAbsolute.action
[2.228s] -- Symlinking: /home/dahyeon/dev_ws/install/turtlesim/share/turtlesim/msg/Color.msg
[2.236s] -- Symlinking: /home/dahyeon/dev_ws/install/turtlesim/share/turtlesim/msg/Pose.msg
[2.243s] -- Symlinking: /home/dahyeon/dev_ws/install/turtlesim/share/turtlesim/srv/Kill.srv
[2.250s] -- Symlinking: /home/dahyeon/dev_ws/install/turtlesim/share/turtlesim/srv/Kill_Request.msg
[2.258s] -- Symlinking: /home/dahyeon/dev_ws/install/turtlesim/share/turtlesim/srv/Kill_Response.msg
[2.266s] -- Symlinking: /home/dahyeon/dev_ws/install/turtlesim/share/turtlesim/srv/SetPen.srv
[2.273s] -- Symlinking: /home/dahyeon/dev_ws/install/turtlesim/share/turtlesim/srv/SetPen_Request.msg
[2.281s] -- Symlinking: /home/dahyeon/dev_ws/install/turtlesim/share/turtlesim/srv/SetPen_Response.msg
[2.289s] -- Symlinking: /home/dahyeon/dev_ws/install/turtlesim/share/turtlesim/srv/Spawn.srv
[2.297s] -- Symlinking: /home/dahyeon/dev_ws/install/turtlesim/share/turtlesim/srv/Spawn_Request.msg
[2.305s] -- Symlinking: /home/dahyeon/dev_ws/install/turtlesim/share/turtlesim/srv/Spawn_Response.msg
[2.312s] -- Symlinking: /home/dahyeon/dev_ws/install/turtlesim/share/turtlesim/srv/TeleportAbsolute.srv
[2.320s] -- Symlinking: /home/dahyeon/dev_ws/install/turtlesim/share/turtlesim/srv/TeleportAbsolute_Request.msg
[2.328s] -- Symlinking: /home/dahyeon/dev_ws/install/turtlesim/share/turtlesim/srv/TeleportAbsolute_Response.msg
[2.335s] -- Symlinking: /home/dahyeon/dev_ws/install/turtlesim/share/turtlesim/srv/TeleportRelative.srv
[2.343s] -- Symlinking: /home/dahyeon/dev_ws/install/turtlesim/share/turtlesim/srv/TeleportRelative_Request.msg
[2.350s] -- Symlinking: /home/dahyeon/dev_ws/install/turtlesim/share/turtlesim/srv/TeleportRelative_Response.msg
[2.361s] -- Symlinking: /home/dahyeon/dev_ws/install/turtlesim/lib/turtlesim/turtlesim_node
[2.369s] -- Symlinking: /home/dahyeon/dev_ws/install/turtlesim/lib/turtlesim/turtle_teleop_key
[2.376s] -- Symlinking: /home/dahyeon/dev_ws/install/turtlesim/lib/turtlesim/draw_square
[2.385s] -- Symlinking: /home/dahyeon/dev_ws/install/turtlesim/lib/turtlesim/mimic
[2.393s] -- Symlinking: /home/dahyeon/dev_ws/install/turtlesim/share/turtlesim/launch/multisim.launch.py
[2.402s] -- Symlinking: /home/dahyeon/dev_ws/install/turtlesim/share/ament_index/resource_index/package_run_dependencies/turtlesim
[2.410s] -- Symlinking: /home/dahyeon/dev_ws/install/turtlesim/share/ament_index/resource_index/parent_prefix_path/turtlesim
[2.418s] -- Symlinking: /home/dahyeon/dev_ws/install/turtlesim/share/turtlesim/environment/ament_prefix_path.sh
[2.426s] -- Symlinking: /home/dahyeon/dev_ws/install/turtlesim/share/turtlesim/environment/ament_prefix_path.dsv
[2.433s] -- Symlinking: /home/dahyeon/dev_ws/install/turtlesim/share/turtlesim/environment/path.sh
[2.441s] -- Symlinking: /home/dahyeon/dev_ws/install/turtlesim/share/turtlesim/environment/path.dsv
[2.449s] -- Symlinking: /home/dahyeon/dev_ws/install/turtlesim/share/turtlesim/local_setup.bash
[2.456s] -- Symlinking: /home/dahyeon/dev_ws/install/turtlesim/share/turtlesim/local_setup.sh
[2.464s] -- Symlinking: /home/dahyeon/dev_ws/install/turtlesim/share/turtlesim/local_setup.zsh
[2.471s] -- Symlinking: /home/dahyeon/dev_ws/install/turtlesim/share/turtlesim/local_setup.dsv
[2.478s] -- Symlinking: /home/dahyeon/dev_ws/install/turtlesim/share/turtlesim/package.dsv
[2.488s] -- Symlinking: /home/dahyeon/dev_ws/install/turtlesim/share/ament_index/resource_index/packages/turtlesim
[2.496s] -- Symlinking: /home/dahyeon/dev_ws/install/turtlesim/share/turtlesim/cmake/rosidl_cmake-extras.cmake
[2.503s] -- Symlinking: /home/dahyeon/dev_ws/install/turtlesim/share/turtlesim/cmake/ament_cmake_export_dependencies-extras.cmake
[2.510s] -- Symlinking: /home/dahyeon/dev_ws/install/turtlesim/share/turtlesim/cmake/ament_cmake_export_libraries-extras.cmake
[2.518s] -- Symlinking: /home/dahyeon/dev_ws/install/turtlesim/share/turtlesim/cmake/ament_cmake_export_targets-extras.cmake
[2.525s] -- Symlinking: /home/dahyeon/dev_ws/install/turtlesim/share/turtlesim/cmake/ament_cmake_export_include_directories-extras.cmake
[2.532s] -- Symlinking: /home/dahyeon/dev_ws/install/turtlesim/share/turtlesim/cmake/rosidl_cmake_export_typesupport_libraries-extras.cmake
[2.539s] -- Symlinking: /home/dahyeon/dev_ws/install/turtlesim/share/turtlesim/cmake/rosidl_cmake_export_typesupport_targets-extras.cmake
[2.546s] -- Symlinking: /home/dahyeon/dev_ws/install/turtlesim/share/turtlesim/cmake/turtlesimConfig.cmake
[2.552s] -- Symlinking: /home/dahyeon/dev_ws/install/turtlesim/share/turtlesim/cmake/turtlesimConfig-version.cmake
[2.559s] -- Symlinking: /home/dahyeon/dev_ws/install/turtlesim/share/turtlesim/package.xml
[2.570s] -- Up-to-date: /home/dahyeon/dev_ws/install/turtlesim/lib/libturtlesim__rosidl_generator_c.so
[2.570s] -- Up-to-date: /home/dahyeon/dev_ws/install/turtlesim/lib/libturtlesim__rosidl_typesupport_introspection_c.so
[2.571s] -- Up-to-date: /home/dahyeon/dev_ws/install/turtlesim/lib/libturtlesim__rosidl_typesupport_c.so
[2.572s] -- Up-to-date: /home/dahyeon/dev_ws/install/turtlesim/lib/libturtlesim__rosidl_typesupport_introspection_cpp.so
[2.573s] -- Up-to-date: /home/dahyeon/dev_ws/install/turtlesim/lib/libturtlesim__rosidl_typesupport_cpp.so
[2.597s] Compiling '/home/dahyeon/dev_ws/install/turtlesim/lib/python3.8/site-packages/turtlesim/__init__.py'...
[2.600s] -- Up-to-date: /home/dahyeon/dev_ws/install/turtlesim/share/turtlesim/images
[2.601s] -- Up-to-date: /home/dahyeon/dev_ws/install/turtlesim/share/turtlesim/images/eloquent.png
[2.601s] -- Up-to-date: /home/dahyeon/dev_ws/install/turtlesim/share/turtlesim/images/foxy.png
[2.601s] -- Up-to-date: /home/dahyeon/dev_ws/install/turtlesim/share/turtlesim/images/dashing.png
[2.601s] -- Up-to-date: /home/dahyeon/dev_ws/install/turtlesim/share/turtlesim/images/ardent.png
[2.601s] -- Up-to-date: /home/dahyeon/dev_ws/install/turtlesim/share/turtlesim/images/bouncy.png
[2.601s] -- Up-to-date: /home/dahyeon/dev_ws/install/turtlesim/share/turtlesim/images/crystal.png
[2.601s] -- Up-to-date: /home/dahyeon/dev_ws/install/turtlesim/share/turtlesim/cmake/turtlesim__rosidl_generator_cExport.cmake
[2.601s] -- Installing: /home/dahyeon/dev_ws/install/turtlesim/share/turtlesim/cmake/turtlesim__rosidl_generator_cExport-noconfig.cmake
[2.602s] -- Up-to-date: /home/dahyeon/dev_ws/install/turtlesim/share/turtlesim/cmake/turtlesim__rosidl_typesupport_introspection_cExport.cmake
[2.602s] -- Installing: /home/dahyeon/dev_ws/install/turtlesim/share/turtlesim/cmake/turtlesim__rosidl_typesupport_introspection_cExport-noconfig.cmake
[2.602s] -- Up-to-date: /home/dahyeon/dev_ws/install/turtlesim/share/turtlesim/cmake/turtlesim__rosidl_typesupport_cExport.cmake
[2.602s] -- Installing: /home/dahyeon/dev_ws/install/turtlesim/share/turtlesim/cmake/turtlesim__rosidl_typesupport_cExport-noconfig.cmake
[2.603s] -- Up-to-date: /home/dahyeon/dev_ws/install/turtlesim/share/turtlesim/cmake/turtlesim__rosidl_generator_cppExport.cmake
[2.603s] -- Up-to-date: /home/dahyeon/dev_ws/install/turtlesim/share/turtlesim/cmake/turtlesim__rosidl_typesupport_introspection_cppExport.cmake
[2.603s] -- Installing: /home/dahyeon/dev_ws/install/turtlesim/share/turtlesim/cmake/turtlesim__rosidl_typesupport_introspection_cppExport-noconfig.cmake
[2.603s] -- Up-to-date: /home/dahyeon/dev_ws/install/turtlesim/share/turtlesim/cmake/turtlesim__rosidl_typesupport_cppExport.cmake
[2.604s] -- Installing: /home/dahyeon/dev_ws/install/turtlesim/share/turtlesim/cmake/turtlesim__rosidl_typesupport_cppExport-noconfig.cmake
[2.607s] Invoked command in '/home/dahyeon/dev_ws/build/turtlesim' returned '0': CMAKE_PREFIX_PATH=${CMAKE_PREFIX_PATH}:/opt/ros/foxy /usr/bin/cmake --install /home/dahyeon/dev_ws/build/turtlesim
