[0.014s] Invoking command in '/home/dahyeon/dev_ws/build/uni': CMAKE_PREFIX_PATH=${CMAKE_PREFIX_PATH}:/home/dahyeon/dev_ws/install/topic_service_action_rclpy_example:/home/dahyeon/dev_ws/install/time_rclpy_example:/home/dahyeon/dev_ws/install/tf2_rclpy_example:/home/dahyeon/dev_ws/install/ros2env:/home/dahyeon/dev_ws/install/my_first_ros_rclpy_pkg:/home/dahyeon/dev_ws/install/logging_rclpy_example:/opt/ros/foxy /usr/bin/cmake /home/dahyeon/dev_ws/src/uni -DAMENT_CMAKE_SYMLINK_INSTALL=1 -DCMAKE_INSTALL_PREFIX=/home/dahyeon/dev_ws/install/uni
[0.144s] -- The C compiler identification is GNU 9.4.0
[0.243s] -- The CXX compiler identification is GNU 9.4.0
[0.250s] -- Check for working C compiler: /usr/bin/cc
[0.299s] -- Check for working C compiler: /usr/bin/cc -- works
[0.300s] -- Detecting C compiler ABI info
[0.351s] -- Detecting C compiler ABI info - done
[0.359s] -- Detecting C compile features
[0.360s] -- Detecting C compile features - done
[0.362s] -- Check for working CXX compiler: /usr/bin/c++
[0.417s] -- Check for working CXX compiler: /usr/bin/c++ -- works
[0.418s] -- Detecting CXX compiler ABI info
[0.473s] -- Detecting CXX compiler ABI info - done
[0.482s] -- Detecting CXX compile features
[0.483s] -- Detecting CXX compile features - done
[0.489s] -- Found ament_cmake: 0.9.9 (/opt/ros/foxy/share/ament_cmake/cmake)
[0.522s] -- Found PythonInterp: /usr/bin/python3 (found suitable version "3.8.10", minimum required is "3") 
[0.522s] -- Using PYTHON_EXECUTABLE: /usr/bin/python3
[0.686s] -- Override CMake install command with custom implementation using symlinks instead of copying resources
[0.728s] -- Found rclcpp: 2.4.1 (/opt/ros/foxy/share/rclcpp/cmake)
[0.793s] -- Using all available rosidl_typesupport_c: rosidl_typesupport_fastrtps_c;rosidl_typesupport_introspection_c
[0.803s] -- Found rosidl_adapter: 1.2.1 (/opt/ros/foxy/share/rosidl_adapter/cmake)
[0.875s] -- Found OpenSSL: /usr/lib/x86_64-linux-gnu/libcrypto.so (found version "1.1.1f")  
[0.899s] -- Found FastRTPS: /opt/ros/foxy/include  
[0.974s] -- Using all available rosidl_typesupport_cpp: rosidl_typesupport_fastrtps_cpp;rosidl_typesupport_introspection_cpp
[1.039s] -- Found rmw_implementation_cmake: 1.0.3 (/opt/ros/foxy/share/rmw_implementation_cmake/cmake)
[1.041s] -- Using RMW implementation 'rmw_fastrtps_cpp' as default
[1.043s] -- Looking for pthread.h
[1.095s] -- Looking for pthread.h - found
[1.095s] -- Performing Test CMAKE_HAVE_LIBC_PTHREAD
[1.149s] -- Performing Test CMAKE_HAVE_LIBC_PTHREAD - Failed
[1.149s] -- Looking for pthread_create in pthreads
[1.187s] -- Looking for pthread_create in pthreads - not found
[1.188s] -- Looking for pthread_create in pthread
[1.235s] -- Looking for pthread_create in pthread - found
[1.236s] -- Found Threads: TRUE  
[1.382s] -- Found srv_alarm_interface: 0.6.0 (/home/dahyeon/dev_ws/install/srv_alarm_interface/share/srv_alarm_interface/cmake)
[1.403s] -- Found ament_lint_auto: 0.9.6 (/opt/ros/foxy/share/ament_lint_auto/cmake)
[1.486s] -- Added test 'copyright' to check source files copyright and LICENSE
[1.487s] -- Added test 'cppcheck' to perform static code analysis on C / C++ code
[1.487s] -- Configured cppcheck include dirs: 
[1.487s] -- Configured cppcheck exclude dirs and/or files: 
[1.488s] -- Added test 'cpplint' to check C / C++ code against the Google style
[1.488s] -- Configured cpplint exclude dirs and/or files: 
[1.489s] -- Added test 'lint_cmake' to check CMake code style
[1.490s] -- Added test 'uncrustify' to check C / C++ code style
[1.491s] -- Configured uncrustify additional arguments: 
[1.491s] -- Added test 'xmllint' to check XML markup files
[1.495s] -- Configuring done
[1.497s] -- Generating done
[1.498s] -- Build files have been written to: /home/dahyeon/dev_ws/build/uni
[1.506s] Invoked command in '/home/dahyeon/dev_ws/build/uni' returned '0': CMAKE_PREFIX_PATH=${CMAKE_PREFIX_PATH}:/home/dahyeon/dev_ws/install/topic_service_action_rclpy_example:/home/dahyeon/dev_ws/install/time_rclpy_example:/home/dahyeon/dev_ws/install/tf2_rclpy_example:/home/dahyeon/dev_ws/install/ros2env:/home/dahyeon/dev_ws/install/my_first_ros_rclpy_pkg:/home/dahyeon/dev_ws/install/logging_rclpy_example:/opt/ros/foxy /usr/bin/cmake /home/dahyeon/dev_ws/src/uni -DAMENT_CMAKE_SYMLINK_INSTALL=1 -DCMAKE_INSTALL_PREFIX=/home/dahyeon/dev_ws/install/uni
[1.506s] Invoking command in '/home/dahyeon/dev_ws/build/uni': CMAKE_PREFIX_PATH=${CMAKE_PREFIX_PATH}:/home/dahyeon/dev_ws/install/topic_service_action_rclpy_example:/home/dahyeon/dev_ws/install/time_rclpy_example:/home/dahyeon/dev_ws/install/tf2_rclpy_example:/home/dahyeon/dev_ws/install/ros2env:/home/dahyeon/dev_ws/install/my_first_ros_rclpy_pkg:/home/dahyeon/dev_ws/install/logging_rclpy_example:/opt/ros/foxy /usr/bin/cmake --build /home/dahyeon/dev_ws/build/uni -- -j12 -l12
[1.535s] Invoked command in '/home/dahyeon/dev_ws/build/uni' returned '0': CMAKE_PREFIX_PATH=${CMAKE_PREFIX_PATH}:/home/dahyeon/dev_ws/install/topic_service_action_rclpy_example:/home/dahyeon/dev_ws/install/time_rclpy_example:/home/dahyeon/dev_ws/install/tf2_rclpy_example:/home/dahyeon/dev_ws/install/ros2env:/home/dahyeon/dev_ws/install/my_first_ros_rclpy_pkg:/home/dahyeon/dev_ws/install/logging_rclpy_example:/opt/ros/foxy /usr/bin/cmake --build /home/dahyeon/dev_ws/build/uni -- -j12 -l12
[1.557s] Invoking command in '/home/dahyeon/dev_ws/build/uni': CMAKE_PREFIX_PATH=${CMAKE_PREFIX_PATH}:/home/dahyeon/dev_ws/install/topic_service_action_rclpy_example:/home/dahyeon/dev_ws/install/time_rclpy_example:/home/dahyeon/dev_ws/install/tf2_rclpy_example:/home/dahyeon/dev_ws/install/ros2env:/home/dahyeon/dev_ws/install/my_first_ros_rclpy_pkg:/home/dahyeon/dev_ws/install/logging_rclpy_example:/opt/ros/foxy /usr/bin/cmake --install /home/dahyeon/dev_ws/build/uni
[1.562s] -- Install configuration: ""
[1.563s] -- Execute custom install script
[1.563s] -- Symlinking: /home/dahyeon/dev_ws/install/uni/share/ament_index/resource_index/package_run_dependencies/uni
[1.569s] -- Symlinking: /home/dahyeon/dev_ws/install/uni/share/ament_index/resource_index/parent_prefix_path/uni
[1.575s] -- Symlinking: /home/dahyeon/dev_ws/install/uni/share/uni/environment/ament_prefix_path.sh
[1.581s] -- Symlinking: /home/dahyeon/dev_ws/install/uni/share/uni/environment/ament_prefix_path.dsv
[1.587s] -- Symlinking: /home/dahyeon/dev_ws/install/uni/share/uni/environment/path.sh
[1.592s] -- Symlinking: /home/dahyeon/dev_ws/install/uni/share/uni/environment/path.dsv
[1.598s] -- Symlinking: /home/dahyeon/dev_ws/install/uni/share/uni/local_setup.bash
[1.605s] -- Symlinking: /home/dahyeon/dev_ws/install/uni/share/uni/local_setup.sh
[1.612s] -- Symlinking: /home/dahyeon/dev_ws/install/uni/share/uni/local_setup.zsh
[1.619s] -- Symlinking: /home/dahyeon/dev_ws/install/uni/share/uni/local_setup.dsv
[1.625s] -- Symlinking: /home/dahyeon/dev_ws/install/uni/share/uni/package.dsv
[1.631s] -- Symlinking: /home/dahyeon/dev_ws/install/uni/share/ament_index/resource_index/packages/uni
[1.638s] -- Symlinking: /home/dahyeon/dev_ws/install/uni/share/uni/cmake/uniConfig.cmake
[1.643s] -- Symlinking: /home/dahyeon/dev_ws/install/uni/share/uni/cmake/uniConfig-version.cmake
[1.649s] -- Symlinking: /home/dahyeon/dev_ws/install/uni/share/uni/package.xml
[1.657s] Invoked command in '/home/dahyeon/dev_ws/build/uni' returned '0': CMAKE_PREFIX_PATH=${CMAKE_PREFIX_PATH}:/home/dahyeon/dev_ws/install/topic_service_action_rclpy_example:/home/dahyeon/dev_ws/install/time_rclpy_example:/home/dahyeon/dev_ws/install/tf2_rclpy_example:/home/dahyeon/dev_ws/install/ros2env:/home/dahyeon/dev_ws/install/my_first_ros_rclpy_pkg:/home/dahyeon/dev_ws/install/logging_rclpy_example:/opt/ros/foxy /usr/bin/cmake --install /home/dahyeon/dev_ws/build/uni
