-- Found ament_cmake: 0.9.9 (/opt/ros/foxy/share/ament_cmake/cmake)
-- Found PythonInterp: /usr/bin/python3 (found suitable version "3.8.10", minimum required is "3") 
-- Using PYTHON_EXECUTABLE: /usr/bin/python3
-- Override CMake install command with custom implementation using symlinks instead of copying resources
-- Found builtin_interfaces: 1.0.0 (/opt/ros/foxy/share/builtin_interfaces/cmake)
-- Using all available rosidl_typesupport_c: rosidl_typesupport_fastrtps_c;rosidl_typesupport_introspection_c
-- Found rosidl_adapter: 1.2.1 (/opt/ros/foxy/share/rosidl_adapter/cmake)
-- Using all available rosidl_typesupport_cpp: rosidl_typesupport_fastrtps_cpp;rosidl_typesupport_introspection_cpp
-- Found rosidl_default_generators: 1.0.1 (/opt/ros/foxy/share/rosidl_default_generators/cmake)
-- Found PythonInterp: /usr/bin/python3 (found version "3.8.10") 
-- Found ament_cmake_ros: 0.9.2 (/opt/ros/foxy/share/ament_cmake_ros/cmake)
-- Using all available rosidl_typesupport_c: rosidl_typesupport_fastrtps_c;rosidl_typesupport_introspection_c
-- Using all available rosidl_typesupport_cpp: rosidl_typesupport_fastrtps_cpp;rosidl_typesupport_introspection_cpp
-- Found PythonInterp: /usr/bin/python3 (found suitable version "3.8.10", minimum required is "3.5") 
-- Found python_cmake_module: 0.8.1 (/opt/ros/foxy/share/python_cmake_module/cmake)
-- Using PYTHON_EXECUTABLE: /usr/bin/python3
-- Using PYTHON_INCLUDE_DIRS: /usr/include/python3.8
-- Using PYTHON_LIBRARIES: /usr/lib/x86_64-linux-gnu/libpython3.8.so
-- Configuring done
-- Generating done
-- Build files have been written to: /home/dahyeon/dev_ws/build/srv_alarm_interface
[  3%] [34m[1mGenerating C code for ROS interfaces[0m
[  6%] [34m[1mGenerating C++ code for ROS interfaces[0m
[  6%] Built target srv_alarm_interface__cpp
[35m[1mScanning dependencies of target srv_alarm_interface__rosidl_generator_c[0m
[  9%] [34m[1mGenerating C++ type support dispatch for ROS interfaces[0m
[ 12%] [34m[1mGenerating C++ introspection for ROS interfaces[0m
[ 16%] [34m[1mGenerating C++ type support for eProsima Fast-RTPS[0m
[ 19%] [32mBuilding C object CMakeFiles/srv_alarm_interface__rosidl_generator_c.dir/rosidl_generator_c/srv_alarm_interface/srv/detail/alarm_option__functions.c.o[0m
[ 22%] [32m[1mLinking C shared library libsrv_alarm_interface__rosidl_generator_c.so[0m
[ 22%] Built target srv_alarm_interface__rosidl_generator_c
[ 29%] [34m[1mGenerating C type support dispatch for ROS interfaces[0m
[ 29%] [34m[1mGenerating C introspection for ROS interfaces[0m
[35m[1mScanning dependencies of target srv_alarm_interface__rosidl_typesupport_cpp[0m
[ 32%] [32mBuilding CXX object CMakeFiles/srv_alarm_interface__rosidl_typesupport_cpp.dir/rosidl_typesupport_cpp/srv_alarm_interface/srv/alarm_option__type_support.cpp.o[0m
[35m[1mScanning dependencies of target srv_alarm_interface__rosidl_typesupport_introspection_cpp[0m
[ 35%] [32mBuilding CXX object CMakeFiles/srv_alarm_interface__rosidl_typesupport_introspection_cpp.dir/rosidl_typesupport_introspection_cpp/srv_alarm_interface/srv/detail/alarm_option__type_support.cpp.o[0m
[35m[1mScanning dependencies of target srv_alarm_interface__rosidl_typesupport_fastrtps_cpp[0m
[ 38%] [32mBuilding CXX object CMakeFiles/srv_alarm_interface__rosidl_typesupport_fastrtps_cpp.dir/rosidl_typesupport_fastrtps_cpp/srv_alarm_interface/srv/detail/dds_fastrtps/alarm_option__type_support.cpp.o[0m
[35m[1mScanning dependencies of target srv_alarm_interface__rosidl_typesupport_c[0m
[ 41%] [32mBuilding CXX object CMakeFiles/srv_alarm_interface__rosidl_typesupport_c.dir/rosidl_typesupport_c/srv_alarm_interface/srv/alarm_option__type_support.cpp.o[0m
[35m[1mScanning dependencies of target srv_alarm_interface__rosidl_typesupport_introspection_c[0m
[ 45%] [32mBuilding C object CMakeFiles/srv_alarm_interface__rosidl_typesupport_introspection_c.dir/rosidl_typesupport_introspection_c/srv_alarm_interface/srv/detail/alarm_option__type_support.c.o[0m
[ 48%] [32m[1mLinking CXX shared library libsrv_alarm_interface__rosidl_typesupport_c.so[0m
[ 51%] [32m[1mLinking C shared library libsrv_alarm_interface__rosidl_typesupport_introspection_c.so[0m
[ 51%] Built target srv_alarm_interface__rosidl_typesupport_c
[ 51%] Built target srv_alarm_interface__rosidl_typesupport_introspection_c
[ 54%] [32m[1mLinking CXX shared library libsrv_alarm_interface__rosidl_typesupport_cpp.so[0m
[ 58%] [32m[1mLinking CXX shared library libsrv_alarm_interface__rosidl_typesupport_introspection_cpp.so[0m
[ 58%] Built target srv_alarm_interface__rosidl_typesupport_cpp
[ 58%] Built target srv_alarm_interface__rosidl_typesupport_introspection_cpp
[ 61%] [32m[1mLinking CXX shared library libsrv_alarm_interface__rosidl_typesupport_fastrtps_cpp.so[0m
[ 61%] Built target srv_alarm_interface__rosidl_typesupport_fastrtps_cpp
[ 64%] [34m[1mGenerating C type support for eProsima Fast-RTPS[0m
[35m[1mScanning dependencies of target srv_alarm_interface__rosidl_typesupport_fastrtps_c[0m
[ 67%] [32mBuilding CXX object CMakeFiles/srv_alarm_interface__rosidl_typesupport_fastrtps_c.dir/rosidl_typesupport_fastrtps_c/srv_alarm_interface/srv/detail/alarm_option__type_support_c.cpp.o[0m
[ 70%] [32m[1mLinking CXX shared library libsrv_alarm_interface__rosidl_typesupport_fastrtps_c.so[0m
[ 70%] Built target srv_alarm_interface__rosidl_typesupport_fastrtps_c
[ 70%] Built target srv_alarm_interface
[ 74%] [34m[1mGenerating Python code for ROS interfaces[0m
[ 74%] Built target srv_alarm_interface__py
[35m[1mScanning dependencies of target srv_alarm_interface__python[0m
[ 77%] [32mBuilding C object CMakeFiles/srv_alarm_interface__python.dir/rosidl_generator_py/srv_alarm_interface/srv/_alarm_option_s.c.o[0m
[ 80%] [32m[1mLinking C shared library rosidl_generator_py/srv_alarm_interface/libsrv_alarm_interface__python.so[0m
[ 80%] Built target srv_alarm_interface__python
[35m[1mScanning dependencies of target srv_alarm_interface__rosidl_typesupport_c__pyext[0m
[35m[1mScanning dependencies of target srv_alarm_interface__rosidl_typesupport_introspection_c__pyext[0m
[35m[1mScanning dependencies of target srv_alarm_interface__rosidl_typesupport_fastrtps_c__pyext[0m
[ 83%] [32mBuilding C object CMakeFiles/srv_alarm_interface__rosidl_typesupport_c__pyext.dir/rosidl_generator_py/srv_alarm_interface/_srv_alarm_interface_s.ep.rosidl_typesupport_c.c.o[0m
[ 87%] [32mBuilding C object CMakeFiles/srv_alarm_interface__rosidl_typesupport_introspection_c__pyext.dir/rosidl_generator_py/srv_alarm_interface/_srv_alarm_interface_s.ep.rosidl_typesupport_introspection_c.c.o[0m
[ 90%] [32mBuilding C object CMakeFiles/srv_alarm_interface__rosidl_typesupport_fastrtps_c__pyext.dir/rosidl_generator_py/srv_alarm_interface/_srv_alarm_interface_s.ep.rosidl_typesupport_fastrtps_c.c.o[0m
[ 96%] [32m[1mLinking C shared library rosidl_generator_py/srv_alarm_interface/srv_alarm_interface_s__rosidl_typesupport_introspection_c.cpython-38-x86_64-linux-gnu.so[0m
[ 96%] [32m[1mLinking C shared library rosidl_generator_py/srv_alarm_interface/srv_alarm_interface_s__rosidl_typesupport_c.cpython-38-x86_64-linux-gnu.so[0m
[100%] [32m[1mLinking CXX shared library rosidl_generator_py/srv_alarm_interface/srv_alarm_interface_s__rosidl_typesupport_fastrtps_c.cpython-38-x86_64-linux-gnu.so[0m
[100%] Built target srv_alarm_interface__rosidl_typesupport_c__pyext
[100%] Built target srv_alarm_interface__rosidl_typesupport_introspection_c__pyext
[100%] Built target srv_alarm_interface__rosidl_typesupport_fastrtps_c__pyext
-- Install configuration: ""
-- Execute custom install script
-- Up-to-date symlink: /home/dahyeon/dev_ws/install/srv_alarm_interface/share/ament_index/resource_index/rosidl_interfaces/srv_alarm_interface
-- Up-to-date symlink: /home/dahyeon/dev_ws/install/srv_alarm_interface/include/srv_alarm_interface/msg/rosidl_generator_c__visibility_control.h
-- Up-to-date symlink: /home/dahyeon/dev_ws/install/srv_alarm_interface/include/srv_alarm_interface/srv/alarm_option.h
-- Up-to-date symlink: /home/dahyeon/dev_ws/install/srv_alarm_interface/include/srv_alarm_interface/srv/detail/alarm_option__functions.h
-- Up-to-date symlink: /home/dahyeon/dev_ws/install/srv_alarm_interface/include/srv_alarm_interface/srv/detail/alarm_option__struct.h
-- Up-to-date symlink: /home/dahyeon/dev_ws/install/srv_alarm_interface/include/srv_alarm_interface/srv/detail/alarm_option__type_support.h
-- Up-to-date symlink: /home/dahyeon/dev_ws/install/srv_alarm_interface/share/srv_alarm_interface/environment/library_path.sh
-- Up-to-date symlink: /home/dahyeon/dev_ws/install/srv_alarm_interface/share/srv_alarm_interface/environment/library_path.dsv
-- Up-to-date symlink: /home/dahyeon/dev_ws/install/srv_alarm_interface/include/srv_alarm_interface/msg/rosidl_typesupport_fastrtps_c__visibility_control.h
-- Up-to-date symlink: /home/dahyeon/dev_ws/install/srv_alarm_interface/include/srv_alarm_interface/srv/detail/alarm_option__rosidl_typesupport_fastrtps_c.h
-- Up-to-date symlink: /home/dahyeon/dev_ws/install/srv_alarm_interface/lib/libsrv_alarm_interface__rosidl_typesupport_fastrtps_c.so
-- Up-to-date symlink: /home/dahyeon/dev_ws/install/srv_alarm_interface/include/srv_alarm_interface/msg/rosidl_typesupport_fastrtps_cpp__visibility_control.h
-- Up-to-date symlink: /home/dahyeon/dev_ws/install/srv_alarm_interface/include/srv_alarm_interface/srv/detail/alarm_option__rosidl_typesupport_fastrtps_cpp.hpp
-- Up-to-date symlink: /home/dahyeon/dev_ws/install/srv_alarm_interface/lib/libsrv_alarm_interface__rosidl_typesupport_fastrtps_cpp.so
-- Up-to-date symlink: /home/dahyeon/dev_ws/install/srv_alarm_interface/include/srv_alarm_interface/msg/rosidl_typesupport_introspection_c__visibility_control.h
-- Up-to-date symlink: /home/dahyeon/dev_ws/install/srv_alarm_interface/include/srv_alarm_interface/srv/detail/alarm_option__rosidl_typesupport_introspection_c.h
-- Up-to-date symlink: /home/dahyeon/dev_ws/install/srv_alarm_interface/include/srv_alarm_interface/srv/alarm_option.hpp
-- Up-to-date symlink: /home/dahyeon/dev_ws/install/srv_alarm_interface/include/srv_alarm_interface/srv/detail/alarm_option__builder.hpp
-- Up-to-date symlink: /home/dahyeon/dev_ws/install/srv_alarm_interface/include/srv_alarm_interface/srv/detail/alarm_option__struct.hpp
-- Up-to-date symlink: /home/dahyeon/dev_ws/install/srv_alarm_interface/include/srv_alarm_interface/srv/detail/alarm_option__traits.hpp
-- Up-to-date symlink: /home/dahyeon/dev_ws/install/srv_alarm_interface/include/srv_alarm_interface/srv/detail/alarm_option__rosidl_typesupport_introspection_cpp.hpp
-- Up-to-date symlink: /home/dahyeon/dev_ws/install/srv_alarm_interface/share/srv_alarm_interface/environment/pythonpath.sh
-- Up-to-date symlink: /home/dahyeon/dev_ws/install/srv_alarm_interface/share/srv_alarm_interface/environment/pythonpath.dsv
-- Up-to-date symlink: /home/dahyeon/dev_ws/install/srv_alarm_interface/lib/python3.8/site-packages/srv_alarm_interface/__init__.py
-- Up-to-date symlink: /home/dahyeon/dev_ws/install/srv_alarm_interface/lib/python3.8/site-packages/srv_alarm_interface/srv/__init__.py
-- Up-to-date symlink: /home/dahyeon/dev_ws/install/srv_alarm_interface/lib/python3.8/site-packages/srv_alarm_interface/srv/_alarm_option.py
-- Up-to-date symlink: /home/dahyeon/dev_ws/install/srv_alarm_interface/lib/python3.8/site-packages/srv_alarm_interface/srv_alarm_interface_s__rosidl_typesupport_fastrtps_c.cpython-38-x86_64-linux-gnu.so
-- Up-to-date symlink: /home/dahyeon/dev_ws/install/srv_alarm_interface/lib/python3.8/site-packages/srv_alarm_interface/srv_alarm_interface_s__rosidl_typesupport_introspection_c.cpython-38-x86_64-linux-gnu.so
-- Up-to-date symlink: /home/dahyeon/dev_ws/install/srv_alarm_interface/lib/python3.8/site-packages/srv_alarm_interface/srv_alarm_interface_s__rosidl_typesupport_c.cpython-38-x86_64-linux-gnu.so
-- Up-to-date symlink: /home/dahyeon/dev_ws/install/srv_alarm_interface/lib/libsrv_alarm_interface__python.so
-- Up-to-date symlink: /home/dahyeon/dev_ws/install/srv_alarm_interface/share/srv_alarm_interface/srv/AlarmOption.idl
-- Up-to-date symlink: /home/dahyeon/dev_ws/install/srv_alarm_interface/share/srv_alarm_interface/srv/AlarmOption.srv
-- Up-to-date symlink: /home/dahyeon/dev_ws/install/srv_alarm_interface/share/srv_alarm_interface/srv/AlarmOption_Request.msg
-- Up-to-date symlink: /home/dahyeon/dev_ws/install/srv_alarm_interface/share/srv_alarm_interface/srv/AlarmOption_Response.msg
-- Up-to-date symlink: /home/dahyeon/dev_ws/install/srv_alarm_interface/share/ament_index/resource_index/package_run_dependencies/srv_alarm_interface
-- Up-to-date symlink: /home/dahyeon/dev_ws/install/srv_alarm_interface/share/ament_index/resource_index/parent_prefix_path/srv_alarm_interface
-- Up-to-date symlink: /home/dahyeon/dev_ws/install/srv_alarm_interface/share/srv_alarm_interface/environment/ament_prefix_path.sh
-- Up-to-date symlink: /home/dahyeon/dev_ws/install/srv_alarm_interface/share/srv_alarm_interface/environment/ament_prefix_path.dsv
-- Up-to-date symlink: /home/dahyeon/dev_ws/install/srv_alarm_interface/share/srv_alarm_interface/environment/path.sh
-- Up-to-date symlink: /home/dahyeon/dev_ws/install/srv_alarm_interface/share/srv_alarm_interface/environment/path.dsv
-- Up-to-date symlink: /home/dahyeon/dev_ws/install/srv_alarm_interface/share/srv_alarm_interface/local_setup.bash
-- Up-to-date symlink: /home/dahyeon/dev_ws/install/srv_alarm_interface/share/srv_alarm_interface/local_setup.sh
-- Up-to-date symlink: /home/dahyeon/dev_ws/install/srv_alarm_interface/share/srv_alarm_interface/local_setup.zsh
-- Up-to-date symlink: /home/dahyeon/dev_ws/install/srv_alarm_interface/share/srv_alarm_interface/local_setup.dsv
-- Symlinking: /home/dahyeon/dev_ws/install/srv_alarm_interface/share/srv_alarm_interface/package.dsv
-- Up-to-date symlink: /home/dahyeon/dev_ws/install/srv_alarm_interface/share/ament_index/resource_index/packages/srv_alarm_interface
-- Up-to-date symlink: /home/dahyeon/dev_ws/install/srv_alarm_interface/share/srv_alarm_interface/cmake/rosidl_cmake-extras.cmake
-- Up-to-date symlink: /home/dahyeon/dev_ws/install/srv_alarm_interface/share/srv_alarm_interface/cmake/ament_cmake_export_dependencies-extras.cmake
-- Up-to-date symlink: /home/dahyeon/dev_ws/install/srv_alarm_interface/share/srv_alarm_interface/cmake/ament_cmake_export_libraries-extras.cmake
-- Up-to-date symlink: /home/dahyeon/dev_ws/install/srv_alarm_interface/share/srv_alarm_interface/cmake/ament_cmake_export_targets-extras.cmake
-- Up-to-date symlink: /home/dahyeon/dev_ws/install/srv_alarm_interface/share/srv_alarm_interface/cmake/ament_cmake_export_include_directories-extras.cmake
-- Up-to-date symlink: /home/dahyeon/dev_ws/install/srv_alarm_interface/share/srv_alarm_interface/cmake/rosidl_cmake_export_typesupport_libraries-extras.cmake
-- Up-to-date symlink: /home/dahyeon/dev_ws/install/srv_alarm_interface/share/srv_alarm_interface/cmake/rosidl_cmake_export_typesupport_targets-extras.cmake
-- Up-to-date symlink: /home/dahyeon/dev_ws/install/srv_alarm_interface/share/srv_alarm_interface/cmake/srv_alarm_interfaceConfig.cmake
-- Up-to-date symlink: /home/dahyeon/dev_ws/install/srv_alarm_interface/share/srv_alarm_interface/cmake/srv_alarm_interfaceConfig-version.cmake
-- Up-to-date symlink: /home/dahyeon/dev_ws/install/srv_alarm_interface/share/srv_alarm_interface/package.xml
-- Installing: /home/dahyeon/dev_ws/install/srv_alarm_interface/lib/libsrv_alarm_interface__rosidl_generator_c.so
-- Set runtime path of "/home/dahyeon/dev_ws/install/srv_alarm_interface/lib/libsrv_alarm_interface__rosidl_generator_c.so" to ""
-- Installing: /home/dahyeon/dev_ws/install/srv_alarm_interface/lib/libsrv_alarm_interface__rosidl_typesupport_introspection_c.so
-- Set runtime path of "/home/dahyeon/dev_ws/install/srv_alarm_interface/lib/libsrv_alarm_interface__rosidl_typesupport_introspection_c.so" to ""
-- Installing: /home/dahyeon/dev_ws/install/srv_alarm_interface/lib/libsrv_alarm_interface__rosidl_typesupport_c.so
-- Set runtime path of "/home/dahyeon/dev_ws/install/srv_alarm_interface/lib/libsrv_alarm_interface__rosidl_typesupport_c.so" to ""
-- Installing: /home/dahyeon/dev_ws/install/srv_alarm_interface/lib/libsrv_alarm_interface__rosidl_typesupport_introspection_cpp.so
-- Set runtime path of "/home/dahyeon/dev_ws/install/srv_alarm_interface/lib/libsrv_alarm_interface__rosidl_typesupport_introspection_cpp.so" to ""
-- Installing: /home/dahyeon/dev_ws/install/srv_alarm_interface/lib/libsrv_alarm_interface__rosidl_typesupport_cpp.so
-- Set runtime path of "/home/dahyeon/dev_ws/install/srv_alarm_interface/lib/libsrv_alarm_interface__rosidl_typesupport_cpp.so" to ""
Compiling '/home/dahyeon/dev_ws/install/srv_alarm_interface/lib/python3.8/site-packages/srv_alarm_interface/__init__.py'...
-- Up-to-date: /home/dahyeon/dev_ws/install/srv_alarm_interface/share/srv_alarm_interface/cmake/srv_alarm_interface__rosidl_generator_cExport.cmake
-- Installing: /home/dahyeon/dev_ws/install/srv_alarm_interface/share/srv_alarm_interface/cmake/srv_alarm_interface__rosidl_generator_cExport-noconfig.cmake
-- Up-to-date: /home/dahyeon/dev_ws/install/srv_alarm_interface/share/srv_alarm_interface/cmake/srv_alarm_interface__rosidl_typesupport_introspection_cExport.cmake
-- Installing: /home/dahyeon/dev_ws/install/srv_alarm_interface/share/srv_alarm_interface/cmake/srv_alarm_interface__rosidl_typesupport_introspection_cExport-noconfig.cmake
-- Up-to-date: /home/dahyeon/dev_ws/install/srv_alarm_interface/share/srv_alarm_interface/cmake/srv_alarm_interface__rosidl_typesupport_cExport.cmake
-- Installing: /home/dahyeon/dev_ws/install/srv_alarm_interface/share/srv_alarm_interface/cmake/srv_alarm_interface__rosidl_typesupport_cExport-noconfig.cmake
-- Up-to-date: /home/dahyeon/dev_ws/install/srv_alarm_interface/share/srv_alarm_interface/cmake/srv_alarm_interface__rosidl_generator_cppExport.cmake
-- Up-to-date: /home/dahyeon/dev_ws/install/srv_alarm_interface/share/srv_alarm_interface/cmake/srv_alarm_interface__rosidl_typesupport_introspection_cppExport.cmake
-- Installing: /home/dahyeon/dev_ws/install/srv_alarm_interface/share/srv_alarm_interface/cmake/srv_alarm_interface__rosidl_typesupport_introspection_cppExport-noconfig.cmake
-- Up-to-date: /home/dahyeon/dev_ws/install/srv_alarm_interface/share/srv_alarm_interface/cmake/srv_alarm_interface__rosidl_typesupport_cppExport.cmake
-- Installing: /home/dahyeon/dev_ws/install/srv_alarm_interface/share/srv_alarm_interface/cmake/srv_alarm_interface__rosidl_typesupport_cppExport-noconfig.cmake
