[0.010s] Invoking command in '/home/dahyeon/dev_ws/build/srv_alarm_interface': CMAKE_PREFIX_PATH=${CMAKE_PREFIX_PATH}:/home/dahyeon/dev_ws/install/topic_service_action_rclpy_example:/home/dahyeon/dev_ws/install/time_rclpy_example:/home/dahyeon/dev_ws/install/tf2_rclpy_example:/home/dahyeon/dev_ws/install/ros2env:/home/dahyeon/dev_ws/install/my_first_ros_rclpy_pkg:/home/dahyeon/dev_ws/install/logging_rclpy_example:/opt/ros/foxy /usr/bin/cmake --build /home/dahyeon/dev_ws/build/srv_alarm_interface -- -j12 -l12
[0.033s] -- Found ament_cmake: 0.9.9 (/opt/ros/foxy/share/ament_cmake/cmake)
[0.055s] -- Found PythonInterp: /usr/bin/python3 (found suitable version "3.8.10", minimum required is "3") 
[0.055s] -- Using PYTHON_EXECUTABLE: /usr/bin/python3
[0.185s] -- Override CMake install command with custom implementation using symlinks instead of copying resources
[0.191s] -- Found builtin_interfaces: 1.0.0 (/opt/ros/foxy/share/builtin_interfaces/cmake)
[0.205s] -- Using all available rosidl_typesupport_c: rosidl_typesupport_fastrtps_c;rosidl_typesupport_introspection_c
[0.208s] -- Found rosidl_adapter: 1.2.1 (/opt/ros/foxy/share/rosidl_adapter/cmake)
[0.289s] -- Using all available rosidl_typesupport_cpp: rosidl_typesupport_fastrtps_cpp;rosidl_typesupport_introspection_cpp
[0.310s] -- Found rosidl_default_generators: 1.0.1 (/opt/ros/foxy/share/rosidl_default_generators/cmake)
[0.354s] -- Found PythonInterp: /usr/bin/python3 (found version "3.8.10") 
[0.459s] -- Found ament_cmake_ros: 0.9.2 (/opt/ros/foxy/share/ament_cmake_ros/cmake)
[0.538s] -- Using all available rosidl_typesupport_c: rosidl_typesupport_fastrtps_c;rosidl_typesupport_introspection_c
[0.551s] -- Using all available rosidl_typesupport_cpp: rosidl_typesupport_fastrtps_cpp;rosidl_typesupport_introspection_cpp
[0.576s] -- Found PythonInterp: /usr/bin/python3 (found suitable version "3.8.10", minimum required is "3.5") 
[0.576s] -- Found python_cmake_module: 0.8.1 (/opt/ros/foxy/share/python_cmake_module/cmake)
[0.600s] -- Using PYTHON_EXECUTABLE: /usr/bin/python3
[0.600s] -- Using PYTHON_INCLUDE_DIRS: /usr/include/python3.8
[0.600s] -- Using PYTHON_LIBRARIES: /usr/lib/x86_64-linux-gnu/libpython3.8.so
[0.631s] -- Configuring done
[0.670s] -- Generating done
[0.672s] -- Build files have been written to: /home/dahyeon/dev_ws/build/srv_alarm_interface
[0.688s] [  3%] [34m[1mGenerating C code for ROS interfaces[0m
[0.695s] [  6%] [34m[1mGenerating C++ code for ROS interfaces[0m
[0.913s] [  6%] Built target srv_alarm_interface__cpp
[0.918s] [35m[1mScanning dependencies of target srv_alarm_interface__rosidl_generator_c[0m
[0.920s] [  9%] [34m[1mGenerating C++ type support dispatch for ROS interfaces[0m
[0.920s] [ 12%] [34m[1mGenerating C++ introspection for ROS interfaces[0m
[0.920s] [ 16%] [34m[1mGenerating C++ type support for eProsima Fast-RTPS[0m
[0.927s] [ 19%] [32mBuilding C object CMakeFiles/srv_alarm_interface__rosidl_generator_c.dir/rosidl_generator_c/srv_alarm_interface/srv/detail/alarm_option__functions.c.o[0m
[0.959s] [ 22%] [32m[1mLinking C shared library libsrv_alarm_interface__rosidl_generator_c.so[0m
[0.988s] [ 22%] Built target srv_alarm_interface__rosidl_generator_c
[0.995s] [ 29%] [34m[1mGenerating C type support dispatch for ROS interfaces[0m
[0.995s] [ 29%] [34m[1mGenerating C introspection for ROS interfaces[0m
[1.124s] [35m[1mScanning dependencies of target srv_alarm_interface__rosidl_typesupport_cpp[0m
[1.133s] [ 32%] [32mBuilding CXX object CMakeFiles/srv_alarm_interface__rosidl_typesupport_cpp.dir/rosidl_typesupport_cpp/srv_alarm_interface/srv/alarm_option__type_support.cpp.o[0m
[1.140s] [35m[1mScanning dependencies of target srv_alarm_interface__rosidl_typesupport_introspection_cpp[0m
[1.149s] [ 35%] [32mBuilding CXX object CMakeFiles/srv_alarm_interface__rosidl_typesupport_introspection_cpp.dir/rosidl_typesupport_introspection_cpp/srv_alarm_interface/srv/detail/alarm_option__type_support.cpp.o[0m
[1.152s] [35m[1mScanning dependencies of target srv_alarm_interface__rosidl_typesupport_fastrtps_cpp[0m
[1.163s] [ 38%] [32mBuilding CXX object CMakeFiles/srv_alarm_interface__rosidl_typesupport_fastrtps_cpp.dir/rosidl_typesupport_fastrtps_cpp/srv_alarm_interface/srv/detail/dds_fastrtps/alarm_option__type_support.cpp.o[0m
[1.200s] [35m[1mScanning dependencies of target srv_alarm_interface__rosidl_typesupport_c[0m
[1.208s] [ 41%] [32mBuilding CXX object CMakeFiles/srv_alarm_interface__rosidl_typesupport_c.dir/rosidl_typesupport_c/srv_alarm_interface/srv/alarm_option__type_support.cpp.o[0m
[1.222s] [35m[1mScanning dependencies of target srv_alarm_interface__rosidl_typesupport_introspection_c[0m
[1.231s] [ 45%] [32mBuilding C object CMakeFiles/srv_alarm_interface__rosidl_typesupport_introspection_c.dir/rosidl_typesupport_introspection_c/srv_alarm_interface/srv/detail/alarm_option__type_support.c.o[0m
[1.231s] [ 48%] [32m[1mLinking CXX shared library libsrv_alarm_interface__rosidl_typesupport_c.so[0m
[1.258s] [ 51%] [32m[1mLinking C shared library libsrv_alarm_interface__rosidl_typesupport_introspection_c.so[0m
[1.261s] [ 51%] Built target srv_alarm_interface__rosidl_typesupport_c
[1.279s] [ 51%] Built target srv_alarm_interface__rosidl_typesupport_introspection_c
[1.344s] [ 54%] [32m[1mLinking CXX shared library libsrv_alarm_interface__rosidl_typesupport_cpp.so[0m
[1.367s] [ 58%] [32m[1mLinking CXX shared library libsrv_alarm_interface__rosidl_typesupport_introspection_cpp.so[0m
[1.372s] [ 58%] Built target srv_alarm_interface__rosidl_typesupport_cpp
[1.407s] [ 58%] Built target srv_alarm_interface__rosidl_typesupport_introspection_cpp
[1.473s] [ 61%] [32m[1mLinking CXX shared library libsrv_alarm_interface__rosidl_typesupport_fastrtps_cpp.so[0m
[1.588s] [ 61%] Built target srv_alarm_interface__rosidl_typesupport_fastrtps_cpp
[1.596s] [ 64%] [34m[1mGenerating C type support for eProsima Fast-RTPS[0m
[1.802s] [35m[1mScanning dependencies of target srv_alarm_interface__rosidl_typesupport_fastrtps_c[0m
[1.811s] [ 67%] [32mBuilding CXX object CMakeFiles/srv_alarm_interface__rosidl_typesupport_fastrtps_c.dir/rosidl_typesupport_fastrtps_c/srv_alarm_interface/srv/detail/alarm_option__type_support_c.cpp.o[0m
[2.060s] [ 70%] [32m[1mLinking CXX shared library libsrv_alarm_interface__rosidl_typesupport_fastrtps_c.so[0m
[2.112s] [ 70%] Built target srv_alarm_interface__rosidl_typesupport_fastrtps_c
[2.125s] [ 70%] Built target srv_alarm_interface
[2.139s] [ 74%] [34m[1mGenerating Python code for ROS interfaces[0m
[2.596s] [ 74%] Built target srv_alarm_interface__py
[2.603s] [35m[1mScanning dependencies of target srv_alarm_interface__python[0m
[2.612s] [ 77%] [32mBuilding C object CMakeFiles/srv_alarm_interface__python.dir/rosidl_generator_py/srv_alarm_interface/srv/_alarm_option_s.c.o[0m
[2.675s] [ 80%] [32m[1mLinking C shared library rosidl_generator_py/srv_alarm_interface/libsrv_alarm_interface__python.so[0m
[2.700s] [ 80%] Built target srv_alarm_interface__python
[2.708s] [35m[1mScanning dependencies of target srv_alarm_interface__rosidl_typesupport_c__pyext[0m
[2.709s] [35m[1mScanning dependencies of target srv_alarm_interface__rosidl_typesupport_introspection_c__pyext[0m
[2.709s] [35m[1mScanning dependencies of target srv_alarm_interface__rosidl_typesupport_fastrtps_c__pyext[0m
[2.718s] [ 83%] [32mBuilding C object CMakeFiles/srv_alarm_interface__rosidl_typesupport_c__pyext.dir/rosidl_generator_py/srv_alarm_interface/_srv_alarm_interface_s.ep.rosidl_typesupport_c.c.o[0m
[2.720s] [ 87%] [32mBuilding C object CMakeFiles/srv_alarm_interface__rosidl_typesupport_introspection_c__pyext.dir/rosidl_generator_py/srv_alarm_interface/_srv_alarm_interface_s.ep.rosidl_typesupport_introspection_c.c.o[0m
[2.721s] [ 90%] [32mBuilding C object CMakeFiles/srv_alarm_interface__rosidl_typesupport_fastrtps_c__pyext.dir/rosidl_generator_py/srv_alarm_interface/_srv_alarm_interface_s.ep.rosidl_typesupport_fastrtps_c.c.o[0m
[2.775s] [ 96%] [32m[1mLinking C shared library rosidl_generator_py/srv_alarm_interface/srv_alarm_interface_s__rosidl_typesupport_introspection_c.cpython-38-x86_64-linux-gnu.so[0m
[2.776s] [ 96%] [32m[1mLinking C shared library rosidl_generator_py/srv_alarm_interface/srv_alarm_interface_s__rosidl_typesupport_c.cpython-38-x86_64-linux-gnu.so[0m
[2.784s] [100%] [32m[1mLinking CXX shared library rosidl_generator_py/srv_alarm_interface/srv_alarm_interface_s__rosidl_typesupport_fastrtps_c.cpython-38-x86_64-linux-gnu.so[0m
[2.801s] [100%] Built target srv_alarm_interface__rosidl_typesupport_c__pyext
[2.801s] [100%] Built target srv_alarm_interface__rosidl_typesupport_introspection_c__pyext
[2.828s] [100%] Built target srv_alarm_interface__rosidl_typesupport_fastrtps_c__pyext
[2.837s] Invoked command in '/home/dahyeon/dev_ws/build/srv_alarm_interface' returned '0': CMAKE_PREFIX_PATH=${CMAKE_PREFIX_PATH}:/home/dahyeon/dev_ws/install/topic_service_action_rclpy_example:/home/dahyeon/dev_ws/install/time_rclpy_example:/home/dahyeon/dev_ws/install/tf2_rclpy_example:/home/dahyeon/dev_ws/install/ros2env:/home/dahyeon/dev_ws/install/my_first_ros_rclpy_pkg:/home/dahyeon/dev_ws/install/logging_rclpy_example:/opt/ros/foxy /usr/bin/cmake --build /home/dahyeon/dev_ws/build/srv_alarm_interface -- -j12 -l12
[2.873s] Invoking command in '/home/dahyeon/dev_ws/build/srv_alarm_interface': CMAKE_PREFIX_PATH=${CMAKE_PREFIX_PATH}:/home/dahyeon/dev_ws/install/topic_service_action_rclpy_example:/home/dahyeon/dev_ws/install/time_rclpy_example:/home/dahyeon/dev_ws/install/tf2_rclpy_example:/home/dahyeon/dev_ws/install/ros2env:/home/dahyeon/dev_ws/install/my_first_ros_rclpy_pkg:/home/dahyeon/dev_ws/install/logging_rclpy_example:/opt/ros/foxy /usr/bin/cmake --install /home/dahyeon/dev_ws/build/srv_alarm_interface
[2.879s] -- Install configuration: ""
[2.879s] -- Execute custom install script
[2.880s] -- Up-to-date symlink: /home/dahyeon/dev_ws/install/srv_alarm_interface/share/ament_index/resource_index/rosidl_interfaces/srv_alarm_interface
[2.880s] -- Up-to-date symlink: /home/dahyeon/dev_ws/install/srv_alarm_interface/include/srv_alarm_interface/msg/rosidl_generator_c__visibility_control.h
[2.880s] -- Up-to-date symlink: /home/dahyeon/dev_ws/install/srv_alarm_interface/include/srv_alarm_interface/srv/alarm_option.h
[2.880s] -- Up-to-date symlink: /home/dahyeon/dev_ws/install/srv_alarm_interface/include/srv_alarm_interface/srv/detail/alarm_option__functions.h
[2.880s] -- Up-to-date symlink: /home/dahyeon/dev_ws/install/srv_alarm_interface/include/srv_alarm_interface/srv/detail/alarm_option__struct.h
[2.880s] -- Up-to-date symlink: /home/dahyeon/dev_ws/install/srv_alarm_interface/include/srv_alarm_interface/srv/detail/alarm_option__type_support.h
[2.881s] -- Up-to-date symlink: /home/dahyeon/dev_ws/install/srv_alarm_interface/share/srv_alarm_interface/environment/library_path.sh
[2.881s] -- Up-to-date symlink: /home/dahyeon/dev_ws/install/srv_alarm_interface/share/srv_alarm_interface/environment/library_path.dsv
[2.881s] -- Up-to-date symlink: /home/dahyeon/dev_ws/install/srv_alarm_interface/include/srv_alarm_interface/msg/rosidl_typesupport_fastrtps_c__visibility_control.h
[2.881s] -- Up-to-date symlink: /home/dahyeon/dev_ws/install/srv_alarm_interface/include/srv_alarm_interface/srv/detail/alarm_option__rosidl_typesupport_fastrtps_c.h
[2.881s] -- Up-to-date symlink: /home/dahyeon/dev_ws/install/srv_alarm_interface/lib/libsrv_alarm_interface__rosidl_typesupport_fastrtps_c.so
[2.882s] -- Up-to-date symlink: /home/dahyeon/dev_ws/install/srv_alarm_interface/include/srv_alarm_interface/msg/rosidl_typesupport_fastrtps_cpp__visibility_control.h
[2.882s] -- Up-to-date symlink: /home/dahyeon/dev_ws/install/srv_alarm_interface/include/srv_alarm_interface/srv/detail/alarm_option__rosidl_typesupport_fastrtps_cpp.hpp
[2.882s] -- Up-to-date symlink: /home/dahyeon/dev_ws/install/srv_alarm_interface/lib/libsrv_alarm_interface__rosidl_typesupport_fastrtps_cpp.so
[2.883s] -- Up-to-date symlink: /home/dahyeon/dev_ws/install/srv_alarm_interface/include/srv_alarm_interface/msg/rosidl_typesupport_introspection_c__visibility_control.h
[2.883s] -- Up-to-date symlink: /home/dahyeon/dev_ws/install/srv_alarm_interface/include/srv_alarm_interface/srv/detail/alarm_option__rosidl_typesupport_introspection_c.h
[2.883s] -- Up-to-date symlink: /home/dahyeon/dev_ws/install/srv_alarm_interface/include/srv_alarm_interface/srv/alarm_option.hpp
[2.883s] -- Up-to-date symlink: /home/dahyeon/dev_ws/install/srv_alarm_interface/include/srv_alarm_interface/srv/detail/alarm_option__builder.hpp
[2.883s] -- Up-to-date symlink: /home/dahyeon/dev_ws/install/srv_alarm_interface/include/srv_alarm_interface/srv/detail/alarm_option__struct.hpp
[2.883s] -- Up-to-date symlink: /home/dahyeon/dev_ws/install/srv_alarm_interface/include/srv_alarm_interface/srv/detail/alarm_option__traits.hpp
[2.884s] -- Up-to-date symlink: /home/dahyeon/dev_ws/install/srv_alarm_interface/include/srv_alarm_interface/srv/detail/alarm_option__rosidl_typesupport_introspection_cpp.hpp
[2.884s] -- Up-to-date symlink: /home/dahyeon/dev_ws/install/srv_alarm_interface/share/srv_alarm_interface/environment/pythonpath.sh
[2.884s] -- Up-to-date symlink: /home/dahyeon/dev_ws/install/srv_alarm_interface/share/srv_alarm_interface/environment/pythonpath.dsv
[2.884s] -- Up-to-date symlink: /home/dahyeon/dev_ws/install/srv_alarm_interface/lib/python3.8/site-packages/srv_alarm_interface/__init__.py
[2.884s] -- Up-to-date symlink: /home/dahyeon/dev_ws/install/srv_alarm_interface/lib/python3.8/site-packages/srv_alarm_interface/srv/__init__.py
[2.885s] -- Up-to-date symlink: /home/dahyeon/dev_ws/install/srv_alarm_interface/lib/python3.8/site-packages/srv_alarm_interface/srv/_alarm_option.py
[2.885s] -- Up-to-date symlink: /home/dahyeon/dev_ws/install/srv_alarm_interface/lib/python3.8/site-packages/srv_alarm_interface/srv_alarm_interface_s__rosidl_typesupport_fastrtps_c.cpython-38-x86_64-linux-gnu.so
[2.885s] -- Up-to-date symlink: /home/dahyeon/dev_ws/install/srv_alarm_interface/lib/python3.8/site-packages/srv_alarm_interface/srv_alarm_interface_s__rosidl_typesupport_introspection_c.cpython-38-x86_64-linux-gnu.so
[2.885s] -- Up-to-date symlink: /home/dahyeon/dev_ws/install/srv_alarm_interface/lib/python3.8/site-packages/srv_alarm_interface/srv_alarm_interface_s__rosidl_typesupport_c.cpython-38-x86_64-linux-gnu.so
[2.886s] -- Up-to-date symlink: /home/dahyeon/dev_ws/install/srv_alarm_interface/lib/libsrv_alarm_interface__python.so
[2.886s] -- Up-to-date symlink: /home/dahyeon/dev_ws/install/srv_alarm_interface/share/srv_alarm_interface/srv/AlarmOption.idl
[2.886s] -- Up-to-date symlink: /home/dahyeon/dev_ws/install/srv_alarm_interface/share/srv_alarm_interface/srv/AlarmOption.srv
[2.886s] -- Up-to-date symlink: /home/dahyeon/dev_ws/install/srv_alarm_interface/share/srv_alarm_interface/srv/AlarmOption_Request.msg
[2.886s] -- Up-to-date symlink: /home/dahyeon/dev_ws/install/srv_alarm_interface/share/srv_alarm_interface/srv/AlarmOption_Response.msg
[2.886s] -- Up-to-date symlink: /home/dahyeon/dev_ws/install/srv_alarm_interface/share/ament_index/resource_index/package_run_dependencies/srv_alarm_interface
[2.887s] -- Up-to-date symlink: /home/dahyeon/dev_ws/install/srv_alarm_interface/share/ament_index/resource_index/parent_prefix_path/srv_alarm_interface
[2.887s] -- Up-to-date symlink: /home/dahyeon/dev_ws/install/srv_alarm_interface/share/srv_alarm_interface/environment/ament_prefix_path.sh
[2.887s] -- Up-to-date symlink: /home/dahyeon/dev_ws/install/srv_alarm_interface/share/srv_alarm_interface/environment/ament_prefix_path.dsv
[2.887s] -- Up-to-date symlink: /home/dahyeon/dev_ws/install/srv_alarm_interface/share/srv_alarm_interface/environment/path.sh
[2.887s] -- Up-to-date symlink: /home/dahyeon/dev_ws/install/srv_alarm_interface/share/srv_alarm_interface/environment/path.dsv
[2.887s] -- Up-to-date symlink: /home/dahyeon/dev_ws/install/srv_alarm_interface/share/srv_alarm_interface/local_setup.bash
[2.888s] -- Up-to-date symlink: /home/dahyeon/dev_ws/install/srv_alarm_interface/share/srv_alarm_interface/local_setup.sh
[2.888s] -- Up-to-date symlink: /home/dahyeon/dev_ws/install/srv_alarm_interface/share/srv_alarm_interface/local_setup.zsh
[2.888s] -- Up-to-date symlink: /home/dahyeon/dev_ws/install/srv_alarm_interface/share/srv_alarm_interface/local_setup.dsv
[2.888s] -- Symlinking: /home/dahyeon/dev_ws/install/srv_alarm_interface/share/srv_alarm_interface/package.dsv
[2.894s] -- Up-to-date symlink: /home/dahyeon/dev_ws/install/srv_alarm_interface/share/ament_index/resource_index/packages/srv_alarm_interface
[2.894s] -- Up-to-date symlink: /home/dahyeon/dev_ws/install/srv_alarm_interface/share/srv_alarm_interface/cmake/rosidl_cmake-extras.cmake
[2.894s] -- Up-to-date symlink: /home/dahyeon/dev_ws/install/srv_alarm_interface/share/srv_alarm_interface/cmake/ament_cmake_export_dependencies-extras.cmake
[2.894s] -- Up-to-date symlink: /home/dahyeon/dev_ws/install/srv_alarm_interface/share/srv_alarm_interface/cmake/ament_cmake_export_libraries-extras.cmake
[2.895s] -- Up-to-date symlink: /home/dahyeon/dev_ws/install/srv_alarm_interface/share/srv_alarm_interface/cmake/ament_cmake_export_targets-extras.cmake
[2.895s] -- Up-to-date symlink: /home/dahyeon/dev_ws/install/srv_alarm_interface/share/srv_alarm_interface/cmake/ament_cmake_export_include_directories-extras.cmake
[2.895s] -- Up-to-date symlink: /home/dahyeon/dev_ws/install/srv_alarm_interface/share/srv_alarm_interface/cmake/rosidl_cmake_export_typesupport_libraries-extras.cmake
[2.895s] -- Up-to-date symlink: /home/dahyeon/dev_ws/install/srv_alarm_interface/share/srv_alarm_interface/cmake/rosidl_cmake_export_typesupport_targets-extras.cmake
[2.895s] -- Up-to-date symlink: /home/dahyeon/dev_ws/install/srv_alarm_interface/share/srv_alarm_interface/cmake/srv_alarm_interfaceConfig.cmake
[2.896s] -- Up-to-date symlink: /home/dahyeon/dev_ws/install/srv_alarm_interface/share/srv_alarm_interface/cmake/srv_alarm_interfaceConfig-version.cmake
[2.896s] -- Up-to-date symlink: /home/dahyeon/dev_ws/install/srv_alarm_interface/share/srv_alarm_interface/package.xml
[2.899s] -- Installing: /home/dahyeon/dev_ws/install/srv_alarm_interface/lib/libsrv_alarm_interface__rosidl_generator_c.so
[2.899s] -- Set runtime path of "/home/dahyeon/dev_ws/install/srv_alarm_interface/lib/libsrv_alarm_interface__rosidl_generator_c.so" to ""
[2.900s] -- Installing: /home/dahyeon/dev_ws/install/srv_alarm_interface/lib/libsrv_alarm_interface__rosidl_typesupport_introspection_c.so
[2.900s] -- Set runtime path of "/home/dahyeon/dev_ws/install/srv_alarm_interface/lib/libsrv_alarm_interface__rosidl_typesupport_introspection_c.so" to ""
[2.900s] -- Installing: /home/dahyeon/dev_ws/install/srv_alarm_interface/lib/libsrv_alarm_interface__rosidl_typesupport_c.so
[2.900s] -- Set runtime path of "/home/dahyeon/dev_ws/install/srv_alarm_interface/lib/libsrv_alarm_interface__rosidl_typesupport_c.so" to ""
[2.901s] -- Installing: /home/dahyeon/dev_ws/install/srv_alarm_interface/lib/libsrv_alarm_interface__rosidl_typesupport_introspection_cpp.so
[2.901s] -- Set runtime path of "/home/dahyeon/dev_ws/install/srv_alarm_interface/lib/libsrv_alarm_interface__rosidl_typesupport_introspection_cpp.so" to ""
[2.901s] -- Installing: /home/dahyeon/dev_ws/install/srv_alarm_interface/lib/libsrv_alarm_interface__rosidl_typesupport_cpp.so
[2.901s] -- Set runtime path of "/home/dahyeon/dev_ws/install/srv_alarm_interface/lib/libsrv_alarm_interface__rosidl_typesupport_cpp.so" to ""
[2.929s] Compiling '/home/dahyeon/dev_ws/install/srv_alarm_interface/lib/python3.8/site-packages/srv_alarm_interface/__init__.py'...
[2.932s] -- Up-to-date: /home/dahyeon/dev_ws/install/srv_alarm_interface/share/srv_alarm_interface/cmake/srv_alarm_interface__rosidl_generator_cExport.cmake
[2.932s] -- Installing: /home/dahyeon/dev_ws/install/srv_alarm_interface/share/srv_alarm_interface/cmake/srv_alarm_interface__rosidl_generator_cExport-noconfig.cmake
[2.932s] -- Up-to-date: /home/dahyeon/dev_ws/install/srv_alarm_interface/share/srv_alarm_interface/cmake/srv_alarm_interface__rosidl_typesupport_introspection_cExport.cmake
[2.932s] -- Installing: /home/dahyeon/dev_ws/install/srv_alarm_interface/share/srv_alarm_interface/cmake/srv_alarm_interface__rosidl_typesupport_introspection_cExport-noconfig.cmake
[2.932s] -- Up-to-date: /home/dahyeon/dev_ws/install/srv_alarm_interface/share/srv_alarm_interface/cmake/srv_alarm_interface__rosidl_typesupport_cExport.cmake
[2.933s] -- Installing: /home/dahyeon/dev_ws/install/srv_alarm_interface/share/srv_alarm_interface/cmake/srv_alarm_interface__rosidl_typesupport_cExport-noconfig.cmake
[2.933s] -- Up-to-date: /home/dahyeon/dev_ws/install/srv_alarm_interface/share/srv_alarm_interface/cmake/srv_alarm_interface__rosidl_generator_cppExport.cmake
[2.933s] -- Up-to-date: /home/dahyeon/dev_ws/install/srv_alarm_interface/share/srv_alarm_interface/cmake/srv_alarm_interface__rosidl_typesupport_introspection_cppExport.cmake
[2.933s] -- Installing: /home/dahyeon/dev_ws/install/srv_alarm_interface/share/srv_alarm_interface/cmake/srv_alarm_interface__rosidl_typesupport_introspection_cppExport-noconfig.cmake
[2.933s] -- Up-to-date: /home/dahyeon/dev_ws/install/srv_alarm_interface/share/srv_alarm_interface/cmake/srv_alarm_interface__rosidl_typesupport_cppExport.cmake
[2.933s] -- Installing: /home/dahyeon/dev_ws/install/srv_alarm_interface/share/srv_alarm_interface/cmake/srv_alarm_interface__rosidl_typesupport_cppExport-noconfig.cmake
[2.935s] Invoked command in '/home/dahyeon/dev_ws/build/srv_alarm_interface' returned '0': CMAKE_PREFIX_PATH=${CMAKE_PREFIX_PATH}:/home/dahyeon/dev_ws/install/topic_service_action_rclpy_example:/home/dahyeon/dev_ws/install/time_rclpy_example:/home/dahyeon/dev_ws/install/tf2_rclpy_example:/home/dahyeon/dev_ws/install/ros2env:/home/dahyeon/dev_ws/install/my_first_ros_rclpy_pkg:/home/dahyeon/dev_ws/install/logging_rclpy_example:/opt/ros/foxy /usr/bin/cmake --install /home/dahyeon/dev_ws/build/srv_alarm_interface
