[0.010s] Invoking command in '/home/dahyeon/dev_ws/build/cpp_pubsub': CMAKE_PREFIX_PATH=${CMAKE_PREFIX_PATH}:/opt/ros/foxy /usr/bin/cmake /home/dahyeon/dev_ws/src/cpp_pubsub -DCMAKE_INSTALL_PREFIX=/home/dahyeon/dev_ws/install/cpp_pubsub
[0.019s] -- Found ament_cmake: 0.9.9 (/opt/ros/foxy/share/ament_cmake/cmake)
[0.034s] -- Using PYTHON_EXECUTABLE: /usr/bin/python3
[0.163s] -- Found rclcpp: 2.4.1 (/opt/ros/foxy/share/rclcpp/cmake)
[0.185s] -- Using all available rosidl_typesupport_c: rosidl_typesupport_fastrtps_c;rosidl_typesupport_introspection_c
[0.188s] -- Found rosidl_adapter: 1.2.1 (/opt/ros/foxy/share/rosidl_adapter/cmake)
[0.268s] -- Using all available rosidl_typesupport_cpp: rosidl_typesupport_fastrtps_cpp;rosidl_typesupport_introspection_cpp
[0.304s] -- Found rmw_implementation_cmake: 1.0.3 (/opt/ros/foxy/share/rmw_implementation_cmake/cmake)
[0.305s] -- Using RMW implementation 'rmw_fastrtps_cpp' as default
[0.453s] -- Configuring done
[0.453s] CMake Error at CMakeLists.txt:20 (add_executable):
[0.454s]   Cannot find source file:
[0.454s] 
[0.454s]     src/subcriber_member_function.cpp
[0.454s] 
[0.454s]   Tried extensions .c .C .c++ .cc .cpp .cxx .cu .m .M .mm .h .hh .h++ .hm
[0.454s]   .hpp .hxx .in .txx
[0.454s] 
[0.454s] 
[0.454s] CMake Error at CMakeLists.txt:20 (add_executable):
[0.454s]   No SOURCES given to target: listener
[0.454s] 
[0.454s] 
[0.454s] CMake Generate step failed.  Build files cannot be regenerated correctly.
[0.458s] Invoked command in '/home/dahyeon/dev_ws/build/cpp_pubsub' returned '1': CMAKE_PREFIX_PATH=${CMAKE_PREFIX_PATH}:/opt/ros/foxy /usr/bin/cmake /home/dahyeon/dev_ws/src/cpp_pubsub -DCMAKE_INSTALL_PREFIX=/home/dahyeon/dev_ws/install/cpp_pubsub
