[0.017s] Invoking command in '/home/dahyeon/dev_ws/build/uni': CMAKE_PREFIX_PATH=${CMAKE_PREFIX_PATH}:/home/dahyeon/dev_ws/install/topic_service_action_rclpy_example:/home/dahyeon/dev_ws/install/time_rclpy_example:/home/dahyeon/dev_ws/install/tf2_rclpy_example:/home/dahyeon/dev_ws/install/ros2env:/home/dahyeon/dev_ws/install/my_first_ros_rclpy_pkg:/home/dahyeon/dev_ws/install/logging_rclpy_example:/opt/ros/foxy /usr/bin/cmake --build /home/dahyeon/dev_ws/build/uni -- -j12 -l12
[0.099s] -- Found ament_cmake: 0.9.9 (/opt/ros/foxy/share/ament_cmake/cmake)
[0.143s] -- Using PYTHON_EXECUTABLE: /usr/bin/python3
[0.381s] -- Override CMake install command with custom implementation using symlinks instead of copying resources
[0.402s] -- Found rclcpp: 2.4.1 (/opt/ros/foxy/share/rclcpp/cmake)
[0.463s] -- Using all available rosidl_typesupport_c: rosidl_typesupport_fastrtps_c;rosidl_typesupport_introspection_c
[0.468s] -- Found rosidl_adapter: 1.2.1 (/opt/ros/foxy/share/rosidl_adapter/cmake)
[0.598s] -- Using all available rosidl_typesupport_cpp: rosidl_typesupport_fastrtps_cpp;rosidl_typesupport_introspection_cpp
[0.671s] -- Found rmw_implementation_cmake: 1.0.3 (/opt/ros/foxy/share/rmw_implementation_cmake/cmake)
[0.674s] -- Using RMW implementation 'rmw_fastrtps_cpp' as default
[0.852s] -- Found srv_alarm_interface: 0.6.0 (/home/dahyeon/dev_ws/install/srv_alarm_interface/share/srv_alarm_interface/cmake)
[0.871s] -- Found ament_lint_auto: 0.9.6 (/opt/ros/foxy/share/ament_lint_auto/cmake)
[0.959s] -- Added test 'copyright' to check source files copyright and LICENSE
[0.960s] -- Added test 'cppcheck' to perform static code analysis on C / C++ code
[0.960s] -- Configured cppcheck include dirs: 
[0.960s] -- Configured cppcheck exclude dirs and/or files: 
[0.961s] -- Added test 'cpplint' to check C / C++ code against the Google style
[0.961s] -- Configured cpplint exclude dirs and/or files: 
[0.962s] -- Added test 'lint_cmake' to check CMake code style
[0.963s] -- Added test 'uncrustify' to check C / C++ code style
[0.963s] -- Configured uncrustify additional arguments: 
[0.964s] -- Added test 'xmllint' to check XML markup files
[0.967s] -- Configuring done
[0.970s] -- Generating done
[0.972s] -- Build files have been written to: /home/dahyeon/dev_ws/build/uni
[0.990s] Invoked command in '/home/dahyeon/dev_ws/build/uni' returned '0': CMAKE_PREFIX_PATH=${CMAKE_PREFIX_PATH}:/home/dahyeon/dev_ws/install/topic_service_action_rclpy_example:/home/dahyeon/dev_ws/install/time_rclpy_example:/home/dahyeon/dev_ws/install/tf2_rclpy_example:/home/dahyeon/dev_ws/install/ros2env:/home/dahyeon/dev_ws/install/my_first_ros_rclpy_pkg:/home/dahyeon/dev_ws/install/logging_rclpy_example:/opt/ros/foxy /usr/bin/cmake --build /home/dahyeon/dev_ws/build/uni -- -j12 -l12
[1.023s] Invoking command in '/home/dahyeon/dev_ws/build/uni': CMAKE_PREFIX_PATH=${CMAKE_PREFIX_PATH}:/home/dahyeon/dev_ws/install/topic_service_action_rclpy_example:/home/dahyeon/dev_ws/install/time_rclpy_example:/home/dahyeon/dev_ws/install/tf2_rclpy_example:/home/dahyeon/dev_ws/install/ros2env:/home/dahyeon/dev_ws/install/my_first_ros_rclpy_pkg:/home/dahyeon/dev_ws/install/logging_rclpy_example:/opt/ros/foxy /usr/bin/cmake --install /home/dahyeon/dev_ws/build/uni
[1.033s] -- Install configuration: ""
[1.033s] -- Execute custom install script
[1.034s] -- Up-to-date symlink: /home/dahyeon/dev_ws/install/uni/share/ament_index/resource_index/package_run_dependencies/uni
[1.034s] -- Up-to-date symlink: /home/dahyeon/dev_ws/install/uni/share/ament_index/resource_index/parent_prefix_path/uni
[1.034s] -- Up-to-date symlink: /home/dahyeon/dev_ws/install/uni/share/uni/environment/ament_prefix_path.sh
[1.035s] -- Up-to-date symlink: /home/dahyeon/dev_ws/install/uni/share/uni/environment/ament_prefix_path.dsv
[1.035s] -- Up-to-date symlink: /home/dahyeon/dev_ws/install/uni/share/uni/environment/path.sh
[1.035s] -- Up-to-date symlink: /home/dahyeon/dev_ws/install/uni/share/uni/environment/path.dsv
[1.035s] -- Up-to-date symlink: /home/dahyeon/dev_ws/install/uni/share/uni/local_setup.bash
[1.036s] -- Up-to-date symlink: /home/dahyeon/dev_ws/install/uni/share/uni/local_setup.sh
[1.036s] -- Up-to-date symlink: /home/dahyeon/dev_ws/install/uni/share/uni/local_setup.zsh
[1.036s] -- Up-to-date symlink: /home/dahyeon/dev_ws/install/uni/share/uni/local_setup.dsv
[1.036s] -- Symlinking: /home/dahyeon/dev_ws/install/uni/share/uni/package.dsv
[1.044s] -- Up-to-date symlink: /home/dahyeon/dev_ws/install/uni/share/ament_index/resource_index/packages/uni
[1.045s] -- Up-to-date symlink: /home/dahyeon/dev_ws/install/uni/share/uni/cmake/uniConfig.cmake
[1.045s] -- Up-to-date symlink: /home/dahyeon/dev_ws/install/uni/share/uni/cmake/uniConfig-version.cmake
[1.045s] -- Up-to-date symlink: /home/dahyeon/dev_ws/install/uni/share/uni/package.xml
[1.047s] Invoked command in '/home/dahyeon/dev_ws/build/uni' returned '0': CMAKE_PREFIX_PATH=${CMAKE_PREFIX_PATH}:/home/dahyeon/dev_ws/install/topic_service_action_rclpy_example:/home/dahyeon/dev_ws/install/time_rclpy_example:/home/dahyeon/dev_ws/install/tf2_rclpy_example:/home/dahyeon/dev_ws/install/ros2env:/home/dahyeon/dev_ws/install/my_first_ros_rclpy_pkg:/home/dahyeon/dev_ws/install/logging_rclpy_example:/opt/ros/foxy /usr/bin/cmake --install /home/dahyeon/dev_ws/build/uni
