In file included from [01m[K/home/dahyeon/dev_ws/src/uni_time/time_calculate/src/homeTCP.cpp:9[m[K:
[01m[K/home/dahyeon/dev_ws/src/uni_time/time_calculate/include/shm_mutex.h:[m[K In function ‘[01m[Kint __init_shared_memory_master(char*, shm_struct_t*&, pthread_mutexattr_t&)[m[K’:
[01m[K/home/dahyeon/dev_ws/src/uni_time/time_calculate/include/shm_mutex.h:92:28:[m[K [01;35m[Kwarning: [m[K‘[01m[Kvoid* memset(void*, int, size_t)[m[K’ clearing an object of type ‘[01m[Kshm_struct_t[m[K’ {aka ‘[01m[Kstruct shm_struct[m[K’} with no trivial copy-assignment; use assignment or value-initialization instead [[01;35m[K-Wclass-memaccess[m[K]
   92 |     memset(shm, 0, shm_size[01;35m[K)[m[K;
      |                            [01;35m[K^[m[K
[01m[K/home/dahyeon/dev_ws/src/uni_time/time_calculate/include/shm_mutex.h:23:16:[m[K [01;36m[Knote: [m[K‘[01m[Kshm_struct_t[m[K’ {aka ‘[01m[Kstruct shm_struct[m[K’} declared here
   23 | typedef struct [01;36m[Kshm_struct[m[K{
      |                [01;36m[K^~~~~~~~~~[m[K
[01m[K/home/dahyeon/dev_ws/src/uni_time/time_calculate/src/homeTCP.cpp:[m[K In function ‘[01m[Kint main()[m[K’:
[01m[K/home/dahyeon/dev_ws/src/uni_time/time_calculate/src/homeTCP.cpp:109:38:[m[K [01;35m[Kwarning: [m[KISO C++ forbids converting a string constant to ‘[01m[Kchar*[m[K’ [[01;35m[K-Wwrite-strings[m[K]
  109 |     ret = __init_shared_memory_slave([01;35m[K"shm_mem_test"[m[K, shm);
      |                                      [01;35m[K^~~~~~~~~~~~~~[m[K
In file included from [01m[K/home/dahyeon/dev_ws/src/uni_time/time_calculate/src/homeTCP.cpp:9[m[K:
[01m[K/home/dahyeon/dev_ws/src/uni_time/time_calculate/include/shm_mutex.h:[m[K At global scope:
[01m[K/home/dahyeon/dev_ws/src/uni_time/time_calculate/include/shm_mutex.h:104:12:[m[K [01;35m[Kwarning: [m[K‘[01m[Kint __destory_shared_memory_master(shm_struct_t*&, pthread_mutexattr_t&)[m[K’ defined but not used [[01;35m[K-Wunused-function[m[K]
  104 | static int [01;35m[K__destory_shared_memory_master[m[K(shm_struct_t* &shm, pthread_mutexattr_t &mtx_attr)
      |            [01;35m[K^~~~~~~~~~~~~~~~~~~~~~~~~~~~~~[m[K
[01m[K/home/dahyeon/dev_ws/src/uni_time/time_calculate/include/shm_mutex.h:70:12:[m[K [01;35m[Kwarning: [m[K‘[01m[Kint __init_shared_memory_master(char*, shm_struct_t*&, pthread_mutexattr_t&)[m[K’ defined but not used [[01;35m[K-Wunused-function[m[K]
   70 | static int [01;35m[K__init_shared_memory_master[m[K(char* name, shm_struct_t* &shm, pthread_mutexattr_t &mtx_attr)
      |            [01;35m[K^~~~~~~~~~~~~~~~~~~~~~~~~~~[m[K
/usr/bin/ld: CMakeFiles/get_gps.dir/src/homeTCP.cpp.o: in function `__init_shared_memory_master(char*, shm_struct*&, pthread_mutexattr_t&)':
homeTCP.cpp:(.text+0x2b): undefined reference to `shm_open'
/usr/bin/ld: CMakeFiles/get_gps.dir/src/homeTCP.cpp.o: in function `__init_shared_memory_slave(char*, shm_struct*&)':
homeTCP.cpp:(.text+0x27f): undefined reference to `shm_open'
collect2: error: ld returned 1 exit status
make[2]: *** [CMakeFiles/get_gps.dir/build.make:84: get_gps] Error 1
make[1]: *** [CMakeFiles/Makefile2:82: CMakeFiles/get_gps.dir/all] Error 2
make: *** [Makefile:141: all] Error 2
