[35m[1mScanning dependencies of target time_calculate_node[0m
[ 40%] Built target create_tcp
[ 60%] [32mBuilding CXX object CMakeFiles/time_calculate_node.dir/src/time_calculate_node.cpp.o[0m
In file included from [01m[K/home/dahyeon/dev_ws/src/uni_time/time_calculate/src/time_calculate_node.cpp:2[m[K:
[01m[K/home/dahyeon/dev_ws/src/uni_time/time_calculate/include/shm_mutex.h:[m[K In function ‘[01m[Kint __init_shared_memory_master(char*, shm_struct_t*&, pthread_mutexattr_t&)[m[K’:
[01m[K/home/dahyeon/dev_ws/src/uni_time/time_calculate/include/shm_mutex.h:92:28:[m[K [01;35m[Kwarning: [m[K‘[01m[Kvoid* memset(void*, int, size_t)[m[K’ clearing an object of type ‘[01m[Kshm_struct_t[m[K’ {aka ‘[01m[Kstruct shm_struct[m[K’} with no trivial copy-assignment; use assignment or value-initialization instead [[01;35m[K-Wclass-memaccess[m[K]
   92 | , shm_size[01;35m[K)[m[K;
      |           [01;35m[K^[m[K

[01m[K/home/dahyeon/dev_ws/src/uni_time/time_calculate/include/shm_mutex.h:23:16:[m[K [01;36m[Knote: [m[K‘[01m[Kshm_struct_t[m[K’ {aka ‘[01m[Kstruct shm_struct[m[K’} declared here
   23 | typedef struct [01;36m[Kshm_struct[m[K{
      |                [01;36m[K^~~~~~~~~~[m[K
[01m[K/home/dahyeon/dev_ws/src/uni_time/time_calculate/src/time_calculate_node.cpp:[m[K In member function ‘[01m[Kvoid TimeCalculateNode::send_request()[m[K’:
[01m[K/home/dahyeon/dev_ws/src/uni_time/time_calculate/src/time_calculate_node.cpp:82:40:[m[K [01;31m[Kerror: [m[Kno match for ‘[01m[Koperator<<[m[K’ (operand types are ‘[01m[Krclcpp::Logger[m[K’ and ‘[01m[Kconst char [24][m[K’)
   82 | [32m[K_logger()[m[K [01;31m[K<<[m[K [34m[K"calculated wake time : "[m[K << alarm_time_);
      | [32m[K~~~~~~~~~[m[K [01;31m[K^~[m[K [34m[K~~~~~~~~~~~~~~~~~~~~~~~~~[m[K
      |        [32m[K|[m[K     [34m[K|[m[K
      |        [32m[K|[m[K     [34m[Kconst char [24][m[K
      |        [32m[Krclcpp::Logger[m[K

In file included from [01m[K/usr/include/c++/9/string:55[m[K,
                 from [01m[K/usr/include/c++/9/stdexcept:39[m[K,
                 from [01m[K/usr/include/c++/9/array:39[m[K,
                 from [01m[K/usr/include/c++/9/tuple:39[m[K,
                 from [01m[K/usr/include/c++/9/bits/unique_ptr.h:37[m[K,
                 from [01m[K/usr/include/c++/9/memory:80[m[K,
                 from [01m[K/opt/ros/foxy/include/rclcpp/rclcpp.hpp:144[m[K,
                 from [01m[K/home/dahyeon/dev_ws/src/uni_time/time_calculate/include/time_calculate/time_calculate_node.hpp:1[m[K,
                 from [01m[K/home/dahyeon/dev_ws/src/uni_time/time_calculate/src/time_calculate_node.cpp:1[m[K:
[01m[K/usr/include/c++/9/bits/basic_string.h:6419:5:[m[K [01;36m[Knote: [m[Kcandidate: ‘[01m[Ktemplate<class _CharT, class _Traits, class _Alloc> std::basic_ostream<_CharT, _Traits>& std::operator<<(std::basic_ostream<_CharT, _Traits>&, const std::__cxx11::basic_string<_CharT, _Traits, _Alloc>&)[m[K’
 6419 |     [01;36m[Koperator[m[K<<(basic_ostream<_CharT, _Traits>& __os,
      |     [01;36m[K^~~~~~~~[m[K
[01m[K/usr/include/c++/9/bits/basic_string.h:6419:5:[m[K [01;36m[Knote: [m[K  template argument deduction/substitution failed:
[01m[K/home/dahyeon/dev_ws/src/uni_time/time_calculate/src/time_calculate_node.cpp:82:43:[m[K [01;36m[Knote: [m[K  ‘[01m[Krclcpp::Logger[m[K’ is not derived from ‘[01m[Kstd::basic_ostream<_CharT, _Traits>[m[K’
   82 | gger() << [01;36m[K"calculated wake time : "[m[K << alarm_time_);
      |           [01;36m[K^~~~~~~~~~~~~~~~~~~~~~~~~[m[K

In file included from [01m[K/usr/include/c++/9/memory:81[m[K,
                 from [01m[K/opt/ros/foxy/include/rclcpp/rclcpp.hpp:144[m[K,
                 from [01m[K/home/dahyeon/dev_ws/src/uni_time/time_calculate/include/time_calculate/time_calculate_node.hpp:1[m[K,
                 from [01m[K/home/dahyeon/dev_ws/src/uni_time/time_calculate/src/time_calculate_node.cpp:1[m[K:
[01m[K/usr/include/c++/9/bits/shared_ptr.h:66:5:[m[K [01;36m[Knote: [m[Kcandidate: ‘[01m[Ktemplate<class _Ch, class _Tr, class _Tp, __gnu_cxx::_Lock_policy _Lp> std::basic_ostream<_CharT, _Traits>& std::operator<<(std::basic_ostream<_CharT, _Traits>&, const std::__shared_ptr<_Tp, _Lp>&)[m[K’
   66 |     [01;36m[Koperator[m[K<<(std::basic_ostream<_Ch, _Tr>& __os,
      |     [01;36m[K^~~~~~~~[m[K
[01m[K/usr/include/c++/9/bits/shared_ptr.h:66:5:[m[K [01;36m[Knote: [m[K  template argument deduction/substitution failed:
[01m[K/home/dahyeon/dev_ws/src/uni_time/time_calculate/src/time_calculate_node.cpp:82:43:[m[K [01;36m[Knote: [m[K  ‘[01m[Krclcpp::Logger[m[K’ is not derived from ‘[01m[Kstd::basic_ostream<_CharT, _Traits>[m[K’
   82 | gger() << [01;36m[K"calculated wake time : "[m[K << alarm_time_);
      |           [01;36m[K^~~~~~~~~~~~~~~~~~~~~~~~~[m[K

In file included from [01m[K/usr/include/c++/9/mutex:42[m[K,
                 from [01m[K/usr/include/c++/9/future:38[m[K,
                 from [01m[K/opt/ros/foxy/include/rclcpp/executors.hpp:18[m[K,
                 from [01m[K/opt/ros/foxy/include/rclcpp/rclcpp.hpp:146[m[K,
                 from [01m[K/home/dahyeon/dev_ws/src/uni_time/time_calculate/include/time_calculate/time_calculate_node.hpp:1[m[K,
                 from [01m[K/home/dahyeon/dev_ws/src/uni_time/time_calculate/src/time_calculate_node.cpp:1[m[K:
[01m[K/usr/include/c++/9/system_error:217:5:[m[K [01;36m[Knote: [m[Kcandidate: ‘[01m[Ktemplate<class _CharT, class _Traits> std::basic_ostream<_CharT, _Traits>& std::operator<<(std::basic_ostream<_CharT, _Traits>&, const std::error_code&)[m[K’
  217 |     [01;36m[Koperator[m[K<<(basic_ostream<_CharT, _Traits>& __os, const error_code& __e)
      |     [01;36m[K^~~~~~~~[m[K
[01m[K/usr/include/c++/9/system_error:217:5:[m[K [01;36m[Knote: [m[K  template argument deduction/substitution failed:
[01m[K/home/dahyeon/dev_ws/src/uni_time/time_calculate/src/time_calculate_node.cpp:82:43:[m[K [01;36m[Knote: [m[K  ‘[01m[Krclcpp::Logger[m[K’ is not derived from ‘[01m[Kstd::basic_ostream<_CharT, _Traits>[m[K’
   82 | gger() << [01;36m[K"calculated wake time : "[m[K << alarm_time_);
      |           [01;36m[K^~~~~~~~~~~~~~~~~~~~~~~~~[m[K

In file included from [01m[K/usr/include/c++/9/future:39[m[K,
                 from [01m[K/opt/ros/foxy/include/rclcpp/executors.hpp:18[m[K,
                 from [01m[K/opt/ros/foxy/include/rclcpp/rclcpp.hpp:146[m[K,
                 from [01m[K/home/dahyeon/dev_ws/src/uni_time/time_calculate/include/time_calculate/time_calculate_node.hpp:1[m[K,
                 from [01m[K/home/dahyeon/dev_ws/src/uni_time/time_calculate/src/time_calculate_node.cpp:1[m[K:
[01m[K/usr/include/c++/9/thread:322:5:[m[K [01;36m[Knote: [m[Kcandidate: ‘[01m[Ktemplate<class _CharT, class _Traits> std::basic_ostream<_CharT, _Traits>& std::operator<<(std::basic_ostream<_CharT, _Traits>&, std::thread::id)[m[K’
  322 |     [01;36m[Koperator[m[K<<(basic_ostream<_CharT, _Traits>& __out, thread::id __id)
      |     [01;36m[K^~~~~~~~[m[K
[01m[K/usr/include/c++/9/thread:322:5:[m[K [01;36m[Knote: [m[K  template argument deduction/substitution failed:
[01m[K/home/dahyeon/dev_ws/src/uni_time/time_calculate/src/time_calculate_node.cpp:82:43:[m[K [01;36m[Knote: [m[K  ‘[01m[Krclcpp::Logger[m[K’ is not derived from ‘[01m[Kstd::basic_ostream<_CharT, _Traits>[m[K’
   82 | gger() << [01;36m[K"calculated wake time : "[m[K << alarm_time_);
      |           [01;36m[K^~~~~~~~~~~~~~~~~~~~~~~~~[m[K

In file included from [01m[K/usr/include/c++/9/iostream:39[m[K,
                 from [01m[K/opt/ros/foxy/include/rclcpp/executor.hpp:22[m[K,
                 from [01m[K/opt/ros/foxy/include/rclcpp/executors/multi_threaded_executor.hpp:26[m[K,
                 from [01m[K/opt/ros/foxy/include/rclcpp/executors.hpp:21[m[K,
                 from [01m[K/opt/ros/foxy/include/rclcpp/rclcpp.hpp:146[m[K,
                 from [01m[K/home/dahyeon/dev_ws/src/uni_time/time_calculate/include/time_calculate/time_calculate_node.hpp:1[m[K,
                 from [01m[K/home/dahyeon/dev_ws/src/uni_time/time_calculate/src/time_calculate_node.cpp:1[m[K:
[01m[K/usr/include/c++/9/ostream:506:5:[m[K [01;36m[Knote: [m[Kcandidate: ‘[01m[Ktemplate<class _CharT, class _Traits> std::basic_ostream<_CharT, _Traits>& std::operator<<(std::basic_ostream<_CharT, _Traits>&, _CharT)[m[K’
  506 |     [01;36m[Koperator[m[K<<(basic_ostream<_CharT, _Traits>& __out, _CharT __c)
      |     [01;36m[K^~~~~~~~[m[K
[01m[K/usr/include/c++/9/ostream:506:5:[m[K [01;36m[Knote: [m[K  template argument deduction/substitution failed:
[01m[K/home/dahyeon/dev_ws/src/uni_time/time_calculate/src/time_calculate_node.cpp:82:43:[m[K [01;36m[Knote: [m[K  ‘[01m[Krclcpp::Logger[m[K’ is not derived from ‘[01m[Kstd::basic_ostream<_CharT, _Traits>[m[K’
   82 | gger() << [01;36m[K"calculated wake time : "[m[K << alarm_time_);
      |           [01;36m[K^~~~~~~~~~~~~~~~~~~~~~~~~[m[K

In file included from [01m[K/usr/include/c++/9/iostream:39[m[K,
                 from [01m[K/opt/ros/foxy/include/rclcpp/executor.hpp:22[m[K,
                 from [01m[K/opt/ros/foxy/include/rclcpp/executors/multi_threaded_executor.hpp:26[m[K,
                 from [01m[K/opt/ros/foxy/include/rclcpp/executors.hpp:21[m[K,
                 from [01m[K/opt/ros/foxy/include/rclcpp/rclcpp.hpp:146[m[K,
                 from [01m[K/home/dahyeon/dev_ws/src/uni_time/time_calculate/include/time_calculate/time_calculate_node.hpp:1[m[K,
                 from [01m[K/home/dahyeon/dev_ws/src/uni_time/time_calculate/src/time_calculate_node.cpp:1[m[K:
[01m[K/usr/include/c++/9/ostream:511:5:[m[K [01;36m[Knote: [m[Kcandidate: ‘[01m[Ktemplate<class _CharT, class _Traits> std::basic_ostream<_CharT, _Traits>& std::operator<<(std::basic_ostream<_CharT, _Traits>&, char)[m[K’
  511 |     [01;36m[Koperator[m[K<<(basic_ostream<_CharT, _Traits>& __out, char __c)
      |     [01;36m[K^~~~~~~~[m[K
[01m[K/usr/include/c++/9/ostream:511:5:[m[K [01;36m[Knote: [m[K  template argument deduction/substitution failed:
[01m[K/home/dahyeon/dev_ws/src/uni_time/time_calculate/src/time_calculate_node.cpp:82:43:[m[K [01;36m[Knote: [m[K  ‘[01m[Krclcpp::Logger[m[K’ is not derived from ‘[01m[Kstd::basic_ostream<_CharT, _Traits>[m[K’
   82 | gger() << [01;36m[K"calculated wake time : "[m[K << alarm_time_);
      |           [01;36m[K^~~~~~~~~~~~~~~~~~~~~~~~~[m[K

In file included from [01m[K/usr/include/c++/9/iostream:39[m[K,
                 from [01m[K/opt/ros/foxy/include/rclcpp/executor.hpp:22[m[K,
                 from [01m[K/opt/ros/foxy/include/rclcpp/executors/multi_threaded_executor.hpp:26[m[K,
                 from [01m[K/opt/ros/foxy/include/rclcpp/executors.hpp:21[m[K,
                 from [01m[K/opt/ros/foxy/include/rclcpp/rclcpp.hpp:146[m[K,
                 from [01m[K/home/dahyeon/dev_ws/src/uni_time/time_calculate/include/time_calculate/time_calculate_node.hpp:1[m[K,
                 from [01m[K/home/dahyeon/dev_ws/src/uni_time/time_calculate/src/time_calculate_node.cpp:1[m[K:
[01m[K/usr/include/c++/9/ostream:517:5:[m[K [01;36m[Knote: [m[Kcandidate: ‘[01m[Ktemplate<class _Traits> std::basic_ostream<char, _Traits>& std::operator<<(std::basic_ostream<char, _Traits>&, char)[m[K’
  517 |     [01;36m[Koperator[m[K<<(basic_ostream<char, _Traits>& __out, char __c)
      |     [01;36m[K^~~~~~~~[m[K
[01m[K/usr/include/c++/9/ostream:517:5:[m[K [01;36m[Knote: [m[K  template argument deduction/substitution failed:
[01m[K/home/dahyeon/dev_ws/src/uni_time/time_calculate/src/time_calculate_node.cpp:82:43:[m[K [01;36m[Knote: [m[K  ‘[01m[Krclcpp::Logger[m[K’ is not derived from ‘[01m[Kstd::basic_ostream<char, _Traits>[m[K’
   82 | gger() << [01;36m[K"calculated wake time : "[m[K << alarm_time_);
      |           [01;36m[K^~~~~~~~~~~~~~~~~~~~~~~~~[m[K

In file included from [01m[K/usr/include/c++/9/iostream:39[m[K,
                 from [01m[K/opt/ros/foxy/include/rclcpp/executor.hpp:22[m[K,
                 from [01m[K/opt/ros/foxy/include/rclcpp/executors/multi_threaded_executor.hpp:26[m[K,
                 from [01m[K/opt/ros/foxy/include/rclcpp/executors.hpp:21[m[K,
                 from [01m[K/opt/ros/foxy/include/rclcpp/rclcpp.hpp:146[m[K,
                 from [01m[K/home/dahyeon/dev_ws/src/uni_time/time_calculate/include/time_calculate/time_calculate_node.hpp:1[m[K,
                 from [01m[K/home/dahyeon/dev_ws/src/uni_time/time_calculate/src/time_calculate_node.cpp:1[m[K:
[01m[K/usr/include/c++/9/ostream:523:5:[m[K [01;36m[Knote: [m[Kcandidate: ‘[01m[Ktemplate<class _Traits> std::basic_ostream<char, _Traits>& std::operator<<(std::basic_ostream<char, _Traits>&, signed char)[m[K’
  523 |     [01;36m[Koperator[m[K<<(basic_ostream<char, _Traits>& __out, signed char __c)
      |     [01;36m[K^~~~~~~~[m[K
[01m[K/usr/include/c++/9/ostream:523:5:[m[K [01;36m[Knote: [m[K  template argument deduction/substitution failed:
[01m[K/home/dahyeon/dev_ws/src/uni_time/time_calculate/src/time_calculate_node.cpp:82:43:[m[K [01;36m[Knote: [m[K  ‘[01m[Krclcpp::Logger[m[K’ is not derived from ‘[01m[Kstd::basic_ostream<char, _Traits>[m[K’
   82 | gger() << [01;36m[K"calculated wake time : "[m[K << alarm_time_);
      |           [01;36m[K^~~~~~~~~~~~~~~~~~~~~~~~~[m[K

In file included from [01m[K/usr/include/c++/9/iostream:39[m[K,
                 from [01m[K/opt/ros/foxy/include/rclcpp/executor.hpp:22[m[K,
                 from [01m[K/opt/ros/foxy/include/rclcpp/executors/multi_threaded_executor.hpp:26[m[K,
                 from [01m[K/opt/ros/foxy/include/rclcpp/executors.hpp:21[m[K,
                 from [01m[K/opt/ros/foxy/include/rclcpp/rclcpp.hpp:146[m[K,
                 from [01m[K/home/dahyeon/dev_ws/src/uni_time/time_calculate/include/time_calculate/time_calculate_node.hpp:1[m[K,
                 from [01m[K/home/dahyeon/dev_ws/src/uni_time/time_calculate/src/time_calculate_node.cpp:1[m[K:
[01m[K/usr/include/c++/9/ostream:528:5:[m[K [01;36m[Knote: [m[Kcandidate: ‘[01m[Ktemplate<class _Traits> std::basic_ostream<char, _Traits>& std::operator<<(std::basic_ostream<char, _Traits>&, unsigned char)[m[K’
  528 |     [01;36m[Koperator[m[K<<(basic_ostream<char, _Traits>& __out, unsigned char __c)
      |     [01;36m[K^~~~~~~~[m[K
[01m[K/usr/include/c++/9/ostream:528:5:[m[K [01;36m[Knote: [m[K  template argument deduction/substitution failed:
[01m[K/home/dahyeon/dev_ws/src/uni_time/time_calculate/src/time_calculate_node.cpp:82:43:[m[K [01;36m[Knote: [m[K  ‘[01m[Krclcpp::Logger[m[K’ is not derived from ‘[01m[Kstd::basic_ostream<char, _Traits>[m[K’
   82 | gger() << [01;36m[K"calculated wake time : "[m[K << alarm_time_);
      |           [01;36m[K^~~~~~~~~~~~~~~~~~~~~~~~~[m[K

In file included from [01m[K/usr/include/c++/9/iostream:39[m[K,
                 from [01m[K/opt/ros/foxy/include/rclcpp/executor.hpp:22[m[K,
                 from [01m[K/opt/ros/foxy/include/rclcpp/executors/multi_threaded_executor.hpp:26[m[K,
                 from [01m[K/opt/ros/foxy/include/rclcpp/executors.hpp:21[m[K,
                 from [01m[K/opt/ros/foxy/include/rclcpp/rclcpp.hpp:146[m[K,
                 from [01m[K/home/dahyeon/dev_ws/src/uni_time/time_calculate/include/time_calculate/time_calculate_node.hpp:1[m[K,
                 from [01m[K/home/dahyeon/dev_ws/src/uni_time/time_calculate/src/time_calculate_node.cpp:1[m[K:
[01m[K/usr/include/c++/9/ostream:548:5:[m[K [01;36m[Knote: [m[Kcandidate: ‘[01m[Ktemplate<class _CharT, class _Traits> std::basic_ostream<_CharT, _Traits>& std::operator<<(std::basic_ostream<_CharT, _Traits>&, const _CharT*)[m[K’
  548 |     [01;36m[Koperator[m[K<<(basic_ostream<_CharT, _Traits>& __out, const _CharT* __s)
      |     [01;36m[K^~~~~~~~[m[K
[01m[K/usr/include/c++/9/ostream:548:5:[m[K [01;36m[Knote: [m[K  template argument deduction/substitution failed:
[01m[K/home/dahyeon/dev_ws/src/uni_time/time_calculate/src/time_calculate_node.cpp:82:43:[m[K [01;36m[Knote: [m[K  ‘[01m[Krclcpp::Logger[m[K’ is not derived from ‘[01m[Kstd::basic_ostream<_CharT, _Traits>[m[K’
   82 | gger() << [01;36m[K"calculated wake time : "[m[K << alarm_time_);
      |           [01;36m[K^~~~~~~~~~~~~~~~~~~~~~~~~[m[K

In file included from [01m[K/usr/include/c++/9/ostream:702[m[K,
                 from [01m[K/usr/include/c++/9/iostream:39[m[K,
                 from [01m[K/opt/ros/foxy/include/rclcpp/executor.hpp:22[m[K,
                 from [01m[K/opt/ros/foxy/include/rclcpp/executors/multi_threaded_executor.hpp:26[m[K,
                 from [01m[K/opt/ros/foxy/include/rclcpp/executors.hpp:21[m[K,
                 from [01m[K/opt/ros/foxy/include/rclcpp/rclcpp.hpp:146[m[K,
                 from [01m[K/home/dahyeon/dev_ws/src/uni_time/time_calculate/include/time_calculate/time_calculate_node.hpp:1[m[K,
                 from [01m[K/home/dahyeon/dev_ws/src/uni_time/time_calculate/src/time_calculate_node.cpp:1[m[K:
[01m[K/usr/include/c++/9/bits/ostream.tcc:321:5:[m[K [01;36m[Knote: [m[Kcandidate: ‘[01m[Ktemplate<class _CharT, class _Traits> std::basic_ostream<_CharT, _Traits>& std::operator<<(std::basic_ostream<_CharT, _Traits>&, const char*)[m[K’
  321 |     [01;36m[Koperator[m[K<<(basic_ostream<_CharT, _Traits>& __out, const char* __s)
      |     [01;36m[K^~~~~~~~[m[K
[01m[K/usr/include/c++/9/bits/ostream.tcc:321:5:[m[K [01;36m[Knote: [m[K  template argument deduction/substitution failed:
[01m[K/home/dahyeon/dev_ws/src/uni_time/time_calculate/src/time_calculate_node.cpp:82:43:[m[K [01;36m[Knote: [m[K  ‘[01m[Krclcpp::Logger[m[K’ is not derived from ‘[01m[Kstd::basic_ostream<_CharT, _Traits>[m[K’
   82 | gger() << [01;36m[K"calculated wake time : "[m[K << alarm_time_);
      |           [01;36m[K^~~~~~~~~~~~~~~~~~~~~~~~~[m[K

In file included from [01m[K/usr/include/c++/9/iostream:39[m[K,
                 from [01m[K/opt/ros/foxy/include/rclcpp/executor.hpp:22[m[K,
                 from [01m[K/opt/ros/foxy/include/rclcpp/executors/multi_threaded_executor.hpp:26[m[K,
                 from [01m[K/opt/ros/foxy/include/rclcpp/executors.hpp:21[m[K,
                 from [01m[K/opt/ros/foxy/include/rclcpp/rclcpp.hpp:146[m[K,
                 from [01m[K/home/dahyeon/dev_ws/src/uni_time/time_calculate/include/time_calculate/time_calculate_node.hpp:1[m[K,
                 from [01m[K/home/dahyeon/dev_ws/src/uni_time/time_calculate/src/time_calculate_node.cpp:1[m[K:
[01m[K/usr/include/c++/9/ostream:565:5:[m[K [01;36m[Knote: [m[Kcandidate: ‘[01m[Ktemplate<class _Traits> std::basic_ostream<char, _Traits>& std::operator<<(std::basic_ostream<char, _Traits>&, const char*)[m[K’
  565 |     [01;36m[Koperator[m[K<<(basic_ostream<char, _Traits>& __out, const char* __s)
      |     [01;36m[K^~~~~~~~[m[K
[01m[K/usr/include/c++/9/ostream:565:5:[m[K [01;36m[Knote: [m[K  template argument deduction/substitution failed:
[01m[K/home/dahyeon/dev_ws/src/uni_time/time_calculate/src/time_calculate_node.cpp:82:43:[m[K [01;36m[Knote: [m[K  ‘[01m[Krclcpp::Logger[m[K’ is not derived from ‘[01m[Kstd::basic_ostream<char, _Traits>[m[K’
   82 | gger() << [01;36m[K"calculated wake time : "[m[K << alarm_time_);
      |           [01;36m[K^~~~~~~~~~~~~~~~~~~~~~~~~[m[K

In file included from [01m[K/usr/include/c++/9/iostream:39[m[K,
                 from [01m[K/opt/ros/foxy/include/rclcpp/executor.hpp:22[m[K,
                 from [01m[K/opt/ros/foxy/include/rclcpp/executors/multi_threaded_executor.hpp:26[m[K,
                 from [01m[K/opt/ros/foxy/include/rclcpp/executors.hpp:21[m[K,
                 from [01m[K/opt/ros/foxy/include/rclcpp/rclcpp.hpp:146[m[K,
                 from [01m[K/home/dahyeon/dev_ws/src/uni_time/time_calculate/include/time_calculate/time_calculate_node.hpp:1[m[K,
                 from [01m[K/home/dahyeon/dev_ws/src/uni_time/time_calculate/src/time_calculate_node.cpp:1[m[K:
[01m[K/usr/include/c++/9/ostream:578:5:[m[K [01;36m[Knote: [m[Kcandidate: ‘[01m[Ktemplate<class _Traits> std::basic_ostream<char, _Traits>& std::operator<<(std::basic_ostream<char, _Traits>&, const signed char*)[m[K’
  578 |     [01;36m[Koperator[m[K<<(basic_ostream<char, _Traits>& __out, const signed char* __s)
      |     [01;36m[K^~~~~~~~[m[K
[01m[K/usr/include/c++/9/ostream:578:5:[m[K [01;36m[Knote: [m[K  template argument deduction/substitution failed:
[01m[K/home/dahyeon/dev_ws/src/uni_time/time_calculate/src/time_calculate_node.cpp:82:43:[m[K [01;36m[Knote: [m[K  ‘[01m[Krclcpp::Logger[m[K’ is not derived from ‘[01m[Kstd::basic_ostream<char, _Traits>[m[K’
   82 | gger() << [01;36m[K"calculated wake time : "[m[K << alarm_time_);
      |           [01;36m[K^~~~~~~~~~~~~~~~~~~~~~~~~[m[K

In file included from [01m[K/usr/include/c++/9/iostream:39[m[K,
                 from [01m[K/opt/ros/foxy/include/rclcpp/executor.hpp:22[m[K,
                 from [01m[K/opt/ros/foxy/include/rclcpp/executors/multi_threaded_executor.hpp:26[m[K,
                 from [01m[K/opt/ros/foxy/include/rclcpp/executors.hpp:21[m[K,
                 from [01m[K/opt/ros/foxy/include/rclcpp/rclcpp.hpp:146[m[K,
                 from [01m[K/home/dahyeon/dev_ws/src/uni_time/time_calculate/include/time_calculate/time_calculate_node.hpp:1[m[K,
                 from [01m[K/home/dahyeon/dev_ws/src/uni_time/time_calculate/src/time_calculate_node.cpp:1[m[K:
[01m[K/usr/include/c++/9/ostream:583:5:[m[K [01;36m[Knote: [m[Kcandidate: ‘[01m[Ktemplate<class _Traits> std::basic_ostream<char, _Traits>& std::operator<<(std::basic_ostream<char, _Traits>&, const unsigned char*)[m[K’
  583 |     [01;36m[Koperator[m[K<<(basic_ostream<char, _Traits>& __out, const unsigned char* __s)
      |     [01;36m[K^~~~~~~~[m[K
[01m[K/usr/include/c++/9/ostream:583:5:[m[K [01;36m[Knote: [m[K  template argument deduction/substitution failed:
[01m[K/home/dahyeon/dev_ws/src/uni_time/time_calculate/src/time_calculate_node.cpp:82:43:[m[K [01;36m[Knote: [m[K  ‘[01m[Krclcpp::Logger[m[K’ is not derived from ‘[01m[Kstd::basic_ostream<char, _Traits>[m[K’
   82 | gger() << [01;36m[K"calculated wake time : "[m[K << alarm_time_);
      |           [01;36m[K^~~~~~~~~~~~~~~~~~~~~~~~~[m[K

In file included from [01m[K/usr/include/c++/9/iostream:39[m[K,
                 from [01m[K/opt/ros/foxy/include/rclcpp/executor.hpp:22[m[K,
                 from [01m[K/opt/ros/foxy/include/rclcpp/executors/multi_threaded_executor.hpp:26[m[K,
                 from [01m[K/opt/ros/foxy/include/rclcpp/executors.hpp:21[m[K,
                 from [01m[K/opt/ros/foxy/include/rclcpp/rclcpp.hpp:146[m[K,
                 from [01m[K/home/dahyeon/dev_ws/src/uni_time/time_calculate/include/time_calculate/time_calculate_node.hpp:1[m[K,
                 from [01m[K/home/dahyeon/dev_ws/src/uni_time/time_calculate/src/time_calculate_node.cpp:1[m[K:
[01m[K/usr/include/c++/9/ostream:691:5:[m[K [01;36m[Knote: [m[Kcandidate: ‘[01m[Ktemplate<class _Ostream, class _Tp> typename std::enable_if<std::__and_<std::__not_<std::is_lvalue_reference<_Tp> >, std::__is_convertible_to_basic_ostream<_Ostream>, std::__is_insertable<typename std::__is_convertible_to_basic_ostream<_Tp>::__ostream_type, const _Tp&, void> >::value, typename std::__is_convertible_to_basic_ostream<_Tp>::__ostream_type>::type std::operator<<(_Ostream&&, const _Tp&)[m[K’
  691 |     [01;36m[Koperator[m[K<<(_Ostream&& __os, const _Tp& __x)
      |     [01;36m[K^~~~~~~~[m[K
[01m[K/usr/include/c++/9/ostream:691:5:[m[K [01;36m[Knote: [m[K  template argument deduction/substitution failed:
/usr/include/c++/9/ostream: In substitution of ‘[01m[Ktemplate<class _Ostream, class _Tp> typename std::enable_if<std::__and_<std::__not_<std::is_lvalue_reference<_Tp> >, std::__is_convertible_to_basic_ostream<_Ostream>, std::__is_insertable<typename std::__is_convertible_to_basic_ostream<_Tp>::__ostream_type, const _Tp&, void> >::value, typename std::__is_convertible_to_basic_ostream<_Tp>::__ostream_type>::type std::operator<<(_Ostream&&, const _Tp&) [with _Ostream = rclcpp::Logger; _Tp = char [24]][m[K’:
[01m[K/home/dahyeon/dev_ws/src/uni_time/time_calculate/src/time_calculate_node.cpp:82:43:[m[K   required from here
[01m[K/usr/include/c++/9/ostream:691:5:[m[K [01;31m[Kerror: [m[Kno type named ‘[01m[Ktype[m[K’ in ‘[01m[Kstruct std::enable_if<false, void>[m[K’
In file included from [01m[K/opt/ros/foxy/include/rclcpp/executor.hpp:34[m[K,
                 from [01m[K/opt/ros/foxy/include/rclcpp/executors/multi_threaded_executor.hpp:26[m[K,
                 from [01m[K/opt/ros/foxy/include/rclcpp/executors.hpp:21[m[K,
                 from [01m[K/opt/ros/foxy/include/rclcpp/rclcpp.hpp:146[m[K,
                 from [01m[K/home/dahyeon/dev_ws/src/uni_time/time_calculate/include/time_calculate/time_calculate_node.hpp:1[m[K,
                 from [01m[K/home/dahyeon/dev_ws/src/uni_time/time_calculate/src/time_calculate_node.cpp:1[m[K:
[01m[K/opt/ros/foxy/include/rclcpp/future_return_code.hpp:38:1:[m[K [01;36m[Knote: [m[Kcandidate: ‘[01m[Kstd::ostream& rclcpp::operator<<(std::ostream&, const rclcpp::FutureReturnCode&)[m[K’
   38 | [01;36m[Koperator[m[K<<(std::ostream & os, const FutureReturnCode & future_return_code);
      | [01;36m[K^~~~~~~~[m[K
[01m[K/opt/ros/foxy/include/rclcpp/future_return_code.hpp:38:27:[m[K [01;36m[Knote: [m[K  no known conversion for argument 1 from ‘[01m[Krclcpp::Logger[m[K’ to ‘[01m[Kstd::ostream&[m[K’ {aka ‘[01m[Kstd::basic_ostream<char>&[m[K’}
   38 | [01;36m[Kostream & os[m[K, const FutureReturnCode & future_return_code);
      | [01;36m[K~~~~~~~~~~^~[m[K

In file included from [01m[K/opt/ros/foxy/include/rclcpp/parameter.hpp:26[m[K,
                 from [01m[K/opt/ros/foxy/include/rclcpp/node_interfaces/node_parameters_interface.hpp:28[m[K,
                 from [01m[K/opt/ros/foxy/include/rclcpp/node.hpp:51[m[K,
                 from [01m[K/opt/ros/foxy/include/rclcpp/executors/single_threaded_executor.hpp:28[m[K,
                 from [01m[K/opt/ros/foxy/include/rclcpp/executors.hpp:22[m[K,
                 from [01m[K/opt/ros/foxy/include/rclcpp/rclcpp.hpp:146[m[K,
                 from [01m[K/home/dahyeon/dev_ws/src/uni_time/time_calculate/include/time_calculate/time_calculate_node.hpp:1[m[K,
                 from [01m[K/home/dahyeon/dev_ws/src/uni_time/time_calculate/src/time_calculate_node.cpp:1[m[K:
[01m[K/opt/ros/foxy/include/rclcpp/parameter_value.hpp:53:1:[m[K [01;36m[Knote: [m[Kcandidate: ‘[01m[Kstd::ostream& rclcpp::operator<<(std::ostream&, rclcpp::ParameterType)[m[K’
   53 | [01;36m[Koperator[m[K<<(std::ostream & os, ParameterType type);
      | [01;36m[K^~~~~~~~[m[K
[01m[K/opt/ros/foxy/include/rclcpp/parameter_value.hpp:53:27:[m[K [01;36m[Knote: [m[K  no known conversion for argument 1 from ‘[01m[Krclcpp::Logger[m[K’ to ‘[01m[Kstd::ostream&[m[K’ {aka ‘[01m[Kstd::basic_ostream<char>&[m[K’}
   53 | [01;36m[Kostream & os[m[K, ParameterType type);
      | [01;36m[K~~~~~~~~~~^~[m[K

In file included from [01m[K/opt/ros/foxy/include/rclcpp/node_interfaces/node_parameters_interface.hpp:28[m[K,
                 from [01m[K/opt/ros/foxy/include/rclcpp/node.hpp:51[m[K,
                 from [01m[K/opt/ros/foxy/include/rclcpp/executors/single_threaded_executor.hpp:28[m[K,
                 from [01m[K/opt/ros/foxy/include/rclcpp/executors.hpp:22[m[K,
                 from [01m[K/opt/ros/foxy/include/rclcpp/rclcpp.hpp:146[m[K,
                 from [01m[K/home/dahyeon/dev_ws/src/uni_time/time_calculate/include/time_calculate/time_calculate_node.hpp:1[m[K,
                 from [01m[K/home/dahyeon/dev_ws/src/uni_time/time_calculate/src/time_calculate_node.cpp:1[m[K:
[01m[K/opt/ros/foxy/include/rclcpp/parameter.hpp:226:1:[m[K [01;36m[Knote: [m[Kcandidate: ‘[01m[Kstd::ostream& rclcpp::operator<<(std::ostream&, const rclcpp::Parameter&)[m[K’
  226 | [01;36m[Koperator[m[K<<(std::ostream & os, const rclcpp::Parameter & pv);
      | [01;36m[K^~~~~~~~[m[K
[01m[K/opt/ros/foxy/include/rclcpp/parameter.hpp:226:27:[m[K [01;36m[Knote: [m[K  no known conversion for argument 1 from ‘[01m[Krclcpp::Logger[m[K’ to ‘[01m[Kstd::ostream&[m[K’ {aka ‘[01m[Kstd::basic_ostream<char>&[m[K’}
  226 | [01;36m[Kostream & os[m[K, const rclcpp::Parameter & pv);
      | [01;36m[K~~~~~~~~~~^~[m[K

[01m[K/opt/ros/foxy/include/rclcpp/parameter.hpp:230:1:[m[K [01;36m[Knote: [m[Kcandidate: ‘[01m[Kstd::ostream& rclcpp::operator<<(std::ostream&, const std::vector<rclcpp::Parameter>&)[m[K’
  230 | [01;36m[Koperator[m[K<<(std::ostream & os, const std::vector<Parameter> & parameters);
      | [01;36m[K^~~~~~~~[m[K
[01m[K/opt/ros/foxy/include/rclcpp/parameter.hpp:230:27:[m[K [01;36m[Knote: [m[K  no known conversion for argument 1 from ‘[01m[Krclcpp::Logger[m[K’ to ‘[01m[Kstd::ostream&[m[K’ {aka ‘[01m[Kstd::basic_ostream<char>&[m[K’}
  230 | [01;36m[Kostream & os[m[K, const std::vector<Parameter> & parameters);
      | [01;36m[K~~~~~~~~~~^~[m[K

[01m[K/home/dahyeon/dev_ws/src/uni_time/time_calculate/src/time_calculate_node.cpp:82:7:[m[K [01;31m[Kerror: [m[K‘[01m[KRCLCPP_STREAM[m[K’ was not declared in this scope
   82 |       [01;31m[KRCLCPP_STREAM[m[K(this->get_logger() << "calculated wake time : " << alarm_time_);
      |       [01;31m[K^~~~~~~~~~~~~[m[K
In file included from [01m[K/home/dahyeon/dev_ws/src/uni_time/time_calculate/src/time_calculate_node.cpp:2[m[K:
[01m[K/home/dahyeon/dev_ws/src/uni_time/time_calculate/src/time_calculate_node.cpp:[m[K In member function ‘[01m[Kvoid TimeCalculateNode::set_alarminfo()[m[K’:
[01m[K/home/dahyeon/dev_ws/src/uni_time/time_calculate/include/shm_mutex.h:16:18:[m[K [01;35m[Kwarning: [m[KISO C++ forbids converting a string constant to ‘[01m[Kchar*[m[K’ [[01;35m[K-Wwrite-strings[m[K]
   16 | fine SHM_NAME [01;35m[K"shm_mem_test"[m[K
      |               [01;35m[K^~~~~~~~~~~~~~[m[K

[01m[K/home/dahyeon/dev_ws/src/uni_time/time_calculate/src/time_calculate_node.cpp:171:36:[m[K [01;36m[Knote: [m[Kin expansion of macro ‘[01m[KSHM_NAME[m[K’
  171 | memory_slave([01;36m[KSHM_NAME[m[K, shm);
      |              [01;36m[K^~~~~~~~[m[K

[01m[K/home/dahyeon/dev_ws/src/uni_time/time_calculate/src/time_calculate_node.cpp:[m[K In member function ‘[01m[Kbool TimeCalculateNode::compare_time()[m[K’:
[01m[K/home/dahyeon/dev_ws/src/uni_time/time_calculate/src/time_calculate_node.cpp:199:20:[m[K [01;35m[Kwarning: [m[Kunused variable ‘[01m[Kgtp[m[K’ [[01;35m[K-Wunused-variable[m[K]
  199 |   struct tm *ltp, *[01;35m[Kgtp[m[K;
      |                    [01;35m[K^~~[m[K
[01m[K/home/dahyeon/dev_ws/src/uni_time/time_calculate/src/time_calculate_node.cpp:[m[K In function ‘[01m[Kvoid wait_alarm(std::string)[m[K’:
[01m[K/home/dahyeon/dev_ws/src/uni_time/time_calculate/src/time_calculate_node.cpp:216:20:[m[K [01;35m[Kwarning: [m[Kunused variable ‘[01m[Kgtp[m[K’ [[01;35m[K-Wunused-variable[m[K]
  216 |   struct tm *ltp, *[01;35m[Kgtp[m[K;
      |                    [01;35m[K^~~[m[K
[01m[K/home/dahyeon/dev_ws/src/uni_time/time_calculate/src/time_calculate_node.cpp:[m[K In function ‘[01m[Kvoid sig_int(int)[m[K’:
[01m[K/home/dahyeon/dev_ws/src/uni_time/time_calculate/src/time_calculate_node.cpp:280:18:[m[K [01;35m[Kwarning: [m[Kunused parameter ‘[01m[Ksigno[m[K’ [[01;35m[K-Wunused-parameter[m[K]
  280 | void sig_int([01;35m[Kint signo[m[K)
      |              [01;35m[K~~~~^~~~~[m[K
In file included from [01m[K/home/dahyeon/dev_ws/src/uni_time/time_calculate/src/time_calculate_node.cpp:2[m[K:
[01m[K/home/dahyeon/dev_ws/src/uni_time/time_calculate/include/shm_mutex.h:[m[K At global scope:
[01m[K/home/dahyeon/dev_ws/src/uni_time/time_calculate/include/shm_mutex.h:140:12:[m[K [01;35m[Kwarning: [m[K‘[01m[Kint __destory_shared_memory_slave(shm_struct_t*&)[m[K’ defined but not used [[01;35m[K-Wunused-function[m[K]
  140 | tatic int [01;35m[K__destory_shared_memory_slave[m[K(shm_struct_t* &shm)
      |           [01;35m[K^~~~~~~~~~~~~~~~~~~~~~~~~~~~~[m[K

[01m[K/home/dahyeon/dev_ws/src/uni_time/time_calculate/include/shm_mutex.h:104:12:[m[K [01;35m[Kwarning: [m[K‘[01m[Kint __destory_shared_memory_master(shm_struct_t*&, pthread_mutexattr_t&)[m[K’ defined but not used [[01;35m[K-Wunused-function[m[K]
  104 | tatic int [01;35m[K__destory_shared_memory_master[m[K(shm_struct_t* &shm, pthread_mutexattr_t &mtx_attr)
      |           [01;35m[K^~~~~~~~~~~~~~~~~~~~~~~~~~~~~~[m[K

[01m[K/home/dahyeon/dev_ws/src/uni_time/time_calculate/include/shm_mutex.h:70:12:[m[K [01;35m[Kwarning: [m[K‘[01m[Kint __init_shared_memory_master(char*, shm_struct_t*&, pthread_mutexattr_t&)[m[K’ defined but not used [[01;35m[K-Wunused-function[m[K]
   70 | tatic int [01;35m[K__init_shared_memory_master[m[K(char* name, shm_struct_t* &shm, pthread_mutexattr_t &mtx_attr)
      |           [01;35m[K^~~~~~~~~~~~~~~~~~~~~~~~~~~[m[K

make[2]: *** [CMakeFiles/time_calculate_node.dir/build.make:76: CMakeFiles/time_calculate_node.dir/src/time_calculate_node.cpp.o] Error 1
make[1]: *** [CMakeFiles/Makefile2:107: CMakeFiles/time_calculate_node.dir/all] Error 2
make: *** [Makefile:141: all] Error 2
