[0.193s] Invoking command in '/home/dahyeon/dev_ws/build/time_calculate': CMAKE_PREFIX_PATH=/home/dahyeon/dev_ws/install/time_msgs:/home/dahyeon/dev_ws/install/uni_save:/home/dahyeon/dev_ws/install/uni:/home/dahyeon/dev_ws/install/turtlesim:/home/dahyeon/dev_ws/install/topic_service_action_rclcpp_example:/home/dahyeon/dev_ws/install/time_rclcpp_example:/home/dahyeon/dev_ws/install/time_calculate:/home/dahyeon/dev_ws/install/tf2_rclcpp_example:/home/dahyeon/dev_ws/install/testbot_description:/home/dahyeon/dev_ws/install/test:/home/dahyeon/dev_ws/install/srv_alarm_interface:/home/dahyeon/dev_ws/install/rqt_example:/home/dahyeon/dev_ws/install/msg_srv_action_interface_example:/home/dahyeon/dev_ws/install/cpp_pubsub:/home/dahyeon/dev_ws/install/topic_service_action_rclpy_example:/home/dahyeon/dev_ws/install/time_rclpy_example:/home/dahyeon/dev_ws/install/time_alarm_handle:/home/dahyeon/dev_ws/install/tf2_rclpy_example:/home/dahyeon/dev_ws/install/ros2env:/home/dahyeon/dev_ws/install/my_package:/home/dahyeon/dev_ws/install/my_first_ros_rclpy_pkg:/home/dahyeon/dev_ws/install/my_first_ros_rclcpp_pkg:/home/dahyeon/dev_ws/install/logging_rclpy_example:/home/dahyeon/dev_ws/install/face_detection:/home/dahyeon/dev_ws/install/cpp_parameters:/opt/ros/foxy LD_LIBRARY_PATH=/home/dahyeon/dev_ws/install/time_msgs/lib:/home/dahyeon/dev_ws/install/turtlesim/lib:/home/dahyeon/dev_ws/install/srv_alarm_interface/lib:/home/dahyeon/dev_ws/install/msg_srv_action_interface_example/lib:/opt/ros/foxy/opt/yaml_cpp_vendor/lib:/opt/ros/foxy/opt/rviz_ogre_vendor/lib:/opt/ros/foxy/lib/x86_64-linux-gnu:/opt/ros/foxy/lib PYTHONPATH=/home/dahyeon/dev_ws/install/time_msgs/lib/python3.8/site-packages:/home/dahyeon/dev_ws/install/turtlesim/lib/python3.8/site-packages:/home/dahyeon/dev_ws/build/topic_service_action_rclpy_example:/home/dahyeon/dev_ws/install/topic_service_action_rclpy_example/lib/python3.8/site-packages:/home/dahyeon/dev_ws/build/time_rclpy_example:/home/dahyeon/dev_ws/install/time_rclpy_example/lib/python3.8/site-packages:/home/dahyeon/dev_ws/build/time_alarm_handle:/home/dahyeon/dev_ws/install/time_alarm_handle/lib/python3.8/site-packages:/home/dahyeon/dev_ws/build/tf2_rclpy_example:/home/dahyeon/dev_ws/install/tf2_rclpy_example/lib/python3.8/site-packages:/home/dahyeon/dev_ws/install/srv_alarm_interface/lib/python3.8/site-packages:/home/dahyeon/dev_ws/install/rqt_example/lib/python3.8/site-packages:/home/dahyeon/dev_ws/build/ros2env:/home/dahyeon/dev_ws/install/ros2env/lib/python3.8/site-packages:/home/dahyeon/dev_ws/build/my_first_ros_rclpy_pkg:/home/dahyeon/dev_ws/install/my_first_ros_rclpy_pkg/lib/python3.8/site-packages:/home/dahyeon/dev_ws/install/msg_srv_action_interface_example/lib/python3.8/site-packages:/home/dahyeon/dev_ws/build/logging_rclpy_example:/home/dahyeon/dev_ws/install/logging_rclpy_example/lib/python3.8/site-packages:/home/dahyeon/dev_ws/build/face_detection:/home/dahyeon/dev_ws/install/face_detection/lib/python3.8/site-packages:/opt/ros/foxy/lib/python3.8/site-packages /usr/bin/cmake --build /home/dahyeon/dev_ws/build/time_calculate -- -j12 -l12
[0.226s] [35m[1mScanning dependencies of target create_tcp[0m
[0.226s] [35m[1mScanning dependencies of target get_gps[0m
[0.227s] [35m[1mScanning dependencies of target time_calculate_node[0m
[0.234s] [ 28%] [32mBuilding CXX object CMakeFiles/create_tcp.dir/src/tcpNshared.cpp.o[0m
[0.234s] [ 28%] [32mBuilding CXX object CMakeFiles/get_gps.dir/src/homeTCP.cpp.o[0m
[0.248s] [ 42%] [32mBuilding CXX object CMakeFiles/time_calculate_node.dir/src/time_calculate_node.cpp.o[0m
[0.448s] [01m[K/home/dahyeon/dev_ws/src/uni_time/time_calculate/src/homeTCP.cpp:[m[K In function ‘[01m[Kint main()[m[K’:
[0.449s] [01m[K/home/dahyeon/dev_ws/src/uni_time/time_calculate/src/homeTCP.cpp:109:38:[m[K [01;35m[Kwarning: [m[KISO C++ forbids converting a string constant to ‘[01m[Kchar*[m[K’ [[01;35m[K-Wwrite-strings[m[K]
[0.449s]   109 |     ret = __init_shared_memory_slave([01;35m[K"shm_mem_test"[m[K, shm);
[0.449s]       |                                      [01;35m[K^~~~~~~~~~~~~~[m[K
[0.456s] In file included from [01m[K/home/dahyeon/dev_ws/src/uni_time/time_calculate/src/tcpNshared.cpp:9[m[K:
[0.456s] [01m[K/home/dahyeon/dev_ws/src/uni_time/time_calculate/src/tcpNshared.cpp:[m[K In function ‘[01m[Kint main()[m[K’:
[0.456s] [01m[K/home/dahyeon/dev_ws/src/uni_time/time_calculate/include/shm_mutex.h:16:18:[m[K [01;35m[Kwarning: [m[KISO C++ forbids converting a string constant to ‘[01m[Kchar*[m[K’ [[01;35m[K-Wwrite-strings[m[K]
[0.456s]    16 | #define SHM_NAME [01;35m[K"shm_mem_test"[m[K
[0.456s]       |                  [01;35m[K^~~~~~~~~~~~~~[m[K
[0.456s] [01m[K/home/dahyeon/dev_ws/src/uni_time/time_calculate/src/tcpNshared.cpp:165:39:[m[K [01;36m[Knote: [m[Kin expansion of macro ‘[01m[KSHM_NAME[m[K’
[0.456s]   165 |     ret = __init_shared_memory_master([01;36m[KSHM_NAME[m[K, shm, mtx_attr);
[0.456s]       |                                       [01;36m[K^~~~~~~~[m[K
[0.456s] [01m[K/home/dahyeon/dev_ws/src/uni_time/time_calculate/src/tcpNshared.cpp:163:14:[m[K [01;35m[Kwarning: [m[Kunused variable ‘[01m[Ki[m[K’ [[01;35m[K-Wunused-variable[m[K]
[0.456s]   163 |     int ret, [01;35m[Ki[m[K;
[0.456s]       |              [01;35m[K^[m[K
[0.475s] In file included from [01m[K/home/dahyeon/dev_ws/src/uni_time/time_calculate/src/homeTCP.cpp:9[m[K:
[0.475s] [01m[K/home/dahyeon/dev_ws/src/uni_time/time_calculate/include/shm_mutex.h:[m[K At global scope:
[0.475s] [01m[K/home/dahyeon/dev_ws/src/uni_time/time_calculate/include/shm_mutex.h:105:12:[m[K [01;35m[Kwarning: [m[K‘[01m[Kint __destory_shared_memory_master(shm_struct_t*&, pthread_mutexattr_t&)[m[K’ defined but not used [[01;35m[K-Wunused-function[m[K]
[0.475s]   105 | static int [01;35m[K__destory_shared_memory_master[m[K(shm_struct_t* &shm, pthread_mutexattr_t &mtx_attr)
[0.475s]       |            [01;35m[K^~~~~~~~~~~~~~~~~~~~~~~~~~~~~~[m[K
[0.475s] [01m[K/home/dahyeon/dev_ws/src/uni_time/time_calculate/include/shm_mutex.h:71:12:[m[K [01;35m[Kwarning: [m[K‘[01m[Kint __init_shared_memory_master(char*, shm_struct_t*&, pthread_mutexattr_t&)[m[K’ defined but not used [[01;35m[K-Wunused-function[m[K]
[0.475s]    71 | static int [01;35m[K__init_shared_memory_master[m[K(char* name, shm_struct_t* &shm, pthread_mutexattr_t &mtx_attr)
[0.475s]       |            [01;35m[K^~~~~~~~~~~~~~~~~~~~~~~~~~~[m[K
[0.479s] In file included from [01m[K/home/dahyeon/dev_ws/src/uni_time/time_calculate/src/tcpNshared.cpp:9[m[K:
[0.479s] [01m[K/home/dahyeon/dev_ws/src/uni_time/time_calculate/include/shm_mutex.h:[m[K At global scope:
[0.479s] [01m[K/home/dahyeon/dev_ws/src/uni_time/time_calculate/include/shm_mutex.h:141:12:[m[K [01;35m[Kwarning: [m[K‘[01m[Kint __destory_shared_memory_slave(shm_struct_t*&)[m[K’ defined but not used [[01;35m[K-Wunused-function[m[K]
[0.479s]   141 | static int [01;35m[K__destory_shared_memory_slave[m[K(shm_struct_t* &shm)
[0.479s]       |            [01;35m[K^~~~~~~~~~~~~~~~~~~~~~~~~~~~~[m[K
[0.479s] [01m[K/home/dahyeon/dev_ws/src/uni_time/time_calculate/include/shm_mutex.h:116:12:[m[K [01;35m[Kwarning: [m[K‘[01m[Kint __init_shared_memory_slave(char*, shm_struct_t*&)[m[K’ defined but not used [[01;35m[K-Wunused-function[m[K]
[0.479s]   116 | static int [01;35m[K__init_shared_memory_slave[m[K(char* name, shm_struct_t* &shm)
[0.479s]       |            [01;35m[K^~~~~~~~~~~~~~~~~~~~~~~~~~[m[K
[0.513s] [ 57%] [32m[1mLinking CXX executable create_tcp[0m
[0.515s] [ 71%] [32m[1mLinking CXX executable get_gps[0m
[0.592s] [ 71%] Built target get_gps
[0.593s] [ 71%] Built target create_tcp
[1.323s] In file included from [01m[K/home/dahyeon/dev_ws/src/uni_time/time_calculate/src/time_calculate_node.cpp:2[m[K:
[1.323s] [01m[K/home/dahyeon/dev_ws/src/uni_time/time_calculate/src/time_calculate_node.cpp:[m[K In member function ‘[01m[Kvoid TimeCalculateNode::set_alarminfo()[m[K’:
[1.323s] [01m[K/home/dahyeon/dev_ws/src/uni_time/time_calculate/include/shm_mutex.h:16:18:[m[K [01;35m[Kwarning: [m[KISO C++ forbids converting a string constant to ‘[01m[Kchar*[m[K’ [[01;35m[K-Wwrite-strings[m[K]
[1.323s]    16 | #define SHM_NAME [01;35m[K"shm_mem_test"[m[K
[1.323s]       |                  [01;35m[K^~~~~~~~~~~~~~[m[K
[1.323s] [01m[K/home/dahyeon/dev_ws/src/uni_time/time_calculate/src/time_calculate_node.cpp:170:36:[m[K [01;36m[Knote: [m[Kin expansion of macro ‘[01m[KSHM_NAME[m[K’
[1.323s]   170 |   ret = __init_shared_memory_slave([01;36m[KSHM_NAME[m[K, shm);
[1.323s]       |                                    [01;36m[K^~~~~~~~[m[K
[1.323s] [01m[K/home/dahyeon/dev_ws/src/uni_time/time_calculate/src/time_calculate_node.cpp:169:7:[m[K [01;35m[Kwarning: [m[Kvariable ‘[01m[Kret[m[K’ set but not used [[01;35m[K-Wunused-but-set-variable[m[K]
[1.323s]   169 |   int [01;35m[Kret[m[K;
[1.323s]       |       [01;35m[K^~~[m[K
[1.323s] [01m[K/home/dahyeon/dev_ws/src/uni_time/time_calculate/src/time_calculate_node.cpp:[m[K In member function ‘[01m[Kbool TimeCalculateNode::compare_time()[m[K’:
[1.323s] [01m[K/home/dahyeon/dev_ws/src/uni_time/time_calculate/src/time_calculate_node.cpp:198:20:[m[K [01;35m[Kwarning: [m[Kunused variable ‘[01m[Kgtp[m[K’ [[01;35m[K-Wunused-variable[m[K]
[1.323s]   198 |   struct tm *ltp, *[01;35m[Kgtp[m[K;
[1.323s]       |                    [01;35m[K^~~[m[K
[1.324s] [01m[K/home/dahyeon/dev_ws/src/uni_time/time_calculate/src/time_calculate_node.cpp:[m[K In function ‘[01m[Kvoid wait_alarm(std::string)[m[K’:
[1.325s] [01m[K/home/dahyeon/dev_ws/src/uni_time/time_calculate/src/time_calculate_node.cpp:215:20:[m[K [01;35m[Kwarning: [m[Kunused variable ‘[01m[Kgtp[m[K’ [[01;35m[K-Wunused-variable[m[K]
[1.325s]   215 |   struct tm *ltp, *[01;35m[Kgtp[m[K;
[1.325s]       |                    [01;35m[K^~~[m[K
[1.325s] [01m[K/home/dahyeon/dev_ws/src/uni_time/time_calculate/src/time_calculate_node.cpp:[m[K In function ‘[01m[Kvoid sig_alm(int)[m[K’:
[1.325s] [01m[K/home/dahyeon/dev_ws/src/uni_time/time_calculate/src/time_calculate_node.cpp:279:18:[m[K [01;35m[Kwarning: [m[Kunused parameter ‘[01m[Ksigno[m[K’ [[01;35m[K-Wunused-parameter[m[K]
[1.325s]   279 | void sig_alm([01;35m[Kint signo[m[K)
[1.325s]       |              [01;35m[K~~~~^~~~~[m[K
[1.326s] [01m[K/home/dahyeon/dev_ws/src/uni_time/time_calculate/src/time_calculate_node.cpp:[m[K In function ‘[01m[Kvoid sig_int(int)[m[K’:
[1.326s] [01m[K/home/dahyeon/dev_ws/src/uni_time/time_calculate/src/time_calculate_node.cpp:284:18:[m[K [01;35m[Kwarning: [m[Kunused parameter ‘[01m[Ksigno[m[K’ [[01;35m[K-Wunused-parameter[m[K]
[1.326s]   284 | void sig_int([01;35m[Kint signo[m[K)
[1.326s]       |              [01;35m[K~~~~^~~~~[m[K
[1.999s] In file included from [01m[K/home/dahyeon/dev_ws/src/uni_time/time_calculate/src/time_calculate_node.cpp:2[m[K:
[1.999s] [01m[K/home/dahyeon/dev_ws/src/uni_time/time_calculate/include/shm_mutex.h:[m[K At global scope:
[1.999s] [01m[K/home/dahyeon/dev_ws/src/uni_time/time_calculate/include/shm_mutex.h:141:12:[m[K [01;35m[Kwarning: [m[K‘[01m[Kint __destory_shared_memory_slave(shm_struct_t*&)[m[K’ defined but not used [[01;35m[K-Wunused-function[m[K]
[1.999s]   141 | static int [01;35m[K__destory_shared_memory_slave[m[K(shm_struct_t* &shm)
[1.999s]       |            [01;35m[K^~~~~~~~~~~~~~~~~~~~~~~~~~~~~[m[K
[1.999s] [01m[K/home/dahyeon/dev_ws/src/uni_time/time_calculate/include/shm_mutex.h:105:12:[m[K [01;35m[Kwarning: [m[K‘[01m[Kint __destory_shared_memory_master(shm_struct_t*&, pthread_mutexattr_t&)[m[K’ defined but not used [[01;35m[K-Wunused-function[m[K]
[1.999s]   105 | static int [01;35m[K__destory_shared_memory_master[m[K(shm_struct_t* &shm, pthread_mutexattr_t &mtx_attr)
[1.999s]       |            [01;35m[K^~~~~~~~~~~~~~~~~~~~~~~~~~~~~~[m[K
[2.000s] [01m[K/home/dahyeon/dev_ws/src/uni_time/time_calculate/include/shm_mutex.h:71:12:[m[K [01;35m[Kwarning: [m[K‘[01m[Kint __init_shared_memory_master(char*, shm_struct_t*&, pthread_mutexattr_t&)[m[K’ defined but not used [[01;35m[K-Wunused-function[m[K]
[2.000s]    71 | static int [01;35m[K__init_shared_memory_master[m[K(char* name, shm_struct_t* &shm, pthread_mutexattr_t &mtx_attr)
[2.000s]       |            [01;35m[K^~~~~~~~~~~~~~~~~~~~~~~~~~~[m[K
[2.808s] [ 85%] [32m[1mLinking CXX executable time_calculate_node[0m
[2.954s] [100%] Built target time_calculate_node
[2.961s] Invoked command in '/home/dahyeon/dev_ws/build/time_calculate' returned '0': CMAKE_PREFIX_PATH=/home/dahyeon/dev_ws/install/time_msgs:/home/dahyeon/dev_ws/install/uni_save:/home/dahyeon/dev_ws/install/uni:/home/dahyeon/dev_ws/install/turtlesim:/home/dahyeon/dev_ws/install/topic_service_action_rclcpp_example:/home/dahyeon/dev_ws/install/time_rclcpp_example:/home/dahyeon/dev_ws/install/time_calculate:/home/dahyeon/dev_ws/install/tf2_rclcpp_example:/home/dahyeon/dev_ws/install/testbot_description:/home/dahyeon/dev_ws/install/test:/home/dahyeon/dev_ws/install/srv_alarm_interface:/home/dahyeon/dev_ws/install/rqt_example:/home/dahyeon/dev_ws/install/msg_srv_action_interface_example:/home/dahyeon/dev_ws/install/cpp_pubsub:/home/dahyeon/dev_ws/install/topic_service_action_rclpy_example:/home/dahyeon/dev_ws/install/time_rclpy_example:/home/dahyeon/dev_ws/install/time_alarm_handle:/home/dahyeon/dev_ws/install/tf2_rclpy_example:/home/dahyeon/dev_ws/install/ros2env:/home/dahyeon/dev_ws/install/my_package:/home/dahyeon/dev_ws/install/my_first_ros_rclpy_pkg:/home/dahyeon/dev_ws/install/my_first_ros_rclcpp_pkg:/home/dahyeon/dev_ws/install/logging_rclpy_example:/home/dahyeon/dev_ws/install/face_detection:/home/dahyeon/dev_ws/install/cpp_parameters:/opt/ros/foxy LD_LIBRARY_PATH=/home/dahyeon/dev_ws/install/time_msgs/lib:/home/dahyeon/dev_ws/install/turtlesim/lib:/home/dahyeon/dev_ws/install/srv_alarm_interface/lib:/home/dahyeon/dev_ws/install/msg_srv_action_interface_example/lib:/opt/ros/foxy/opt/yaml_cpp_vendor/lib:/opt/ros/foxy/opt/rviz_ogre_vendor/lib:/opt/ros/foxy/lib/x86_64-linux-gnu:/opt/ros/foxy/lib PYTHONPATH=/home/dahyeon/dev_ws/install/time_msgs/lib/python3.8/site-packages:/home/dahyeon/dev_ws/install/turtlesim/lib/python3.8/site-packages:/home/dahyeon/dev_ws/build/topic_service_action_rclpy_example:/home/dahyeon/dev_ws/install/topic_service_action_rclpy_example/lib/python3.8/site-packages:/home/dahyeon/dev_ws/build/time_rclpy_example:/home/dahyeon/dev_ws/install/time_rclpy_example/lib/python3.8/site-packages:/home/dahyeon/dev_ws/build/time_alarm_handle:/home/dahyeon/dev_ws/install/time_alarm_handle/lib/python3.8/site-packages:/home/dahyeon/dev_ws/build/tf2_rclpy_example:/home/dahyeon/dev_ws/install/tf2_rclpy_example/lib/python3.8/site-packages:/home/dahyeon/dev_ws/install/srv_alarm_interface/lib/python3.8/site-packages:/home/dahyeon/dev_ws/install/rqt_example/lib/python3.8/site-packages:/home/dahyeon/dev_ws/build/ros2env:/home/dahyeon/dev_ws/install/ros2env/lib/python3.8/site-packages:/home/dahyeon/dev_ws/build/my_first_ros_rclpy_pkg:/home/dahyeon/dev_ws/install/my_first_ros_rclpy_pkg/lib/python3.8/site-packages:/home/dahyeon/dev_ws/install/msg_srv_action_interface_example/lib/python3.8/site-packages:/home/dahyeon/dev_ws/build/logging_rclpy_example:/home/dahyeon/dev_ws/install/logging_rclpy_example/lib/python3.8/site-packages:/home/dahyeon/dev_ws/build/face_detection:/home/dahyeon/dev_ws/install/face_detection/lib/python3.8/site-packages:/opt/ros/foxy/lib/python3.8/site-packages /usr/bin/cmake --build /home/dahyeon/dev_ws/build/time_calculate -- -j12 -l12
[2.981s] Invoking command in '/home/dahyeon/dev_ws/build/time_calculate': CMAKE_PREFIX_PATH=/home/dahyeon/dev_ws/install/time_msgs:/home/dahyeon/dev_ws/install/uni_save:/home/dahyeon/dev_ws/install/uni:/home/dahyeon/dev_ws/install/turtlesim:/home/dahyeon/dev_ws/install/topic_service_action_rclcpp_example:/home/dahyeon/dev_ws/install/time_rclcpp_example:/home/dahyeon/dev_ws/install/time_calculate:/home/dahyeon/dev_ws/install/tf2_rclcpp_example:/home/dahyeon/dev_ws/install/testbot_description:/home/dahyeon/dev_ws/install/test:/home/dahyeon/dev_ws/install/srv_alarm_interface:/home/dahyeon/dev_ws/install/rqt_example:/home/dahyeon/dev_ws/install/msg_srv_action_interface_example:/home/dahyeon/dev_ws/install/cpp_pubsub:/home/dahyeon/dev_ws/install/topic_service_action_rclpy_example:/home/dahyeon/dev_ws/install/time_rclpy_example:/home/dahyeon/dev_ws/install/time_alarm_handle:/home/dahyeon/dev_ws/install/tf2_rclpy_example:/home/dahyeon/dev_ws/install/ros2env:/home/dahyeon/dev_ws/install/my_package:/home/dahyeon/dev_ws/install/my_first_ros_rclpy_pkg:/home/dahyeon/dev_ws/install/my_first_ros_rclcpp_pkg:/home/dahyeon/dev_ws/install/logging_rclpy_example:/home/dahyeon/dev_ws/install/face_detection:/home/dahyeon/dev_ws/install/cpp_parameters:/opt/ros/foxy LD_LIBRARY_PATH=/home/dahyeon/dev_ws/install/time_msgs/lib:/home/dahyeon/dev_ws/install/turtlesim/lib:/home/dahyeon/dev_ws/install/srv_alarm_interface/lib:/home/dahyeon/dev_ws/install/msg_srv_action_interface_example/lib:/opt/ros/foxy/opt/yaml_cpp_vendor/lib:/opt/ros/foxy/opt/rviz_ogre_vendor/lib:/opt/ros/foxy/lib/x86_64-linux-gnu:/opt/ros/foxy/lib PYTHONPATH=/home/dahyeon/dev_ws/install/time_msgs/lib/python3.8/site-packages:/home/dahyeon/dev_ws/install/turtlesim/lib/python3.8/site-packages:/home/dahyeon/dev_ws/build/topic_service_action_rclpy_example:/home/dahyeon/dev_ws/install/topic_service_action_rclpy_example/lib/python3.8/site-packages:/home/dahyeon/dev_ws/build/time_rclpy_example:/home/dahyeon/dev_ws/install/time_rclpy_example/lib/python3.8/site-packages:/home/dahyeon/dev_ws/build/time_alarm_handle:/home/dahyeon/dev_ws/install/time_alarm_handle/lib/python3.8/site-packages:/home/dahyeon/dev_ws/build/tf2_rclpy_example:/home/dahyeon/dev_ws/install/tf2_rclpy_example/lib/python3.8/site-packages:/home/dahyeon/dev_ws/install/srv_alarm_interface/lib/python3.8/site-packages:/home/dahyeon/dev_ws/install/rqt_example/lib/python3.8/site-packages:/home/dahyeon/dev_ws/build/ros2env:/home/dahyeon/dev_ws/install/ros2env/lib/python3.8/site-packages:/home/dahyeon/dev_ws/build/my_first_ros_rclpy_pkg:/home/dahyeon/dev_ws/install/my_first_ros_rclpy_pkg/lib/python3.8/site-packages:/home/dahyeon/dev_ws/install/msg_srv_action_interface_example/lib/python3.8/site-packages:/home/dahyeon/dev_ws/build/logging_rclpy_example:/home/dahyeon/dev_ws/install/logging_rclpy_example/lib/python3.8/site-packages:/home/dahyeon/dev_ws/build/face_detection:/home/dahyeon/dev_ws/install/face_detection/lib/python3.8/site-packages:/opt/ros/foxy/lib/python3.8/site-packages /usr/bin/cmake --install /home/dahyeon/dev_ws/build/time_calculate
[2.987s] -- Install configuration: ""
[2.988s] -- Execute custom install script
[2.988s] -- Up-to-date symlink: /home/dahyeon/dev_ws/install/time_calculate/lib/time_calculate/time_calculate_node
[2.988s] -- Up-to-date symlink: /home/dahyeon/dev_ws/install/time_calculate/lib/time_calculate/create_tcp
[2.989s] -- Up-to-date symlink: /home/dahyeon/dev_ws/install/time_calculate/lib/time_calculate/get_gps
[2.989s] -- Up-to-date symlink: /home/dahyeon/dev_ws/install/time_calculate/share/ament_index/resource_index/package_run_dependencies/time_calculate
[2.989s] -- Up-to-date symlink: /home/dahyeon/dev_ws/install/time_calculate/share/ament_index/resource_index/parent_prefix_path/time_calculate
[2.989s] -- Up-to-date symlink: /home/dahyeon/dev_ws/install/time_calculate/share/time_calculate/environment/ament_prefix_path.sh
[2.989s] -- Up-to-date symlink: /home/dahyeon/dev_ws/install/time_calculate/share/time_calculate/environment/ament_prefix_path.dsv
[2.990s] -- Up-to-date symlink: /home/dahyeon/dev_ws/install/time_calculate/share/time_calculate/environment/path.sh
[2.990s] -- Up-to-date symlink: /home/dahyeon/dev_ws/install/time_calculate/share/time_calculate/environment/path.dsv
[2.990s] -- Up-to-date symlink: /home/dahyeon/dev_ws/install/time_calculate/share/time_calculate/local_setup.bash
[2.990s] -- Up-to-date symlink: /home/dahyeon/dev_ws/install/time_calculate/share/time_calculate/local_setup.sh
[2.991s] -- Up-to-date symlink: /home/dahyeon/dev_ws/install/time_calculate/share/time_calculate/local_setup.zsh
[2.991s] -- Up-to-date symlink: /home/dahyeon/dev_ws/install/time_calculate/share/time_calculate/local_setup.dsv
[2.991s] -- Symlinking: /home/dahyeon/dev_ws/install/time_calculate/share/time_calculate/package.dsv
[2.997s] -- Up-to-date symlink: /home/dahyeon/dev_ws/install/time_calculate/share/ament_index/resource_index/packages/time_calculate
[2.997s] -- Up-to-date symlink: /home/dahyeon/dev_ws/install/time_calculate/share/time_calculate/cmake/time_calculateConfig.cmake
[2.997s] -- Up-to-date symlink: /home/dahyeon/dev_ws/install/time_calculate/share/time_calculate/cmake/time_calculateConfig-version.cmake
[2.997s] -- Up-to-date symlink: /home/dahyeon/dev_ws/install/time_calculate/share/time_calculate/package.xml
[2.999s] Invoked command in '/home/dahyeon/dev_ws/build/time_calculate' returned '0': CMAKE_PREFIX_PATH=/home/dahyeon/dev_ws/install/time_msgs:/home/dahyeon/dev_ws/install/uni_save:/home/dahyeon/dev_ws/install/uni:/home/dahyeon/dev_ws/install/turtlesim:/home/dahyeon/dev_ws/install/topic_service_action_rclcpp_example:/home/dahyeon/dev_ws/install/time_rclcpp_example:/home/dahyeon/dev_ws/install/time_calculate:/home/dahyeon/dev_ws/install/tf2_rclcpp_example:/home/dahyeon/dev_ws/install/testbot_description:/home/dahyeon/dev_ws/install/test:/home/dahyeon/dev_ws/install/srv_alarm_interface:/home/dahyeon/dev_ws/install/rqt_example:/home/dahyeon/dev_ws/install/msg_srv_action_interface_example:/home/dahyeon/dev_ws/install/cpp_pubsub:/home/dahyeon/dev_ws/install/topic_service_action_rclpy_example:/home/dahyeon/dev_ws/install/time_rclpy_example:/home/dahyeon/dev_ws/install/time_alarm_handle:/home/dahyeon/dev_ws/install/tf2_rclpy_example:/home/dahyeon/dev_ws/install/ros2env:/home/dahyeon/dev_ws/install/my_package:/home/dahyeon/dev_ws/install/my_first_ros_rclpy_pkg:/home/dahyeon/dev_ws/install/my_first_ros_rclcpp_pkg:/home/dahyeon/dev_ws/install/logging_rclpy_example:/home/dahyeon/dev_ws/install/face_detection:/home/dahyeon/dev_ws/install/cpp_parameters:/opt/ros/foxy LD_LIBRARY_PATH=/home/dahyeon/dev_ws/install/time_msgs/lib:/home/dahyeon/dev_ws/install/turtlesim/lib:/home/dahyeon/dev_ws/install/srv_alarm_interface/lib:/home/dahyeon/dev_ws/install/msg_srv_action_interface_example/lib:/opt/ros/foxy/opt/yaml_cpp_vendor/lib:/opt/ros/foxy/opt/rviz_ogre_vendor/lib:/opt/ros/foxy/lib/x86_64-linux-gnu:/opt/ros/foxy/lib PYTHONPATH=/home/dahyeon/dev_ws/install/time_msgs/lib/python3.8/site-packages:/home/dahyeon/dev_ws/install/turtlesim/lib/python3.8/site-packages:/home/dahyeon/dev_ws/build/topic_service_action_rclpy_example:/home/dahyeon/dev_ws/install/topic_service_action_rclpy_example/lib/python3.8/site-packages:/home/dahyeon/dev_ws/build/time_rclpy_example:/home/dahyeon/dev_ws/install/time_rclpy_example/lib/python3.8/site-packages:/home/dahyeon/dev_ws/build/time_alarm_handle:/home/dahyeon/dev_ws/install/time_alarm_handle/lib/python3.8/site-packages:/home/dahyeon/dev_ws/build/tf2_rclpy_example:/home/dahyeon/dev_ws/install/tf2_rclpy_example/lib/python3.8/site-packages:/home/dahyeon/dev_ws/install/srv_alarm_interface/lib/python3.8/site-packages:/home/dahyeon/dev_ws/install/rqt_example/lib/python3.8/site-packages:/home/dahyeon/dev_ws/build/ros2env:/home/dahyeon/dev_ws/install/ros2env/lib/python3.8/site-packages:/home/dahyeon/dev_ws/build/my_first_ros_rclpy_pkg:/home/dahyeon/dev_ws/install/my_first_ros_rclpy_pkg/lib/python3.8/site-packages:/home/dahyeon/dev_ws/install/msg_srv_action_interface_example/lib/python3.8/site-packages:/home/dahyeon/dev_ws/build/logging_rclpy_example:/home/dahyeon/dev_ws/install/logging_rclpy_example/lib/python3.8/site-packages:/home/dahyeon/dev_ws/build/face_detection:/home/dahyeon/dev_ws/install/face_detection/lib/python3.8/site-packages:/opt/ros/foxy/lib/python3.8/site-packages /usr/bin/cmake --install /home/dahyeon/dev_ws/build/time_calculate
