[0.650s] Invoking command in '/home/dahyeon/dev_ws/build/face_detection': PYTHONPATH=/home/dahyeon/dev_ws/install/face_detection/lib/python3.8/site-packages:${PYTHONPATH} /usr/bin/python3 setup.py develop --prefix /home/dahyeon/dev_ws/install/face_detection --editable --build-directory /home/dahyeon/dev_ws/build/face_detection/build --no-deps install_data --install-dir /home/dahyeon/dev_ws/install/face_detection
[0.831s] running develop
[0.940s] running egg_info
[0.940s] creating face_detection.egg-info
[0.940s] writing face_detection.egg-info/PKG-INFO
[0.941s] writing dependency_links to face_detection.egg-info/dependency_links.txt
[0.941s] writing entry points to face_detection.egg-info/entry_points.txt
[0.941s] writing requirements to face_detection.egg-info/requires.txt
[0.941s] writing top-level names to face_detection.egg-info/top_level.txt
[0.950s] writing manifest file 'face_detection.egg-info/SOURCES.txt'
[0.978s] reading manifest file 'face_detection.egg-info/SOURCES.txt'
[0.979s] writing manifest file 'face_detection.egg-info/SOURCES.txt'
[1.006s] running build_ext
[1.006s] Creating /home/dahyeon/dev_ws/install/face_detection/lib/python3.8/site-packages/site.py
[1.008s] Creating /home/dahyeon/dev_ws/install/face_detection/lib/python3.8/site-packages/face-detection.egg-link (link to .)
[1.008s] Installing face_detect script to /home/dahyeon/dev_ws/install/face_detection/lib/face_detection
[1.008s] 
[1.009s] Installed /home/dahyeon/dev_ws/build/face_detection
[1.009s] running install_data
[1.009s] creating /home/dahyeon/dev_ws/install/face_detection/share/ament_index
[1.009s] creating /home/dahyeon/dev_ws/install/face_detection/share/ament_index/resource_index
[1.009s] creating /home/dahyeon/dev_ws/install/face_detection/share/ament_index/resource_index/packages
[1.009s] copying resource/face_detection -> /home/dahyeon/dev_ws/install/face_detection/share/ament_index/resource_index/packages
[1.009s] copying package.xml -> /home/dahyeon/dev_ws/install/face_detection/share/face_detection
[1.032s] Invoked command in '/home/dahyeon/dev_ws/build/face_detection' returned '0': PYTHONPATH=/home/dahyeon/dev_ws/install/face_detection/lib/python3.8/site-packages:${PYTHONPATH} /usr/bin/python3 setup.py develop --prefix /home/dahyeon/dev_ws/install/face_detection --editable --build-directory /home/dahyeon/dev_ws/build/face_detection/build --no-deps install_data --install-dir /home/dahyeon/dev_ws/install/face_detection
