[0.107s] DEBUG:colcon:Command line arguments: ['/usr/bin/colcon', 'build', '--symlink-install', '--packages-select', 'face_detection']
[0.108s] DEBUG:colcon:Parsed command line arguments: Namespace(allow_overriding=[], ament_cmake_args=None, base_paths=['.'], build_base='build', catkin_cmake_args=None, catkin_skip_building_tests=False, cmake_args=None, cmake_clean_cache=False, cmake_clean_first=False, cmake_force_configure=False, cmake_target=None, cmake_target_skip_unavailable=False, continue_on_error=False, event_handlers=None, executor='parallel', ignore_user_meta=False, install_base='install', log_base=None, log_level=None, main=<bound method BuildVerb.main of <colcon_core.verb.build.BuildVerb object at 0x7f305a4beb20>>, merge_install=False, metas=['./colcon.meta'], packages_above=None, packages_above_and_dependencies=None, packages_above_depth=None, packages_end=None, packages_ignore=None, packages_ignore_regex=None, packages_select=['face_detection'], packages_select_build_failed=False, packages_select_by_dep=None, packages_select_regex=None, packages_select_test_failures=False, packages_skip=None, packages_skip_build_finished=False, packages_skip_by_dep=None, packages_skip_regex=None, packages_skip_test_passed=False, packages_skip_up_to=None, packages_start=None, packages_up_to=None, packages_up_to_regex=None, parallel_workers=12, paths=None, symlink_install=True, test_result_base=None, verb_extension=<colcon_core.verb.build.BuildVerb object at 0x7f305a4beb20>, verb_name='build', verb_parser=<colcon_defaults.argument_parser.defaults.DefaultArgumentsDecorator object at 0x7f305a4c90d0>)
[0.111s] Level 1:colcon.colcon_core.package_discovery:discover_packages(colcon_meta) check parameters
[0.111s] Level 1:colcon.colcon_core.package_discovery:discover_packages(recursive) check parameters
[0.111s] Level 1:colcon.colcon_core.package_discovery:discover_packages(ignore) check parameters
[0.111s] Level 1:colcon.colcon_core.package_discovery:discover_packages(path) check parameters
[0.111s] Level 1:colcon.colcon_core.package_discovery:discover_packages(colcon_meta) discover
[0.111s] Level 1:colcon.colcon_core.package_discovery:discover_packages(recursive) discover
[0.111s] INFO:colcon.colcon_core.package_discovery:Crawling recursively for packages in '/home/dahyeon/dev_ws'
[0.111s] Level 1:colcon.colcon_core.package_identification:_identify(.) by extensions ['ignore', 'ignore_ament_install']
[0.111s] Level 1:colcon.colcon_core.package_identification:_identify(.) by extension 'ignore'
[0.111s] Level 1:colcon.colcon_core.package_identification:_identify(.) by extension 'ignore_ament_install'
[0.111s] Level 1:colcon.colcon_core.package_identification:_identify(.) by extensions ['colcon_pkg']
[0.112s] Level 1:colcon.colcon_core.package_identification:_identify(.) by extension 'colcon_pkg'
[0.112s] Level 1:colcon.colcon_core.package_identification:_identify(.) by extensions ['colcon_meta']
[0.112s] Level 1:colcon.colcon_core.package_identification:_identify(.) by extension 'colcon_meta'
[0.112s] Level 1:colcon.colcon_core.package_identification:_identify(.) by extensions ['ros']
[0.112s] Level 1:colcon.colcon_core.package_identification:_identify(.) by extension 'ros'
[0.119s] Level 1:colcon.colcon_core.package_identification:_identify(.) by extensions ['cmake', 'python']
[0.120s] Level 1:colcon.colcon_core.package_identification:_identify(.) by extension 'cmake'
[0.120s] Level 1:colcon.colcon_core.package_identification:_identify(.) by extension 'python'
[0.120s] Level 1:colcon.colcon_core.package_identification:_identify(.) by extensions ['python_setup_py']
[0.120s] Level 1:colcon.colcon_core.package_identification:_identify(.) by extension 'python_setup_py'
[0.120s] Level 1:colcon.colcon_core.package_identification:_identify(build) by extensions ['ignore', 'ignore_ament_install']
[0.120s] Level 1:colcon.colcon_core.package_identification:_identify(build) by extension 'ignore'
[0.120s] Level 1:colcon.colcon_core.package_identification:_identify(build) ignored
[0.120s] Level 1:colcon.colcon_core.package_identification:_identify(install) by extensions ['ignore', 'ignore_ament_install']
[0.120s] Level 1:colcon.colcon_core.package_identification:_identify(install) by extension 'ignore'
[0.120s] Level 1:colcon.colcon_core.package_identification:_identify(install) ignored
[0.120s] Level 1:colcon.colcon_core.package_identification:_identify(log) by extensions ['ignore', 'ignore_ament_install']
[0.120s] Level 1:colcon.colcon_core.package_identification:_identify(log) by extension 'ignore'
[0.120s] Level 1:colcon.colcon_core.package_identification:_identify(log) ignored
[0.120s] Level 1:colcon.colcon_core.package_identification:_identify(result) by extensions ['ignore', 'ignore_ament_install']
[0.121s] Level 1:colcon.colcon_core.package_identification:_identify(result) by extension 'ignore'
[0.121s] Level 1:colcon.colcon_core.package_identification:_identify(result) by extension 'ignore_ament_install'
[0.121s] Level 1:colcon.colcon_core.package_identification:_identify(result) by extensions ['colcon_pkg']
[0.121s] Level 1:colcon.colcon_core.package_identification:_identify(result) by extension 'colcon_pkg'
[0.121s] Level 1:colcon.colcon_core.package_identification:_identify(result) by extensions ['colcon_meta']
[0.121s] Level 1:colcon.colcon_core.package_identification:_identify(result) by extension 'colcon_meta'
[0.121s] Level 1:colcon.colcon_core.package_identification:_identify(result) by extensions ['ros']
[0.121s] Level 1:colcon.colcon_core.package_identification:_identify(result) by extension 'ros'
[0.121s] Level 1:colcon.colcon_core.package_identification:_identify(result) by extensions ['cmake', 'python']
[0.121s] Level 1:colcon.colcon_core.package_identification:_identify(result) by extension 'cmake'
[0.121s] Level 1:colcon.colcon_core.package_identification:_identify(result) by extension 'python'
[0.121s] Level 1:colcon.colcon_core.package_identification:_identify(result) by extensions ['python_setup_py']
[0.121s] Level 1:colcon.colcon_core.package_identification:_identify(result) by extension 'python_setup_py'
[0.121s] Level 1:colcon.colcon_core.package_identification:_identify(result/person_01) by extensions ['ignore', 'ignore_ament_install']
[0.121s] Level 1:colcon.colcon_core.package_identification:_identify(result/person_01) by extension 'ignore'
[0.121s] Level 1:colcon.colcon_core.package_identification:_identify(result/person_01) by extension 'ignore_ament_install'
[0.121s] Level 1:colcon.colcon_core.package_identification:_identify(result/person_01) by extensions ['colcon_pkg']
[0.121s] Level 1:colcon.colcon_core.package_identification:_identify(result/person_01) by extension 'colcon_pkg'
[0.121s] Level 1:colcon.colcon_core.package_identification:_identify(result/person_01) by extensions ['colcon_meta']
[0.121s] Level 1:colcon.colcon_core.package_identification:_identify(result/person_01) by extension 'colcon_meta'
[0.121s] Level 1:colcon.colcon_core.package_identification:_identify(result/person_01) by extensions ['ros']
[0.121s] Level 1:colcon.colcon_core.package_identification:_identify(result/person_01) by extension 'ros'
[0.121s] Level 1:colcon.colcon_core.package_identification:_identify(result/person_01) by extensions ['cmake', 'python']
[0.121s] Level 1:colcon.colcon_core.package_identification:_identify(result/person_01) by extension 'cmake'
[0.121s] Level 1:colcon.colcon_core.package_identification:_identify(result/person_01) by extension 'python'
[0.121s] Level 1:colcon.colcon_core.package_identification:_identify(result/person_01) by extensions ['python_setup_py']
[0.122s] Level 1:colcon.colcon_core.package_identification:_identify(result/person_01) by extension 'python_setup_py'
[0.122s] Level 1:colcon.colcon_core.package_identification:_identify(src) by extensions ['ignore', 'ignore_ament_install']
[0.122s] Level 1:colcon.colcon_core.package_identification:_identify(src) by extension 'ignore'
[0.122s] Level 1:colcon.colcon_core.package_identification:_identify(src) by extension 'ignore_ament_install'
[0.122s] Level 1:colcon.colcon_core.package_identification:_identify(src) by extensions ['colcon_pkg']
[0.122s] Level 1:colcon.colcon_core.package_identification:_identify(src) by extension 'colcon_pkg'
[0.122s] Level 1:colcon.colcon_core.package_identification:_identify(src) by extensions ['colcon_meta']
[0.122s] Level 1:colcon.colcon_core.package_identification:_identify(src) by extension 'colcon_meta'
[0.122s] Level 1:colcon.colcon_core.package_identification:_identify(src) by extensions ['ros']
[0.122s] Level 1:colcon.colcon_core.package_identification:_identify(src) by extension 'ros'
[0.122s] Level 1:colcon.colcon_core.package_identification:_identify(src) by extensions ['cmake', 'python']
[0.122s] Level 1:colcon.colcon_core.package_identification:_identify(src) by extension 'cmake'
[0.122s] Level 1:colcon.colcon_core.package_identification:_identify(src) by extension 'python'
[0.122s] Level 1:colcon.colcon_core.package_identification:_identify(src) by extensions ['python_setup_py']
[0.122s] Level 1:colcon.colcon_core.package_identification:_identify(src) by extension 'python_setup_py'
[0.122s] Level 1:colcon.colcon_core.package_identification:_identify(src/cv_basics) by extensions ['ignore', 'ignore_ament_install']
[0.122s] Level 1:colcon.colcon_core.package_identification:_identify(src/cv_basics) by extension 'ignore'
[0.122s] Level 1:colcon.colcon_core.package_identification:_identify(src/cv_basics) by extension 'ignore_ament_install'
[0.122s] Level 1:colcon.colcon_core.package_identification:_identify(src/cv_basics) by extensions ['colcon_pkg']
[0.122s] Level 1:colcon.colcon_core.package_identification:_identify(src/cv_basics) by extension 'colcon_pkg'
[0.122s] Level 1:colcon.colcon_core.package_identification:_identify(src/cv_basics) by extensions ['colcon_meta']
[0.122s] Level 1:colcon.colcon_core.package_identification:_identify(src/cv_basics) by extension 'colcon_meta'
[0.122s] Level 1:colcon.colcon_core.package_identification:_identify(src/cv_basics) by extensions ['ros']
[0.122s] Level 1:colcon.colcon_core.package_identification:_identify(src/cv_basics) by extension 'ros'
[0.124s] DEBUG:colcon.colcon_core.package_identification:Package 'src/cv_basics' with type 'ros.ament_python' and name 'cv_basics'
[0.124s] Level 1:colcon.colcon_core.package_identification:_identify(src/excutor_test) by extensions ['ignore', 'ignore_ament_install']
[0.124s] Level 1:colcon.colcon_core.package_identification:_identify(src/excutor_test) by extension 'ignore'
[0.124s] Level 1:colcon.colcon_core.package_identification:_identify(src/excutor_test) by extension 'ignore_ament_install'
[0.124s] Level 1:colcon.colcon_core.package_identification:_identify(src/excutor_test) by extensions ['colcon_pkg']
[0.124s] Level 1:colcon.colcon_core.package_identification:_identify(src/excutor_test) by extension 'colcon_pkg'
[0.124s] Level 1:colcon.colcon_core.package_identification:_identify(src/excutor_test) by extensions ['colcon_meta']
[0.124s] Level 1:colcon.colcon_core.package_identification:_identify(src/excutor_test) by extension 'colcon_meta'
[0.124s] Level 1:colcon.colcon_core.package_identification:_identify(src/excutor_test) by extensions ['ros']
[0.125s] Level 1:colcon.colcon_core.package_identification:_identify(src/excutor_test) by extension 'ros'
[0.125s] DEBUG:colcon.colcon_core.package_identification:Package 'src/excutor_test' with type 'ros.ament_python' and name 'excutor_test'
[0.125s] Level 1:colcon.colcon_core.package_identification:_identify(src/face_detection) by extensions ['ignore', 'ignore_ament_install']
[0.125s] Level 1:colcon.colcon_core.package_identification:_identify(src/face_detection) by extension 'ignore'
[0.125s] Level 1:colcon.colcon_core.package_identification:_identify(src/face_detection) by extension 'ignore_ament_install'
[0.125s] Level 1:colcon.colcon_core.package_identification:_identify(src/face_detection) by extensions ['colcon_pkg']
[0.125s] Level 1:colcon.colcon_core.package_identification:_identify(src/face_detection) by extension 'colcon_pkg'
[0.125s] Level 1:colcon.colcon_core.package_identification:_identify(src/face_detection) by extensions ['colcon_meta']
[0.125s] Level 1:colcon.colcon_core.package_identification:_identify(src/face_detection) by extension 'colcon_meta'
[0.125s] Level 1:colcon.colcon_core.package_identification:_identify(src/face_detection) by extensions ['ros']
[0.125s] Level 1:colcon.colcon_core.package_identification:_identify(src/face_detection) by extension 'ros'
[0.126s] DEBUG:colcon.colcon_core.package_identification:Package 'src/face_detection' with type 'ros.ament_python' and name 'face_detection'
[0.126s] Level 1:colcon.colcon_core.package_identification:_identify(src/uni) by extensions ['ignore', 'ignore_ament_install']
[0.126s] Level 1:colcon.colcon_core.package_identification:_identify(src/uni) by extension 'ignore'
[0.126s] Level 1:colcon.colcon_core.package_identification:_identify(src/uni) by extension 'ignore_ament_install'
[0.126s] Level 1:colcon.colcon_core.package_identification:_identify(src/uni) by extensions ['colcon_pkg']
[0.126s] Level 1:colcon.colcon_core.package_identification:_identify(src/uni) by extension 'colcon_pkg'
[0.126s] Level 1:colcon.colcon_core.package_identification:_identify(src/uni) by extensions ['colcon_meta']
[0.126s] Level 1:colcon.colcon_core.package_identification:_identify(src/uni) by extension 'colcon_meta'
[0.126s] Level 1:colcon.colcon_core.package_identification:_identify(src/uni) by extensions ['ros']
[0.126s] Level 1:colcon.colcon_core.package_identification:_identify(src/uni) by extension 'ros'
[0.127s] DEBUG:colcon.colcon_core.package_identification:Package 'src/uni' with type 'ros.ament_cmake' and name 'uni'
[0.127s] Level 1:colcon.colcon_core.package_identification:_identify(src/uni_save) by extensions ['ignore', 'ignore_ament_install']
[0.127s] Level 1:colcon.colcon_core.package_identification:_identify(src/uni_save) by extension 'ignore'
[0.127s] Level 1:colcon.colcon_core.package_identification:_identify(src/uni_save) by extension 'ignore_ament_install'
[0.127s] Level 1:colcon.colcon_core.package_identification:_identify(src/uni_save) by extensions ['colcon_pkg']
[0.127s] Level 1:colcon.colcon_core.package_identification:_identify(src/uni_save) by extension 'colcon_pkg'
[0.127s] Level 1:colcon.colcon_core.package_identification:_identify(src/uni_save) by extensions ['colcon_meta']
[0.127s] Level 1:colcon.colcon_core.package_identification:_identify(src/uni_save) by extension 'colcon_meta'
[0.127s] Level 1:colcon.colcon_core.package_identification:_identify(src/uni_save) by extensions ['ros']
[0.127s] Level 1:colcon.colcon_core.package_identification:_identify(src/uni_save) by extension 'ros'
[0.128s] DEBUG:colcon.colcon_core.package_identification:Package 'src/uni_save' with type 'ros.ament_cmake' and name 'uni_save'
[0.128s] Level 1:colcon.colcon_core.package_identification:_identify(src/uni_time) by extensions ['ignore', 'ignore_ament_install']
[0.128s] Level 1:colcon.colcon_core.package_identification:_identify(src/uni_time) by extension 'ignore'
[0.128s] Level 1:colcon.colcon_core.package_identification:_identify(src/uni_time) by extension 'ignore_ament_install'
[0.128s] Level 1:colcon.colcon_core.package_identification:_identify(src/uni_time) by extensions ['colcon_pkg']
[0.128s] Level 1:colcon.colcon_core.package_identification:_identify(src/uni_time) by extension 'colcon_pkg'
[0.128s] Level 1:colcon.colcon_core.package_identification:_identify(src/uni_time) by extensions ['colcon_meta']
[0.128s] Level 1:colcon.colcon_core.package_identification:_identify(src/uni_time) by extension 'colcon_meta'
[0.128s] Level 1:colcon.colcon_core.package_identification:_identify(src/uni_time) by extensions ['ros']
[0.128s] Level 1:colcon.colcon_core.package_identification:_identify(src/uni_time) by extension 'ros'
[0.128s] Level 1:colcon.colcon_core.package_identification:_identify(src/uni_time) by extensions ['cmake', 'python']
[0.128s] Level 1:colcon.colcon_core.package_identification:_identify(src/uni_time) by extension 'cmake'
[0.128s] Level 1:colcon.colcon_core.package_identification:_identify(src/uni_time) by extension 'python'
[0.128s] Level 1:colcon.colcon_core.package_identification:_identify(src/uni_time) by extensions ['python_setup_py']
[0.128s] Level 1:colcon.colcon_core.package_identification:_identify(src/uni_time) by extension 'python_setup_py'
[0.128s] Level 1:colcon.colcon_core.package_identification:_identify(src/uni_time/time_alarm_handle) by extensions ['ignore', 'ignore_ament_install']
[0.128s] Level 1:colcon.colcon_core.package_identification:_identify(src/uni_time/time_alarm_handle) by extension 'ignore'
[0.128s] Level 1:colcon.colcon_core.package_identification:_identify(src/uni_time/time_alarm_handle) by extension 'ignore_ament_install'
[0.128s] Level 1:colcon.colcon_core.package_identification:_identify(src/uni_time/time_alarm_handle) by extensions ['colcon_pkg']
[0.128s] Level 1:colcon.colcon_core.package_identification:_identify(src/uni_time/time_alarm_handle) by extension 'colcon_pkg'
[0.128s] Level 1:colcon.colcon_core.package_identification:_identify(src/uni_time/time_alarm_handle) by extensions ['colcon_meta']
[0.128s] Level 1:colcon.colcon_core.package_identification:_identify(src/uni_time/time_alarm_handle) by extension 'colcon_meta'
[0.128s] Level 1:colcon.colcon_core.package_identification:_identify(src/uni_time/time_alarm_handle) by extensions ['ros']
[0.129s] Level 1:colcon.colcon_core.package_identification:_identify(src/uni_time/time_alarm_handle) by extension 'ros'
[0.129s] DEBUG:colcon.colcon_core.package_identification:Package 'src/uni_time/time_alarm_handle' with type 'ros.ament_python' and name 'time_alarm_handle'
[0.129s] Level 1:colcon.colcon_core.package_identification:_identify(src/uni_time/time_calculate) by extensions ['ignore', 'ignore_ament_install']
[0.129s] Level 1:colcon.colcon_core.package_identification:_identify(src/uni_time/time_calculate) by extension 'ignore'
[0.129s] Level 1:colcon.colcon_core.package_identification:_identify(src/uni_time/time_calculate) by extension 'ignore_ament_install'
[0.129s] Level 1:colcon.colcon_core.package_identification:_identify(src/uni_time/time_calculate) by extensions ['colcon_pkg']
[0.129s] Level 1:colcon.colcon_core.package_identification:_identify(src/uni_time/time_calculate) by extension 'colcon_pkg'
[0.129s] Level 1:colcon.colcon_core.package_identification:_identify(src/uni_time/time_calculate) by extensions ['colcon_meta']
[0.129s] Level 1:colcon.colcon_core.package_identification:_identify(src/uni_time/time_calculate) by extension 'colcon_meta'
[0.129s] Level 1:colcon.colcon_core.package_identification:_identify(src/uni_time/time_calculate) by extensions ['ros']
[0.129s] Level 1:colcon.colcon_core.package_identification:_identify(src/uni_time/time_calculate) by extension 'ros'
[0.130s] DEBUG:colcon.colcon_core.package_identification:Package 'src/uni_time/time_calculate' with type 'ros.ament_cmake' and name 'time_calculate'
[0.130s] Level 1:colcon.colcon_core.package_identification:_identify(src/uni_time/time_msgs) by extensions ['ignore', 'ignore_ament_install']
[0.130s] Level 1:colcon.colcon_core.package_identification:_identify(src/uni_time/time_msgs) by extension 'ignore'
[0.130s] Level 1:colcon.colcon_core.package_identification:_identify(src/uni_time/time_msgs) by extension 'ignore_ament_install'
[0.130s] Level 1:colcon.colcon_core.package_identification:_identify(src/uni_time/time_msgs) by extensions ['colcon_pkg']
[0.130s] Level 1:colcon.colcon_core.package_identification:_identify(src/uni_time/time_msgs) by extension 'colcon_pkg'
[0.130s] Level 1:colcon.colcon_core.package_identification:_identify(src/uni_time/time_msgs) by extensions ['colcon_meta']
[0.130s] Level 1:colcon.colcon_core.package_identification:_identify(src/uni_time/time_msgs) by extension 'colcon_meta'
[0.130s] Level 1:colcon.colcon_core.package_identification:_identify(src/uni_time/time_msgs) by extensions ['ros']
[0.130s] Level 1:colcon.colcon_core.package_identification:_identify(src/uni_time/time_msgs) by extension 'ros'
[0.131s] DEBUG:colcon.colcon_core.package_identification:Package 'src/uni_time/time_msgs' with type 'ros.ament_cmake' and name 'time_msgs'
[0.131s] Level 1:colcon.colcon_core.package_identification:_identify(src/voice_recognition) by extensions ['ignore', 'ignore_ament_install']
[0.131s] Level 1:colcon.colcon_core.package_identification:_identify(src/voice_recognition) by extension 'ignore'
[0.131s] Level 1:colcon.colcon_core.package_identification:_identify(src/voice_recognition) by extension 'ignore_ament_install'
[0.131s] Level 1:colcon.colcon_core.package_identification:_identify(src/voice_recognition) by extensions ['colcon_pkg']
[0.131s] Level 1:colcon.colcon_core.package_identification:_identify(src/voice_recognition) by extension 'colcon_pkg'
[0.131s] Level 1:colcon.colcon_core.package_identification:_identify(src/voice_recognition) by extensions ['colcon_meta']
[0.131s] Level 1:colcon.colcon_core.package_identification:_identify(src/voice_recognition) by extension 'colcon_meta'
[0.131s] Level 1:colcon.colcon_core.package_identification:_identify(src/voice_recognition) by extensions ['ros']
[0.131s] Level 1:colcon.colcon_core.package_identification:_identify(src/voice_recognition) by extension 'ros'
[0.131s] DEBUG:colcon.colcon_core.package_identification:Package 'src/voice_recognition' with type 'ros.ament_python' and name 'voice_recognition'
[0.131s] Level 1:colcon.colcon_core.package_identification:_identify(voice_recognition) by extensions ['ignore', 'ignore_ament_install']
[0.131s] Level 1:colcon.colcon_core.package_identification:_identify(voice_recognition) by extension 'ignore'
[0.132s] Level 1:colcon.colcon_core.package_identification:_identify(voice_recognition) by extension 'ignore_ament_install'
[0.132s] Level 1:colcon.colcon_core.package_identification:_identify(voice_recognition) by extensions ['colcon_pkg']
[0.132s] Level 1:colcon.colcon_core.package_identification:_identify(voice_recognition) by extension 'colcon_pkg'
[0.132s] Level 1:colcon.colcon_core.package_identification:_identify(voice_recognition) by extensions ['colcon_meta']
[0.132s] Level 1:colcon.colcon_core.package_identification:_identify(voice_recognition) by extension 'colcon_meta'
[0.132s] Level 1:colcon.colcon_core.package_identification:_identify(voice_recognition) by extensions ['ros']
[0.132s] Level 1:colcon.colcon_core.package_identification:_identify(voice_recognition) by extension 'ros'
[0.132s] DEBUG:colcon.colcon_core.package_identification:Package 'voice_recognition' with type 'ros.ament_python' and name 'voice_recognition'
[0.132s] Level 1:colcon.colcon_core.package_discovery:discover_packages(recursive) using defaults
[0.132s] Level 1:colcon.colcon_core.package_discovery:discover_packages(ignore) discover
[0.132s] Level 1:colcon.colcon_core.package_discovery:discover_packages(ignore) using defaults
[0.132s] Level 1:colcon.colcon_core.package_discovery:discover_packages(path) discover
[0.132s] Level 1:colcon.colcon_core.package_discovery:discover_packages(path) using defaults
[0.146s] INFO:colcon.colcon_core.package_selection:Skipping not selected package 'cv_basics' in 'src/cv_basics'
[0.147s] INFO:colcon.colcon_core.package_selection:Skipping not selected package 'time_msgs' in 'src/uni_time/time_msgs'
[0.147s] INFO:colcon.colcon_core.package_selection:Skipping not selected package 'uni' in 'src/uni'
[0.147s] INFO:colcon.colcon_core.package_selection:Skipping not selected package 'uni_save' in 'src/uni_save'
[0.147s] INFO:colcon.colcon_core.package_selection:Skipping not selected package 'excutor_test' in 'src/excutor_test'
[0.147s] INFO:colcon.colcon_core.package_selection:Skipping not selected package 'time_alarm_handle' in 'src/uni_time/time_alarm_handle'
[0.147s] INFO:colcon.colcon_core.package_selection:Skipping not selected package 'time_calculate' in 'src/uni_time/time_calculate'
[0.147s] INFO:colcon.colcon_core.package_selection:Skipping not selected package 'voice_recognition' in 'src/voice_recognition'
[0.147s] INFO:colcon.colcon_core.package_selection:Skipping not selected package 'voice_recognition' in 'voice_recognition'
[0.147s] Level 5:colcon.colcon_core.verb:set package 'face_detection' build argument 'cmake_args' from command line to 'None'
[0.147s] Level 5:colcon.colcon_core.verb:set package 'face_detection' build argument 'cmake_target' from command line to 'None'
[0.147s] Level 5:colcon.colcon_core.verb:set package 'face_detection' build argument 'cmake_target_skip_unavailable' from command line to 'False'
[0.147s] Level 5:colcon.colcon_core.verb:set package 'face_detection' build argument 'cmake_clean_cache' from command line to 'False'
[0.147s] Level 5:colcon.colcon_core.verb:set package 'face_detection' build argument 'cmake_clean_first' from command line to 'False'
[0.147s] Level 5:colcon.colcon_core.verb:set package 'face_detection' build argument 'cmake_force_configure' from command line to 'False'
[0.147s] Level 5:colcon.colcon_core.verb:set package 'face_detection' build argument 'ament_cmake_args' from command line to 'None'
[0.147s] Level 5:colcon.colcon_core.verb:set package 'face_detection' build argument 'catkin_cmake_args' from command line to 'None'
[0.147s] Level 5:colcon.colcon_core.verb:set package 'face_detection' build argument 'catkin_skip_building_tests' from command line to 'False'
[0.147s] DEBUG:colcon.colcon_core.verb:Building package 'face_detection' with the following arguments: {'ament_cmake_args': None, 'build_base': '/home/dahyeon/dev_ws/build/face_detection', 'catkin_cmake_args': None, 'catkin_skip_building_tests': False, 'cmake_args': None, 'cmake_clean_cache': False, 'cmake_clean_first': False, 'cmake_force_configure': False, 'cmake_target': None, 'cmake_target_skip_unavailable': False, 'install_base': '/home/dahyeon/dev_ws/install/face_detection', 'merge_install': False, 'path': '/home/dahyeon/dev_ws/src/face_detection', 'symlink_install': True, 'test_result_base': None}
[0.151s] WARNING:colcon.colcon_core.verb:Some selected packages are already built in one or more underlay workspaces:
	'face_detection' is in: /home/dahyeon/dev_ws/install/face_detection
If a package in a merged underlay workspace is overridden and it installs headers, then all packages in the overlay must sort their include directories by workspace order. Failure to do so may result in build failures or undefined behavior at run time.
If the overridden package is used by another package in any underlay, then the overriding package in the overlay must be API and ABI compatible or undefined behavior at run time may occur.

If you understand the risks and want to override a package anyways, add the following to the command line:
	--allow-overriding face_detection

This may be promoted to an error in a future release of colcon-core.
[0.151s] INFO:colcon.colcon_core.executor:Executing jobs using 'parallel' executor
[0.152s] DEBUG:colcon.colcon_parallel_executor.executor.parallel:run_until_complete
[0.153s] INFO:colcon.colcon_ros.task.ament_python.build:Building ROS package in '/home/dahyeon/dev_ws/src/face_detection' with build type 'ament_python'
[0.153s] Level 1:colcon.colcon_core.shell:create_environment_hook('face_detection', 'ament_prefix_path')
[0.156s] INFO:colcon.colcon_core.plugin_system:Skipping extension 'colcon_core.shell.bat': Not used on non-Windows systems
[0.156s] INFO:colcon.colcon_core.shell:Creating environment hook '/home/dahyeon/dev_ws/install/face_detection/share/face_detection/hook/ament_prefix_path.ps1'
[0.156s] INFO:colcon.colcon_core.shell:Creating environment descriptor '/home/dahyeon/dev_ws/install/face_detection/share/face_detection/hook/ament_prefix_path.dsv'
[0.157s] INFO:colcon.colcon_core.shell:Creating environment hook '/home/dahyeon/dev_ws/install/face_detection/share/face_detection/hook/ament_prefix_path.sh'
[0.157s] INFO:colcon.colcon_core.shell:Skip shell extension 'powershell' for command environment: Not usable outside of PowerShell
[0.157s] DEBUG:colcon.colcon_core.shell:Skip shell extension 'dsv' for command environment
[0.349s] INFO:colcon.colcon_core.task.python.build:Building Python package in '/home/dahyeon/dev_ws/src/face_detection'
[0.349s] INFO:colcon.colcon_core.shell:Skip shell extension 'powershell' for command environment: Not usable outside of PowerShell
[0.349s] DEBUG:colcon.colcon_core.shell:Skip shell extension 'dsv' for command environment
[0.648s] DEBUG:colcon.colcon_core.event_handler.log_command:Invoking command in '/home/dahyeon/dev_ws/build/face_detection': PYTHONPATH=/home/dahyeon/dev_ws/install/face_detection/lib/python3.8/site-packages:${PYTHONPATH} /usr/bin/python3 setup.py develop --prefix /home/dahyeon/dev_ws/install/face_detection --editable --build-directory /home/dahyeon/dev_ws/build/face_detection/build --no-deps install_data --install-dir /home/dahyeon/dev_ws/install/face_detection
[1.019s] Level 1:colcon.colcon_core.shell:create_environment_hook('face_detection', 'pythonpath_develop')
[1.019s] INFO:colcon.colcon_core.shell:Creating environment hook '/home/dahyeon/dev_ws/build/face_detection/share/face_detection/hook/pythonpath_develop.ps1'
[1.020s] DEBUG:colcon.colcon_core.event_handler.log_command:Invoked command in '/home/dahyeon/dev_ws/build/face_detection' returned '0': PYTHONPATH=/home/dahyeon/dev_ws/install/face_detection/lib/python3.8/site-packages:${PYTHONPATH} /usr/bin/python3 setup.py develop --prefix /home/dahyeon/dev_ws/install/face_detection --editable --build-directory /home/dahyeon/dev_ws/build/face_detection/build --no-deps install_data --install-dir /home/dahyeon/dev_ws/install/face_detection
[1.020s] INFO:colcon.colcon_core.shell:Creating environment descriptor '/home/dahyeon/dev_ws/build/face_detection/share/face_detection/hook/pythonpath_develop.dsv'
[1.020s] INFO:colcon.colcon_core.shell:Creating environment hook '/home/dahyeon/dev_ws/build/face_detection/share/face_detection/hook/pythonpath_develop.sh'
[1.024s] Level 1:colcon.colcon_core.environment:checking '/home/dahyeon/dev_ws/install/face_detection' for CMake module files
[1.024s] Level 1:colcon.colcon_core.environment:checking '/home/dahyeon/dev_ws/install/face_detection' for CMake config files
[1.024s] Level 1:colcon.colcon_core.environment:checking '/home/dahyeon/dev_ws/install/face_detection/lib'
[1.024s] Level 1:colcon.colcon_core.environment:checking '/home/dahyeon/dev_ws/install/face_detection/bin'
[1.024s] Level 1:colcon.colcon_core.environment:checking '/home/dahyeon/dev_ws/install/face_detection/lib/pkgconfig/face_detection.pc'
[1.024s] Level 1:colcon.colcon_core.environment:checking '/home/dahyeon/dev_ws/install/face_detection/lib/python3.8/site-packages'
[1.025s] Level 1:colcon.colcon_core.shell:create_environment_hook('face_detection', 'pythonpath')
[1.025s] INFO:colcon.colcon_core.shell:Creating environment hook '/home/dahyeon/dev_ws/install/face_detection/share/face_detection/hook/pythonpath.ps1'
[1.025s] INFO:colcon.colcon_core.shell:Creating environment descriptor '/home/dahyeon/dev_ws/install/face_detection/share/face_detection/hook/pythonpath.dsv'
[1.025s] INFO:colcon.colcon_core.shell:Creating environment hook '/home/dahyeon/dev_ws/install/face_detection/share/face_detection/hook/pythonpath.sh'
[1.026s] Level 1:colcon.colcon_core.environment:create_environment_scripts_only(face_detection)
[1.026s] INFO:colcon.colcon_core.shell:Creating package script '/home/dahyeon/dev_ws/install/face_detection/share/face_detection/package.ps1'
[1.027s] INFO:colcon.colcon_core.shell:Creating package descriptor '/home/dahyeon/dev_ws/install/face_detection/share/face_detection/package.dsv'
[1.027s] INFO:colcon.colcon_core.shell:Creating package script '/home/dahyeon/dev_ws/install/face_detection/share/face_detection/package.sh'
[1.028s] INFO:colcon.colcon_core.shell:Creating package script '/home/dahyeon/dev_ws/install/face_detection/share/face_detection/package.bash'
[1.028s] INFO:colcon.colcon_core.shell:Creating package script '/home/dahyeon/dev_ws/install/face_detection/share/face_detection/package.zsh'
[1.029s] Level 1:colcon.colcon_core.environment:create_file_with_runtime_dependencies(/home/dahyeon/dev_ws/install/face_detection/share/colcon-core/packages/face_detection)
[1.029s] DEBUG:colcon.colcon_parallel_executor.executor.parallel:closing loop
[1.029s] DEBUG:colcon.colcon_parallel_executor.executor.parallel:loop closed
[1.029s] DEBUG:colcon.colcon_parallel_executor.executor.parallel:run_until_complete finished with '0'
[1.029s] DEBUG:colcon.colcon_core.event_reactor:joining thread
[1.034s] INFO:colcon.colcon_core.plugin_system:Skipping extension 'colcon_notification.desktop_notification.terminal_notifier': Not used on non-Darwin systems
[1.034s] INFO:colcon.colcon_core.plugin_system:Skipping extension 'colcon_notification.desktop_notification.win32': Not used on non-Windows systems
[1.034s] INFO:colcon.colcon_notification.desktop_notification:Sending desktop notification using 'notify2'
[1.043s] DEBUG:colcon.colcon_core.event_reactor:joined thread
[1.044s] INFO:colcon.colcon_core.shell:Creating prefix script '/home/dahyeon/dev_ws/install/local_setup.ps1'
[1.045s] INFO:colcon.colcon_core.shell:Creating prefix util module '/home/dahyeon/dev_ws/install/_local_setup_util_ps1.py'
[1.045s] INFO:colcon.colcon_core.shell:Creating prefix chain script '/home/dahyeon/dev_ws/install/setup.ps1'
[1.047s] INFO:colcon.colcon_core.shell:Creating prefix script '/home/dahyeon/dev_ws/install/local_setup.sh'
[1.048s] INFO:colcon.colcon_core.shell:Creating prefix util module '/home/dahyeon/dev_ws/install/_local_setup_util_sh.py'
[1.048s] INFO:colcon.colcon_core.shell:Creating prefix chain script '/home/dahyeon/dev_ws/install/setup.sh'
[1.050s] INFO:colcon.colcon_core.shell:Creating prefix script '/home/dahyeon/dev_ws/install/local_setup.bash'
[1.050s] INFO:colcon.colcon_core.shell:Creating prefix chain script '/home/dahyeon/dev_ws/install/setup.bash'
[1.052s] INFO:colcon.colcon_core.shell:Creating prefix script '/home/dahyeon/dev_ws/install/local_setup.zsh'
[1.052s] INFO:colcon.colcon_core.shell:Creating prefix chain script '/home/dahyeon/dev_ws/install/setup.zsh'
