-- Found ament_cmake: 0.9.9 (/opt/ros/foxy/share/ament_cmake/cmake)
-- Using PYTHON_EXECUTABLE: /usr/bin/python3
-- Override CMake install command with custom implementation using symlinks instead of copying resources
-- Found rclcpp: 2.4.1 (/opt/ros/foxy/share/rclcpp/cmake)
-- Using all available rosidl_typesupport_c: rosidl_typesupport_fastrtps_c;rosidl_typesupport_introspection_c
-- Found rosidl_adapter: 1.2.1 (/opt/ros/foxy/share/rosidl_adapter/cmake)
-- Using all available rosidl_typesupport_cpp: rosidl_typesupport_fastrtps_cpp;rosidl_typesupport_introspection_cpp
-- Found rmw_implementation_cmake: 1.0.3 (/opt/ros/foxy/share/rmw_implementation_cmake/cmake)
-- Using RMW implementation 'rmw_fastrtps_cpp' as default
-- Found srv_alarm_interface: 0.6.0 (/home/dahyeon/dev_ws/install/srv_alarm_interface/share/srv_alarm_interface/cmake)
-- Found ament_lint_auto: 0.9.6 (/opt/ros/foxy/share/ament_lint_auto/cmake)
-- Added test 'copyright' to check source files copyright and LICENSE
-- Added test 'cppcheck' to perform static code analysis on C / C++ code
-- Configured cppcheck include dirs: /home/dahyeon/dev_ws/src/uni/include
-- Configured cppcheck exclude dirs and/or files: 
-- Added test 'cpplint' to check C / C++ code against the Google style
-- Configured cpplint exclude dirs and/or files: 
-- Added test 'flake8' to check Python code syntax and style conventions
-- Added test 'lint_cmake' to check CMake code style
-- Added test 'pep257' to check Python code against some of the style conventions in PEP 257
-- Added test 'uncrustify' to check C / C++ code style
-- Configured uncrustify additional arguments: 
-- Added test 'xmllint' to check XML markup files
-- Configuring done
-- Generating done
-- Build files have been written to: /home/dahyeon/dev_ws/build/uni
[35m[1mScanning dependencies of target alarm_change_client[0m
[35m[1mScanning dependencies of target alarmclient[0m
[35m[1mScanning dependencies of target alarmserver[0m
[ 50%] [32mBuilding CXX object CMakeFiles/alarmserver.dir/src/alarm/alarmserver.cpp.o[0m
[ 50%] [32mBuilding CXX object CMakeFiles/alarm_change_client.dir/src/alarm_request/alarm_change_client.cpp.o[0m
[ 50%] [32mBuilding CXX object CMakeFiles/alarmclient.dir/src/alarm_request/alarmclient.cpp.o[0m
[01m[K/home/dahyeon/dev_ws/src/uni/src/alarm_request/alarm_change_client.cpp:[m[K In function ‘[01m[Kvoid parameter_call_back(std::shared_future<std::vector<rcl_interfaces::msg::SetParametersResult_<std::allocator<void> > > >)[m[K’:
[01m[K/home/dahyeon/dev_ws/src/uni/src/alarm_request/alarm_change_client.cpp:10:100:[m[K [01;35m[Kwarning: [m[Kunused parameter ‘[01m[Kfuture[m[K’ [[01;35m[K-Wunused-parameter[m[K]
   10 | [01;35m[Knterfaces::msg::SetParametersResult>> future[m[K)
      | [01;35m[K~~~~~~~~~~~~~~~~~~~~~~~~~~~~~~~~~~~~~~^~~~~~[m[K

[01m[K/home/dahyeon/dev_ws/src/uni/src/alarm/alarmserver.cpp:[m[K In constructor ‘[01m[KAlarmserver::Alarmserver(const rclcpp::NodeOptions&)[m[K’:
[01m[K/home/dahyeon/dev_ws/src/uni/src/alarm/alarmserver.cpp:24:82:[m[K [01;35m[Kwarning: [m[K‘[01m[Krclcpp::Node::OnParametersSetCallbackType rclcpp::Node::set_on_parameters_set_callback(rclcpp::Node::OnParametersSetCallbackType)[m[K’ is deprecated: use add_on_set_parameters_callback(OnParametersSetCallbackType callback) instead [[01;35m[K-Wdeprecated-declarations[m[K]
   24 |         std::bind(&Alarmserver::parameter_call_back, this, std::placeholders::_1)[01;35m[K)[m[K;
      |                                                                                  [01;35m[K^[m[K
In file included from [01m[K/opt/ros/foxy/include/rclcpp/executors/single_threaded_executor.hpp:28[m[K,
                 from [01m[K/opt/ros/foxy/include/rclcpp/executors.hpp:22[m[K,
                 from [01m[K/opt/ros/foxy/include/rclcpp/rclcpp.hpp:146[m[K,
                 from [01m[K/home/dahyeon/dev_ws/src/uni/include/alarm/alarmserver.hpp:4[m[K,
                 from [01m[K/home/dahyeon/dev_ws/src/uni/src/alarm/alarmserver.cpp:1[m[K:
[01m[K/opt/ros/foxy/include/rclcpp/node.hpp:866:3:[m[K [01;36m[Knote: [m[Kdeclared here
  866 |   [01;36m[Kset_on_parameters_set_callback[m[K(rclcpp::Node::OnParametersSetCallbackType callback);
      |   [01;36m[K^~~~~~~~~~~~~~~~~~~~~~~~~~~~~~[m[K
[ 66%] [32m[1mLinking CXX executable alarm_change_client[0m
[ 66%] Built target alarm_change_client
[ 83%] [32m[1mLinking CXX executable alarmclient[0m
[ 83%] Built target alarmclient
[100%] [32m[1mLinking CXX executable alarmserver[0m
[100%] Built target alarmserver
-- Install configuration: ""
-- Execute custom install script
-- Up-to-date symlink: /home/dahyeon/dev_ws/install/uni/lib/uni/alarmserver
-- Up-to-date symlink: /home/dahyeon/dev_ws/install/uni/lib/uni/alarmclient
-- Up-to-date symlink: /home/dahyeon/dev_ws/install/uni/lib/uni/alarm_change_client
-- Up-to-date symlink: /home/dahyeon/dev_ws/install/uni/share/ament_index/resource_index/package_run_dependencies/uni
-- Up-to-date symlink: /home/dahyeon/dev_ws/install/uni/share/ament_index/resource_index/parent_prefix_path/uni
-- Up-to-date symlink: /home/dahyeon/dev_ws/install/uni/share/uni/environment/ament_prefix_path.sh
-- Up-to-date symlink: /home/dahyeon/dev_ws/install/uni/share/uni/environment/ament_prefix_path.dsv
-- Up-to-date symlink: /home/dahyeon/dev_ws/install/uni/share/uni/environment/path.sh
-- Up-to-date symlink: /home/dahyeon/dev_ws/install/uni/share/uni/environment/path.dsv
-- Up-to-date symlink: /home/dahyeon/dev_ws/install/uni/share/uni/local_setup.bash
-- Up-to-date symlink: /home/dahyeon/dev_ws/install/uni/share/uni/local_setup.sh
-- Up-to-date symlink: /home/dahyeon/dev_ws/install/uni/share/uni/local_setup.zsh
-- Up-to-date symlink: /home/dahyeon/dev_ws/install/uni/share/uni/local_setup.dsv
-- Symlinking: /home/dahyeon/dev_ws/install/uni/share/uni/package.dsv
-- Up-to-date symlink: /home/dahyeon/dev_ws/install/uni/share/ament_index/resource_index/packages/uni
-- Up-to-date symlink: /home/dahyeon/dev_ws/install/uni/share/uni/cmake/uniConfig.cmake
-- Up-to-date symlink: /home/dahyeon/dev_ws/install/uni/share/uni/cmake/uniConfig-version.cmake
-- Up-to-date symlink: /home/dahyeon/dev_ws/install/uni/share/uni/package.xml
