[0.512s] Invoking command in '/home/dahyeon/dev_ws/build/tf2_rclcpp_example': CMAKE_PREFIX_PATH=${CMAKE_PREFIX_PATH}:/opt/ros/foxy /usr/bin/cmake --build /home/dahyeon/dev_ws/build/tf2_rclcpp_example -- -j12 -l12
[0.691s] [ 66%] Built target listener
[0.692s] [ 66%] Built target static_broadcaster
[0.693s] [100%] Built target broadcaster
[0.701s] Invoked command in '/home/dahyeon/dev_ws/build/tf2_rclcpp_example' returned '0': CMAKE_PREFIX_PATH=${CMAKE_PREFIX_PATH}:/opt/ros/foxy /usr/bin/cmake --build /home/dahyeon/dev_ws/build/tf2_rclcpp_example -- -j12 -l12
[0.774s] Invoking command in '/home/dahyeon/dev_ws/build/tf2_rclcpp_example': CMAKE_PREFIX_PATH=${CMAKE_PREFIX_PATH}:/opt/ros/foxy /usr/bin/cmake --install /home/dahyeon/dev_ws/build/tf2_rclcpp_example
[0.783s] -- Install configuration: ""
[0.784s] -- Execute custom install script
[0.784s] -- Up-to-date symlink: /home/dahyeon/dev_ws/install/tf2_rclcpp_example/lib/tf2_rclcpp_example/broadcaster
[0.785s] -- Up-to-date symlink: /home/dahyeon/dev_ws/install/tf2_rclcpp_example/lib/tf2_rclcpp_example/listener
[0.785s] -- Up-to-date symlink: /home/dahyeon/dev_ws/install/tf2_rclcpp_example/lib/tf2_rclcpp_example/static_broadcaster
[0.785s] -- Up-to-date symlink: /home/dahyeon/dev_ws/install/tf2_rclcpp_example/share/tf2_rclcpp_example/rviz/arm.rviz
[0.786s] -- Up-to-date symlink: /home/dahyeon/dev_ws/install/tf2_rclcpp_example/share/ament_index/resource_index/package_run_dependencies/tf2_rclcpp_example
[0.786s] -- Up-to-date symlink: /home/dahyeon/dev_ws/install/tf2_rclcpp_example/share/ament_index/resource_index/parent_prefix_path/tf2_rclcpp_example
[0.786s] -- Up-to-date symlink: /home/dahyeon/dev_ws/install/tf2_rclcpp_example/share/tf2_rclcpp_example/environment/ament_prefix_path.sh
[0.787s] -- Up-to-date symlink: /home/dahyeon/dev_ws/install/tf2_rclcpp_example/share/tf2_rclcpp_example/environment/ament_prefix_path.dsv
[0.787s] -- Up-to-date symlink: /home/dahyeon/dev_ws/install/tf2_rclcpp_example/share/tf2_rclcpp_example/environment/path.sh
[0.787s] -- Up-to-date symlink: /home/dahyeon/dev_ws/install/tf2_rclcpp_example/share/tf2_rclcpp_example/environment/path.dsv
[0.787s] -- Up-to-date symlink: /home/dahyeon/dev_ws/install/tf2_rclcpp_example/share/tf2_rclcpp_example/local_setup.bash
[0.787s] -- Up-to-date symlink: /home/dahyeon/dev_ws/install/tf2_rclcpp_example/share/tf2_rclcpp_example/local_setup.sh
[0.787s] -- Up-to-date symlink: /home/dahyeon/dev_ws/install/tf2_rclcpp_example/share/tf2_rclcpp_example/local_setup.zsh
[0.788s] -- Up-to-date symlink: /home/dahyeon/dev_ws/install/tf2_rclcpp_example/share/tf2_rclcpp_example/local_setup.dsv
[0.788s] -- Symlinking: /home/dahyeon/dev_ws/install/tf2_rclcpp_example/share/tf2_rclcpp_example/package.dsv
[0.791s] -- Up-to-date symlink: /home/dahyeon/dev_ws/install/tf2_rclcpp_example/share/ament_index/resource_index/packages/tf2_rclcpp_example
[0.791s] -- Up-to-date symlink: /home/dahyeon/dev_ws/install/tf2_rclcpp_example/share/tf2_rclcpp_example/cmake/tf2_rclcpp_exampleConfig.cmake
[0.792s] -- Up-to-date symlink: /home/dahyeon/dev_ws/install/tf2_rclcpp_example/share/tf2_rclcpp_example/cmake/tf2_rclcpp_exampleConfig-version.cmake
[0.792s] -- Up-to-date symlink: /home/dahyeon/dev_ws/install/tf2_rclcpp_example/share/tf2_rclcpp_example/package.xml
[0.843s] Invoked command in '/home/dahyeon/dev_ws/build/tf2_rclcpp_example' returned '0': CMAKE_PREFIX_PATH=${CMAKE_PREFIX_PATH}:/opt/ros/foxy /usr/bin/cmake --install /home/dahyeon/dev_ws/build/tf2_rclcpp_example
