[0.838s] Invoking command in '/home/dahyeon/dev_ws/build/py_pubsub': PYTHONPATH=/home/dahyeon/dev_ws/install/py_pubsub/lib/python3.8/site-packages:${PYTHONPATH} /usr/bin/python3 setup.py develop --prefix /home/dahyeon/dev_ws/install/py_pubsub --editable --build-directory /home/dahyeon/dev_ws/build/py_pubsub/build --no-deps install_data --install-dir /home/dahyeon/dev_ws/install/py_pubsub
[1.027s] running develop
[1.138s] running egg_info
[1.138s] creating py_pubsub.egg-info
[1.138s] writing py_pubsub.egg-info/PKG-INFO
[1.139s] writing dependency_links to py_pubsub.egg-info/dependency_links.txt
[1.139s] writing entry points to py_pubsub.egg-info/entry_points.txt
[1.139s] writing requirements to py_pubsub.egg-info/requires.txt
[1.139s] writing top-level names to py_pubsub.egg-info/top_level.txt
[1.145s] writing manifest file 'py_pubsub.egg-info/SOURCES.txt'
[1.170s] reading manifest file 'py_pubsub.egg-info/SOURCES.txt'
[1.170s] writing manifest file 'py_pubsub.egg-info/SOURCES.txt'
[1.196s] running build_ext
[1.197s] Creating /home/dahyeon/dev_ws/install/py_pubsub/lib/python3.8/site-packages/site.py
[1.198s] Creating /home/dahyeon/dev_ws/install/py_pubsub/lib/python3.8/site-packages/py-pubsub.egg-link (link to .)
[1.199s] 
[1.199s] Installed /home/dahyeon/dev_ws/build/py_pubsub
[1.199s] running install_data
[1.200s] creating /home/dahyeon/dev_ws/install/py_pubsub/share/ament_index
[1.200s] creating /home/dahyeon/dev_ws/install/py_pubsub/share/ament_index/resource_index
[1.200s] creating /home/dahyeon/dev_ws/install/py_pubsub/share/ament_index/resource_index/packages
[1.200s] copying resource/py_pubsub -> /home/dahyeon/dev_ws/install/py_pubsub/share/ament_index/resource_index/packages
[1.200s] copying package.xml -> /home/dahyeon/dev_ws/install/py_pubsub/share/py_pubsub
[1.225s] Invoked command in '/home/dahyeon/dev_ws/build/py_pubsub' returned '0': PYTHONPATH=/home/dahyeon/dev_ws/install/py_pubsub/lib/python3.8/site-packages:${PYTHONPATH} /usr/bin/python3 setup.py develop --prefix /home/dahyeon/dev_ws/install/py_pubsub --editable --build-directory /home/dahyeon/dev_ws/build/py_pubsub/build --no-deps install_data --install-dir /home/dahyeon/dev_ws/install/py_pubsub
