[0.000000] (-) TimerEvent: {}
[0.000581] (-) JobUnselected: {'identifier': 'cpp_parameters'}
[0.000680] (-) JobUnselected: {'identifier': 'cpp_pubsub'}
[0.000827] (-) JobUnselected: {'identifier': 'logging_rclpy_example'}
[0.000852] (-) JobUnselected: {'identifier': 'msg_srv_action_interface_example'}
[0.000875] (-) JobUnselected: {'identifier': 'my_first_ros_rclcpp_pkg'}
[0.000896] (-) JobUnselected: {'identifier': 'my_first_ros_rclpy_pkg'}
[0.000916] (-) JobUnselected: {'identifier': 'my_package'}
[0.000937] (-) JobUnselected: {'identifier': 'ros2env'}
[0.000957] (-) JobUnselected: {'identifier': 'rqt_example'}
[0.000978] (-) JobUnselected: {'identifier': 'srv_alarm_interface'}
[0.000997] (-) JobUnselected: {'identifier': 'testbot_description'}
[0.001017] (-) JobUnselected: {'identifier': 'tf2_rclcpp_example'}
[0.001037] (-) JobUnselected: {'identifier': 'tf2_rclpy_example'}
[0.001057] (-) JobUnselected: {'identifier': 'time_rclcpp_example'}
[0.001077] (-) JobUnselected: {'identifier': 'time_rclpy_example'}
[0.001096] (-) JobUnselected: {'identifier': 'topic_service_action_rclcpp_example'}
[0.001112] (-) JobUnselected: {'identifier': 'topic_service_action_rclpy_example'}
[0.001125] (-) JobUnselected: {'identifier': 'turtlesim'}
[0.001137] (-) JobUnselected: {'identifier': 'uni'}
[0.001152] (-) JobUnselected: {'identifier': 'uni'}
[0.001166] (-) EventReactorShutdown: {}
