[35m[1mScanning dependencies of target alarmserver[0m
[ 50%] Built target alarmclient
[ 75%] [32mBuilding CXX object CMakeFiles/alarmserver.dir/src/alarm/alarmserver.cpp.o[0m
[01m[K/home/dahyeon/dev_ws/src/uni/src/alarm/alarmserver.cpp:[m[K In function ‘[01m[Kstd::string Json_time(std::string)[m[K’:
[01m[K/home/dahyeon/dev_ws/src/uni/src/alarm/alarmserver.cpp:61:1:[m[K [01;35m[Kwarning: [m[Kcontrol reaches end of non-void function [[01;35m[K-Wreturn-type[m[K]
   61 | [01;35m[K}[m[K
      | [01;35m[K^[m[K
[100%] [32m[1mLinking CXX executable alarmserver[0m
/usr/bin/ld: CMakeFiles/alarmserver.dir/src/alarm/alarmserver.cpp.o: in function `Json_time(std::__cxx11::basic_string<char, std::char_traits<char>, std::allocator<char> >)':
alarmserver.cpp:(.text+0x6d1): undefined reference to `Json::Reader::Reader()'
/usr/bin/ld: alarmserver.cpp:(.text+0x6e5): undefined reference to `Json::Value::Value(Json::ValueType)'
/usr/bin/ld: alarmserver.cpp:(.text+0x707): undefined reference to `Json::Reader::parse(std::__cxx11::basic_string<char, std::char_traits<char>, std::allocator<char> > const&, Json::Value&, bool)'
/usr/bin/ld: alarmserver.cpp:(.text+0x71d): undefined reference to `Json::Value::operator[](char const*)'
/usr/bin/ld: alarmserver.cpp:(.text+0x732): undefined reference to `Json::Value::Value(Json::Value const&)'
/usr/bin/ld: alarmserver.cpp:(.text+0x74b): undefined reference to `Json::Value::begin()'
/usr/bin/ld: alarmserver.cpp:(.text+0x764): undefined reference to `Json::Value::end()'
/usr/bin/ld: alarmserver.cpp:(.text+0x7a3): undefined reference to `Json::Value::operator[](char const*)'
/usr/bin/ld: alarmserver.cpp:(.text+0x7b8): undefined reference to `Json::Value::Value(Json::Value const&)'
/usr/bin/ld: alarmserver.cpp:(.text+0x7d1): undefined reference to `Json::Value::begin()'
/usr/bin/ld: alarmserver.cpp:(.text+0x7ea): undefined reference to `Json::Value::end()'
/usr/bin/ld: alarmserver.cpp:(.text+0x829): undefined reference to `Json::Value::operator[](char const*)'
/usr/bin/ld: alarmserver.cpp:(.text+0x83e): undefined reference to `Json::Value::Value(Json::Value const&)'
/usr/bin/ld: alarmserver.cpp:(.text+0x854): undefined reference to `Json::Value::operator[](char const*)'
/usr/bin/ld: alarmserver.cpp:(.text+0x869): undefined reference to `Json::Value::Value(Json::Value const&)'
/usr/bin/ld: alarmserver.cpp:(.text+0x882): undefined reference to `Json::Value::asString[abi:cxx11]() const'
/usr/bin/ld: alarmserver.cpp:(.text+0x897): undefined reference to `Json::Value::~Value()'
/usr/bin/ld: alarmserver.cpp:(.text+0x8b7): undefined reference to `Json::Value::~Value()'
/usr/bin/ld: alarmserver.cpp:(.text+0x8eb): undefined reference to `Json::Value::~Value()'
/usr/bin/ld: alarmserver.cpp:(.text+0x910): undefined reference to `Json::Value::~Value()'
/usr/bin/ld: alarmserver.cpp:(.text+0x930): undefined reference to `Json::Value::~Value()'
/usr/bin/ld: CMakeFiles/alarmserver.dir/src/alarm/alarmserver.cpp.o:alarmserver.cpp:(.text+0x982): more undefined references to `Json::Value::~Value()' follow
/usr/bin/ld: CMakeFiles/alarmserver.dir/src/alarm/alarmserver.cpp.o: in function `Json::ValueIteratorBase::operator!=(Json::ValueIteratorBase const&) const':
alarmserver.cpp:(.text._ZNK4Json17ValueIteratorBaseneERKS0_[_ZNK4Json17ValueIteratorBaseneERKS0_]+0x23): undefined reference to `Json::ValueIteratorBase::isEqual(Json::ValueIteratorBase const&) const'
/usr/bin/ld: CMakeFiles/alarmserver.dir/src/alarm/alarmserver.cpp.o: in function `Json::ValueIterator::operator++()':
alarmserver.cpp:(.text._ZN4Json13ValueIteratorppEv[_ZN4Json13ValueIteratorppEv]+0x18): undefined reference to `Json::ValueIteratorBase::increment()'
/usr/bin/ld: CMakeFiles/alarmserver.dir/src/alarm/alarmserver.cpp.o: in function `Json::ValueIterator::operator*() const':
alarmserver.cpp:(.text._ZNK4Json13ValueIteratordeEv[_ZNK4Json13ValueIteratordeEv]+0x18): undefined reference to `Json::ValueIteratorBase::deref() const'
collect2: error: ld returned 1 exit status
make[2]: *** [CMakeFiles/alarmserver.dir/build.make:137: alarmserver] Error 1
make[1]: *** [CMakeFiles/Makefile2:107: CMakeFiles/alarmserver.dir/all] Error 2
make: *** [Makefile:141: all] Error 2
