[  2%] Built target time_msgs__cpp
[ 12%] Built target time_msgs__rosidl_generator_c
[ 44%] Built target time_msgs__rosidl_typesupport_cpp
[ 44%] Built target time_msgs__rosidl_typesupport_introspection_c
[ 44%] Built target time_msgs__rosidl_typesupport_c
[ 55%] Built target time_msgs__rosidl_typesupport_introspection_cpp
[ 65%] Built target time_msgs__rosidl_typesupport_fastrtps_cpp
[ 76%] Built target time_msgs__rosidl_typesupport_fastrtps_c
[ 76%] Built target time_msgs
[ 78%] Built target time_msgs__py
[ 87%] Built target time_msgs__python
[100%] Built target time_msgs__rosidl_typesupport_introspection_c__pyext
[100%] Built target time_msgs__rosidl_typesupport_fastrtps_c__pyext
[100%] Built target time_msgs__rosidl_typesupport_c__pyext
-- Install configuration: ""
-- Execute custom install script
-- Up-to-date symlink: /home/dahyeon/dev_ws/install/time_msgs/share/ament_index/resource_index/rosidl_interfaces/time_msgs
-- Up-to-date symlink: /home/dahyeon/dev_ws/install/time_msgs/include/time_msgs/action/detail/time__functions.h
-- Up-to-date symlink: /home/dahyeon/dev_ws/install/time_msgs/include/time_msgs/action/detail/time__struct.h
-- Up-to-date symlink: /home/dahyeon/dev_ws/install/time_msgs/include/time_msgs/action/detail/time__type_support.h
-- Up-to-date symlink: /home/dahyeon/dev_ws/install/time_msgs/include/time_msgs/action/time.h
-- Up-to-date symlink: /home/dahyeon/dev_ws/install/time_msgs/include/time_msgs/msg/detail/time__functions.h
-- Up-to-date symlink: /home/dahyeon/dev_ws/install/time_msgs/include/time_msgs/msg/detail/time__struct.h
-- Up-to-date symlink: /home/dahyeon/dev_ws/install/time_msgs/include/time_msgs/msg/detail/time__type_support.h
-- Up-to-date symlink: /home/dahyeon/dev_ws/install/time_msgs/include/time_msgs/msg/rosidl_generator_c__visibility_control.h
-- Up-to-date symlink: /home/dahyeon/dev_ws/install/time_msgs/include/time_msgs/msg/time.h
-- Up-to-date symlink: /home/dahyeon/dev_ws/install/time_msgs/include/time_msgs/srv/detail/time__functions.h
-- Up-to-date symlink: /home/dahyeon/dev_ws/install/time_msgs/include/time_msgs/srv/detail/time__struct.h
-- Up-to-date symlink: /home/dahyeon/dev_ws/install/time_msgs/include/time_msgs/srv/detail/time__type_support.h
-- Up-to-date symlink: /home/dahyeon/dev_ws/install/time_msgs/include/time_msgs/srv/time.h
-- Up-to-date symlink: /home/dahyeon/dev_ws/install/time_msgs/share/time_msgs/environment/library_path.sh
-- Up-to-date symlink: /home/dahyeon/dev_ws/install/time_msgs/share/time_msgs/environment/library_path.dsv
-- Up-to-date symlink: /home/dahyeon/dev_ws/install/time_msgs/include/time_msgs/action/detail/time__rosidl_typesupport_fastrtps_c.h
-- Up-to-date symlink: /home/dahyeon/dev_ws/install/time_msgs/include/time_msgs/msg/detail/time__rosidl_typesupport_fastrtps_c.h
-- Up-to-date symlink: /home/dahyeon/dev_ws/install/time_msgs/include/time_msgs/msg/rosidl_typesupport_fastrtps_c__visibility_control.h
-- Up-to-date symlink: /home/dahyeon/dev_ws/install/time_msgs/include/time_msgs/srv/detail/time__rosidl_typesupport_fastrtps_c.h
-- Up-to-date symlink: /home/dahyeon/dev_ws/install/time_msgs/lib/libtime_msgs__rosidl_typesupport_fastrtps_c.so
-- Up-to-date symlink: /home/dahyeon/dev_ws/install/time_msgs/include/time_msgs/action/detail/time__rosidl_typesupport_fastrtps_cpp.hpp
-- Up-to-date symlink: /home/dahyeon/dev_ws/install/time_msgs/include/time_msgs/msg/detail/time__rosidl_typesupport_fastrtps_cpp.hpp
-- Up-to-date symlink: /home/dahyeon/dev_ws/install/time_msgs/include/time_msgs/msg/rosidl_typesupport_fastrtps_cpp__visibility_control.h
-- Up-to-date symlink: /home/dahyeon/dev_ws/install/time_msgs/include/time_msgs/srv/detail/time__rosidl_typesupport_fastrtps_cpp.hpp
-- Up-to-date symlink: /home/dahyeon/dev_ws/install/time_msgs/lib/libtime_msgs__rosidl_typesupport_fastrtps_cpp.so
-- Up-to-date symlink: /home/dahyeon/dev_ws/install/time_msgs/include/time_msgs/action/detail/time__rosidl_typesupport_introspection_c.h
-- Up-to-date symlink: /home/dahyeon/dev_ws/install/time_msgs/include/time_msgs/msg/detail/time__rosidl_typesupport_introspection_c.h
-- Up-to-date symlink: /home/dahyeon/dev_ws/install/time_msgs/include/time_msgs/msg/rosidl_typesupport_introspection_c__visibility_control.h
-- Up-to-date symlink: /home/dahyeon/dev_ws/install/time_msgs/include/time_msgs/srv/detail/time__rosidl_typesupport_introspection_c.h
-- Up-to-date symlink: /home/dahyeon/dev_ws/install/time_msgs/include/time_msgs/action/detail/time__builder.hpp
-- Up-to-date symlink: /home/dahyeon/dev_ws/install/time_msgs/include/time_msgs/action/detail/time__struct.hpp
-- Up-to-date symlink: /home/dahyeon/dev_ws/install/time_msgs/include/time_msgs/action/detail/time__traits.hpp
-- Up-to-date symlink: /home/dahyeon/dev_ws/install/time_msgs/include/time_msgs/action/time.hpp
-- Up-to-date symlink: /home/dahyeon/dev_ws/install/time_msgs/include/time_msgs/msg/detail/time__builder.hpp
-- Up-to-date symlink: /home/dahyeon/dev_ws/install/time_msgs/include/time_msgs/msg/detail/time__struct.hpp
-- Up-to-date symlink: /home/dahyeon/dev_ws/install/time_msgs/include/time_msgs/msg/detail/time__traits.hpp
-- Up-to-date symlink: /home/dahyeon/dev_ws/install/time_msgs/include/time_msgs/msg/time.hpp
-- Up-to-date symlink: /home/dahyeon/dev_ws/install/time_msgs/include/time_msgs/srv/detail/time__builder.hpp
-- Up-to-date symlink: /home/dahyeon/dev_ws/install/time_msgs/include/time_msgs/srv/detail/time__struct.hpp
-- Up-to-date symlink: /home/dahyeon/dev_ws/install/time_msgs/include/time_msgs/srv/detail/time__traits.hpp
-- Up-to-date symlink: /home/dahyeon/dev_ws/install/time_msgs/include/time_msgs/srv/time.hpp
-- Up-to-date symlink: /home/dahyeon/dev_ws/install/time_msgs/include/time_msgs/action/detail/time__rosidl_typesupport_introspection_cpp.hpp
-- Up-to-date symlink: /home/dahyeon/dev_ws/install/time_msgs/include/time_msgs/msg/detail/time__rosidl_typesupport_introspection_cpp.hpp
-- Up-to-date symlink: /home/dahyeon/dev_ws/install/time_msgs/include/time_msgs/srv/detail/time__rosidl_typesupport_introspection_cpp.hpp
-- Up-to-date symlink: /home/dahyeon/dev_ws/install/time_msgs/share/time_msgs/environment/pythonpath.sh
-- Up-to-date symlink: /home/dahyeon/dev_ws/install/time_msgs/share/time_msgs/environment/pythonpath.dsv
-- Up-to-date symlink: /home/dahyeon/dev_ws/install/time_msgs/lib/python3.8/site-packages/time_msgs/__init__.py
-- Up-to-date symlink: /home/dahyeon/dev_ws/install/time_msgs/lib/python3.8/site-packages/time_msgs/action/__init__.py
-- Up-to-date symlink: /home/dahyeon/dev_ws/install/time_msgs/lib/python3.8/site-packages/time_msgs/action/_time.py
-- Up-to-date symlink: /home/dahyeon/dev_ws/install/time_msgs/lib/python3.8/site-packages/time_msgs/msg/__init__.py
-- Up-to-date symlink: /home/dahyeon/dev_ws/install/time_msgs/lib/python3.8/site-packages/time_msgs/msg/_time.py
-- Up-to-date symlink: /home/dahyeon/dev_ws/install/time_msgs/lib/python3.8/site-packages/time_msgs/srv/__init__.py
-- Up-to-date symlink: /home/dahyeon/dev_ws/install/time_msgs/lib/python3.8/site-packages/time_msgs/srv/_time.py
-- Up-to-date symlink: /home/dahyeon/dev_ws/install/time_msgs/lib/python3.8/site-packages/time_msgs/time_msgs_s__rosidl_typesupport_fastrtps_c.cpython-38-x86_64-linux-gnu.so
-- Up-to-date symlink: /home/dahyeon/dev_ws/install/time_msgs/lib/python3.8/site-packages/time_msgs/time_msgs_s__rosidl_typesupport_introspection_c.cpython-38-x86_64-linux-gnu.so
-- Up-to-date symlink: /home/dahyeon/dev_ws/install/time_msgs/lib/python3.8/site-packages/time_msgs/time_msgs_s__rosidl_typesupport_c.cpython-38-x86_64-linux-gnu.so
-- Up-to-date symlink: /home/dahyeon/dev_ws/install/time_msgs/lib/libtime_msgs__python.so
-- Up-to-date symlink: /home/dahyeon/dev_ws/install/time_msgs/share/time_msgs/action/Time.idl
-- Up-to-date symlink: /home/dahyeon/dev_ws/install/time_msgs/share/time_msgs/msg/Time.idl
-- Up-to-date symlink: /home/dahyeon/dev_ws/install/time_msgs/share/time_msgs/srv/Time.idl
-- Up-to-date symlink: /home/dahyeon/dev_ws/install/time_msgs/share/time_msgs/action/Time.action
-- Up-to-date symlink: /home/dahyeon/dev_ws/install/time_msgs/share/time_msgs/msg/Time.msg
-- Up-to-date symlink: /home/dahyeon/dev_ws/install/time_msgs/share/time_msgs/srv/Time.srv
-- Up-to-date symlink: /home/dahyeon/dev_ws/install/time_msgs/share/time_msgs/srv/Time_Request.msg
-- Up-to-date symlink: /home/dahyeon/dev_ws/install/time_msgs/share/time_msgs/srv/Time_Response.msg
-- Up-to-date symlink: /home/dahyeon/dev_ws/install/time_msgs/share/ament_index/resource_index/package_run_dependencies/time_msgs
-- Up-to-date symlink: /home/dahyeon/dev_ws/install/time_msgs/share/ament_index/resource_index/parent_prefix_path/time_msgs
-- Up-to-date symlink: /home/dahyeon/dev_ws/install/time_msgs/share/time_msgs/environment/ament_prefix_path.sh
-- Up-to-date symlink: /home/dahyeon/dev_ws/install/time_msgs/share/time_msgs/environment/ament_prefix_path.dsv
-- Up-to-date symlink: /home/dahyeon/dev_ws/install/time_msgs/share/time_msgs/environment/path.sh
-- Up-to-date symlink: /home/dahyeon/dev_ws/install/time_msgs/share/time_msgs/environment/path.dsv
-- Up-to-date symlink: /home/dahyeon/dev_ws/install/time_msgs/share/time_msgs/local_setup.bash
-- Up-to-date symlink: /home/dahyeon/dev_ws/install/time_msgs/share/time_msgs/local_setup.sh
-- Up-to-date symlink: /home/dahyeon/dev_ws/install/time_msgs/share/time_msgs/local_setup.zsh
-- Up-to-date symlink: /home/dahyeon/dev_ws/install/time_msgs/share/time_msgs/local_setup.dsv
-- Symlinking: /home/dahyeon/dev_ws/install/time_msgs/share/time_msgs/package.dsv
-- Up-to-date symlink: /home/dahyeon/dev_ws/install/time_msgs/share/ament_index/resource_index/packages/time_msgs
-- Up-to-date symlink: /home/dahyeon/dev_ws/install/time_msgs/share/time_msgs/cmake/rosidl_cmake-extras.cmake
-- Up-to-date symlink: /home/dahyeon/dev_ws/install/time_msgs/share/time_msgs/cmake/ament_cmake_export_dependencies-extras.cmake
-- Up-to-date symlink: /home/dahyeon/dev_ws/install/time_msgs/share/time_msgs/cmake/ament_cmake_export_libraries-extras.cmake
-- Up-to-date symlink: /home/dahyeon/dev_ws/install/time_msgs/share/time_msgs/cmake/ament_cmake_export_targets-extras.cmake
-- Up-to-date symlink: /home/dahyeon/dev_ws/install/time_msgs/share/time_msgs/cmake/ament_cmake_export_include_directories-extras.cmake
-- Up-to-date symlink: /home/dahyeon/dev_ws/install/time_msgs/share/time_msgs/cmake/rosidl_cmake_export_typesupport_libraries-extras.cmake
-- Up-to-date symlink: /home/dahyeon/dev_ws/install/time_msgs/share/time_msgs/cmake/rosidl_cmake_export_typesupport_targets-extras.cmake
-- Up-to-date symlink: /home/dahyeon/dev_ws/install/time_msgs/share/time_msgs/cmake/time_msgsConfig.cmake
-- Up-to-date symlink: /home/dahyeon/dev_ws/install/time_msgs/share/time_msgs/cmake/time_msgsConfig-version.cmake
-- Up-to-date symlink: /home/dahyeon/dev_ws/install/time_msgs/share/time_msgs/package.xml
-- Up-to-date: /home/dahyeon/dev_ws/install/time_msgs/lib/libtime_msgs__rosidl_generator_c.so
-- Up-to-date: /home/dahyeon/dev_ws/install/time_msgs/lib/libtime_msgs__rosidl_typesupport_introspection_c.so
-- Up-to-date: /home/dahyeon/dev_ws/install/time_msgs/lib/libtime_msgs__rosidl_typesupport_c.so
-- Up-to-date: /home/dahyeon/dev_ws/install/time_msgs/lib/libtime_msgs__rosidl_typesupport_introspection_cpp.so
-- Up-to-date: /home/dahyeon/dev_ws/install/time_msgs/lib/libtime_msgs__rosidl_typesupport_cpp.so
-- Up-to-date: /home/dahyeon/dev_ws/install/time_msgs/share/time_msgs/cmake/time_msgs__rosidl_generator_cExport.cmake
-- Up-to-date: /home/dahyeon/dev_ws/install/time_msgs/share/time_msgs/cmake/time_msgs__rosidl_generator_cExport-noconfig.cmake
-- Up-to-date: /home/dahyeon/dev_ws/install/time_msgs/share/time_msgs/cmake/time_msgs__rosidl_typesupport_introspection_cExport.cmake
-- Up-to-date: /home/dahyeon/dev_ws/install/time_msgs/share/time_msgs/cmake/time_msgs__rosidl_typesupport_introspection_cExport-noconfig.cmake
-- Up-to-date: /home/dahyeon/dev_ws/install/time_msgs/share/time_msgs/cmake/time_msgs__rosidl_typesupport_cExport.cmake
-- Up-to-date: /home/dahyeon/dev_ws/install/time_msgs/share/time_msgs/cmake/time_msgs__rosidl_typesupport_cExport-noconfig.cmake
-- Up-to-date: /home/dahyeon/dev_ws/install/time_msgs/share/time_msgs/cmake/time_msgs__rosidl_generator_cppExport.cmake
-- Up-to-date: /home/dahyeon/dev_ws/install/time_msgs/share/time_msgs/cmake/time_msgs__rosidl_typesupport_introspection_cppExport.cmake
-- Up-to-date: /home/dahyeon/dev_ws/install/time_msgs/share/time_msgs/cmake/time_msgs__rosidl_typesupport_introspection_cppExport-noconfig.cmake
-- Up-to-date: /home/dahyeon/dev_ws/install/time_msgs/share/time_msgs/cmake/time_msgs__rosidl_typesupport_cppExport.cmake
-- Up-to-date: /home/dahyeon/dev_ws/install/time_msgs/share/time_msgs/cmake/time_msgs__rosidl_typesupport_cppExport-noconfig.cmake
