[0.000000] (-) TimerEvent: {}
[0.000134] (-) JobUnselected: {'identifier': 'cpp_pubsub'}
[0.000164] (-) JobUnselected: {'identifier': 'logging_rclpy_example'}
[0.000185] (-) JobUnselected: {'identifier': 'msg_srv_action_interface_example'}
[0.000202] (-) JobUnselected: {'identifier': 'my_first_ros_rclcpp_pkg'}
[0.000218] (-) JobUnselected: {'identifier': 'my_first_ros_rclpy_pkg'}
[0.000233] (-) JobUnselected: {'identifier': 'my_package'}
[0.000249] (-) JobUnselected: {'identifier': 'ros2env'}
[0.000264] (-) JobUnselected: {'identifier': 'rqt_example'}
[0.000279] (-) JobUnselected: {'identifier': 'srv_alarm_interface'}
[0.000295] (-) JobUnselected: {'identifier': 'testbot_description'}
[0.000310] (-) JobUnselected: {'identifier': 'tf2_rclcpp_example'}
[0.000325] (-) JobUnselected: {'identifier': 'tf2_rclpy_example'}
[0.000340] (-) JobUnselected: {'identifier': 'time_rclcpp_example'}
[0.000355] (-) JobUnselected: {'identifier': 'time_rclpy_example'}
[0.000369] (-) JobUnselected: {'identifier': 'topic_service_action_rclcpp_example'}
[0.000384] (-) JobUnselected: {'identifier': 'topic_service_action_rclpy_example'}
[0.000399] (-) JobUnselected: {'identifier': 'turtlesim'}
[0.000414] (-) JobUnselected: {'identifier': 'uni'}
[0.000430] (-) EventReactorShutdown: {}
