[0.010s] Invoking command in '/home/dahyeon/dev_ws/build/srv_alarm_interface': CMAKE_PREFIX_PATH=${CMAKE_PREFIX_PATH}:/home/dahyeon/dev_ws/install/topic_service_action_rclpy_example:/home/dahyeon/dev_ws/install/time_rclpy_example:/home/dahyeon/dev_ws/install/tf2_rclpy_example:/home/dahyeon/dev_ws/install/ros2env:/home/dahyeon/dev_ws/install/my_first_ros_rclpy_pkg:/home/dahyeon/dev_ws/install/logging_rclpy_example:/opt/ros/foxy /usr/bin/cmake --build /home/dahyeon/dev_ws/build/srv_alarm_interface -- -j12 -l12
[0.033s] -- Found ament_cmake: 0.9.9 (/opt/ros/foxy/share/ament_cmake/cmake)
[0.062s] -- Found PythonInterp: /usr/bin/python3 (found suitable version "3.8.10", minimum required is "3") 
[0.062s] -- Using PYTHON_EXECUTABLE: /usr/bin/python3
[0.235s] -- Override CMake install command with custom implementation using symlinks instead of copying resources
[0.243s] -- Found builtin_interfaces: 1.0.0 (/opt/ros/foxy/share/builtin_interfaces/cmake)
[0.259s] -- Using all available rosidl_typesupport_c: rosidl_typesupport_fastrtps_c;rosidl_typesupport_introspection_c
[0.262s] -- Found rosidl_adapter: 1.2.1 (/opt/ros/foxy/share/rosidl_adapter/cmake)
[0.353s] -- Using all available rosidl_typesupport_cpp: rosidl_typesupport_fastrtps_cpp;rosidl_typesupport_introspection_cpp
[0.372s] -- Found rosidl_default_generators: 1.0.1 (/opt/ros/foxy/share/rosidl_default_generators/cmake)
[0.405s] -- Found PythonInterp: /usr/bin/python3 (found version "3.8.10") 
[0.520s] -- Found ament_cmake_ros: 0.9.2 (/opt/ros/foxy/share/ament_cmake_ros/cmake)
[0.597s] -- Using all available rosidl_typesupport_c: rosidl_typesupport_fastrtps_c;rosidl_typesupport_introspection_c
[0.609s] -- Using all available rosidl_typesupport_cpp: rosidl_typesupport_fastrtps_cpp;rosidl_typesupport_introspection_cpp
[0.640s] -- Found PythonInterp: /usr/bin/python3 (found suitable version "3.8.10", minimum required is "3.5") 
[0.640s] -- Found python_cmake_module: 0.8.1 (/opt/ros/foxy/share/python_cmake_module/cmake)
[0.665s] -- Using PYTHON_EXECUTABLE: /usr/bin/python3
[0.665s] -- Using PYTHON_INCLUDE_DIRS: /usr/include/python3.8
[0.665s] -- Using PYTHON_LIBRARIES: /usr/lib/x86_64-linux-gnu/libpython3.8.so
[0.691s] -- Configuring done
[0.717s] -- Generating done
[0.720s] -- Build files have been written to: /home/dahyeon/dev_ws/build/srv_alarm_interface
[0.740s] [  3%] [34m[1mGenerating C code for ROS interfaces[0m
[0.741s] [35m[1mScanning dependencies of target srv_alarm_interface__cpp[0m
[0.749s] [  6%] [34m[1mGenerating C++ code for ROS interfaces[0m
[0.979s] [35m[1mScanning dependencies of target srv_alarm_interface__rosidl_generator_c[0m
[0.986s] [  9%] [32mBuilding C object CMakeFiles/srv_alarm_interface__rosidl_generator_c.dir/rosidl_generator_c/srv_alarm_interface/srv/detail/alarm__functions.c.o[0m
[0.988s] [  9%] Built target srv_alarm_interface__cpp
[0.995s] [ 12%] [34m[1mGenerating C++ introspection for ROS interfaces[0m
[0.995s] [ 16%] [34m[1mGenerating C++ type support for eProsima Fast-RTPS[0m
[0.995s] [ 19%] [34m[1mGenerating C++ type support dispatch for ROS interfaces[0m
[1.022s] [ 22%] [32m[1mLinking C shared library libsrv_alarm_interface__rosidl_generator_c.so[0m
[1.051s] [ 22%] Built target srv_alarm_interface__rosidl_generator_c
[1.059s] [ 29%] [34m[1mGenerating C type support dispatch for ROS interfaces[0m
[1.059s] [ 29%] [34m[1mGenerating C introspection for ROS interfaces[0m
[1.223s] [35m[1mScanning dependencies of target srv_alarm_interface__rosidl_typesupport_cpp[0m
[1.234s] [ 32%] [32mBuilding CXX object CMakeFiles/srv_alarm_interface__rosidl_typesupport_cpp.dir/rosidl_typesupport_cpp/srv_alarm_interface/srv/alarm__type_support.cpp.o[0m
[1.237s] [35m[1mScanning dependencies of target srv_alarm_interface__rosidl_typesupport_introspection_cpp[0m
[1.246s] [ 35%] [32mBuilding CXX object CMakeFiles/srv_alarm_interface__rosidl_typesupport_introspection_cpp.dir/rosidl_typesupport_introspection_cpp/srv_alarm_interface/srv/detail/alarm__type_support.cpp.o[0m
[1.253s] [35m[1mScanning dependencies of target srv_alarm_interface__rosidl_typesupport_fastrtps_cpp[0m
[1.264s] [ 38%] [32mBuilding CXX object CMakeFiles/srv_alarm_interface__rosidl_typesupport_fastrtps_cpp.dir/rosidl_typesupport_fastrtps_cpp/srv_alarm_interface/srv/detail/dds_fastrtps/alarm__type_support.cpp.o[0m
[1.274s] [35m[1mScanning dependencies of target srv_alarm_interface__rosidl_typesupport_c[0m
[1.283s] [ 41%] [32mBuilding CXX object CMakeFiles/srv_alarm_interface__rosidl_typesupport_c.dir/rosidl_typesupport_c/srv_alarm_interface/srv/alarm__type_support.cpp.o[0m
[1.299s] [35m[1mScanning dependencies of target srv_alarm_interface__rosidl_typesupport_introspection_c[0m
[1.307s] [ 45%] [32m[1mLinking CXX shared library libsrv_alarm_interface__rosidl_typesupport_c.so[0m
[1.308s] [ 48%] [32mBuilding C object CMakeFiles/srv_alarm_interface__rosidl_typesupport_introspection_c.dir/rosidl_typesupport_introspection_c/srv_alarm_interface/srv/detail/alarm__type_support.c.o[0m
[1.338s] [ 51%] [32m[1mLinking C shared library libsrv_alarm_interface__rosidl_typesupport_introspection_c.so[0m
[1.346s] [ 51%] Built target srv_alarm_interface__rosidl_typesupport_c
[1.361s] [ 51%] Built target srv_alarm_interface__rosidl_typesupport_introspection_c
[1.461s] [ 54%] [32m[1mLinking CXX shared library libsrv_alarm_interface__rosidl_typesupport_cpp.so[0m
[1.484s] [ 58%] [32m[1mLinking CXX shared library libsrv_alarm_interface__rosidl_typesupport_introspection_cpp.so[0m
[1.490s] [ 58%] Built target srv_alarm_interface__rosidl_typesupport_cpp
[1.530s] [ 58%] Built target srv_alarm_interface__rosidl_typesupport_introspection_cpp
[1.615s] [ 61%] [32m[1mLinking CXX shared library libsrv_alarm_interface__rosidl_typesupport_fastrtps_cpp.so[0m
[1.672s] [ 61%] Built target srv_alarm_interface__rosidl_typesupport_fastrtps_cpp
[1.679s] [ 64%] [34m[1mGenerating C type support for eProsima Fast-RTPS[0m
[1.906s] [35m[1mScanning dependencies of target srv_alarm_interface__rosidl_typesupport_fastrtps_c[0m
[1.919s] [ 67%] [32mBuilding CXX object CMakeFiles/srv_alarm_interface__rosidl_typesupport_fastrtps_c.dir/rosidl_typesupport_fastrtps_c/srv_alarm_interface/srv/detail/alarm__type_support_c.cpp.o[0m
[2.194s] [ 70%] [32m[1mLinking CXX shared library libsrv_alarm_interface__rosidl_typesupport_fastrtps_c.so[0m
[2.255s] [ 70%] Built target srv_alarm_interface__rosidl_typesupport_fastrtps_c
[2.269s] [ 70%] Built target srv_alarm_interface
[2.275s] [35m[1mScanning dependencies of target srv_alarm_interface__py[0m
[2.283s] [ 74%] [34m[1mGenerating Python code for ROS interfaces[0m
[2.711s] [ 74%] Built target srv_alarm_interface__py
[2.720s] [35m[1mScanning dependencies of target srv_alarm_interface__python[0m
[2.731s] [ 77%] [32mBuilding C object CMakeFiles/srv_alarm_interface__python.dir/rosidl_generator_py/srv_alarm_interface/srv/_alarm_s.c.o[0m
[2.795s] [ 80%] [32m[1mLinking C shared library rosidl_generator_py/srv_alarm_interface/libsrv_alarm_interface__python.so[0m
[2.827s] [ 80%] Built target srv_alarm_interface__python
[2.835s] [35m[1mScanning dependencies of target srv_alarm_interface__rosidl_typesupport_c__pyext[0m
[2.835s] [35m[1mScanning dependencies of target srv_alarm_interface__rosidl_typesupport_introspection_c__pyext[0m
[2.835s] [35m[1mScanning dependencies of target srv_alarm_interface__rosidl_typesupport_fastrtps_c__pyext[0m
[2.845s] [ 83%] [32mBuilding C object CMakeFiles/srv_alarm_interface__rosidl_typesupport_c__pyext.dir/rosidl_generator_py/srv_alarm_interface/_srv_alarm_interface_s.ep.rosidl_typesupport_c.c.o[0m
[2.845s] [ 87%] [32mBuilding C object CMakeFiles/srv_alarm_interface__rosidl_typesupport_introspection_c__pyext.dir/rosidl_generator_py/srv_alarm_interface/_srv_alarm_interface_s.ep.rosidl_typesupport_introspection_c.c.o[0m
[2.846s] [ 90%] [32mBuilding C object CMakeFiles/srv_alarm_interface__rosidl_typesupport_fastrtps_c__pyext.dir/rosidl_generator_py/srv_alarm_interface/_srv_alarm_interface_s.ep.rosidl_typesupport_fastrtps_c.c.o[0m
[2.905s] [ 93%] [32m[1mLinking C shared library rosidl_generator_py/srv_alarm_interface/srv_alarm_interface_s__rosidl_typesupport_introspection_c.cpython-38-x86_64-linux-gnu.so[0m
[2.905s] [ 96%] [32m[1mLinking CXX shared library rosidl_generator_py/srv_alarm_interface/srv_alarm_interface_s__rosidl_typesupport_fastrtps_c.cpython-38-x86_64-linux-gnu.so[0m
[2.909s] [100%] [32m[1mLinking C shared library rosidl_generator_py/srv_alarm_interface/srv_alarm_interface_s__rosidl_typesupport_c.cpython-38-x86_64-linux-gnu.so[0m
[2.936s] [100%] Built target srv_alarm_interface__rosidl_typesupport_introspection_c__pyext
[2.939s] [100%] Built target srv_alarm_interface__rosidl_typesupport_c__pyext
[2.956s] [100%] Built target srv_alarm_interface__rosidl_typesupport_fastrtps_c__pyext
[2.964s] Invoked command in '/home/dahyeon/dev_ws/build/srv_alarm_interface' returned '0': CMAKE_PREFIX_PATH=${CMAKE_PREFIX_PATH}:/home/dahyeon/dev_ws/install/topic_service_action_rclpy_example:/home/dahyeon/dev_ws/install/time_rclpy_example:/home/dahyeon/dev_ws/install/tf2_rclpy_example:/home/dahyeon/dev_ws/install/ros2env:/home/dahyeon/dev_ws/install/my_first_ros_rclpy_pkg:/home/dahyeon/dev_ws/install/logging_rclpy_example:/opt/ros/foxy /usr/bin/cmake --build /home/dahyeon/dev_ws/build/srv_alarm_interface -- -j12 -l12
[3.001s] Invoking command in '/home/dahyeon/dev_ws/build/srv_alarm_interface': CMAKE_PREFIX_PATH=${CMAKE_PREFIX_PATH}:/home/dahyeon/dev_ws/install/topic_service_action_rclpy_example:/home/dahyeon/dev_ws/install/time_rclpy_example:/home/dahyeon/dev_ws/install/tf2_rclpy_example:/home/dahyeon/dev_ws/install/ros2env:/home/dahyeon/dev_ws/install/my_first_ros_rclpy_pkg:/home/dahyeon/dev_ws/install/logging_rclpy_example:/opt/ros/foxy /usr/bin/cmake --install /home/dahyeon/dev_ws/build/srv_alarm_interface
[3.007s] -- Install configuration: ""
[3.008s] -- Execute custom install script
[3.008s] -- Up-to-date symlink: /home/dahyeon/dev_ws/install/srv_alarm_interface/share/ament_index/resource_index/rosidl_interfaces/srv_alarm_interface
[3.008s] -- Up-to-date symlink: /home/dahyeon/dev_ws/install/srv_alarm_interface/include/srv_alarm_interface/msg/rosidl_generator_c__visibility_control.h
[3.009s] -- Symlinking: /home/dahyeon/dev_ws/install/srv_alarm_interface/include/srv_alarm_interface/srv/alarm.h
[3.015s] -- Up-to-date symlink: /home/dahyeon/dev_ws/install/srv_alarm_interface/include/srv_alarm_interface/srv/alarm_option.h
[3.015s] -- Symlinking: /home/dahyeon/dev_ws/install/srv_alarm_interface/include/srv_alarm_interface/srv/detail/alarm__functions.h
[3.021s] -- Symlinking: /home/dahyeon/dev_ws/install/srv_alarm_interface/include/srv_alarm_interface/srv/detail/alarm__struct.h
[3.030s] -- Symlinking: /home/dahyeon/dev_ws/install/srv_alarm_interface/include/srv_alarm_interface/srv/detail/alarm__type_support.h
[3.037s] -- Up-to-date symlink: /home/dahyeon/dev_ws/install/srv_alarm_interface/include/srv_alarm_interface/srv/detail/alarm_option__functions.h
[3.037s] -- Up-to-date symlink: /home/dahyeon/dev_ws/install/srv_alarm_interface/include/srv_alarm_interface/srv/detail/alarm_option__struct.h
[3.038s] -- Up-to-date symlink: /home/dahyeon/dev_ws/install/srv_alarm_interface/include/srv_alarm_interface/srv/detail/alarm_option__type_support.h
[3.038s] -- Up-to-date symlink: /home/dahyeon/dev_ws/install/srv_alarm_interface/share/srv_alarm_interface/environment/library_path.sh
[3.038s] -- Up-to-date symlink: /home/dahyeon/dev_ws/install/srv_alarm_interface/share/srv_alarm_interface/environment/library_path.dsv
[3.039s] -- Up-to-date symlink: /home/dahyeon/dev_ws/install/srv_alarm_interface/include/srv_alarm_interface/msg/rosidl_typesupport_fastrtps_c__visibility_control.h
[3.039s] -- Symlinking: /home/dahyeon/dev_ws/install/srv_alarm_interface/include/srv_alarm_interface/srv/detail/alarm__rosidl_typesupport_fastrtps_c.h
[3.046s] -- Up-to-date symlink: /home/dahyeon/dev_ws/install/srv_alarm_interface/include/srv_alarm_interface/srv/detail/alarm_option__rosidl_typesupport_fastrtps_c.h
[3.047s] -- Up-to-date symlink: /home/dahyeon/dev_ws/install/srv_alarm_interface/lib/libsrv_alarm_interface__rosidl_typesupport_fastrtps_c.so
[3.047s] -- Up-to-date symlink: /home/dahyeon/dev_ws/install/srv_alarm_interface/include/srv_alarm_interface/msg/rosidl_typesupport_fastrtps_cpp__visibility_control.h
[3.047s] -- Symlinking: /home/dahyeon/dev_ws/install/srv_alarm_interface/include/srv_alarm_interface/srv/detail/alarm__rosidl_typesupport_fastrtps_cpp.hpp
[3.056s] -- Up-to-date symlink: /home/dahyeon/dev_ws/install/srv_alarm_interface/include/srv_alarm_interface/srv/detail/alarm_option__rosidl_typesupport_fastrtps_cpp.hpp
[3.056s] -- Up-to-date symlink: /home/dahyeon/dev_ws/install/srv_alarm_interface/lib/libsrv_alarm_interface__rosidl_typesupport_fastrtps_cpp.so
[3.057s] -- Up-to-date symlink: /home/dahyeon/dev_ws/install/srv_alarm_interface/include/srv_alarm_interface/msg/rosidl_typesupport_introspection_c__visibility_control.h
[3.057s] -- Symlinking: /home/dahyeon/dev_ws/install/srv_alarm_interface/include/srv_alarm_interface/srv/detail/alarm__rosidl_typesupport_introspection_c.h
[3.063s] -- Up-to-date symlink: /home/dahyeon/dev_ws/install/srv_alarm_interface/include/srv_alarm_interface/srv/detail/alarm_option__rosidl_typesupport_introspection_c.h
[3.063s] -- Symlinking: /home/dahyeon/dev_ws/install/srv_alarm_interface/include/srv_alarm_interface/srv/alarm.hpp
[3.069s] -- Up-to-date symlink: /home/dahyeon/dev_ws/install/srv_alarm_interface/include/srv_alarm_interface/srv/alarm_option.hpp
[3.069s] -- Symlinking: /home/dahyeon/dev_ws/install/srv_alarm_interface/include/srv_alarm_interface/srv/detail/alarm__builder.hpp
[3.075s] -- Symlinking: /home/dahyeon/dev_ws/install/srv_alarm_interface/include/srv_alarm_interface/srv/detail/alarm__struct.hpp
[3.082s] -- Symlinking: /home/dahyeon/dev_ws/install/srv_alarm_interface/include/srv_alarm_interface/srv/detail/alarm__traits.hpp
[3.088s] -- Up-to-date symlink: /home/dahyeon/dev_ws/install/srv_alarm_interface/include/srv_alarm_interface/srv/detail/alarm_option__builder.hpp
[3.088s] -- Up-to-date symlink: /home/dahyeon/dev_ws/install/srv_alarm_interface/include/srv_alarm_interface/srv/detail/alarm_option__struct.hpp
[3.088s] -- Up-to-date symlink: /home/dahyeon/dev_ws/install/srv_alarm_interface/include/srv_alarm_interface/srv/detail/alarm_option__traits.hpp
[3.088s] -- Symlinking: /home/dahyeon/dev_ws/install/srv_alarm_interface/include/srv_alarm_interface/srv/detail/alarm__rosidl_typesupport_introspection_cpp.hpp
[3.094s] -- Up-to-date symlink: /home/dahyeon/dev_ws/install/srv_alarm_interface/include/srv_alarm_interface/srv/detail/alarm_option__rosidl_typesupport_introspection_cpp.hpp
[3.094s] -- Up-to-date symlink: /home/dahyeon/dev_ws/install/srv_alarm_interface/share/srv_alarm_interface/environment/pythonpath.sh
[3.095s] -- Up-to-date symlink: /home/dahyeon/dev_ws/install/srv_alarm_interface/share/srv_alarm_interface/environment/pythonpath.dsv
[3.095s] -- Up-to-date symlink: /home/dahyeon/dev_ws/install/srv_alarm_interface/lib/python3.8/site-packages/srv_alarm_interface/__init__.py
[3.095s] -- Up-to-date symlink: /home/dahyeon/dev_ws/install/srv_alarm_interface/lib/python3.8/site-packages/srv_alarm_interface/srv/__init__.py
[3.095s] -- Symlinking: /home/dahyeon/dev_ws/install/srv_alarm_interface/lib/python3.8/site-packages/srv_alarm_interface/srv/_alarm.py
[3.101s] -- Up-to-date symlink: /home/dahyeon/dev_ws/install/srv_alarm_interface/lib/python3.8/site-packages/srv_alarm_interface/srv/_alarm_option.py
[3.101s] -- Up-to-date symlink: /home/dahyeon/dev_ws/install/srv_alarm_interface/lib/python3.8/site-packages/srv_alarm_interface/srv_alarm_interface_s__rosidl_typesupport_fastrtps_c.cpython-38-x86_64-linux-gnu.so
[3.102s] -- Up-to-date symlink: /home/dahyeon/dev_ws/install/srv_alarm_interface/lib/python3.8/site-packages/srv_alarm_interface/srv_alarm_interface_s__rosidl_typesupport_introspection_c.cpython-38-x86_64-linux-gnu.so
[3.102s] -- Up-to-date symlink: /home/dahyeon/dev_ws/install/srv_alarm_interface/lib/python3.8/site-packages/srv_alarm_interface/srv_alarm_interface_s__rosidl_typesupport_c.cpython-38-x86_64-linux-gnu.so
[3.102s] -- Up-to-date symlink: /home/dahyeon/dev_ws/install/srv_alarm_interface/lib/libsrv_alarm_interface__python.so
[3.102s] -- Symlinking: /home/dahyeon/dev_ws/install/srv_alarm_interface/share/srv_alarm_interface/srv/Alarm.idl
[3.110s] -- Symlinking: /home/dahyeon/dev_ws/install/srv_alarm_interface/share/srv_alarm_interface/srv/Alarm.srv
[3.117s] -- Symlinking: /home/dahyeon/dev_ws/install/srv_alarm_interface/share/srv_alarm_interface/srv/Alarm_Request.msg
[3.125s] -- Symlinking: /home/dahyeon/dev_ws/install/srv_alarm_interface/share/srv_alarm_interface/srv/Alarm_Response.msg
[3.132s] -- Up-to-date symlink: /home/dahyeon/dev_ws/install/srv_alarm_interface/share/ament_index/resource_index/package_run_dependencies/srv_alarm_interface
[3.132s] -- Up-to-date symlink: /home/dahyeon/dev_ws/install/srv_alarm_interface/share/ament_index/resource_index/parent_prefix_path/srv_alarm_interface
[3.132s] -- Up-to-date symlink: /home/dahyeon/dev_ws/install/srv_alarm_interface/share/srv_alarm_interface/environment/ament_prefix_path.sh
[3.132s] -- Up-to-date symlink: /home/dahyeon/dev_ws/install/srv_alarm_interface/share/srv_alarm_interface/environment/ament_prefix_path.dsv
[3.133s] -- Up-to-date symlink: /home/dahyeon/dev_ws/install/srv_alarm_interface/share/srv_alarm_interface/environment/path.sh
[3.133s] -- Up-to-date symlink: /home/dahyeon/dev_ws/install/srv_alarm_interface/share/srv_alarm_interface/environment/path.dsv
[3.133s] -- Up-to-date symlink: /home/dahyeon/dev_ws/install/srv_alarm_interface/share/srv_alarm_interface/local_setup.bash
[3.133s] -- Up-to-date symlink: /home/dahyeon/dev_ws/install/srv_alarm_interface/share/srv_alarm_interface/local_setup.sh
[3.133s] -- Up-to-date symlink: /home/dahyeon/dev_ws/install/srv_alarm_interface/share/srv_alarm_interface/local_setup.zsh
[3.134s] -- Up-to-date symlink: /home/dahyeon/dev_ws/install/srv_alarm_interface/share/srv_alarm_interface/local_setup.dsv
[3.134s] -- Symlinking: /home/dahyeon/dev_ws/install/srv_alarm_interface/share/srv_alarm_interface/package.dsv
[3.140s] -- Up-to-date symlink: /home/dahyeon/dev_ws/install/srv_alarm_interface/share/ament_index/resource_index/packages/srv_alarm_interface
[3.140s] -- Up-to-date symlink: /home/dahyeon/dev_ws/install/srv_alarm_interface/share/srv_alarm_interface/cmake/rosidl_cmake-extras.cmake
[3.140s] -- Up-to-date symlink: /home/dahyeon/dev_ws/install/srv_alarm_interface/share/srv_alarm_interface/cmake/ament_cmake_export_dependencies-extras.cmake
[3.140s] -- Up-to-date symlink: /home/dahyeon/dev_ws/install/srv_alarm_interface/share/srv_alarm_interface/cmake/ament_cmake_export_libraries-extras.cmake
[3.141s] -- Up-to-date symlink: /home/dahyeon/dev_ws/install/srv_alarm_interface/share/srv_alarm_interface/cmake/ament_cmake_export_targets-extras.cmake
[3.141s] -- Up-to-date symlink: /home/dahyeon/dev_ws/install/srv_alarm_interface/share/srv_alarm_interface/cmake/ament_cmake_export_include_directories-extras.cmake
[3.141s] -- Up-to-date symlink: /home/dahyeon/dev_ws/install/srv_alarm_interface/share/srv_alarm_interface/cmake/rosidl_cmake_export_typesupport_libraries-extras.cmake
[3.141s] -- Up-to-date symlink: /home/dahyeon/dev_ws/install/srv_alarm_interface/share/srv_alarm_interface/cmake/rosidl_cmake_export_typesupport_targets-extras.cmake
[3.141s] -- Up-to-date symlink: /home/dahyeon/dev_ws/install/srv_alarm_interface/share/srv_alarm_interface/cmake/srv_alarm_interfaceConfig.cmake
[3.142s] -- Up-to-date symlink: /home/dahyeon/dev_ws/install/srv_alarm_interface/share/srv_alarm_interface/cmake/srv_alarm_interfaceConfig-version.cmake
[3.142s] -- Up-to-date symlink: /home/dahyeon/dev_ws/install/srv_alarm_interface/share/srv_alarm_interface/package.xml
[3.142s] -- Installing: /home/dahyeon/dev_ws/install/srv_alarm_interface/lib/libsrv_alarm_interface__rosidl_generator_c.so
[3.142s] -- Set runtime path of "/home/dahyeon/dev_ws/install/srv_alarm_interface/lib/libsrv_alarm_interface__rosidl_generator_c.so" to ""
[3.142s] -- Installing: /home/dahyeon/dev_ws/install/srv_alarm_interface/lib/libsrv_alarm_interface__rosidl_typesupport_introspection_c.so
[3.143s] -- Set runtime path of "/home/dahyeon/dev_ws/install/srv_alarm_interface/lib/libsrv_alarm_interface__rosidl_typesupport_introspection_c.so" to ""
[3.143s] -- Installing: /home/dahyeon/dev_ws/install/srv_alarm_interface/lib/libsrv_alarm_interface__rosidl_typesupport_c.so
[3.143s] -- Set runtime path of "/home/dahyeon/dev_ws/install/srv_alarm_interface/lib/libsrv_alarm_interface__rosidl_typesupport_c.so" to ""
[3.143s] -- Installing: /home/dahyeon/dev_ws/install/srv_alarm_interface/lib/libsrv_alarm_interface__rosidl_typesupport_introspection_cpp.so
[3.143s] -- Set runtime path of "/home/dahyeon/dev_ws/install/srv_alarm_interface/lib/libsrv_alarm_interface__rosidl_typesupport_introspection_cpp.so" to ""
[3.143s] -- Installing: /home/dahyeon/dev_ws/install/srv_alarm_interface/lib/libsrv_alarm_interface__rosidl_typesupport_cpp.so
[3.144s] -- Set runtime path of "/home/dahyeon/dev_ws/install/srv_alarm_interface/lib/libsrv_alarm_interface__rosidl_typesupport_cpp.so" to ""
[3.174s] Compiling '/home/dahyeon/dev_ws/install/srv_alarm_interface/lib/python3.8/site-packages/srv_alarm_interface/__init__.py'...
[3.176s] -- Up-to-date: /home/dahyeon/dev_ws/install/srv_alarm_interface/share/srv_alarm_interface/cmake/srv_alarm_interface__rosidl_generator_cExport.cmake
[3.176s] -- Installing: /home/dahyeon/dev_ws/install/srv_alarm_interface/share/srv_alarm_interface/cmake/srv_alarm_interface__rosidl_generator_cExport-noconfig.cmake
[3.177s] -- Up-to-date: /home/dahyeon/dev_ws/install/srv_alarm_interface/share/srv_alarm_interface/cmake/srv_alarm_interface__rosidl_typesupport_introspection_cExport.cmake
[3.177s] -- Installing: /home/dahyeon/dev_ws/install/srv_alarm_interface/share/srv_alarm_interface/cmake/srv_alarm_interface__rosidl_typesupport_introspection_cExport-noconfig.cmake
[3.177s] -- Up-to-date: /home/dahyeon/dev_ws/install/srv_alarm_interface/share/srv_alarm_interface/cmake/srv_alarm_interface__rosidl_typesupport_cExport.cmake
[3.177s] -- Installing: /home/dahyeon/dev_ws/install/srv_alarm_interface/share/srv_alarm_interface/cmake/srv_alarm_interface__rosidl_typesupport_cExport-noconfig.cmake
[3.177s] -- Up-to-date: /home/dahyeon/dev_ws/install/srv_alarm_interface/share/srv_alarm_interface/cmake/srv_alarm_interface__rosidl_generator_cppExport.cmake
[3.177s] -- Up-to-date: /home/dahyeon/dev_ws/install/srv_alarm_interface/share/srv_alarm_interface/cmake/srv_alarm_interface__rosidl_typesupport_introspection_cppExport.cmake
[3.177s] -- Installing: /home/dahyeon/dev_ws/install/srv_alarm_interface/share/srv_alarm_interface/cmake/srv_alarm_interface__rosidl_typesupport_introspection_cppExport-noconfig.cmake
[3.177s] -- Up-to-date: /home/dahyeon/dev_ws/install/srv_alarm_interface/share/srv_alarm_interface/cmake/srv_alarm_interface__rosidl_typesupport_cppExport.cmake
[3.178s] -- Installing: /home/dahyeon/dev_ws/install/srv_alarm_interface/share/srv_alarm_interface/cmake/srv_alarm_interface__rosidl_typesupport_cppExport-noconfig.cmake
[3.180s] Invoked command in '/home/dahyeon/dev_ws/build/srv_alarm_interface' returned '0': CMAKE_PREFIX_PATH=${CMAKE_PREFIX_PATH}:/home/dahyeon/dev_ws/install/topic_service_action_rclpy_example:/home/dahyeon/dev_ws/install/time_rclpy_example:/home/dahyeon/dev_ws/install/tf2_rclpy_example:/home/dahyeon/dev_ws/install/ros2env:/home/dahyeon/dev_ws/install/my_first_ros_rclpy_pkg:/home/dahyeon/dev_ws/install/logging_rclpy_example:/opt/ros/foxy /usr/bin/cmake --install /home/dahyeon/dev_ws/build/srv_alarm_interface
