[35m[1mScanning dependencies of target alarmserver[0m
[ 28%] Built target alarmclient
[ 57%] Built target alarm_change_client
[ 71%] [32mBuilding CXX object CMakeFiles/alarmserver.dir/src/alarm/alarmserver.cpp.o[0m
[01m[K/home/dahyeon/dev_ws/src/uni/src/alarm/alarmserver.cpp:[m[K In member function ‘[01m[Kstd::string Alarmserver::calculate_alarm_time()[m[K’:
[01m[K/home/dahyeon/dev_ws/src/uni/src/alarm/alarmserver.cpp:133:7:[m[K [01;35m[Kwarning: [m[Kvariable ‘[01m[Kout_time_h_[m[K’ set but not used [[01;35m[K-Wunused-but-set-variable[m[K]
  133 |   int [01;35m[Kout_time_h_[m[K, out_time_m_;
      |       [01;35m[K^~~~~~~~~~~[m[K
[01m[K/home/dahyeon/dev_ws/src/uni/src/alarm/alarmserver.cpp:133:20:[m[K [01;35m[Kwarning: [m[Kvariable ‘[01m[Kout_time_m_[m[K’ set but not used [[01;35m[K-Wunused-but-set-variable[m[K]
  133 |   int out_time_h_, [01;35m[Kout_time_m_[m[K;
      |                    [01;35m[K^~~~~~~~~~~[m[K
[01m[K/home/dahyeon/dev_ws/src/uni/src/alarm/alarmserver.cpp:134:7:[m[K [01;35m[Kwarning: [m[Kunused variable ‘[01m[Kout_hour[m[K’ [[01;35m[K-Wunused-variable[m[K]
  134 |   int [01;35m[Kout_hour[m[K, result_hour;
      |       [01;35m[K^~~~~~~~[m[K
[01m[K/home/dahyeon/dev_ws/src/uni/src/alarm/alarmserver.cpp:134:17:[m[K [01;35m[Kwarning: [m[Kunused variable ‘[01m[Kresult_hour[m[K’ [[01;35m[K-Wunused-variable[m[K]
  134 |   int out_hour, [01;35m[Kresult_hour[m[K;
      |                 [01;35m[K^~~~~~~~~~~[m[K
[01m[K/home/dahyeon/dev_ws/src/uni/src/alarm/alarmserver.cpp:135:7:[m[K [01;35m[Kwarning: [m[Kunused variable ‘[01m[Kout_min[m[K’ [[01;35m[K-Wunused-variable[m[K]
  135 |   int [01;35m[Kout_min[m[K, result_min;
      |       [01;35m[K^~~~~~~[m[K
[01m[K/home/dahyeon/dev_ws/src/uni/src/alarm/alarmserver.cpp:135:16:[m[K [01;35m[Kwarning: [m[Kunused variable ‘[01m[Kresult_min[m[K’ [[01;35m[K-Wunused-variable[m[K]
  135 |   int out_min, [01;35m[Kresult_min[m[K;
      |                [01;35m[K^~~~~~~~~~[m[K
[01m[K/home/dahyeon/dev_ws/src/uni/src/alarm/alarmserver.cpp:[m[K In function ‘[01m[Kstd::string Json_time(std::string)[m[K’:
[01m[K/home/dahyeon/dev_ws/src/uni/src/alarm/alarmserver.cpp:71:1:[m[K [01;35m[Kwarning: [m[Kcontrol reaches end of non-void function [[01;35m[K-Wreturn-type[m[K]
   71 | [01;35m[K}[m[K
      | [01;35m[K^[m[K
[ 85%] [32m[1mLinking CXX executable alarmserver[0m
[100%] Built target alarmserver
-- Install configuration: ""
-- Execute custom install script
-- Up-to-date symlink: /home/dahyeon/dev_ws/install/uni/lib/uni/alarmserver
-- Up-to-date symlink: /home/dahyeon/dev_ws/install/uni/lib/uni/alarmclient
-- Up-to-date symlink: /home/dahyeon/dev_ws/install/uni/lib/uni/alarm_change_client
-- Up-to-date symlink: /home/dahyeon/dev_ws/install/uni/share/uni/launch/alarm_config.launch.py
-- Up-to-date symlink: /home/dahyeon/dev_ws/install/uni/share/uni/param/alarm_config.yaml
-- Up-to-date symlink: /home/dahyeon/dev_ws/install/uni/share/ament_index/resource_index/package_run_dependencies/uni
-- Up-to-date symlink: /home/dahyeon/dev_ws/install/uni/share/ament_index/resource_index/parent_prefix_path/uni
-- Up-to-date symlink: /home/dahyeon/dev_ws/install/uni/share/uni/environment/ament_prefix_path.sh
-- Up-to-date symlink: /home/dahyeon/dev_ws/install/uni/share/uni/environment/ament_prefix_path.dsv
-- Up-to-date symlink: /home/dahyeon/dev_ws/install/uni/share/uni/environment/path.sh
-- Up-to-date symlink: /home/dahyeon/dev_ws/install/uni/share/uni/environment/path.dsv
-- Up-to-date symlink: /home/dahyeon/dev_ws/install/uni/share/uni/local_setup.bash
-- Up-to-date symlink: /home/dahyeon/dev_ws/install/uni/share/uni/local_setup.sh
-- Up-to-date symlink: /home/dahyeon/dev_ws/install/uni/share/uni/local_setup.zsh
-- Up-to-date symlink: /home/dahyeon/dev_ws/install/uni/share/uni/local_setup.dsv
-- Symlinking: /home/dahyeon/dev_ws/install/uni/share/uni/package.dsv
-- Up-to-date symlink: /home/dahyeon/dev_ws/install/uni/share/ament_index/resource_index/packages/uni
-- Up-to-date symlink: /home/dahyeon/dev_ws/install/uni/share/uni/cmake/uniConfig.cmake
-- Up-to-date symlink: /home/dahyeon/dev_ws/install/uni/share/uni/cmake/uniConfig-version.cmake
-- Up-to-date symlink: /home/dahyeon/dev_ws/install/uni/share/uni/package.xml
