[0.218s] Invoking command in '/home/dahyeon/dev_ws/build/my_first_ros_rclcpp_pkg': CMAKE_PREFIX_PATH=${CMAKE_PREFIX_PATH}:/opt/ros/foxy /usr/bin/cmake --build /home/dahyeon/dev_ws/build/my_first_ros_rclcpp_pkg -- -j12 -l12
[0.715s] [100%] Built target helloworld_subscriber
[0.715s] [100%] Built target helloworld_publisher
[0.720s] Invoked command in '/home/dahyeon/dev_ws/build/my_first_ros_rclcpp_pkg' returned '0': CMAKE_PREFIX_PATH=${CMAKE_PREFIX_PATH}:/opt/ros/foxy /usr/bin/cmake --build /home/dahyeon/dev_ws/build/my_first_ros_rclcpp_pkg -- -j12 -l12
[0.755s] Invoking command in '/home/dahyeon/dev_ws/build/my_first_ros_rclcpp_pkg': CMAKE_PREFIX_PATH=${CMAKE_PREFIX_PATH}:/opt/ros/foxy /usr/bin/cmake --install /home/dahyeon/dev_ws/build/my_first_ros_rclcpp_pkg
[0.776s] -- Install configuration: ""
[0.776s] -- Execute custom install script
[0.777s] -- Up-to-date symlink: /home/dahyeon/dev_ws/install/my_first_ros_rclcpp_pkg/lib/my_first_ros_rclcpp_pkg/helloworld_publisher
[0.777s] -- Up-to-date symlink: /home/dahyeon/dev_ws/install/my_first_ros_rclcpp_pkg/lib/my_first_ros_rclcpp_pkg/helloworld_subscriber
[0.777s] -- Up-to-date symlink: /home/dahyeon/dev_ws/install/my_first_ros_rclcpp_pkg/share/ament_index/resource_index/package_run_dependencies/my_first_ros_rclcpp_pkg
[0.777s] -- Up-to-date symlink: /home/dahyeon/dev_ws/install/my_first_ros_rclcpp_pkg/share/ament_index/resource_index/parent_prefix_path/my_first_ros_rclcpp_pkg
[0.777s] -- Up-to-date symlink: /home/dahyeon/dev_ws/install/my_first_ros_rclcpp_pkg/share/my_first_ros_rclcpp_pkg/environment/ament_prefix_path.sh
[0.777s] -- Up-to-date symlink: /home/dahyeon/dev_ws/install/my_first_ros_rclcpp_pkg/share/my_first_ros_rclcpp_pkg/environment/ament_prefix_path.dsv
[0.777s] -- Up-to-date symlink: /home/dahyeon/dev_ws/install/my_first_ros_rclcpp_pkg/share/my_first_ros_rclcpp_pkg/environment/path.sh
[0.778s] -- Up-to-date symlink: /home/dahyeon/dev_ws/install/my_first_ros_rclcpp_pkg/share/my_first_ros_rclcpp_pkg/environment/path.dsv
[0.778s] -- Up-to-date symlink: /home/dahyeon/dev_ws/install/my_first_ros_rclcpp_pkg/share/my_first_ros_rclcpp_pkg/local_setup.bash
[0.779s] -- Up-to-date symlink: /home/dahyeon/dev_ws/install/my_first_ros_rclcpp_pkg/share/my_first_ros_rclcpp_pkg/local_setup.sh
[0.780s] -- Up-to-date symlink: /home/dahyeon/dev_ws/install/my_first_ros_rclcpp_pkg/share/my_first_ros_rclcpp_pkg/local_setup.zsh
[0.780s] -- Up-to-date symlink: /home/dahyeon/dev_ws/install/my_first_ros_rclcpp_pkg/share/my_first_ros_rclcpp_pkg/local_setup.dsv
[0.780s] -- Symlinking: /home/dahyeon/dev_ws/install/my_first_ros_rclcpp_pkg/share/my_first_ros_rclcpp_pkg/package.dsv
[0.780s] -- Up-to-date symlink: /home/dahyeon/dev_ws/install/my_first_ros_rclcpp_pkg/share/ament_index/resource_index/packages/my_first_ros_rclcpp_pkg
[0.780s] -- Up-to-date symlink: /home/dahyeon/dev_ws/install/my_first_ros_rclcpp_pkg/share/my_first_ros_rclcpp_pkg/cmake/my_first_ros_rclcpp_pkgConfig.cmake
[0.781s] -- Up-to-date symlink: /home/dahyeon/dev_ws/install/my_first_ros_rclcpp_pkg/share/my_first_ros_rclcpp_pkg/cmake/my_first_ros_rclcpp_pkgConfig-version.cmake
[0.787s] -- Up-to-date symlink: /home/dahyeon/dev_ws/install/my_first_ros_rclcpp_pkg/share/my_first_ros_rclcpp_pkg/package.xml
[0.810s] Invoked command in '/home/dahyeon/dev_ws/build/my_first_ros_rclcpp_pkg' returned '0': CMAKE_PREFIX_PATH=${CMAKE_PREFIX_PATH}:/opt/ros/foxy /usr/bin/cmake --install /home/dahyeon/dev_ws/build/my_first_ros_rclcpp_pkg
