[0.212s] Invoking command in '/home/dahyeon/dev_ws/build/time_calculate': CMAKE_PREFIX_PATH=/home/dahyeon/dev_ws/install/time_msgs:/home/dahyeon/dev_ws/install/uni_save:/home/dahyeon/dev_ws/install/uni:/home/dahyeon/dev_ws/install/turtlesim:/home/dahyeon/dev_ws/install/topic_service_action_rclcpp_example:/home/dahyeon/dev_ws/install/time_rclcpp_example:/home/dahyeon/dev_ws/install/time_calculate:/home/dahyeon/dev_ws/install/tf2_rclcpp_example:/home/dahyeon/dev_ws/install/testbot_description:/home/dahyeon/dev_ws/install/test:/home/dahyeon/dev_ws/install/srv_alarm_interface:/home/dahyeon/dev_ws/install/rqt_example:/home/dahyeon/dev_ws/install/msg_srv_action_interface_example:/home/dahyeon/dev_ws/install/cpp_pubsub:/home/dahyeon/dev_ws/install/voice_recognition:/home/dahyeon/dev_ws/install/topic_service_action_rclpy_example:/home/dahyeon/dev_ws/install/time_rclpy_example:/home/dahyeon/dev_ws/install/time_alarm_handle:/home/dahyeon/dev_ws/install/py_pubsub:/home/dahyeon/dev_ws/install/tf2_rclpy_example:/home/dahyeon/dev_ws/install/ros2env:/home/dahyeon/dev_ws/install/my_package:/home/dahyeon/dev_ws/install/my_first_ros_rclpy_pkg:/home/dahyeon/dev_ws/install/my_first_ros_rclcpp_pkg:/home/dahyeon/dev_ws/install/logging_rclpy_example:/home/dahyeon/dev_ws/install/face_detection:/home/dahyeon/dev_ws/install/cpp_parameters:/opt/ros/foxy LD_LIBRARY_PATH=/home/dahyeon/dev_ws/install/time_msgs/lib:/home/dahyeon/dev_ws/install/turtlesim/lib:/home/dahyeon/dev_ws/install/srv_alarm_interface/lib:/home/dahyeon/dev_ws/install/msg_srv_action_interface_example/lib:/opt/ros/foxy/opt/yaml_cpp_vendor/lib:/opt/ros/foxy/opt/rviz_ogre_vendor/lib:/opt/ros/foxy/lib/x86_64-linux-gnu:/opt/ros/foxy/lib PYTHONPATH=/home/dahyeon/dev_ws/install/time_msgs/lib/python3.8/site-packages:/home/dahyeon/dev_ws/build/voice_recognition:/home/dahyeon/dev_ws/install/voice_recognition/lib/python3.8/site-packages:/home/dahyeon/dev_ws/install/turtlesim/lib/python3.8/site-packages:/home/dahyeon/dev_ws/build/topic_service_action_rclpy_example:/home/dahyeon/dev_ws/install/topic_service_action_rclpy_example/lib/python3.8/site-packages:/home/dahyeon/dev_ws/build/time_rclpy_example:/home/dahyeon/dev_ws/install/time_rclpy_example/lib/python3.8/site-packages:/home/dahyeon/dev_ws/build/time_alarm_handle:/home/dahyeon/dev_ws/install/time_alarm_handle/lib/python3.8/site-packages:/home/dahyeon/dev_ws/build/py_pubsub:/home/dahyeon/dev_ws/install/py_pubsub/lib/python3.8/site-packages:/home/dahyeon/dev_ws/build/tf2_rclpy_example:/home/dahyeon/dev_ws/install/tf2_rclpy_example/lib/python3.8/site-packages:/home/dahyeon/dev_ws/install/srv_alarm_interface/lib/python3.8/site-packages:/home/dahyeon/dev_ws/install/rqt_example/lib/python3.8/site-packages:/home/dahyeon/dev_ws/build/ros2env:/home/dahyeon/dev_ws/install/ros2env/lib/python3.8/site-packages:/home/dahyeon/dev_ws/build/my_first_ros_rclpy_pkg:/home/dahyeon/dev_ws/install/my_first_ros_rclpy_pkg/lib/python3.8/site-packages:/home/dahyeon/dev_ws/install/msg_srv_action_interface_example/lib/python3.8/site-packages:/home/dahyeon/dev_ws/build/logging_rclpy_example:/home/dahyeon/dev_ws/install/logging_rclpy_example/lib/python3.8/site-packages:/home/dahyeon/dev_ws/build/face_detection:/home/dahyeon/dev_ws/install/face_detection/lib/python3.8/site-packages:/opt/ros/foxy/lib/python3.8/site-packages /usr/bin/cmake --build /home/dahyeon/dev_ws/build/time_calculate -- -j12 -l12
[0.254s] [35m[1mScanning dependencies of target time_calculate_node[0m
[0.259s] [ 44%] Built target get_gps
[0.260s] [ 44%] Built target create_tcp
[0.267s] [ 66%] Built target minimal_subscriber
[0.274s] [ 77%] [32mBuilding CXX object CMakeFiles/time_calculate_node.dir/src/time_calculate_node.cpp.o[0m
[0.419s] [01m[K/home/dahyeon/dev_ws/src/uni_time/time_calculate/src/time_calculate_node.cpp:178:39:[m[K [01;35m[Kwarning: [m[K"/*" within comment [[01;35m[K-Wcomment[m[K]
[0.419s]   178 |     pthread_mutex_lock(&shm->mtx);    /*Uncomment at the end of the test
[0.419s]       |                                        
[0.419s] [01m[K/home/dahyeon/dev_ws/src/uni_time/time_calculate/src/time_calculate_node.cpp:179:39:[m[K [01;35m[Kwarning: [m[K"/*" within comment [[01;35m[K-Wcomment[m[K]
[0.419s]   179 |     ishome_ = shm->ishome;            /*Uncomment at the end of the test
[0.429s]       |                                        
[0.430s] [01m[K/home/dahyeon/dev_ws/src/uni_time/time_calculate/src/time_calculate_node.cpp:180:39:[m[K [01;35m[Kwarning: [m[K"/*" within comment [[01;35m[K-Wcomment[m[K]
[0.430s]   180 |     pthread_mutex_unlock(&shm->mtx);  /*Uncomment at the end of the test
[0.430s]       |                                        
[0.430s] [01m[K/home/dahyeon/dev_ws/src/uni_time/time_calculate/src/time_calculate_node.cpp:183:41:[m[K [01;35m[Kwarning: [m[K"/*" within comment [[01;35m[K-Wcomment[m[K]
[0.430s]   183 |       pthread_mutex_lock(&shm->mtx);    /*Uncomment at the end of the test
[0.430s]       |                                          
[0.430s] [01m[K/home/dahyeon/dev_ws/src/uni_time/time_calculate/src/time_calculate_node.cpp:184:41:[m[K [01;35m[Kwarning: [m[K"/*" within comment [[01;35m[K-Wcomment[m[K]
[0.430s]   184 |       ishome_ = shm->ishome;            /*Uncomment at the end of the test
[0.430s]       |                                          
[0.430s] [01m[K/home/dahyeon/dev_ws/src/uni_time/time_calculate/src/time_calculate_node.cpp:185:41:[m[K [01;35m[Kwarning: [m[K"/*" within comment [[01;35m[K-Wcomment[m[K]
[0.430s]   185 |       pthread_mutex_unlock(&shm->mtx);  /*Uncomment at the end of the test
[0.430s]       |                                          
[1.360s] In file included from [01m[K/home/dahyeon/dev_ws/src/uni_time/time_calculate/src/time_calculate_node.cpp:2[m[K:
[1.361s] [01m[K/home/dahyeon/dev_ws/src/uni_time/time_calculate/src/time_calculate_node.cpp:[m[K In member function ‘[01m[Kvoid TimeCalculateNode::set_alarminfo()[m[K’:
[1.361s] [01m[K/home/dahyeon/dev_ws/src/uni_time/time_calculate/include/shm_mutex.h:16:18:[m[K [01;35m[Kwarning: [m[KISO C++ forbids converting a string constant to ‘[01m[Kchar*[m[K’ [[01;35m[K-Wwrite-strings[m[K]
[1.361s]    16 | #define SHM_NAME [01;35m[K"shm_mem_test"[m[K
[1.361s]       |                  [01;35m[K^~~~~~~~~~~~~~[m[K
[1.361s] [01m[K/home/dahyeon/dev_ws/src/uni_time/time_calculate/src/time_calculate_node.cpp:209:36:[m[K [01;36m[Knote: [m[Kin expansion of macro ‘[01m[KSHM_NAME[m[K’
[1.361s]   209 |   ret = __init_shared_memory_slave([01;36m[KSHM_NAME[m[K, shm);
[1.361s]       |                                    [01;36m[K^~~~~~~~[m[K
[1.362s] [01m[K/home/dahyeon/dev_ws/src/uni_time/time_calculate/src/time_calculate_node.cpp:208:7:[m[K [01;35m[Kwarning: [m[Kvariable ‘[01m[Kret[m[K’ set but not used [[01;35m[K-Wunused-but-set-variable[m[K]
[1.362s]   208 |   int [01;35m[Kret[m[K;
[1.362s]       |       [01;35m[K^~~[m[K
[1.362s] [01m[K/home/dahyeon/dev_ws/src/uni_time/time_calculate/src/time_calculate_node.cpp:[m[K In member function ‘[01m[Kbool TimeCalculateNode::compare_time()[m[K’:
[1.362s] [01m[K/home/dahyeon/dev_ws/src/uni_time/time_calculate/src/time_calculate_node.cpp:247:20:[m[K [01;35m[Kwarning: [m[Kunused variable ‘[01m[Kgtp[m[K’ [[01;35m[K-Wunused-variable[m[K]
[1.362s]   247 |   struct tm *ltp, *[01;35m[Kgtp[m[K;
[1.362s]       |                    [01;35m[K^~~[m[K
[1.363s] [01m[K/home/dahyeon/dev_ws/src/uni_time/time_calculate/src/time_calculate_node.cpp:[m[K In function ‘[01m[Kvoid wait_alarm(std::string)[m[K’:
[1.363s] [01m[K/home/dahyeon/dev_ws/src/uni_time/time_calculate/src/time_calculate_node.cpp:264:20:[m[K [01;35m[Kwarning: [m[Kunused variable ‘[01m[Kgtp[m[K’ [[01;35m[K-Wunused-variable[m[K]
[1.363s]   264 |   struct tm *ltp, *[01;35m[Kgtp[m[K;
[1.363s]       |                    [01;35m[K^~~[m[K
[1.364s] [01m[K/home/dahyeon/dev_ws/src/uni_time/time_calculate/src/time_calculate_node.cpp:[m[K In function ‘[01m[Kvoid sig_alm(int)[m[K’:
[1.364s] [01m[K/home/dahyeon/dev_ws/src/uni_time/time_calculate/src/time_calculate_node.cpp:328:18:[m[K [01;35m[Kwarning: [m[Kunused parameter ‘[01m[Ksigno[m[K’ [[01;35m[K-Wunused-parameter[m[K]
[1.364s]   328 | void sig_alm([01;35m[Kint signo[m[K)
[1.364s]       |              [01;35m[K~~~~^~~~~[m[K
[1.365s] [01m[K/home/dahyeon/dev_ws/src/uni_time/time_calculate/src/time_calculate_node.cpp:[m[K In function ‘[01m[Kvoid sig_int(int)[m[K’:
[1.365s] [01m[K/home/dahyeon/dev_ws/src/uni_time/time_calculate/src/time_calculate_node.cpp:333:18:[m[K [01;35m[Kwarning: [m[Kunused parameter ‘[01m[Ksigno[m[K’ [[01;35m[K-Wunused-parameter[m[K]
[1.365s]   333 | void sig_int([01;35m[Kint signo[m[K)
[1.365s]       |              [01;35m[K~~~~^~~~~[m[K
[2.078s] In file included from [01m[K/home/dahyeon/dev_ws/src/uni_time/time_calculate/src/time_calculate_node.cpp:2[m[K:
[2.078s] [01m[K/home/dahyeon/dev_ws/src/uni_time/time_calculate/include/shm_mutex.h:[m[K At global scope:
[2.078s] [01m[K/home/dahyeon/dev_ws/src/uni_time/time_calculate/include/shm_mutex.h:141:12:[m[K [01;35m[Kwarning: [m[K‘[01m[Kint __destory_shared_memory_slave(shm_struct_t*&)[m[K’ defined but not used [[01;35m[K-Wunused-function[m[K]
[2.078s]   141 | static int [01;35m[K__destory_shared_memory_slave[m[K(shm_struct_t* &shm)
[2.079s]       |            [01;35m[K^~~~~~~~~~~~~~~~~~~~~~~~~~~~~[m[K
[2.079s] [01m[K/home/dahyeon/dev_ws/src/uni_time/time_calculate/include/shm_mutex.h:105:12:[m[K [01;35m[Kwarning: [m[K‘[01m[Kint __destory_shared_memory_master(shm_struct_t*&, pthread_mutexattr_t&)[m[K’ defined but not used [[01;35m[K-Wunused-function[m[K]
[2.079s]   105 | static int [01;35m[K__destory_shared_memory_master[m[K(shm_struct_t* &shm, pthread_mutexattr_t &mtx_attr)
[2.079s]       |            [01;35m[K^~~~~~~~~~~~~~~~~~~~~~~~~~~~~~[m[K
[2.079s] [01m[K/home/dahyeon/dev_ws/src/uni_time/time_calculate/include/shm_mutex.h:71:12:[m[K [01;35m[Kwarning: [m[K‘[01m[Kint __init_shared_memory_master(char*, shm_struct_t*&, pthread_mutexattr_t&)[m[K’ defined but not used [[01;35m[K-Wunused-function[m[K]
[2.079s]    71 | static int [01;35m[K__init_shared_memory_master[m[K(char* name, shm_struct_t* &shm, pthread_mutexattr_t &mtx_attr)
[2.079s]       |            [01;35m[K^~~~~~~~~~~~~~~~~~~~~~~~~~~[m[K
[2.948s] [ 88%] [32m[1mLinking CXX executable time_calculate_node[0m
[3.162s] [100%] Built target time_calculate_node
[3.171s] Invoked command in '/home/dahyeon/dev_ws/build/time_calculate' returned '0': CMAKE_PREFIX_PATH=/home/dahyeon/dev_ws/install/time_msgs:/home/dahyeon/dev_ws/install/uni_save:/home/dahyeon/dev_ws/install/uni:/home/dahyeon/dev_ws/install/turtlesim:/home/dahyeon/dev_ws/install/topic_service_action_rclcpp_example:/home/dahyeon/dev_ws/install/time_rclcpp_example:/home/dahyeon/dev_ws/install/time_calculate:/home/dahyeon/dev_ws/install/tf2_rclcpp_example:/home/dahyeon/dev_ws/install/testbot_description:/home/dahyeon/dev_ws/install/test:/home/dahyeon/dev_ws/install/srv_alarm_interface:/home/dahyeon/dev_ws/install/rqt_example:/home/dahyeon/dev_ws/install/msg_srv_action_interface_example:/home/dahyeon/dev_ws/install/cpp_pubsub:/home/dahyeon/dev_ws/install/voice_recognition:/home/dahyeon/dev_ws/install/topic_service_action_rclpy_example:/home/dahyeon/dev_ws/install/time_rclpy_example:/home/dahyeon/dev_ws/install/time_alarm_handle:/home/dahyeon/dev_ws/install/py_pubsub:/home/dahyeon/dev_ws/install/tf2_rclpy_example:/home/dahyeon/dev_ws/install/ros2env:/home/dahyeon/dev_ws/install/my_package:/home/dahyeon/dev_ws/install/my_first_ros_rclpy_pkg:/home/dahyeon/dev_ws/install/my_first_ros_rclcpp_pkg:/home/dahyeon/dev_ws/install/logging_rclpy_example:/home/dahyeon/dev_ws/install/face_detection:/home/dahyeon/dev_ws/install/cpp_parameters:/opt/ros/foxy LD_LIBRARY_PATH=/home/dahyeon/dev_ws/install/time_msgs/lib:/home/dahyeon/dev_ws/install/turtlesim/lib:/home/dahyeon/dev_ws/install/srv_alarm_interface/lib:/home/dahyeon/dev_ws/install/msg_srv_action_interface_example/lib:/opt/ros/foxy/opt/yaml_cpp_vendor/lib:/opt/ros/foxy/opt/rviz_ogre_vendor/lib:/opt/ros/foxy/lib/x86_64-linux-gnu:/opt/ros/foxy/lib PYTHONPATH=/home/dahyeon/dev_ws/install/time_msgs/lib/python3.8/site-packages:/home/dahyeon/dev_ws/build/voice_recognition:/home/dahyeon/dev_ws/install/voice_recognition/lib/python3.8/site-packages:/home/dahyeon/dev_ws/install/turtlesim/lib/python3.8/site-packages:/home/dahyeon/dev_ws/build/topic_service_action_rclpy_example:/home/dahyeon/dev_ws/install/topic_service_action_rclpy_example/lib/python3.8/site-packages:/home/dahyeon/dev_ws/build/time_rclpy_example:/home/dahyeon/dev_ws/install/time_rclpy_example/lib/python3.8/site-packages:/home/dahyeon/dev_ws/build/time_alarm_handle:/home/dahyeon/dev_ws/install/time_alarm_handle/lib/python3.8/site-packages:/home/dahyeon/dev_ws/build/py_pubsub:/home/dahyeon/dev_ws/install/py_pubsub/lib/python3.8/site-packages:/home/dahyeon/dev_ws/build/tf2_rclpy_example:/home/dahyeon/dev_ws/install/tf2_rclpy_example/lib/python3.8/site-packages:/home/dahyeon/dev_ws/install/srv_alarm_interface/lib/python3.8/site-packages:/home/dahyeon/dev_ws/install/rqt_example/lib/python3.8/site-packages:/home/dahyeon/dev_ws/build/ros2env:/home/dahyeon/dev_ws/install/ros2env/lib/python3.8/site-packages:/home/dahyeon/dev_ws/build/my_first_ros_rclpy_pkg:/home/dahyeon/dev_ws/install/my_first_ros_rclpy_pkg/lib/python3.8/site-packages:/home/dahyeon/dev_ws/install/msg_srv_action_interface_example/lib/python3.8/site-packages:/home/dahyeon/dev_ws/build/logging_rclpy_example:/home/dahyeon/dev_ws/install/logging_rclpy_example/lib/python3.8/site-packages:/home/dahyeon/dev_ws/build/face_detection:/home/dahyeon/dev_ws/install/face_detection/lib/python3.8/site-packages:/opt/ros/foxy/lib/python3.8/site-packages /usr/bin/cmake --build /home/dahyeon/dev_ws/build/time_calculate -- -j12 -l12
[3.193s] Invoking command in '/home/dahyeon/dev_ws/build/time_calculate': CMAKE_PREFIX_PATH=/home/dahyeon/dev_ws/install/time_msgs:/home/dahyeon/dev_ws/install/uni_save:/home/dahyeon/dev_ws/install/uni:/home/dahyeon/dev_ws/install/turtlesim:/home/dahyeon/dev_ws/install/topic_service_action_rclcpp_example:/home/dahyeon/dev_ws/install/time_rclcpp_example:/home/dahyeon/dev_ws/install/time_calculate:/home/dahyeon/dev_ws/install/tf2_rclcpp_example:/home/dahyeon/dev_ws/install/testbot_description:/home/dahyeon/dev_ws/install/test:/home/dahyeon/dev_ws/install/srv_alarm_interface:/home/dahyeon/dev_ws/install/rqt_example:/home/dahyeon/dev_ws/install/msg_srv_action_interface_example:/home/dahyeon/dev_ws/install/cpp_pubsub:/home/dahyeon/dev_ws/install/voice_recognition:/home/dahyeon/dev_ws/install/topic_service_action_rclpy_example:/home/dahyeon/dev_ws/install/time_rclpy_example:/home/dahyeon/dev_ws/install/time_alarm_handle:/home/dahyeon/dev_ws/install/py_pubsub:/home/dahyeon/dev_ws/install/tf2_rclpy_example:/home/dahyeon/dev_ws/install/ros2env:/home/dahyeon/dev_ws/install/my_package:/home/dahyeon/dev_ws/install/my_first_ros_rclpy_pkg:/home/dahyeon/dev_ws/install/my_first_ros_rclcpp_pkg:/home/dahyeon/dev_ws/install/logging_rclpy_example:/home/dahyeon/dev_ws/install/face_detection:/home/dahyeon/dev_ws/install/cpp_parameters:/opt/ros/foxy LD_LIBRARY_PATH=/home/dahyeon/dev_ws/install/time_msgs/lib:/home/dahyeon/dev_ws/install/turtlesim/lib:/home/dahyeon/dev_ws/install/srv_alarm_interface/lib:/home/dahyeon/dev_ws/install/msg_srv_action_interface_example/lib:/opt/ros/foxy/opt/yaml_cpp_vendor/lib:/opt/ros/foxy/opt/rviz_ogre_vendor/lib:/opt/ros/foxy/lib/x86_64-linux-gnu:/opt/ros/foxy/lib PYTHONPATH=/home/dahyeon/dev_ws/install/time_msgs/lib/python3.8/site-packages:/home/dahyeon/dev_ws/build/voice_recognition:/home/dahyeon/dev_ws/install/voice_recognition/lib/python3.8/site-packages:/home/dahyeon/dev_ws/install/turtlesim/lib/python3.8/site-packages:/home/dahyeon/dev_ws/build/topic_service_action_rclpy_example:/home/dahyeon/dev_ws/install/topic_service_action_rclpy_example/lib/python3.8/site-packages:/home/dahyeon/dev_ws/build/time_rclpy_example:/home/dahyeon/dev_ws/install/time_rclpy_example/lib/python3.8/site-packages:/home/dahyeon/dev_ws/build/time_alarm_handle:/home/dahyeon/dev_ws/install/time_alarm_handle/lib/python3.8/site-packages:/home/dahyeon/dev_ws/build/py_pubsub:/home/dahyeon/dev_ws/install/py_pubsub/lib/python3.8/site-packages:/home/dahyeon/dev_ws/build/tf2_rclpy_example:/home/dahyeon/dev_ws/install/tf2_rclpy_example/lib/python3.8/site-packages:/home/dahyeon/dev_ws/install/srv_alarm_interface/lib/python3.8/site-packages:/home/dahyeon/dev_ws/install/rqt_example/lib/python3.8/site-packages:/home/dahyeon/dev_ws/build/ros2env:/home/dahyeon/dev_ws/install/ros2env/lib/python3.8/site-packages:/home/dahyeon/dev_ws/build/my_first_ros_rclpy_pkg:/home/dahyeon/dev_ws/install/my_first_ros_rclpy_pkg/lib/python3.8/site-packages:/home/dahyeon/dev_ws/install/msg_srv_action_interface_example/lib/python3.8/site-packages:/home/dahyeon/dev_ws/build/logging_rclpy_example:/home/dahyeon/dev_ws/install/logging_rclpy_example/lib/python3.8/site-packages:/home/dahyeon/dev_ws/build/face_detection:/home/dahyeon/dev_ws/install/face_detection/lib/python3.8/site-packages:/opt/ros/foxy/lib/python3.8/site-packages /usr/bin/cmake --install /home/dahyeon/dev_ws/build/time_calculate
[3.199s] -- Install configuration: ""
[3.199s] -- Execute custom install script
[3.200s] -- Up-to-date symlink: /home/dahyeon/dev_ws/install/time_calculate/lib/time_calculate/time_calculate_node
[3.200s] -- Up-to-date symlink: /home/dahyeon/dev_ws/install/time_calculate/lib/time_calculate/create_tcp
[3.200s] -- Up-to-date symlink: /home/dahyeon/dev_ws/install/time_calculate/lib/time_calculate/get_gps
[3.200s] -- Up-to-date symlink: /home/dahyeon/dev_ws/install/time_calculate/lib/time_calculate/minimal_subscriber
[3.201s] -- Up-to-date symlink: /home/dahyeon/dev_ws/install/time_calculate/share/ament_index/resource_index/package_run_dependencies/time_calculate
[3.201s] -- Up-to-date symlink: /home/dahyeon/dev_ws/install/time_calculate/share/ament_index/resource_index/parent_prefix_path/time_calculate
[3.201s] -- Up-to-date symlink: /home/dahyeon/dev_ws/install/time_calculate/share/time_calculate/environment/ament_prefix_path.sh
[3.201s] -- Up-to-date symlink: /home/dahyeon/dev_ws/install/time_calculate/share/time_calculate/environment/ament_prefix_path.dsv
[3.201s] -- Up-to-date symlink: /home/dahyeon/dev_ws/install/time_calculate/share/time_calculate/environment/path.sh
[3.202s] -- Up-to-date symlink: /home/dahyeon/dev_ws/install/time_calculate/share/time_calculate/environment/path.dsv
[3.202s] -- Up-to-date symlink: /home/dahyeon/dev_ws/install/time_calculate/share/time_calculate/local_setup.bash
[3.202s] -- Up-to-date symlink: /home/dahyeon/dev_ws/install/time_calculate/share/time_calculate/local_setup.sh
[3.202s] -- Up-to-date symlink: /home/dahyeon/dev_ws/install/time_calculate/share/time_calculate/local_setup.zsh
[3.202s] -- Up-to-date symlink: /home/dahyeon/dev_ws/install/time_calculate/share/time_calculate/local_setup.dsv
[3.202s] -- Symlinking: /home/dahyeon/dev_ws/install/time_calculate/share/time_calculate/package.dsv
[3.209s] -- Up-to-date symlink: /home/dahyeon/dev_ws/install/time_calculate/share/ament_index/resource_index/packages/time_calculate
[3.209s] -- Up-to-date symlink: /home/dahyeon/dev_ws/install/time_calculate/share/time_calculate/cmake/time_calculateConfig.cmake
[3.209s] -- Up-to-date symlink: /home/dahyeon/dev_ws/install/time_calculate/share/time_calculate/cmake/time_calculateConfig-version.cmake
[3.209s] -- Up-to-date symlink: /home/dahyeon/dev_ws/install/time_calculate/share/time_calculate/package.xml
[3.211s] Invoked command in '/home/dahyeon/dev_ws/build/time_calculate' returned '0': CMAKE_PREFIX_PATH=/home/dahyeon/dev_ws/install/time_msgs:/home/dahyeon/dev_ws/install/uni_save:/home/dahyeon/dev_ws/install/uni:/home/dahyeon/dev_ws/install/turtlesim:/home/dahyeon/dev_ws/install/topic_service_action_rclcpp_example:/home/dahyeon/dev_ws/install/time_rclcpp_example:/home/dahyeon/dev_ws/install/time_calculate:/home/dahyeon/dev_ws/install/tf2_rclcpp_example:/home/dahyeon/dev_ws/install/testbot_description:/home/dahyeon/dev_ws/install/test:/home/dahyeon/dev_ws/install/srv_alarm_interface:/home/dahyeon/dev_ws/install/rqt_example:/home/dahyeon/dev_ws/install/msg_srv_action_interface_example:/home/dahyeon/dev_ws/install/cpp_pubsub:/home/dahyeon/dev_ws/install/voice_recognition:/home/dahyeon/dev_ws/install/topic_service_action_rclpy_example:/home/dahyeon/dev_ws/install/time_rclpy_example:/home/dahyeon/dev_ws/install/time_alarm_handle:/home/dahyeon/dev_ws/install/py_pubsub:/home/dahyeon/dev_ws/install/tf2_rclpy_example:/home/dahyeon/dev_ws/install/ros2env:/home/dahyeon/dev_ws/install/my_package:/home/dahyeon/dev_ws/install/my_first_ros_rclpy_pkg:/home/dahyeon/dev_ws/install/my_first_ros_rclcpp_pkg:/home/dahyeon/dev_ws/install/logging_rclpy_example:/home/dahyeon/dev_ws/install/face_detection:/home/dahyeon/dev_ws/install/cpp_parameters:/opt/ros/foxy LD_LIBRARY_PATH=/home/dahyeon/dev_ws/install/time_msgs/lib:/home/dahyeon/dev_ws/install/turtlesim/lib:/home/dahyeon/dev_ws/install/srv_alarm_interface/lib:/home/dahyeon/dev_ws/install/msg_srv_action_interface_example/lib:/opt/ros/foxy/opt/yaml_cpp_vendor/lib:/opt/ros/foxy/opt/rviz_ogre_vendor/lib:/opt/ros/foxy/lib/x86_64-linux-gnu:/opt/ros/foxy/lib PYTHONPATH=/home/dahyeon/dev_ws/install/time_msgs/lib/python3.8/site-packages:/home/dahyeon/dev_ws/build/voice_recognition:/home/dahyeon/dev_ws/install/voice_recognition/lib/python3.8/site-packages:/home/dahyeon/dev_ws/install/turtlesim/lib/python3.8/site-packages:/home/dahyeon/dev_ws/build/topic_service_action_rclpy_example:/home/dahyeon/dev_ws/install/topic_service_action_rclpy_example/lib/python3.8/site-packages:/home/dahyeon/dev_ws/build/time_rclpy_example:/home/dahyeon/dev_ws/install/time_rclpy_example/lib/python3.8/site-packages:/home/dahyeon/dev_ws/build/time_alarm_handle:/home/dahyeon/dev_ws/install/time_alarm_handle/lib/python3.8/site-packages:/home/dahyeon/dev_ws/build/py_pubsub:/home/dahyeon/dev_ws/install/py_pubsub/lib/python3.8/site-packages:/home/dahyeon/dev_ws/build/tf2_rclpy_example:/home/dahyeon/dev_ws/install/tf2_rclpy_example/lib/python3.8/site-packages:/home/dahyeon/dev_ws/install/srv_alarm_interface/lib/python3.8/site-packages:/home/dahyeon/dev_ws/install/rqt_example/lib/python3.8/site-packages:/home/dahyeon/dev_ws/build/ros2env:/home/dahyeon/dev_ws/install/ros2env/lib/python3.8/site-packages:/home/dahyeon/dev_ws/build/my_first_ros_rclpy_pkg:/home/dahyeon/dev_ws/install/my_first_ros_rclpy_pkg/lib/python3.8/site-packages:/home/dahyeon/dev_ws/install/msg_srv_action_interface_example/lib/python3.8/site-packages:/home/dahyeon/dev_ws/build/logging_rclpy_example:/home/dahyeon/dev_ws/install/logging_rclpy_example/lib/python3.8/site-packages:/home/dahyeon/dev_ws/build/face_detection:/home/dahyeon/dev_ws/install/face_detection/lib/python3.8/site-packages:/opt/ros/foxy/lib/python3.8/site-packages /usr/bin/cmake --install /home/dahyeon/dev_ws/build/time_calculate
