[100%] Built target static_broadcaster
[100%] Built target broadcaster
[100%] Built target listener
-- Install configuration: ""
-- Execute custom install script
-- Symlinking: /home/dahyeon/dev_ws/install/tf2_rclcpp_example/lib/tf2_rclcpp_example/broadcaster
-- Symlinking: /home/dahyeon/dev_ws/install/tf2_rclcpp_example/lib/tf2_rclcpp_example/listener
-- Symlinking: /home/dahyeon/dev_ws/install/tf2_rclcpp_example/lib/tf2_rclcpp_example/static_broadcaster
-- Symlinking: /home/dahyeon/dev_ws/install/tf2_rclcpp_example/share/tf2_rclcpp_example/rviz/arm.rviz
-- Symlinking: /home/dahyeon/dev_ws/install/tf2_rclcpp_example/share/ament_index/resource_index/package_run_dependencies/tf2_rclcpp_example
-- Symlinking: /home/dahyeon/dev_ws/install/tf2_rclcpp_example/share/ament_index/resource_index/parent_prefix_path/tf2_rclcpp_example
-- Symlinking: /home/dahyeon/dev_ws/install/tf2_rclcpp_example/share/tf2_rclcpp_example/environment/ament_prefix_path.sh
-- Symlinking: /home/dahyeon/dev_ws/install/tf2_rclcpp_example/share/tf2_rclcpp_example/environment/ament_prefix_path.dsv
-- Symlinking: /home/dahyeon/dev_ws/install/tf2_rclcpp_example/share/tf2_rclcpp_example/environment/path.sh
-- Symlinking: /home/dahyeon/dev_ws/install/tf2_rclcpp_example/share/tf2_rclcpp_example/environment/path.dsv
-- Symlinking: /home/dahyeon/dev_ws/install/tf2_rclcpp_example/share/tf2_rclcpp_example/local_setup.bash
-- Symlinking: /home/dahyeon/dev_ws/install/tf2_rclcpp_example/share/tf2_rclcpp_example/local_setup.sh
-- Symlinking: /home/dahyeon/dev_ws/install/tf2_rclcpp_example/share/tf2_rclcpp_example/local_setup.zsh
-- Symlinking: /home/dahyeon/dev_ws/install/tf2_rclcpp_example/share/tf2_rclcpp_example/local_setup.dsv
-- Symlinking: /home/dahyeon/dev_ws/install/tf2_rclcpp_example/share/tf2_rclcpp_example/package.dsv
-- Symlinking: /home/dahyeon/dev_ws/install/tf2_rclcpp_example/share/ament_index/resource_index/packages/tf2_rclcpp_example
-- Symlinking: /home/dahyeon/dev_ws/install/tf2_rclcpp_example/share/tf2_rclcpp_example/cmake/tf2_rclcpp_exampleConfig.cmake
-- Symlinking: /home/dahyeon/dev_ws/install/tf2_rclcpp_example/share/tf2_rclcpp_example/cmake/tf2_rclcpp_exampleConfig-version.cmake
-- Symlinking: /home/dahyeon/dev_ws/install/tf2_rclcpp_example/share/tf2_rclcpp_example/package.xml
