[0.510s] Invoking command in '/home/dahyeon/dev_ws/build/tf2_rclcpp_example': CMAKE_PREFIX_PATH=${CMAKE_PREFIX_PATH}:/opt/ros/foxy /usr/bin/cmake --build /home/dahyeon/dev_ws/build/tf2_rclcpp_example -- -j12 -l12
[0.689s] [100%] Built target static_broadcaster
[0.689s] [100%] Built target broadcaster
[0.690s] [100%] Built target listener
[0.695s] Invoked command in '/home/dahyeon/dev_ws/build/tf2_rclcpp_example' returned '0': CMAKE_PREFIX_PATH=${CMAKE_PREFIX_PATH}:/opt/ros/foxy /usr/bin/cmake --build /home/dahyeon/dev_ws/build/tf2_rclcpp_example -- -j12 -l12
[0.739s] Invoking command in '/home/dahyeon/dev_ws/build/tf2_rclcpp_example': CMAKE_PREFIX_PATH=${CMAKE_PREFIX_PATH}:/opt/ros/foxy /usr/bin/cmake --install /home/dahyeon/dev_ws/build/tf2_rclcpp_example
[0.760s] -- Install configuration: ""
[0.760s] -- Execute custom install script
[0.760s] -- Symlinking: /home/dahyeon/dev_ws/install/tf2_rclcpp_example/lib/tf2_rclcpp_example/broadcaster
[0.762s] -- Symlinking: /home/dahyeon/dev_ws/install/tf2_rclcpp_example/lib/tf2_rclcpp_example/listener
[0.769s] -- Symlinking: /home/dahyeon/dev_ws/install/tf2_rclcpp_example/lib/tf2_rclcpp_example/static_broadcaster
[0.783s] -- Symlinking: /home/dahyeon/dev_ws/install/tf2_rclcpp_example/share/tf2_rclcpp_example/rviz/arm.rviz
[0.790s] -- Symlinking: /home/dahyeon/dev_ws/install/tf2_rclcpp_example/share/ament_index/resource_index/package_run_dependencies/tf2_rclcpp_example
[0.799s] -- Symlinking: /home/dahyeon/dev_ws/install/tf2_rclcpp_example/share/ament_index/resource_index/parent_prefix_path/tf2_rclcpp_example
[0.813s] -- Symlinking: /home/dahyeon/dev_ws/install/tf2_rclcpp_example/share/tf2_rclcpp_example/environment/ament_prefix_path.sh
[0.819s] -- Symlinking: /home/dahyeon/dev_ws/install/tf2_rclcpp_example/share/tf2_rclcpp_example/environment/ament_prefix_path.dsv
[0.830s] -- Symlinking: /home/dahyeon/dev_ws/install/tf2_rclcpp_example/share/tf2_rclcpp_example/environment/path.sh
[0.839s] -- Symlinking: /home/dahyeon/dev_ws/install/tf2_rclcpp_example/share/tf2_rclcpp_example/environment/path.dsv
[0.848s] -- Symlinking: /home/dahyeon/dev_ws/install/tf2_rclcpp_example/share/tf2_rclcpp_example/local_setup.bash
[0.857s] -- Symlinking: /home/dahyeon/dev_ws/install/tf2_rclcpp_example/share/tf2_rclcpp_example/local_setup.sh
[0.865s] -- Symlinking: /home/dahyeon/dev_ws/install/tf2_rclcpp_example/share/tf2_rclcpp_example/local_setup.zsh
[0.871s] -- Symlinking: /home/dahyeon/dev_ws/install/tf2_rclcpp_example/share/tf2_rclcpp_example/local_setup.dsv
[0.881s] -- Symlinking: /home/dahyeon/dev_ws/install/tf2_rclcpp_example/share/tf2_rclcpp_example/package.dsv
[0.890s] -- Symlinking: /home/dahyeon/dev_ws/install/tf2_rclcpp_example/share/ament_index/resource_index/packages/tf2_rclcpp_example
[0.899s] -- Symlinking: /home/dahyeon/dev_ws/install/tf2_rclcpp_example/share/tf2_rclcpp_example/cmake/tf2_rclcpp_exampleConfig.cmake
[0.908s] -- Symlinking: /home/dahyeon/dev_ws/install/tf2_rclcpp_example/share/tf2_rclcpp_example/cmake/tf2_rclcpp_exampleConfig-version.cmake
[0.917s] -- Symlinking: /home/dahyeon/dev_ws/install/tf2_rclcpp_example/share/tf2_rclcpp_example/package.xml
[1.148s] Invoked command in '/home/dahyeon/dev_ws/build/tf2_rclcpp_example' returned '0': CMAKE_PREFIX_PATH=${CMAKE_PREFIX_PATH}:/opt/ros/foxy /usr/bin/cmake --install /home/dahyeon/dev_ws/build/tf2_rclcpp_example
