[0.000000] (-) TimerEvent: {}
[0.000082] (-) JobUnselected: {'identifier': 'cpp_pubsub'}
[0.000131] (-) JobUnselected: {'identifier': 'logging_rclpy_example'}
[0.000188] (-) JobUnselected: {'identifier': 'msg_srv_action_interface_example'}
[0.000223] (-) JobUnselected: {'identifier': 'my_first_ros_rclcpp_pkg'}
[0.000372] (-) JobUnselected: {'identifier': 'my_first_ros_rclcpp_pkg'}
[0.000394] (-) JobUnselected: {'identifier': 'my_first_ros_rclpy_pkg'}
[0.000408] (-) JobUnselected: {'identifier': 'my_package'}
[0.000420] (-) JobUnselected: {'identifier': 'ros2env'}
[0.000432] (-) JobUnselected: {'identifier': 'rqt_example'}
[0.000443] (-) JobUnselected: {'identifier': 'testbot_description'}
[0.000455] (-) JobUnselected: {'identifier': 'tf2_rclcpp_example'}
[0.000466] (-) JobUnselected: {'identifier': 'tf2_rclpy_example'}
[0.000477] (-) JobUnselected: {'identifier': 'time_rclcpp_example'}
[0.000488] (-) JobUnselected: {'identifier': 'time_rclpy_example'}
[0.000499] (-) JobUnselected: {'identifier': 'topic_service_action_rclcpp_example'}
[0.000510] (-) JobUnselected: {'identifier': 'topic_service_action_rclcpp_example'}
[0.000521] (-) JobUnselected: {'identifier': 'topic_service_action_rclpy_example'}
[0.000532] (-) JobUnselected: {'identifier': 'turtlesim'}
[0.000544] (-) EventReactorShutdown: {}
