[0.031s] Invoking command in '/home/dahyeon/dev_ws/build/time_msgs': CMAKE_PREFIX_PATH=${CMAKE_PREFIX_PATH}:/home/dahyeon/dev_ws/install/voice_recognition:/home/dahyeon/dev_ws/install/topic_service_action_rclpy_example:/home/dahyeon/dev_ws/install/time_rclpy_example:/home/dahyeon/dev_ws/install/time_alarm_handle:/home/dahyeon/dev_ws/install/py_pubsub:/home/dahyeon/dev_ws/install/excutor_test:/home/dahyeon/dev_ws/install/tf2_rclpy_example:/home/dahyeon/dev_ws/install/ros2env:/home/dahyeon/dev_ws/install/my_package:/home/dahyeon/dev_ws/install/my_first_ros_rclpy_pkg:/home/dahyeon/dev_ws/install/my_first_ros_rclcpp_pkg:/home/dahyeon/dev_ws/install/logging_rclpy_example:/home/dahyeon/dev_ws/install/face_detection:/home/dahyeon/dev_ws/install/cpp_parameters:/opt/ros/foxy /usr/bin/cmake --build /home/dahyeon/dev_ws/build/time_msgs -- -j12 -l12
[0.241s] [  2%] Built target time_msgs__cpp
[0.241s] [ 12%] Built target time_msgs__rosidl_generator_c
[0.241s] [ 34%] Built target time_msgs__rosidl_typesupport_c
[0.242s] [ 34%] Built target time_msgs__rosidl_typesupport_introspection_c
[0.242s] [ 44%] Built target time_msgs__rosidl_typesupport_cpp
[0.242s] [ 55%] Built target time_msgs__rosidl_typesupport_introspection_cpp
[0.243s] [ 65%] Built target time_msgs__rosidl_typesupport_fastrtps_cpp
[0.243s] [ 76%] Built target time_msgs__rosidl_typesupport_fastrtps_c
[0.243s] [ 76%] Built target time_msgs
[0.244s] [ 78%] Built target time_msgs__py
[0.244s] [ 87%] Built target time_msgs__python
[0.245s] [100%] Built target time_msgs__rosidl_typesupport_fastrtps_c__pyext
[0.245s] [100%] Built target time_msgs__rosidl_typesupport_introspection_c__pyext
[0.245s] [100%] Built target time_msgs__rosidl_typesupport_c__pyext
[0.246s] Invoked command in '/home/dahyeon/dev_ws/build/time_msgs' returned '0': CMAKE_PREFIX_PATH=${CMAKE_PREFIX_PATH}:/home/dahyeon/dev_ws/install/voice_recognition:/home/dahyeon/dev_ws/install/topic_service_action_rclpy_example:/home/dahyeon/dev_ws/install/time_rclpy_example:/home/dahyeon/dev_ws/install/time_alarm_handle:/home/dahyeon/dev_ws/install/py_pubsub:/home/dahyeon/dev_ws/install/excutor_test:/home/dahyeon/dev_ws/install/tf2_rclpy_example:/home/dahyeon/dev_ws/install/ros2env:/home/dahyeon/dev_ws/install/my_package:/home/dahyeon/dev_ws/install/my_first_ros_rclpy_pkg:/home/dahyeon/dev_ws/install/my_first_ros_rclcpp_pkg:/home/dahyeon/dev_ws/install/logging_rclpy_example:/home/dahyeon/dev_ws/install/face_detection:/home/dahyeon/dev_ws/install/cpp_parameters:/opt/ros/foxy /usr/bin/cmake --build /home/dahyeon/dev_ws/build/time_msgs -- -j12 -l12
[0.303s] Invoking command in '/home/dahyeon/dev_ws/build/time_msgs': CMAKE_PREFIX_PATH=${CMAKE_PREFIX_PATH}:/home/dahyeon/dev_ws/install/voice_recognition:/home/dahyeon/dev_ws/install/topic_service_action_rclpy_example:/home/dahyeon/dev_ws/install/time_rclpy_example:/home/dahyeon/dev_ws/install/time_alarm_handle:/home/dahyeon/dev_ws/install/py_pubsub:/home/dahyeon/dev_ws/install/excutor_test:/home/dahyeon/dev_ws/install/tf2_rclpy_example:/home/dahyeon/dev_ws/install/ros2env:/home/dahyeon/dev_ws/install/my_package:/home/dahyeon/dev_ws/install/my_first_ros_rclpy_pkg:/home/dahyeon/dev_ws/install/my_first_ros_rclcpp_pkg:/home/dahyeon/dev_ws/install/logging_rclpy_example:/home/dahyeon/dev_ws/install/face_detection:/home/dahyeon/dev_ws/install/cpp_parameters:/opt/ros/foxy /usr/bin/cmake --install /home/dahyeon/dev_ws/build/time_msgs
[0.310s] -- Install configuration: ""
[0.311s] -- Execute custom install script
[0.311s] -- Up-to-date symlink: /home/dahyeon/dev_ws/install/time_msgs/share/ament_index/resource_index/rosidl_interfaces/time_msgs
[0.311s] -- Up-to-date symlink: /home/dahyeon/dev_ws/install/time_msgs/include/time_msgs/action/detail/time__functions.h
[0.311s] -- Up-to-date symlink: /home/dahyeon/dev_ws/install/time_msgs/include/time_msgs/action/detail/time__struct.h
[0.312s] -- Up-to-date symlink: /home/dahyeon/dev_ws/install/time_msgs/include/time_msgs/action/detail/time__type_support.h
[0.312s] -- Up-to-date symlink: /home/dahyeon/dev_ws/install/time_msgs/include/time_msgs/action/time.h
[0.312s] -- Up-to-date symlink: /home/dahyeon/dev_ws/install/time_msgs/include/time_msgs/msg/detail/time__functions.h
[0.312s] -- Up-to-date symlink: /home/dahyeon/dev_ws/install/time_msgs/include/time_msgs/msg/detail/time__struct.h
[0.312s] -- Up-to-date symlink: /home/dahyeon/dev_ws/install/time_msgs/include/time_msgs/msg/detail/time__type_support.h
[0.312s] -- Up-to-date symlink: /home/dahyeon/dev_ws/install/time_msgs/include/time_msgs/msg/rosidl_generator_c__visibility_control.h
[0.312s] -- Up-to-date symlink: /home/dahyeon/dev_ws/install/time_msgs/include/time_msgs/msg/time.h
[0.312s] -- Up-to-date symlink: /home/dahyeon/dev_ws/install/time_msgs/include/time_msgs/srv/detail/time__functions.h
[0.312s] -- Up-to-date symlink: /home/dahyeon/dev_ws/install/time_msgs/include/time_msgs/srv/detail/time__struct.h
[0.313s] -- Up-to-date symlink: /home/dahyeon/dev_ws/install/time_msgs/include/time_msgs/srv/detail/time__type_support.h
[0.313s] -- Up-to-date symlink: /home/dahyeon/dev_ws/install/time_msgs/include/time_msgs/srv/time.h
[0.313s] -- Up-to-date symlink: /home/dahyeon/dev_ws/install/time_msgs/share/time_msgs/environment/library_path.sh
[0.313s] -- Up-to-date symlink: /home/dahyeon/dev_ws/install/time_msgs/share/time_msgs/environment/library_path.dsv
[0.314s] -- Up-to-date symlink: /home/dahyeon/dev_ws/install/time_msgs/include/time_msgs/action/detail/time__rosidl_typesupport_fastrtps_c.h
[0.314s] -- Up-to-date symlink: /home/dahyeon/dev_ws/install/time_msgs/include/time_msgs/msg/detail/time__rosidl_typesupport_fastrtps_c.h
[0.314s] -- Up-to-date symlink: /home/dahyeon/dev_ws/install/time_msgs/include/time_msgs/msg/rosidl_typesupport_fastrtps_c__visibility_control.h
[0.314s] -- Up-to-date symlink: /home/dahyeon/dev_ws/install/time_msgs/include/time_msgs/srv/detail/time__rosidl_typesupport_fastrtps_c.h
[0.314s] -- Up-to-date symlink: /home/dahyeon/dev_ws/install/time_msgs/lib/libtime_msgs__rosidl_typesupport_fastrtps_c.so
[0.315s] -- Up-to-date symlink: /home/dahyeon/dev_ws/install/time_msgs/include/time_msgs/action/detail/time__rosidl_typesupport_fastrtps_cpp.hpp
[0.315s] -- Up-to-date symlink: /home/dahyeon/dev_ws/install/time_msgs/include/time_msgs/msg/detail/time__rosidl_typesupport_fastrtps_cpp.hpp
[0.315s] -- Up-to-date symlink: /home/dahyeon/dev_ws/install/time_msgs/include/time_msgs/msg/rosidl_typesupport_fastrtps_cpp__visibility_control.h
[0.316s] -- Up-to-date symlink: /home/dahyeon/dev_ws/install/time_msgs/include/time_msgs/srv/detail/time__rosidl_typesupport_fastrtps_cpp.hpp
[0.316s] -- Up-to-date symlink: /home/dahyeon/dev_ws/install/time_msgs/lib/libtime_msgs__rosidl_typesupport_fastrtps_cpp.so
[0.316s] -- Up-to-date symlink: /home/dahyeon/dev_ws/install/time_msgs/include/time_msgs/action/detail/time__rosidl_typesupport_introspection_c.h
[0.317s] -- Up-to-date symlink: /home/dahyeon/dev_ws/install/time_msgs/include/time_msgs/msg/detail/time__rosidl_typesupport_introspection_c.h
[0.317s] -- Up-to-date symlink: /home/dahyeon/dev_ws/install/time_msgs/include/time_msgs/msg/rosidl_typesupport_introspection_c__visibility_control.h
[0.317s] -- Up-to-date symlink: /home/dahyeon/dev_ws/install/time_msgs/include/time_msgs/srv/detail/time__rosidl_typesupport_introspection_c.h
[0.317s] -- Up-to-date symlink: /home/dahyeon/dev_ws/install/time_msgs/include/time_msgs/action/detail/time__builder.hpp
[0.318s] -- Up-to-date symlink: /home/dahyeon/dev_ws/install/time_msgs/include/time_msgs/action/detail/time__struct.hpp
[0.318s] -- Up-to-date symlink: /home/dahyeon/dev_ws/install/time_msgs/include/time_msgs/action/detail/time__traits.hpp
[0.318s] -- Up-to-date symlink: /home/dahyeon/dev_ws/install/time_msgs/include/time_msgs/action/time.hpp
[0.318s] -- Up-to-date symlink: /home/dahyeon/dev_ws/install/time_msgs/include/time_msgs/msg/detail/time__builder.hpp
[0.318s] -- Up-to-date symlink: /home/dahyeon/dev_ws/install/time_msgs/include/time_msgs/msg/detail/time__struct.hpp
[0.319s] -- Up-to-date symlink: /home/dahyeon/dev_ws/install/time_msgs/include/time_msgs/msg/detail/time__traits.hpp
[0.319s] -- Up-to-date symlink: /home/dahyeon/dev_ws/install/time_msgs/include/time_msgs/msg/time.hpp
[0.319s] -- Up-to-date symlink: /home/dahyeon/dev_ws/install/time_msgs/include/time_msgs/srv/detail/time__builder.hpp
[0.319s] -- Up-to-date symlink: /home/dahyeon/dev_ws/install/time_msgs/include/time_msgs/srv/detail/time__struct.hpp
[0.320s] -- Up-to-date symlink: /home/dahyeon/dev_ws/install/time_msgs/include/time_msgs/srv/detail/time__traits.hpp
[0.320s] -- Up-to-date symlink: /home/dahyeon/dev_ws/install/time_msgs/include/time_msgs/srv/time.hpp
[0.320s] -- Up-to-date symlink: /home/dahyeon/dev_ws/install/time_msgs/include/time_msgs/action/detail/time__rosidl_typesupport_introspection_cpp.hpp
[0.320s] -- Up-to-date symlink: /home/dahyeon/dev_ws/install/time_msgs/include/time_msgs/msg/detail/time__rosidl_typesupport_introspection_cpp.hpp
[0.320s] -- Up-to-date symlink: /home/dahyeon/dev_ws/install/time_msgs/include/time_msgs/srv/detail/time__rosidl_typesupport_introspection_cpp.hpp
[0.321s] -- Up-to-date symlink: /home/dahyeon/dev_ws/install/time_msgs/share/time_msgs/environment/pythonpath.sh
[0.321s] -- Up-to-date symlink: /home/dahyeon/dev_ws/install/time_msgs/share/time_msgs/environment/pythonpath.dsv
[0.321s] -- Up-to-date symlink: /home/dahyeon/dev_ws/install/time_msgs/lib/python3.8/site-packages/time_msgs/__init__.py
[0.322s] -- Up-to-date symlink: /home/dahyeon/dev_ws/install/time_msgs/lib/python3.8/site-packages/time_msgs/action/__init__.py
[0.322s] -- Up-to-date symlink: /home/dahyeon/dev_ws/install/time_msgs/lib/python3.8/site-packages/time_msgs/action/_time.py
[0.322s] -- Up-to-date symlink: /home/dahyeon/dev_ws/install/time_msgs/lib/python3.8/site-packages/time_msgs/msg/__init__.py
[0.322s] -- Up-to-date symlink: /home/dahyeon/dev_ws/install/time_msgs/lib/python3.8/site-packages/time_msgs/msg/_time.py
[0.323s] -- Up-to-date symlink: /home/dahyeon/dev_ws/install/time_msgs/lib/python3.8/site-packages/time_msgs/srv/__init__.py
[0.323s] -- Up-to-date symlink: /home/dahyeon/dev_ws/install/time_msgs/lib/python3.8/site-packages/time_msgs/srv/_time.py
[0.323s] -- Up-to-date symlink: /home/dahyeon/dev_ws/install/time_msgs/lib/python3.8/site-packages/time_msgs/time_msgs_s__rosidl_typesupport_fastrtps_c.cpython-38-x86_64-linux-gnu.so
[0.324s] -- Up-to-date symlink: /home/dahyeon/dev_ws/install/time_msgs/lib/python3.8/site-packages/time_msgs/time_msgs_s__rosidl_typesupport_introspection_c.cpython-38-x86_64-linux-gnu.so
[0.324s] -- Up-to-date symlink: /home/dahyeon/dev_ws/install/time_msgs/lib/python3.8/site-packages/time_msgs/time_msgs_s__rosidl_typesupport_c.cpython-38-x86_64-linux-gnu.so
[0.326s] -- Up-to-date symlink: /home/dahyeon/dev_ws/install/time_msgs/lib/libtime_msgs__python.so
[0.327s] -- Up-to-date symlink: /home/dahyeon/dev_ws/install/time_msgs/share/time_msgs/action/Time.idl
[0.328s] -- Up-to-date symlink: /home/dahyeon/dev_ws/install/time_msgs/share/time_msgs/msg/Time.idl
[0.328s] -- Up-to-date symlink: /home/dahyeon/dev_ws/install/time_msgs/share/time_msgs/srv/Time.idl
[0.328s] -- Up-to-date symlink: /home/dahyeon/dev_ws/install/time_msgs/share/time_msgs/action/Time.action
[0.329s] -- Up-to-date symlink: /home/dahyeon/dev_ws/install/time_msgs/share/time_msgs/msg/Time.msg
[0.329s] -- Up-to-date symlink: /home/dahyeon/dev_ws/install/time_msgs/share/time_msgs/srv/Time.srv
[0.331s] -- Up-to-date symlink: /home/dahyeon/dev_ws/install/time_msgs/share/time_msgs/srv/Time_Request.msg
[0.331s] -- Up-to-date symlink: /home/dahyeon/dev_ws/install/time_msgs/share/time_msgs/srv/Time_Response.msg
[0.332s] -- Up-to-date symlink: /home/dahyeon/dev_ws/install/time_msgs/share/ament_index/resource_index/package_run_dependencies/time_msgs
[0.332s] -- Up-to-date symlink: /home/dahyeon/dev_ws/install/time_msgs/share/ament_index/resource_index/parent_prefix_path/time_msgs
[0.332s] -- Up-to-date symlink: /home/dahyeon/dev_ws/install/time_msgs/share/time_msgs/environment/ament_prefix_path.sh
[0.332s] -- Up-to-date symlink: /home/dahyeon/dev_ws/install/time_msgs/share/time_msgs/environment/ament_prefix_path.dsv
[0.332s] -- Up-to-date symlink: /home/dahyeon/dev_ws/install/time_msgs/share/time_msgs/environment/path.sh
[0.332s] -- Up-to-date symlink: /home/dahyeon/dev_ws/install/time_msgs/share/time_msgs/environment/path.dsv
[0.332s] -- Up-to-date symlink: /home/dahyeon/dev_ws/install/time_msgs/share/time_msgs/local_setup.bash
[0.332s] -- Up-to-date symlink: /home/dahyeon/dev_ws/install/time_msgs/share/time_msgs/local_setup.sh
[0.332s] -- Up-to-date symlink: /home/dahyeon/dev_ws/install/time_msgs/share/time_msgs/local_setup.zsh
[0.332s] -- Up-to-date symlink: /home/dahyeon/dev_ws/install/time_msgs/share/time_msgs/local_setup.dsv
[0.333s] -- Symlinking: /home/dahyeon/dev_ws/install/time_msgs/share/time_msgs/package.dsv
[0.336s] -- Up-to-date symlink: /home/dahyeon/dev_ws/install/time_msgs/share/ament_index/resource_index/packages/time_msgs
[0.336s] -- Up-to-date symlink: /home/dahyeon/dev_ws/install/time_msgs/share/time_msgs/cmake/rosidl_cmake-extras.cmake
[0.336s] -- Up-to-date symlink: /home/dahyeon/dev_ws/install/time_msgs/share/time_msgs/cmake/ament_cmake_export_dependencies-extras.cmake
[0.337s] -- Up-to-date symlink: /home/dahyeon/dev_ws/install/time_msgs/share/time_msgs/cmake/ament_cmake_export_libraries-extras.cmake
[0.337s] -- Up-to-date symlink: /home/dahyeon/dev_ws/install/time_msgs/share/time_msgs/cmake/ament_cmake_export_targets-extras.cmake
[0.337s] -- Up-to-date symlink: /home/dahyeon/dev_ws/install/time_msgs/share/time_msgs/cmake/ament_cmake_export_include_directories-extras.cmake
[0.337s] -- Up-to-date symlink: /home/dahyeon/dev_ws/install/time_msgs/share/time_msgs/cmake/rosidl_cmake_export_typesupport_libraries-extras.cmake
[0.338s] -- Up-to-date symlink: /home/dahyeon/dev_ws/install/time_msgs/share/time_msgs/cmake/rosidl_cmake_export_typesupport_targets-extras.cmake
[0.338s] -- Up-to-date symlink: /home/dahyeon/dev_ws/install/time_msgs/share/time_msgs/cmake/time_msgsConfig.cmake
[0.338s] -- Up-to-date symlink: /home/dahyeon/dev_ws/install/time_msgs/share/time_msgs/cmake/time_msgsConfig-version.cmake
[0.339s] -- Up-to-date symlink: /home/dahyeon/dev_ws/install/time_msgs/share/time_msgs/package.xml
[0.339s] -- Up-to-date: /home/dahyeon/dev_ws/install/time_msgs/lib/libtime_msgs__rosidl_generator_c.so
[0.339s] -- Up-to-date: /home/dahyeon/dev_ws/install/time_msgs/lib/libtime_msgs__rosidl_typesupport_introspection_c.so
[0.340s] -- Up-to-date: /home/dahyeon/dev_ws/install/time_msgs/lib/libtime_msgs__rosidl_typesupport_c.so
[0.340s] -- Up-to-date: /home/dahyeon/dev_ws/install/time_msgs/lib/libtime_msgs__rosidl_typesupport_introspection_cpp.so
[0.340s] -- Up-to-date: /home/dahyeon/dev_ws/install/time_msgs/lib/libtime_msgs__rosidl_typesupport_cpp.so
[0.380s] -- Up-to-date: /home/dahyeon/dev_ws/install/time_msgs/share/time_msgs/cmake/time_msgs__rosidl_generator_cExport.cmake
[0.380s] -- Up-to-date: /home/dahyeon/dev_ws/install/time_msgs/share/time_msgs/cmake/time_msgs__rosidl_generator_cExport-noconfig.cmake
[0.380s] -- Up-to-date: /home/dahyeon/dev_ws/install/time_msgs/share/time_msgs/cmake/time_msgs__rosidl_typesupport_introspection_cExport.cmake
[0.381s] -- Up-to-date: /home/dahyeon/dev_ws/install/time_msgs/share/time_msgs/cmake/time_msgs__rosidl_typesupport_introspection_cExport-noconfig.cmake
[0.381s] -- Up-to-date: /home/dahyeon/dev_ws/install/time_msgs/share/time_msgs/cmake/time_msgs__rosidl_typesupport_cExport.cmake
[0.381s] -- Up-to-date: /home/dahyeon/dev_ws/install/time_msgs/share/time_msgs/cmake/time_msgs__rosidl_typesupport_cExport-noconfig.cmake
[0.381s] -- Up-to-date: /home/dahyeon/dev_ws/install/time_msgs/share/time_msgs/cmake/time_msgs__rosidl_generator_cppExport.cmake
[0.381s] -- Up-to-date: /home/dahyeon/dev_ws/install/time_msgs/share/time_msgs/cmake/time_msgs__rosidl_typesupport_introspection_cppExport.cmake
[0.382s] -- Up-to-date: /home/dahyeon/dev_ws/install/time_msgs/share/time_msgs/cmake/time_msgs__rosidl_typesupport_introspection_cppExport-noconfig.cmake
[0.383s] -- Up-to-date: /home/dahyeon/dev_ws/install/time_msgs/share/time_msgs/cmake/time_msgs__rosidl_typesupport_cppExport.cmake
[0.383s] -- Up-to-date: /home/dahyeon/dev_ws/install/time_msgs/share/time_msgs/cmake/time_msgs__rosidl_typesupport_cppExport-noconfig.cmake
[0.383s] Invoked command in '/home/dahyeon/dev_ws/build/time_msgs' returned '0': CMAKE_PREFIX_PATH=${CMAKE_PREFIX_PATH}:/home/dahyeon/dev_ws/install/voice_recognition:/home/dahyeon/dev_ws/install/topic_service_action_rclpy_example:/home/dahyeon/dev_ws/install/time_rclpy_example:/home/dahyeon/dev_ws/install/time_alarm_handle:/home/dahyeon/dev_ws/install/py_pubsub:/home/dahyeon/dev_ws/install/excutor_test:/home/dahyeon/dev_ws/install/tf2_rclpy_example:/home/dahyeon/dev_ws/install/ros2env:/home/dahyeon/dev_ws/install/my_package:/home/dahyeon/dev_ws/install/my_first_ros_rclpy_pkg:/home/dahyeon/dev_ws/install/my_first_ros_rclcpp_pkg:/home/dahyeon/dev_ws/install/logging_rclpy_example:/home/dahyeon/dev_ws/install/face_detection:/home/dahyeon/dev_ws/install/cpp_parameters:/opt/ros/foxy /usr/bin/cmake --install /home/dahyeon/dev_ws/build/time_msgs
