-- Found ament_cmake: 0.9.9 (/opt/ros/foxy/share/ament_cmake/cmake)
-- Using PYTHON_EXECUTABLE: /usr/bin/python3
-- Override CMake install command with custom implementation using symlinks instead of copying resources
-- Found rclcpp: 2.4.1 (/opt/ros/foxy/share/rclcpp/cmake)
-- Using all available rosidl_typesupport_c: rosidl_typesupport_fastrtps_c;rosidl_typesupport_introspection_c
-- Found rosidl_adapter: 1.2.1 (/opt/ros/foxy/share/rosidl_adapter/cmake)
-- Using all available rosidl_typesupport_cpp: rosidl_typesupport_fastrtps_cpp;rosidl_typesupport_introspection_cpp
-- Found rmw_implementation_cmake: 1.0.3 (/opt/ros/foxy/share/rmw_implementation_cmake/cmake)
-- Using RMW implementation 'rmw_fastrtps_cpp' as default
-- Found srv_alarm_interface: 0.6.0 (/home/dahyeon/dev_ws/install/srv_alarm_interface/share/srv_alarm_interface/cmake)
-- Found ament_lint_auto: 0.9.6 (/opt/ros/foxy/share/ament_lint_auto/cmake)
-- Added test 'copyright' to check source files copyright and LICENSE
-- Added test 'cppcheck' to perform static code analysis on C / C++ code
-- Configured cppcheck include dirs: 
-- Configured cppcheck exclude dirs and/or files: 
-- Added test 'cpplint' to check C / C++ code against the Google style
-- Configured cpplint exclude dirs and/or files: 
-- Added test 'lint_cmake' to check CMake code style
-- Added test 'uncrustify' to check C / C++ code style
-- Configured uncrustify additional arguments: 
-- Added test 'xmllint' to check XML markup files
-- Configuring done
-- Generating done
-- Build files have been written to: /home/dahyeon/dev_ws/build/uni
[35m[1mScanning dependencies of target alarmclient[0m
[35m[1mScanning dependencies of target alarmserver[0m
[ 25%] [32mBuilding CXX object CMakeFiles/alarmserver.dir/src/alarmserver.cpp.o[0m
[ 50%] [32mBuilding CXX object CMakeFiles/alarmclient.dir/src/alarmclient.cpp.o[0m
[01m[K/home/dahyeon/dev_ws/src/uni/src/alarmserver.cpp:1:10:[m[K [01;31m[Kfatal error: [m[Kalarmserver.hpp: No such file or directory
    1 | #include [01;31m[K"alarmserver.hpp"[m[K
      |          [01;31m[K^~~~~~~~~~~~~~~~~[m[K
compilation terminated.
make[2]: *** [CMakeFiles/alarmserver.dir/build.make:63: CMakeFiles/alarmserver.dir/src/alarmserver.cpp.o] Error 1
make[1]: *** [CMakeFiles/Makefile2:107: CMakeFiles/alarmserver.dir/all] Error 2
make[1]: *** Waiting for unfinished jobs....
[01m[K/home/dahyeon/dev_ws/src/uni/src/alarmclient.cpp:2:10:[m[K [01;31m[Kfatal error: [m[Kalarmclient.hpp: No such file or directory
    2 | #include [01;31m[K"alarmclient.hpp"[m[K
      |          [01;31m[K^~~~~~~~~~~~~~~~~[m[K
compilation terminated.
make[2]: *** [CMakeFiles/alarmclient.dir/build.make:63: CMakeFiles/alarmclient.dir/src/alarmclient.cpp.o] Error 1
make[1]: *** [CMakeFiles/Makefile2:80: CMakeFiles/alarmclient.dir/all] Error 2
make: *** [Makefile:141: all] Error 2
