[0.018s] Invoking command in '/home/dahyeon/dev_ws/build/uni': CMAKE_PREFIX_PATH=${CMAKE_PREFIX_PATH}:/home/dahyeon/dev_ws/install/topic_service_action_rclpy_example:/home/dahyeon/dev_ws/install/time_rclpy_example:/home/dahyeon/dev_ws/install/tf2_rclpy_example:/home/dahyeon/dev_ws/install/ros2env:/home/dahyeon/dev_ws/install/my_first_ros_rclpy_pkg:/home/dahyeon/dev_ws/install/logging_rclpy_example:/opt/ros/foxy /usr/bin/cmake --build /home/dahyeon/dev_ws/build/uni -- -j12 -l12
[0.053s] -- Found ament_cmake: 0.9.9 (/opt/ros/foxy/share/ament_cmake/cmake)
[0.099s] -- Using PYTHON_EXECUTABLE: /usr/bin/python3
[0.294s] -- Override CMake install command with custom implementation using symlinks instead of copying resources
[0.301s] -- Found rclcpp: 2.4.1 (/opt/ros/foxy/share/rclcpp/cmake)
[0.342s] -- Using all available rosidl_typesupport_c: rosidl_typesupport_fastrtps_c;rosidl_typesupport_introspection_c
[0.347s] -- Found rosidl_adapter: 1.2.1 (/opt/ros/foxy/share/rosidl_adapter/cmake)
[0.463s] -- Using all available rosidl_typesupport_cpp: rosidl_typesupport_fastrtps_cpp;rosidl_typesupport_introspection_cpp
[0.510s] -- Found rmw_implementation_cmake: 1.0.3 (/opt/ros/foxy/share/rmw_implementation_cmake/cmake)
[0.513s] -- Using RMW implementation 'rmw_fastrtps_cpp' as default
[0.664s] -- Found srv_alarm_interface: 0.6.0 (/home/dahyeon/dev_ws/install/srv_alarm_interface/share/srv_alarm_interface/cmake)
[0.683s] -- Found ament_lint_auto: 0.9.6 (/opt/ros/foxy/share/ament_lint_auto/cmake)
[0.757s] -- Added test 'copyright' to check source files copyright and LICENSE
[0.758s] -- Added test 'cppcheck' to perform static code analysis on C / C++ code
[0.758s] -- Configured cppcheck include dirs: 
[0.758s] -- Configured cppcheck exclude dirs and/or files: 
[0.759s] -- Added test 'cpplint' to check C / C++ code against the Google style
[0.759s] -- Configured cpplint exclude dirs and/or files: 
[0.759s] -- Added test 'lint_cmake' to check CMake code style
[0.760s] -- Added test 'uncrustify' to check C / C++ code style
[0.760s] -- Configured uncrustify additional arguments: 
[0.760s] -- Added test 'xmllint' to check XML markup files
[0.763s] -- Configuring done
[0.772s] -- Generating done
[0.773s] -- Build files have been written to: /home/dahyeon/dev_ws/build/uni
[0.794s] [35m[1mScanning dependencies of target alarmclient[0m
[0.794s] [35m[1mScanning dependencies of target alarmserver[0m
[0.833s] [ 25%] [32mBuilding CXX object CMakeFiles/alarmserver.dir/src/alarmserver.cpp.o[0m
[0.833s] [ 50%] [32mBuilding CXX object CMakeFiles/alarmclient.dir/src/alarmclient.cpp.o[0m
[0.898s] [01m[K/home/dahyeon/dev_ws/src/uni/src/alarmserver.cpp:1:10:[m[K [01;31m[Kfatal error: [m[Kalarmserver.hpp: No such file or directory
[0.898s]     1 | #include [01;31m[K"alarmserver.hpp"[m[K
[0.898s]       |          [01;31m[K^~~~~~~~~~~~~~~~~[m[K
[0.898s] compilation terminated.
[0.899s] make[2]: *** [CMakeFiles/alarmserver.dir/build.make:63: CMakeFiles/alarmserver.dir/src/alarmserver.cpp.o] Error 1
[0.899s] make[1]: *** [CMakeFiles/Makefile2:107: CMakeFiles/alarmserver.dir/all] Error 2
[0.899s] make[1]: *** Waiting for unfinished jobs....
[0.997s] [01m[K/home/dahyeon/dev_ws/src/uni/src/alarmclient.cpp:2:10:[m[K [01;31m[Kfatal error: [m[Kalarmclient.hpp: No such file or directory
[0.997s]     2 | #include [01;31m[K"alarmclient.hpp"[m[K
[0.997s]       |          [01;31m[K^~~~~~~~~~~~~~~~~[m[K
[0.997s] compilation terminated.
[0.998s] make[2]: *** [CMakeFiles/alarmclient.dir/build.make:63: CMakeFiles/alarmclient.dir/src/alarmclient.cpp.o] Error 1
[0.998s] make[1]: *** [CMakeFiles/Makefile2:80: CMakeFiles/alarmclient.dir/all] Error 2
[0.998s] make: *** [Makefile:141: all] Error 2
[1.002s] Invoked command in '/home/dahyeon/dev_ws/build/uni' returned '2': CMAKE_PREFIX_PATH=${CMAKE_PREFIX_PATH}:/home/dahyeon/dev_ws/install/topic_service_action_rclpy_example:/home/dahyeon/dev_ws/install/time_rclpy_example:/home/dahyeon/dev_ws/install/tf2_rclpy_example:/home/dahyeon/dev_ws/install/ros2env:/home/dahyeon/dev_ws/install/my_first_ros_rclpy_pkg:/home/dahyeon/dev_ws/install/logging_rclpy_example:/opt/ros/foxy /usr/bin/cmake --build /home/dahyeon/dev_ws/build/uni -- -j12 -l12
