[0.512s] Invoking command in '/home/dahyeon/dev_ws/build/rqt_example': CMAKE_PREFIX_PATH=${CMAKE_PREFIX_PATH}:/opt/ros/foxy /usr/bin/cmake --build /home/dahyeon/dev_ws/build/rqt_example -- -j12 -l12
[0.707s] Invoked command in '/home/dahyeon/dev_ws/build/rqt_example' returned '0': CMAKE_PREFIX_PATH=${CMAKE_PREFIX_PATH}:/opt/ros/foxy /usr/bin/cmake --build /home/dahyeon/dev_ws/build/rqt_example -- -j12 -l12
[0.754s] Invoking command in '/home/dahyeon/dev_ws/build/rqt_example': CMAKE_PREFIX_PATH=${CMAKE_PREFIX_PATH}:/opt/ros/foxy /usr/bin/cmake --install /home/dahyeon/dev_ws/build/rqt_example
[0.770s] -- Install configuration: ""
[0.770s] -- Execute custom install script
[0.770s] -- Symlinking: /home/dahyeon/dev_ws/install/rqt_example/share/rqt_example/environment/pythonpath.sh
[0.775s] -- Symlinking: /home/dahyeon/dev_ws/install/rqt_example/share/rqt_example/environment/pythonpath.dsv
[0.783s] -- Symlinking: /home/dahyeon/dev_ws/install/rqt_example/lib/python3.8/site-packages/rqt_example/__init__.py
[0.792s] -- Symlinking: /home/dahyeon/dev_ws/install/rqt_example/lib/python3.8/site-packages/rqt_example/examples.py
[0.802s] -- Symlinking: /home/dahyeon/dev_ws/install/rqt_example/lib/python3.8/site-packages/rqt_example/examples_widget.py
[0.812s] -- Symlinking: /home/dahyeon/dev_ws/install/rqt_example/share/rqt_example/plugin.xml
[0.822s] -- Symlinking: /home/dahyeon/dev_ws/install/rqt_example/share/rqt_example/resource/rqt_example.ui
[0.833s] -- Symlinking: /home/dahyeon/dev_ws/install/rqt_example/share/rqt_example/launch/turtlesim.launch.py
[0.844s] -- Symlinking: /home/dahyeon/dev_ws/install/rqt_example/lib/rqt_example/rqt_example
[0.852s] -- Symlinking: /home/dahyeon/dev_ws/install/rqt_example/share/ament_index/resource_index/package_run_dependencies/rqt_example
[0.863s] -- Symlinking: /home/dahyeon/dev_ws/install/rqt_example/share/ament_index/resource_index/parent_prefix_path/rqt_example
[0.873s] -- Symlinking: /home/dahyeon/dev_ws/install/rqt_example/share/rqt_example/environment/ament_prefix_path.sh
[0.884s] -- Symlinking: /home/dahyeon/dev_ws/install/rqt_example/share/rqt_example/environment/ament_prefix_path.dsv
[0.891s] -- Symlinking: /home/dahyeon/dev_ws/install/rqt_example/share/rqt_example/environment/path.sh
[0.899s] -- Symlinking: /home/dahyeon/dev_ws/install/rqt_example/share/rqt_example/environment/path.dsv
[0.908s] -- Symlinking: /home/dahyeon/dev_ws/install/rqt_example/share/rqt_example/local_setup.bash
[0.915s] -- Symlinking: /home/dahyeon/dev_ws/install/rqt_example/share/rqt_example/local_setup.sh
[0.923s] -- Symlinking: /home/dahyeon/dev_ws/install/rqt_example/share/rqt_example/local_setup.zsh
[0.933s] -- Symlinking: /home/dahyeon/dev_ws/install/rqt_example/share/rqt_example/local_setup.dsv
[0.941s] -- Symlinking: /home/dahyeon/dev_ws/install/rqt_example/share/rqt_example/package.dsv
[0.948s] -- Symlinking: /home/dahyeon/dev_ws/install/rqt_example/share/ament_index/resource_index/packages/rqt_example
[0.956s] -- Symlinking: /home/dahyeon/dev_ws/install/rqt_example/share/rqt_example/cmake/rqt_exampleConfig.cmake
[0.963s] -- Symlinking: /home/dahyeon/dev_ws/install/rqt_example/share/rqt_example/cmake/rqt_exampleConfig-version.cmake
[0.970s] -- Symlinking: /home/dahyeon/dev_ws/install/rqt_example/share/rqt_example/package.xml
[1.010s] Listing '/home/dahyeon/dev_ws/install/rqt_example/lib/python3.8/site-packages/rqt_example'...
[1.010s] Compiling '/home/dahyeon/dev_ws/install/rqt_example/lib/python3.8/site-packages/rqt_example/__init__.py'...
[1.011s] Compiling '/home/dahyeon/dev_ws/install/rqt_example/lib/python3.8/site-packages/rqt_example/examples.py'...
[1.011s] Compiling '/home/dahyeon/dev_ws/install/rqt_example/lib/python3.8/site-packages/rqt_example/examples_widget.py'...
[1.165s] Invoked command in '/home/dahyeon/dev_ws/build/rqt_example' returned '0': CMAKE_PREFIX_PATH=${CMAKE_PREFIX_PATH}:/opt/ros/foxy /usr/bin/cmake --install /home/dahyeon/dev_ws/build/rqt_example
