[0.015s] Invoking command in '/home/dahyeon/dev_ws/build/time_msgs': CMAKE_PREFIX_PATH=${CMAKE_PREFIX_PATH}:/home/dahyeon/dev_ws/install/topic_service_action_rclpy_example:/home/dahyeon/dev_ws/install/time_rclpy_example:/home/dahyeon/dev_ws/install/tf2_rclpy_example:/home/dahyeon/dev_ws/install/ros2env:/home/dahyeon/dev_ws/install/my_first_ros_rclpy_pkg:/home/dahyeon/dev_ws/install/logging_rclpy_example:/opt/ros/foxy /usr/bin/cmake /home/dahyeon/dev_ws/src/uni_time/time_msgs -DAMENT_CMAKE_SYMLINK_INSTALL=1 -DCMAKE_INSTALL_PREFIX=/home/dahyeon/dev_ws/install/time_msgs
[0.091s] -- The C compiler identification is GNU 9.4.0
[0.236s] -- The CXX compiler identification is GNU 9.4.0
[0.245s] -- Check for working C compiler: /usr/bin/cc
[0.292s] -- Check for working C compiler: /usr/bin/cc -- works
[0.293s] -- Detecting C compiler ABI info
[0.344s] -- Detecting C compiler ABI info - done
[0.354s] -- Detecting C compile features
[0.354s] -- Detecting C compile features - done
[0.357s] -- Check for working CXX compiler: /usr/bin/c++
[0.416s] -- Check for working CXX compiler: /usr/bin/c++ -- works
[0.416s] -- Detecting CXX compiler ABI info
[0.473s] -- Detecting CXX compiler ABI info - done
[0.482s] -- Detecting CXX compile features
[0.482s] -- Detecting CXX compile features - done
[0.487s] -- Found ament_cmake: 0.9.9 (/opt/ros/foxy/share/ament_cmake/cmake)
[0.523s] -- Found PythonInterp: /usr/bin/python3 (found suitable version "3.8.10", minimum required is "3") 
[0.523s] -- Using PYTHON_EXECUTABLE: /usr/bin/python3
[0.676s] -- Override CMake install command with custom implementation using symlinks instead of copying resources
[0.720s] -- Found rosidl_default_generators: 1.0.1 (/opt/ros/foxy/share/rosidl_default_generators/cmake)
[0.728s] -- Using all available rosidl_typesupport_c: rosidl_typesupport_fastrtps_c;rosidl_typesupport_introspection_c
[0.738s] -- Found rosidl_adapter: 1.2.1 (/opt/ros/foxy/share/rosidl_adapter/cmake)
[0.830s] -- Found OpenSSL: /usr/lib/x86_64-linux-gnu/libcrypto.so (found version "1.1.1f")  
[0.853s] -- Found FastRTPS: /opt/ros/foxy/include  
[0.937s] -- Using all available rosidl_typesupport_cpp: rosidl_typesupport_fastrtps_cpp;rosidl_typesupport_introspection_cpp
[0.988s] -- Found PythonInterp: /usr/bin/python3 (found version "3.8.10") 
[1.182s] -- Found ament_cmake_ros: 0.9.2 (/opt/ros/foxy/share/ament_cmake_ros/cmake)
[1.294s] -- Using all available rosidl_typesupport_c: rosidl_typesupport_fastrtps_c;rosidl_typesupport_introspection_c
[1.323s] -- Using all available rosidl_typesupport_cpp: rosidl_typesupport_fastrtps_cpp;rosidl_typesupport_introspection_cpp
[1.351s] -- Found PythonInterp: /usr/bin/python3 (found suitable version "3.8.10", minimum required is "3.5") 
[1.353s] -- Found python_cmake_module: 0.8.1 (/opt/ros/foxy/share/python_cmake_module/cmake)
[1.381s] -- Found PythonLibs: /usr/lib/x86_64-linux-gnu/libpython3.8.so (found suitable version "3.8.10", minimum required is "3.5") 
[1.382s] -- Using PYTHON_EXECUTABLE: /usr/bin/python3
[1.382s] -- Using PYTHON_INCLUDE_DIRS: /usr/include/python3.8
[1.382s] -- Using PYTHON_LIBRARIES: /usr/lib/x86_64-linux-gnu/libpython3.8.so
[1.407s] -- Found PythonExtra: .so  
[1.467s] -- Found ament_lint_auto: 0.9.6 (/opt/ros/foxy/share/ament_lint_auto/cmake)
[1.503s] -- Added test 'copyright' to check source files copyright and LICENSE
[1.505s] -- Added test 'lint_cmake' to check CMake code style
[1.507s] -- Added test 'xmllint' to check XML markup files
[1.514s] -- Configuring done
[1.552s] -- Generating done
[1.554s] -- Build files have been written to: /home/dahyeon/dev_ws/build/time_msgs
[1.561s] Invoked command in '/home/dahyeon/dev_ws/build/time_msgs' returned '0': CMAKE_PREFIX_PATH=${CMAKE_PREFIX_PATH}:/home/dahyeon/dev_ws/install/topic_service_action_rclpy_example:/home/dahyeon/dev_ws/install/time_rclpy_example:/home/dahyeon/dev_ws/install/tf2_rclpy_example:/home/dahyeon/dev_ws/install/ros2env:/home/dahyeon/dev_ws/install/my_first_ros_rclpy_pkg:/home/dahyeon/dev_ws/install/logging_rclpy_example:/opt/ros/foxy /usr/bin/cmake /home/dahyeon/dev_ws/src/uni_time/time_msgs -DAMENT_CMAKE_SYMLINK_INSTALL=1 -DCMAKE_INSTALL_PREFIX=/home/dahyeon/dev_ws/install/time_msgs
[1.562s] Invoking command in '/home/dahyeon/dev_ws/build/time_msgs': CMAKE_PREFIX_PATH=${CMAKE_PREFIX_PATH}:/home/dahyeon/dev_ws/install/topic_service_action_rclpy_example:/home/dahyeon/dev_ws/install/time_rclpy_example:/home/dahyeon/dev_ws/install/tf2_rclpy_example:/home/dahyeon/dev_ws/install/ros2env:/home/dahyeon/dev_ws/install/my_first_ros_rclpy_pkg:/home/dahyeon/dev_ws/install/logging_rclpy_example:/opt/ros/foxy /usr/bin/cmake --build /home/dahyeon/dev_ws/build/time_msgs -- -j12 -l12
[1.589s] [  2%] [34m[1mGenerating C code for ROS interfaces[0m
[1.589s] [35m[1mScanning dependencies of target time_msgs__cpp[0m
[1.596s] [  5%] [34m[1mGenerating C++ code for ROS interfaces[0m
[1.954s] [35m[1mScanning dependencies of target time_msgs__rosidl_generator_c[0m
[1.961s] [  5%] Built target time_msgs__cpp
[1.966s] [ 10%] [32mBuilding C object CMakeFiles/time_msgs__rosidl_generator_c.dir/rosidl_generator_c/time_msgs/srv/detail/time__functions.c.o[0m
[1.966s] [ 10%] [32mBuilding C object CMakeFiles/time_msgs__rosidl_generator_c.dir/rosidl_generator_c/time_msgs/action/detail/time__functions.c.o[0m
[1.969s] [ 15%] [34m[1mGenerating C++ type support dispatch for ROS interfaces[0m
[1.969s] [ 15%] [34m[1mGenerating C++ introspection for ROS interfaces[0m
[1.969s] [ 17%] [34m[1mGenerating C++ type support for eProsima Fast-RTPS[0m
[2.033s] [ 20%] [32m[1mLinking C shared library libtime_msgs__rosidl_generator_c.so[0m
[2.068s] [ 20%] Built target time_msgs__rosidl_generator_c
[2.076s] [ 25%] [34m[1mGenerating C type support dispatch for ROS interfaces[0m
[2.076s] [ 25%] [34m[1mGenerating C introspection for ROS interfaces[0m
[2.231s] [35m[1mScanning dependencies of target time_msgs__rosidl_typesupport_cpp[0m
[2.242s] [ 28%] [32mBuilding CXX object CMakeFiles/time_msgs__rosidl_typesupport_cpp.dir/rosidl_typesupport_cpp/time_msgs/action/time__type_support.cpp.o[0m
[2.244s] [ 30%] [32mBuilding CXX object CMakeFiles/time_msgs__rosidl_typesupport_cpp.dir/rosidl_typesupport_cpp/time_msgs/srv/time__type_support.cpp.o[0m
[2.274s] [35m[1mScanning dependencies of target time_msgs__rosidl_typesupport_introspection_cpp[0m
[2.284s] [ 33%] [32mBuilding CXX object CMakeFiles/time_msgs__rosidl_typesupport_introspection_cpp.dir/rosidl_typesupport_introspection_cpp/time_msgs/action/detail/time__type_support.cpp.o[0m
[2.287s] [ 35%] [32mBuilding CXX object CMakeFiles/time_msgs__rosidl_typesupport_introspection_cpp.dir/rosidl_typesupport_introspection_cpp/time_msgs/srv/detail/time__type_support.cpp.o[0m
[2.341s] [35m[1mScanning dependencies of target time_msgs__rosidl_typesupport_fastrtps_cpp[0m
[2.356s] [ 38%] [32mBuilding CXX object CMakeFiles/time_msgs__rosidl_typesupport_fastrtps_cpp.dir/rosidl_typesupport_fastrtps_cpp/time_msgs/srv/detail/dds_fastrtps/time__type_support.cpp.o[0m
[2.357s] [ 41%] [32mBuilding CXX object CMakeFiles/time_msgs__rosidl_typesupport_fastrtps_cpp.dir/rosidl_typesupport_fastrtps_cpp/time_msgs/action/detail/dds_fastrtps/time__type_support.cpp.o[0m
[2.396s] [35m[1mScanning dependencies of target time_msgs__rosidl_typesupport_c[0m
[2.413s] [ 43%] [32mBuilding CXX object CMakeFiles/time_msgs__rosidl_typesupport_c.dir/rosidl_typesupport_c/time_msgs/action/time__type_support.cpp.o[0m
[2.413s] [ 46%] [32mBuilding CXX object CMakeFiles/time_msgs__rosidl_typesupport_c.dir/rosidl_typesupport_c/time_msgs/srv/time__type_support.cpp.o[0m
[2.416s] [35m[1mScanning dependencies of target time_msgs__rosidl_typesupport_introspection_c[0m
[2.442s] [ 48%] [32mBuilding C object CMakeFiles/time_msgs__rosidl_typesupport_introspection_c.dir/rosidl_typesupport_introspection_c/time_msgs/srv/detail/time__type_support.c.o[0m
[2.451s] [ 51%] [32mBuilding C object CMakeFiles/time_msgs__rosidl_typesupport_introspection_c.dir/rosidl_typesupport_introspection_c/time_msgs/action/detail/time__type_support.c.o[0m
[2.471s] [ 53%] [32m[1mLinking CXX shared library libtime_msgs__rosidl_typesupport_c.so[0m
[2.502s] [ 56%] [32m[1mLinking C shared library libtime_msgs__rosidl_typesupport_introspection_c.so[0m
[2.531s] [ 56%] Built target time_msgs__rosidl_typesupport_c
[2.540s] [ 58%] [32m[1mLinking CXX shared library libtime_msgs__rosidl_typesupport_cpp.so[0m
[2.540s] [ 58%] Built target time_msgs__rosidl_typesupport_introspection_c
[2.571s] [ 58%] Built target time_msgs__rosidl_typesupport_cpp
[2.681s] [ 61%] [32m[1mLinking CXX shared library libtime_msgs__rosidl_typesupport_introspection_cpp.so[0m
[2.743s] [ 61%] Built target time_msgs__rosidl_typesupport_introspection_cpp
[2.863s] [ 64%] [32m[1mLinking CXX shared library libtime_msgs__rosidl_typesupport_fastrtps_cpp.so[0m
[2.946s] [ 64%] Built target time_msgs__rosidl_typesupport_fastrtps_cpp
[2.953s] [ 66%] [34m[1mGenerating C type support for eProsima Fast-RTPS[0m
[3.278s] [35m[1mScanning dependencies of target time_msgs__rosidl_typesupport_fastrtps_c[0m
[3.291s] [ 71%] [32mBuilding CXX object CMakeFiles/time_msgs__rosidl_typesupport_fastrtps_c.dir/rosidl_typesupport_fastrtps_c/time_msgs/action/detail/time__type_support_c.cpp.o[0m
[3.291s] [ 71%] [32mBuilding CXX object CMakeFiles/time_msgs__rosidl_typesupport_fastrtps_c.dir/rosidl_typesupport_fastrtps_c/time_msgs/srv/detail/time__type_support_c.cpp.o[0m
[3.591s] [ 74%] [32m[1mLinking CXX shared library libtime_msgs__rosidl_typesupport_fastrtps_c.so[0m
[3.653s] [ 74%] Built target time_msgs__rosidl_typesupport_fastrtps_c
[3.660s] [35m[1mScanning dependencies of target time_msgs[0m
[3.667s] [ 74%] Built target time_msgs
[3.673s] [35m[1mScanning dependencies of target time_msgs__py[0m
[3.680s] [ 76%] [34m[1mGenerating Python code for ROS interfaces[0m
[3.835s] Traceback (most recent call last):
[3.835s]   File "/opt/ros/foxy/share/rosidl_generator_py/cmake/../../../lib/rosidl_generator_py/rosidl_generator_py", line 40, in <module>
[3.835s]     sys.exit(main())
[3.835s]   File "/opt/ros/foxy/share/rosidl_generator_py/cmake/../../../lib/rosidl_generator_py/rosidl_generator_py", line 36, in main
[3.835s]     return generate_py(args.generator_arguments_file, args.typesupport_impls.split(';'))
[3.835s]   File "/opt/ros/foxy/lib/python3.8/site-packages/rosidl_generator_py/generate_py_impl.py", line 61, in generate_py
[3.835s]     generate_files(generator_arguments_file, mapping)
[3.835s]   File "/opt/ros/foxy/lib/python3.8/site-packages/rosidl_cmake/__init__.py", line 87, in generate_files
[3.835s]     expand_template(
[3.835s]   File "/opt/ros/foxy/lib/python3.8/site-packages/rosidl_cmake/__init__.py", line 149, in expand_template
[3.836s]     interpreter.string(template_content, template_path, locals=data)
[3.836s]   File "/usr/lib/python3/dist-packages/em.py", line 2391, in string
[3.836s]     self.safe(scanner, True, locals)
[3.836s]   File "/usr/lib/python3/dist-packages/em.py", line 2401, in safe
[3.836s]     self.parse(scanner, locals)
[3.836s]   File "/usr/lib/python3/dist-packages/em.py", line 2421, in parse
[3.836s]     token.run(self, locals)
[3.837s]   File "/usr/lib/python3/dist-packages/em.py", line 1547, in run
[3.837s]     self.subrun(info[0][1], interpreter, locals)
[3.837s]   File "/usr/lib/python3/dist-packages/em.py", line 1631, in subrun
[3.837s]     token.run(interpreter, locals)
[3.837s]   File "/usr/lib/python3/dist-packages/em.py", line 1425, in run
[3.837s]     interpreter.execute(self.code, locals)
[3.837s]   File "/usr/lib/python3/dist-packages/em.py", line 2595, in execute
[3.838s]     _exec(statements, self.globals, locals)
[3.838s]   File "<string>", line 2, in <module>
[3.838s]   File "/opt/ros/foxy/lib/python3.8/site-packages/rosidl_cmake/__init__.py", line 198, in _expand_template
[3.838s]     interpreter.string(content, str(template_path), kwargs)
[3.838s]   File "/usr/lib/python3/dist-packages/em.py", line 2391, in string
[3.838s]     self.safe(scanner, True, locals)
[3.838s]   File "/usr/lib/python3/dist-packages/em.py", line 2401, in safe
[3.839s]     self.parse(scanner, locals)
[3.839s]   File "/usr/lib/python3/dist-packages/em.py", line 2421, in parse
[3.839s]     token.run(self, locals)
[3.839s]   File "/usr/lib/python3/dist-packages/em.py", line 1425, in run
[3.839s]     interpreter.execute(self.code, locals)
[3.839s]   File "/usr/lib/python3/dist-packages/em.py", line 2595, in execute
[3.839s]     _exec(statements, self.globals, locals)
[3.840s]   File "<string>", line 7, in <module>
[3.840s]   File "/opt/ros/foxy/lib/python3.8/site-packages/rosidl_cmake/__init__.py", line 198, in _expand_template
[3.840s]     interpreter.string(content, str(template_path), kwargs)
[3.840s]   File "/usr/lib/python3/dist-packages/em.py", line 2391, in string
[3.840s]     self.safe(scanner, True, locals)
[3.840s]   File "/usr/lib/python3/dist-packages/em.py", line 2401, in safe
[3.840s]     self.parse(scanner, locals)
[3.840s]   File "/usr/lib/python3/dist-packages/em.py", line 2421, in parse
[3.840s]     token.run(self, locals)
[3.841s]   File "/usr/lib/python3/dist-packages/em.py", line 1425, in run
[3.841s]     interpreter.execute(self.code, locals)
[3.841s]   File "/usr/lib/python3/dist-packages/em.py", line 2595, in execute
[3.841s]     _exec(statements, self.globals, locals)
[3.841s]   File "<string>", line 3, in <module>
[3.841s]   File "/usr/lib/python3/dist-packages/numpy/__init__.py", line 142, in <module>
[3.841s]     from . import core
[3.841s]   File "/usr/lib/python3/dist-packages/numpy/core/__init__.py", line 17, in <module>
[3.842s]     from . import multiarray
[3.842s]   File "<frozen importlib._bootstrap>", line 991, in _find_and_load
[3.842s]   File "<frozen importlib._bootstrap>", line 975, in _find_and_load_unlocked
[3.842s]   File "<frozen importlib._bootstrap>", line 671, in _load_unlocked
[3.842s]   File "<frozen importlib._bootstrap_external>", line 844, in exec_module
[3.842s]   File "<frozen importlib._bootstrap_external>", line 939, in get_code
[3.843s]   File "<frozen importlib._bootstrap_external>", line 1038, in get_data
[3.843s] KeyboardInterrupt
[3.848s] Exception ignored in: <function Interpreter.__del__ at 0x7fc9598faaf0>
[3.848s] Traceback (most recent call last):
[3.849s]   File "/usr/lib/python3/dist-packages/em.py", line 2094, in __del__
[3.849s]   File "/usr/lib/python3/dist-packages/em.py", line 2157, in shutdown
[3.849s]   File "/usr/lib/python3/dist-packages/em.py", line 2646, in finalize
[3.849s]   File "/usr/lib/python3/dist-packages/em.py", line 2200, in push
[3.849s] AttributeError: '_io.TextIOWrapper' object has no attribute 'push'
[3.853s] make[2]: *** [time_msgs__py/CMakeFiles/time_msgs__py.dir/build.make:90: rosidl_generator_py/time_msgs/_time_msgs_s.ep.rosidl_typesupport_fastrtps_c.c] Interrupt
[3.853s] make[1]: *** [CMakeFiles/Makefile2:553: time_msgs__py/CMakeFiles/time_msgs__py.dir/all] Interrupt
[3.853s] make: *** [Makefile:141: all] Interrupt
[3.854s] Invoked command in '/home/dahyeon/dev_ws/build/time_msgs' returned '-2': CMAKE_PREFIX_PATH=${CMAKE_PREFIX_PATH}:/home/dahyeon/dev_ws/install/topic_service_action_rclpy_example:/home/dahyeon/dev_ws/install/time_rclpy_example:/home/dahyeon/dev_ws/install/tf2_rclpy_example:/home/dahyeon/dev_ws/install/ros2env:/home/dahyeon/dev_ws/install/my_first_ros_rclpy_pkg:/home/dahyeon/dev_ws/install/logging_rclpy_example:/opt/ros/foxy /usr/bin/cmake --build /home/dahyeon/dev_ws/build/time_msgs -- -j12 -l12
