[35m[1mScanning dependencies of target helloworld_subscriber[0m
[35m[1mScanning dependencies of target helloworld_publisher[0m
[ 25%] [32mBuilding CXX object CMakeFiles/helloworld_publisher.dir/src/helloworld_publisher.cpp.o[0m
[ 50%] [32mBuilding CXX object CMakeFiles/helloworld_subscriber.dir/src/helloworld_subscriber.cpp.o[0m
[01m[K/home/dahyeon/dev_ws/src/my_first_ros_rclcpp_pkg/src/helloworld_publisher.cpp:14:22:[m[K [01;31m[Kerror: [m[KISO C++ forbids declaration of ‘[01m[KHelloworldPublisher[m[K’ with no type [[01;31m[K-fpermissive[m[K]
   14 |  HelloworldPublisher([01;31m[K)[m[K
      |                      [01;31m[K^[m[K
[01m[K/home/dahyeon/dev_ws/src/my_first_ros_rclcpp_pkg/src/helloworld_publisher.cpp:[m[K In member function ‘[01m[Kint HelloworldPublusher::HelloworldPublisher()[m[K’:
[01m[K/home/dahyeon/dev_ws/src/my_first_ros_rclcpp_pkg/src/helloworld_publisher.cpp:15:5:[m[K [01;31m[Kerror: [m[Konly constructors take member initializers
   15 |   : [01;31m[KNode[m[K("helloworld_publisher"), count_(0)
      |     [01;31m[K^~~~[m[K
[01m[K/home/dahyeon/dev_ws/src/my_first_ros_rclcpp_pkg/src/helloworld_publisher.cpp:21:8:[m[K [01;31m[Kerror: [m[K‘[01m[Kst[m[K’ has not been declared
   21 |    1s, [01;31m[Kst[m[K::bind(&HelloworldPublusher::publish_helloworld_msg, this));
      |        [01;31m[K^~[m[K
[01m[K/home/dahyeon/dev_ws/src/my_first_ros_rclcpp_pkg/src/helloworld_publisher.cpp:23:2:[m[K [01;35m[Kwarning: [m[Kno return statement in function returning non-void [[01;35m[K-Wreturn-type[m[K]
   23 |  [01;35m[K}[m[K
      |  [01;35m[K^[m[K
[01m[K/home/dahyeon/dev_ws/src/my_first_ros_rclcpp_pkg/src/helloworld_publisher.cpp:[m[K In function ‘[01m[Kint main(int, char**)[m[K’:
[01m[K/home/dahyeon/dev_ws/src/my_first_ros_rclcpp_pkg/src/helloworld_publisher.cpp:42:31:[m[K [01;31m[Kerror: [m[K‘[01m[KHelloworldPublisher[m[K’ was not declared in this scope; did you mean ‘[01m[KHelloworldPublusher[m[K’?
   42 |  auto node = std::make_shared<[01;31m[KHelloworldPublisher[m[K>();
      |                               [01;31m[K^~~~~~~~~~~~~~~~~~~[m[K
      |                               [32m[KHelloworldPublusher[m[K
[01m[K/home/dahyeon/dev_ws/src/my_first_ros_rclcpp_pkg/src/helloworld_publisher.cpp:42:52:[m[K [01;31m[Kerror: [m[Kno matching function for call to ‘[01m[Kmake_shared<<expression error> >()[m[K’
   42 |  auto node = std::make_shared<HelloworldPublisher>([01;31m[K)[m[K;
      |                                                    [01;31m[K^[m[K
In file included from [01m[K/usr/include/c++/9/memory:81[m[K,
                 from [01m[K/home/dahyeon/dev_ws/src/my_first_ros_rclcpp_pkg/src/helloworld_publisher.cpp:3[m[K:
[01m[K/usr/include/c++/9/bits/shared_ptr.h:714:5:[m[K [01;36m[Knote: [m[Kcandidate: ‘[01m[Ktemplate<class _Tp, class ... _Args> std::shared_ptr<_Tp> std::make_shared(_Args&& ...)[m[K’
  714 |     [01;36m[Kmake_shared[m[K(_Args&&... __args)
      |     [01;36m[K^~~~~~~~~~~[m[K
[01m[K/usr/include/c++/9/bits/shared_ptr.h:714:5:[m[K [01;36m[Knote: [m[K  template argument deduction/substitution failed:
[01m[K/home/dahyeon/dev_ws/src/my_first_ros_rclcpp_pkg/src/helloworld_publisher.cpp:42:52:[m[K [01;31m[Kerror: [m[Ktemplate argument 1 is invalid
   42 |  auto node = std::make_shared<HelloworldPublisher>([01;31m[K)[m[K;
      |                                                    [01;31m[K^[m[K
[01m[K/home/dahyeon/dev_ws/src/my_first_ros_rclcpp_pkg/src/helloworld_subscriber.cpp:[m[K In constructor ‘[01m[KHelloworldSubscriber::HelloworldSubscriber()[m[K’:
[01m[K/home/dahyeon/dev_ws/src/my_first_ros_rclcpp_pkg/src/helloworld_subscriber.cpp:16:9:[m[K [01;31m[Kerror: [m[K‘[01m[Khelloworld_subsciber_[m[K’ was not declared in this scope; did you mean ‘[01m[Khelloworld_subscriber_[m[K’?
   16 |         [01;31m[Khelloworld_subsciber_[m[K = this->create_subscription<std_msgs::msg::String>(
      |         [01;31m[K^~~~~~~~~~~~~~~~~~~~~[m[K
      |         [32m[Khelloworld_subscriber_[m[K
[01m[K/home/dahyeon/dev_ws/src/my_first_ros_rclcpp_pkg/src/helloworld_subscriber.cpp:20:9:[m[K [01;31m[Kerror: [m[Kexpected primary-expression before ‘[01m[K)[m[K’ token
   20 |         [01;31m[K)[m[K
      |         [01;31m[K^[m[K
In file included from [01m[K/opt/ros/foxy/include/rclcpp/service.hpp:34[m[K,
                 from [01m[K/opt/ros/foxy/include/rclcpp/callback_group.hpp:25[m[K,
                 from [01m[K/opt/ros/foxy/include/rclcpp/any_executable.hpp:20[m[K,
                 from [01m[K/opt/ros/foxy/include/rclcpp/memory_strategy.hpp:24[m[K,
                 from [01m[K/opt/ros/foxy/include/rclcpp/memory_strategies.hpp:18[m[K,
                 from [01m[K/opt/ros/foxy/include/rclcpp/executor_options.hpp:20[m[K,
                 from [01m[K/opt/ros/foxy/include/rclcpp/executor.hpp:33[m[K,
                 from [01m[K/opt/ros/foxy/include/rclcpp/executors/multi_threaded_executor.hpp:26[m[K,
                 from [01m[K/opt/ros/foxy/include/rclcpp/executors.hpp:21[m[K,
                 from [01m[K/opt/ros/foxy/include/rclcpp/rclcpp.hpp:146[m[K,
                 from [01m[K/home/dahyeon/dev_ws/src/my_first_ros_rclcpp_pkg/src/helloworld_subscriber.cpp:4[m[K:
[01m[K/home/dahyeon/dev_ws/src/my_first_ros_rclcpp_pkg/src/helloworld_subscriber.cpp:[m[K In member function ‘[01m[Kvoid HelloworldSubscriber::subscribe_topic_message(std_msgs::msg::String_<std::allocator<void> >::SharedPtr) const[m[K’:
[01m[K/home/dahyeon/dev_ws/src/my_first_ros_rclcpp_pkg/src/helloworld_subscriber.cpp:25:25:[m[K [01;31m[Kerror: [m[Kno match for ‘[01m[Koperator-[m[K’ (operand types are ‘[01m[Kconst HelloworldSubscriber*[m[K’ and ‘[01m[Krclcpp::Logger[m[K’)
   25 |         RCLCPP_INFO([01;31m[Kthis-get_logger()[m[K, "Received message: '%s'", msg->data.c_str());
      |                     [01;31m[K~~~~^~~~~~~~~~~~~[m[K
In file included from [01m[K/usr/include/c++/9/bits/stl_algobase.h:67[m[K,
                 from [01m[K/usr/include/c++/9/bits/char_traits.h:39[m[K,
                 from [01m[K/usr/include/c++/9/string:40[m[K,
                 from [01m[K/usr/include/c++/9/stdexcept:39[m[K,
                 from [01m[K/usr/include/c++/9/array:39[m[K,
                 from [01m[K/usr/include/c++/9/tuple:39[m[K,
                 from [01m[K/usr/include/c++/9/functional:54[m[K,
                 from [01m[K/home/dahyeon/dev_ws/src/my_first_ros_rclcpp_pkg/src/helloworld_subscriber.cpp:1[m[K:
[01m[K/usr/include/c++/9/bits/stl_iterator.h:415:5:[m[K [01;36m[Knote: [m[Kcandidate: ‘[01m[Ktemplate<class _IteratorL, class _IteratorR> decltype ((__y.base() - __x.base())) std::operator-(const std::reverse_iterator<_Iterator>&, const std::reverse_iterator<_IteratorR>&)[m[K’
  415 |     [01;36m[Koperator[m[K-(const reverse_iterator<_IteratorL>& __x,
      |     [01;36m[K^~~~~~~~[m[K
[01m[K/usr/include/c++/9/bits/stl_iterator.h:415:5:[m[K [01;36m[Knote: [m[K  template argument deduction/substitution failed:
In file included from [01m[K/opt/ros/foxy/include/rclcpp/service.hpp:34[m[K,
                 from [01m[K/opt/ros/foxy/include/rclcpp/callback_group.hpp:25[m[K,
                 from [01m[K/opt/ros/foxy/include/rclcpp/any_executable.hpp:20[m[K,
                 from [01m[K/opt/ros/foxy/include/rclcpp/memory_strategy.hpp:24[m[K,
                 from [01m[K/opt/ros/foxy/include/rclcpp/memory_strategies.hpp:18[m[K,
                 from [01m[K/opt/ros/foxy/include/rclcpp/executor_options.hpp:20[m[K,
                 from [01m[K/opt/ros/foxy/include/rclcpp/executor.hpp:33[m[K,
                 from [01m[K/opt/ros/foxy/include/rclcpp/executors/multi_threaded_executor.hpp:26[m[K,
                 from [01m[K/opt/ros/foxy/include/rclcpp/executors.hpp:21[m[K,
                 from [01m[K/opt/ros/foxy/include/rclcpp/rclcpp.hpp:146[m[K,
                 from [01m[K/home/dahyeon/dev_ws/src/my_first_ros_rclcpp_pkg/src/helloworld_subscriber.cpp:4[m[K:
[01m[K/home/dahyeon/dev_ws/src/my_first_ros_rclcpp_pkg/src/helloworld_subscriber.cpp:25:37:[m[K [01;36m[Knote: [m[K  mismatched types ‘[01m[Kconst std::reverse_iterator<_Iterator>[m[K’ and ‘[01m[Kconst HelloworldSubscriber*[m[K’
   25 |         RCLCPP_INFO(this-get_logger([01;36m[K)[m[K, "Received message: '%s'", msg->data.c_str());
      |                                     [01;36m[K^[m[K
In file included from [01m[K/usr/include/c++/9/bits/stl_algobase.h:67[m[K,
                 from [01m[K/usr/include/c++/9/bits/char_traits.h:39[m[K,
                 from [01m[K/usr/include/c++/9/string:40[m[K,
                 from [01m[K/usr/include/c++/9/stdexcept:39[m[K,
                 from [01m[K/usr/include/c++/9/array:39[m[K,
                 from [01m[K/usr/include/c++/9/tuple:39[m[K,
                 from [01m[K/usr/include/c++/9/functional:54[m[K,
                 from [01m[K/home/dahyeon/dev_ws/src/my_first_ros_rclcpp_pkg/src/helloworld_subscriber.cpp:1[m[K:
[01m[K/usr/include/c++/9/bits/stl_iterator.h:1212:5:[m[K [01;36m[Knote: [m[Kcandidate: ‘[01m[Ktemplate<class _IteratorL, class _IteratorR> decltype ((__x.base() - __y.base())) std::operator-(const std::move_iterator<_IteratorL>&, const std::move_iterator<_IteratorR>&)[m[K’
 1212 |     [01;36m[Koperator[m[K-(const move_iterator<_IteratorL>& __x,
      |     [01;36m[K^~~~~~~~[m[K
[01m[K/usr/include/c++/9/bits/stl_iterator.h:1212:5:[m[K [01;36m[Knote: [m[K  template argument deduction/substitution failed:
In file included from [01m[K/opt/ros/foxy/include/rclcpp/service.hpp:34[m[K,
                 from [01m[K/opt/ros/foxy/include/rclcpp/callback_group.hpp:25[m[K,
                 from [01m[K/opt/ros/foxy/include/rclcpp/any_executable.hpp:20[m[K,
                 from [01m[K/opt/ros/foxy/include/rclcpp/memory_strategy.hpp:24[m[K,
                 from [01m[K/opt/ros/foxy/include/rclcpp/memory_strategies.hpp:18[m[K,
                 from [01m[K/opt/ros/foxy/include/rclcpp/executor_options.hpp:20[m[K,
                 from [01m[K/opt/ros/foxy/include/rclcpp/executor.hpp:33[m[K,
                 from [01m[K/opt/ros/foxy/include/rclcpp/executors/multi_threaded_executor.hpp:26[m[K,
                 from [01m[K/opt/ros/foxy/include/rclcpp/executors.hpp:21[m[K,
                 from [01m[K/opt/ros/foxy/include/rclcpp/rclcpp.hpp:146[m[K,
                 from [01m[K/home/dahyeon/dev_ws/src/my_first_ros_rclcpp_pkg/src/helloworld_subscriber.cpp:4[m[K:
[01m[K/home/dahyeon/dev_ws/src/my_first_ros_rclcpp_pkg/src/helloworld_subscriber.cpp:25:37:[m[K [01;36m[Knote: [m[K  mismatched types ‘[01m[Kconst std::move_iterator<_IteratorL>[m[K’ and ‘[01m[Kconst HelloworldSubscriber*[m[K’
   25 |         RCLCPP_INFO(this-get_logger([01;36m[K)[m[K, "Received message: '%s'", msg->data.c_str());
      |                                     [01;36m[K^[m[K
In file included from [01m[K/usr/include/c++/9/vector:68[m[K,
                 from [01m[K/opt/ros/foxy/include/rclcpp/executor.hpp:27[m[K,
                 from [01m[K/opt/ros/foxy/include/rclcpp/executors/multi_threaded_executor.hpp:26[m[K,
                 from [01m[K/opt/ros/foxy/include/rclcpp/executors.hpp:21[m[K,
                 from [01m[K/opt/ros/foxy/include/rclcpp/rclcpp.hpp:146[m[K,
                 from [01m[K/home/dahyeon/dev_ws/src/my_first_ros_rclcpp_pkg/src/helloworld_subscriber.cpp:4[m[K:
[01m[K/usr/include/c++/9/bits/stl_bvector.h:214:3:[m[K [01;36m[Knote: [m[Kcandidate: ‘[01m[Kstd::ptrdiff_t std::operator-(const std::_Bit_iterator_base&, const std::_Bit_iterator_base&)[m[K’
  214 |   [01;36m[Koperator[m[K-(const _Bit_iterator_base& __x, const _Bit_iterator_base& __y)
      |   [01;36m[K^~~~~~~~[m[K
[01m[K/usr/include/c++/9/bits/stl_bvector.h:214:39:[m[K [01;36m[Knote: [m[K  no known conversion for argument 1 from ‘[01m[Kconst HelloworldSubscriber*[m[K’ to ‘[01m[Kconst std::_Bit_iterator_base&[m[K’
  214 |   operator-([01;36m[Kconst _Bit_iterator_base& __x[m[K, const _Bit_iterator_base& __y)
      |             [01;36m[K~~~~~~~~~~~~~~~~~~~~~~~~~~^~~[m[K
In file included from [01m[K/opt/ros/foxy/include/rclcpp/service.hpp:34[m[K,
                 from [01m[K/opt/ros/foxy/include/rclcpp/callback_group.hpp:25[m[K,
                 from [01m[K/opt/ros/foxy/include/rclcpp/any_executable.hpp:20[m[K,
                 from [01m[K/opt/ros/foxy/include/rclcpp/memory_strategy.hpp:24[m[K,
                 from [01m[K/opt/ros/foxy/include/rclcpp/memory_strategies.hpp:18[m[K,
                 from [01m[K/opt/ros/foxy/include/rclcpp/executor_options.hpp:20[m[K,
                 from [01m[K/opt/ros/foxy/include/rclcpp/executor.hpp:33[m[K,
                 from [01m[K/opt/ros/foxy/include/rclcpp/executors/multi_threaded_executor.hpp:26[m[K,
                 from [01m[K/opt/ros/foxy/include/rclcpp/executors.hpp:21[m[K,
                 from [01m[K/opt/ros/foxy/include/rclcpp/rclcpp.hpp:146[m[K,
                 from [01m[K/home/dahyeon/dev_ws/src/my_first_ros_rclcpp_pkg/src/helloworld_subscriber.cpp:4[m[K:
[01m[K/home/dahyeon/dev_ws/src/my_first_ros_rclcpp_pkg/src/helloworld_subscriber.cpp:25:9:[m[K [01;31m[Kerror: [m[Ktemplate argument 1 is invalid
   25 |         [01;31m[KRCLCPP_INFO[m[K(this-get_logger(), "Received message: '%s'", msg->data.c_str());
      |         [01;31m[K^~~~~~~~~~~[m[K
[01m[K/home/dahyeon/dev_ws/src/my_first_ros_rclcpp_pkg/src/helloworld_subscriber.cpp:25:9:[m[K [01;31m[Kerror: [m[Ktemplate argument 1 is invalid
   25 |         [01;31m[KRCLCPP_INFO[m[K(this-get_logger(), "Received message: '%s'", msg->data.c_str());
      |         [01;31m[K^~~~~~~~~~~[m[K
[01m[K/home/dahyeon/dev_ws/src/my_first_ros_rclcpp_pkg/src/helloworld_subscriber.cpp:25:9:[m[K [01;31m[Kerror: [m[Ktemplate argument 1 is invalid
   25 |         [01;31m[KRCLCPP_INFO[m[K(this-get_logger(), "Received message: '%s'", msg->data.c_str());
      |         [01;31m[K^~~~~~~~~~~[m[K
In file included from [01m[K/opt/ros/foxy/include/rclcpp/client.hpp:40[m[K,
                 from [01m[K/opt/ros/foxy/include/rclcpp/callback_group.hpp:23[m[K,
                 from [01m[K/opt/ros/foxy/include/rclcpp/any_executable.hpp:20[m[K,
                 from [01m[K/opt/ros/foxy/include/rclcpp/memory_strategy.hpp:24[m[K,
                 from [01m[K/opt/ros/foxy/include/rclcpp/memory_strategies.hpp:18[m[K,
                 from [01m[K/opt/ros/foxy/include/rclcpp/executor_options.hpp:20[m[K,
                 from [01m[K/opt/ros/foxy/include/rclcpp/executor.hpp:33[m[K,
                 from [01m[K/opt/ros/foxy/include/rclcpp/executors/multi_threaded_executor.hpp:26[m[K,
                 from [01m[K/opt/ros/foxy/include/rclcpp/executors.hpp:21[m[K,
                 from [01m[K/opt/ros/foxy/include/rclcpp/rclcpp.hpp:146[m[K,
                 from [01m[K/home/dahyeon/dev_ws/src/my_first_ros_rclcpp_pkg/src/helloworld_subscriber.cpp:4[m[K:
[01m[K/home/dahyeon/dev_ws/src/my_first_ros_rclcpp_pkg/src/helloworld_subscriber.cpp:25:25:[m[K [01;31m[Kerror: [m[Kinvalid operands of types ‘[01m[Kconst HelloworldSubscriber*[m[K’ and ‘[01m[Kconst char*[m[K’ to binary ‘[01m[Koperator-[m[K’
   25 |         RCLCPP_INFO(this[01;31m[K-[m[Kget_logger(), "Received message: '%s'", msg->data.c_str());
      |                         [01;31m[K^[m[K
[01m[K/home/dahyeon/dev_ws/src/my_first_ros_rclcpp_pkg/src/helloworld_subscriber.cpp:25:25:[m[K [01;31m[Kerror: [m[Kinvalid operands of types ‘[01m[Kconst HelloworldSubscriber*[m[K’ and ‘[01m[Kconst char*[m[K’ to binary ‘[01m[Koperator-[m[K’
   25 |         RCLCPP_INFO(this[01;31m[K-[m[Kget_logger(), "Received message: '%s'", msg->data.c_str());
      |                         [01;31m[K^[m[K
make[2]: *** [CMakeFiles/helloworld_publisher.dir/build.make:63: CMakeFiles/helloworld_publisher.dir/src/helloworld_publisher.cpp.o] Error 1
make[1]: *** [CMakeFiles/Makefile2:107: CMakeFiles/helloworld_publisher.dir/all] Error 2
make[1]: *** Waiting for unfinished jobs....
make[2]: *** [CMakeFiles/helloworld_subscriber.dir/build.make:63: CMakeFiles/helloworld_subscriber.dir/src/helloworld_subscriber.cpp.o] Error 1
make[1]: *** [CMakeFiles/Makefile2:80: CMakeFiles/helloworld_subscriber.dir/all] Error 2
make: *** [Makefile:141: all] Error 2
