[0.000000] (-) TimerEvent: {}
[0.000295] (-) JobUnselected: {'identifier': 'cpp_parameters'}
[0.000450] (-) JobUnselected: {'identifier': 'cpp_pubsub'}
[0.000472] (-) JobUnselected: {'identifier': 'cpp_pubsub'}
[0.000486] (-) JobUnselected: {'identifier': 'logging_rclpy_example'}
[0.000499] (-) JobUnselected: {'identifier': 'msg_srv_action_interface_example'}
[0.000512] (-) JobUnselected: {'identifier': 'my_first_ros_rclcpp_pkg'}
[0.000525] (-) JobUnselected: {'identifier': 'my_first_ros_rclpy_pkg'}
[0.000580] (-) JobUnselected: {'identifier': 'my_package'}
[0.000605] (-) JobUnselected: {'identifier': 'ros2env'}
[0.000636] (-) JobUnselected: {'identifier': 'rqt_example'}
[0.000689] (-) JobUnselected: {'identifier': 'srv_alarm_interface'}
[0.000732] (-) JobUnselected: {'identifier': 'test'}
[0.000785] (-) JobUnselected: {'identifier': 'test'}
[0.000811] (-) JobUnselected: {'identifier': 'testbot_description'}
[0.000823] (-) JobUnselected: {'identifier': 'tf2_rclcpp_example'}
[0.000834] (-) JobUnselected: {'identifier': 'tf2_rclpy_example'}
[0.000845] (-) JobUnselected: {'identifier': 'time_rclcpp_example'}
[0.000856] (-) JobUnselected: {'identifier': 'time_rclpy_example'}
[0.000867] (-) JobUnselected: {'identifier': 'topic_service_action_rclcpp_example'}
[0.000878] (-) JobUnselected: {'identifier': 'topic_service_action_rclpy_example'}
[0.000889] (-) JobUnselected: {'identifier': 'turtlesim'}
[0.000903] (-) JobUnselected: {'identifier': 'uni'}
[0.000915] (-) JobUnselected: {'identifier': 'uni_save'}
[0.000927] (-) EventReactorShutdown: {}
