[0.093s] Invoking command in '/home/dahyeon/dev_ws/build/cpp_pubsub': CMAKE_PREFIX_PATH=${CMAKE_PREFIX_PATH}:/home/dahyeon/dev_ws/install/topic_service_action_rclpy_example:/home/dahyeon/dev_ws/install/time_rclpy_example:/home/dahyeon/dev_ws/install/tf2_rclpy_example:/home/dahyeon/dev_ws/install/ros2env:/home/dahyeon/dev_ws/install/my_first_ros_rclpy_pkg:/home/dahyeon/dev_ws/install/logging_rclpy_example:/opt/ros/foxy /usr/bin/cmake --build /home/dahyeon/dev_ws/build/cpp_pubsub -- -j12 -l12
[0.705s] [ 50%] Built target listener
[0.705s] [100%] Built target talker
[0.713s] Invoked command in '/home/dahyeon/dev_ws/build/cpp_pubsub' returned '0': CMAKE_PREFIX_PATH=${CMAKE_PREFIX_PATH}:/home/dahyeon/dev_ws/install/topic_service_action_rclpy_example:/home/dahyeon/dev_ws/install/time_rclpy_example:/home/dahyeon/dev_ws/install/tf2_rclpy_example:/home/dahyeon/dev_ws/install/ros2env:/home/dahyeon/dev_ws/install/my_first_ros_rclpy_pkg:/home/dahyeon/dev_ws/install/logging_rclpy_example:/opt/ros/foxy /usr/bin/cmake --build /home/dahyeon/dev_ws/build/cpp_pubsub -- -j12 -l12
[0.753s] Invoking command in '/home/dahyeon/dev_ws/build/cpp_pubsub': CMAKE_PREFIX_PATH=${CMAKE_PREFIX_PATH}:/home/dahyeon/dev_ws/install/topic_service_action_rclpy_example:/home/dahyeon/dev_ws/install/time_rclpy_example:/home/dahyeon/dev_ws/install/tf2_rclpy_example:/home/dahyeon/dev_ws/install/ros2env:/home/dahyeon/dev_ws/install/my_first_ros_rclpy_pkg:/home/dahyeon/dev_ws/install/logging_rclpy_example:/opt/ros/foxy /usr/bin/cmake --install /home/dahyeon/dev_ws/build/cpp_pubsub
[0.764s] -- Install configuration: ""
[0.767s] -- Execute custom install script
[0.767s] -- Up-to-date symlink: /home/dahyeon/dev_ws/install/cpp_pubsub/lib/cpp_pubsub/talker
[0.767s] -- Up-to-date symlink: /home/dahyeon/dev_ws/install/cpp_pubsub/lib/cpp_pubsub/listener
[0.768s] -- Up-to-date symlink: /home/dahyeon/dev_ws/install/cpp_pubsub/share/ament_index/resource_index/package_run_dependencies/cpp_pubsub
[0.769s] -- Up-to-date symlink: /home/dahyeon/dev_ws/install/cpp_pubsub/share/ament_index/resource_index/parent_prefix_path/cpp_pubsub
[0.770s] -- Up-to-date symlink: /home/dahyeon/dev_ws/install/cpp_pubsub/share/cpp_pubsub/environment/ament_prefix_path.sh
[0.771s] -- Up-to-date symlink: /home/dahyeon/dev_ws/install/cpp_pubsub/share/cpp_pubsub/environment/ament_prefix_path.dsv
[0.772s] -- Up-to-date symlink: /home/dahyeon/dev_ws/install/cpp_pubsub/share/cpp_pubsub/environment/path.sh
[0.773s] -- Up-to-date symlink: /home/dahyeon/dev_ws/install/cpp_pubsub/share/cpp_pubsub/environment/path.dsv
[0.775s] -- Up-to-date symlink: /home/dahyeon/dev_ws/install/cpp_pubsub/share/cpp_pubsub/local_setup.bash
[0.776s] -- Up-to-date symlink: /home/dahyeon/dev_ws/install/cpp_pubsub/share/cpp_pubsub/local_setup.sh
[0.776s] -- Up-to-date symlink: /home/dahyeon/dev_ws/install/cpp_pubsub/share/cpp_pubsub/local_setup.zsh
[0.777s] -- Up-to-date symlink: /home/dahyeon/dev_ws/install/cpp_pubsub/share/cpp_pubsub/local_setup.dsv
[0.779s] -- Symlinking: /home/dahyeon/dev_ws/install/cpp_pubsub/share/cpp_pubsub/package.dsv
[0.792s] -- Up-to-date symlink: /home/dahyeon/dev_ws/install/cpp_pubsub/share/ament_index/resource_index/packages/cpp_pubsub
[0.792s] -- Up-to-date symlink: /home/dahyeon/dev_ws/install/cpp_pubsub/share/cpp_pubsub/cmake/cpp_pubsubConfig.cmake
[0.792s] -- Up-to-date symlink: /home/dahyeon/dev_ws/install/cpp_pubsub/share/cpp_pubsub/cmake/cpp_pubsubConfig-version.cmake
[0.792s] -- Up-to-date symlink: /home/dahyeon/dev_ws/install/cpp_pubsub/share/cpp_pubsub/package.xml
[0.813s] Invoked command in '/home/dahyeon/dev_ws/build/cpp_pubsub' returned '0': CMAKE_PREFIX_PATH=${CMAKE_PREFIX_PATH}:/home/dahyeon/dev_ws/install/topic_service_action_rclpy_example:/home/dahyeon/dev_ws/install/time_rclpy_example:/home/dahyeon/dev_ws/install/tf2_rclpy_example:/home/dahyeon/dev_ws/install/ros2env:/home/dahyeon/dev_ws/install/my_first_ros_rclpy_pkg:/home/dahyeon/dev_ws/install/logging_rclpy_example:/opt/ros/foxy /usr/bin/cmake --install /home/dahyeon/dev_ws/build/cpp_pubsub
