[0.065s] Invoking command in '/home/dahyeon/dev_ws/build/msg_srv_action_interface_example': CMAKE_PREFIX_PATH=${CMAKE_PREFIX_PATH}:/opt/ros/foxy /usr/bin/cmake --build /home/dahyeon/dev_ws/build/msg_srv_action_interface_example -- -j12 -l12
[0.729s] [  2%] Built target msg_srv_action_interface_example__cpp
[0.730s] [ 12%] Built target msg_srv_action_interface_example__rosidl_generator_c
[0.730s] [ 34%] Built target msg_srv_action_interface_example__rosidl_typesupport_cpp
[0.730s] [ 34%] Built target msg_srv_action_interface_example__rosidl_typesupport_introspection_cpp
[0.731s] [ 44%] Built target msg_srv_action_interface_example__rosidl_typesupport_introspection_c
[0.731s] [ 55%] Built target msg_srv_action_interface_example__rosidl_typesupport_c
[0.731s] [ 65%] Built target msg_srv_action_interface_example__rosidl_typesupport_fastrtps_cpp
[0.731s] [ 76%] Built target msg_srv_action_interface_example__rosidl_typesupport_fastrtps_c
[0.732s] [ 76%] Built target msg_srv_action_interface_example
[0.732s] [ 78%] Built target msg_srv_action_interface_example__py
[0.733s] [ 87%] Built target msg_srv_action_interface_example__python
[0.733s] [100%] Built target msg_srv_action_interface_example__rosidl_typesupport_fastrtps_c__pyext
[0.733s] [100%] Built target msg_srv_action_interface_example__rosidl_typesupport_introspection_c__pyext
[0.734s] [100%] Built target msg_srv_action_interface_example__rosidl_typesupport_c__pyext
[0.739s] Invoked command in '/home/dahyeon/dev_ws/build/msg_srv_action_interface_example' returned '0': CMAKE_PREFIX_PATH=${CMAKE_PREFIX_PATH}:/opt/ros/foxy /usr/bin/cmake --build /home/dahyeon/dev_ws/build/msg_srv_action_interface_example -- -j12 -l12
[0.828s] Invoking command in '/home/dahyeon/dev_ws/build/msg_srv_action_interface_example': CMAKE_PREFIX_PATH=${CMAKE_PREFIX_PATH}:/opt/ros/foxy /usr/bin/cmake --install /home/dahyeon/dev_ws/build/msg_srv_action_interface_example
[0.831s] -- Install configuration: ""
[0.831s] -- Execute custom install script
[0.832s] -- Up-to-date symlink: /home/dahyeon/dev_ws/install/msg_srv_action_interface_example/share/ament_index/resource_index/rosidl_interfaces/msg_srv_action_interface_example
[0.832s] -- Up-to-date symlink: /home/dahyeon/dev_ws/install/msg_srv_action_interface_example/include/msg_srv_action_interface_example/action/arithmetic_checker.h
[0.832s] -- Up-to-date symlink: /home/dahyeon/dev_ws/install/msg_srv_action_interface_example/include/msg_srv_action_interface_example/action/detail/arithmetic_checker__functions.h
[0.832s] -- Up-to-date symlink: /home/dahyeon/dev_ws/install/msg_srv_action_interface_example/include/msg_srv_action_interface_example/action/detail/arithmetic_checker__struct.h
[0.832s] -- Up-to-date symlink: /home/dahyeon/dev_ws/install/msg_srv_action_interface_example/include/msg_srv_action_interface_example/action/detail/arithmetic_checker__type_support.h
[0.833s] -- Up-to-date symlink: /home/dahyeon/dev_ws/install/msg_srv_action_interface_example/include/msg_srv_action_interface_example/msg/arithmetic_argument.h
[0.833s] -- Up-to-date symlink: /home/dahyeon/dev_ws/install/msg_srv_action_interface_example/include/msg_srv_action_interface_example/msg/detail/arithmetic_argument__functions.h
[0.833s] -- Up-to-date symlink: /home/dahyeon/dev_ws/install/msg_srv_action_interface_example/include/msg_srv_action_interface_example/msg/detail/arithmetic_argument__struct.h
[0.833s] -- Up-to-date symlink: /home/dahyeon/dev_ws/install/msg_srv_action_interface_example/include/msg_srv_action_interface_example/msg/detail/arithmetic_argument__type_support.h
[0.833s] -- Up-to-date symlink: /home/dahyeon/dev_ws/install/msg_srv_action_interface_example/include/msg_srv_action_interface_example/msg/rosidl_generator_c__visibility_control.h
[0.833s] -- Up-to-date symlink: /home/dahyeon/dev_ws/install/msg_srv_action_interface_example/include/msg_srv_action_interface_example/srv/arithmetic_operator.h
[0.833s] -- Up-to-date symlink: /home/dahyeon/dev_ws/install/msg_srv_action_interface_example/include/msg_srv_action_interface_example/srv/detail/arithmetic_operator__functions.h
[0.833s] -- Up-to-date symlink: /home/dahyeon/dev_ws/install/msg_srv_action_interface_example/include/msg_srv_action_interface_example/srv/detail/arithmetic_operator__struct.h
[0.833s] -- Up-to-date symlink: /home/dahyeon/dev_ws/install/msg_srv_action_interface_example/include/msg_srv_action_interface_example/srv/detail/arithmetic_operator__type_support.h
[0.833s] -- Up-to-date symlink: /home/dahyeon/dev_ws/install/msg_srv_action_interface_example/share/msg_srv_action_interface_example/environment/library_path.sh
[0.833s] -- Up-to-date symlink: /home/dahyeon/dev_ws/install/msg_srv_action_interface_example/share/msg_srv_action_interface_example/environment/library_path.dsv
[0.833s] -- Up-to-date symlink: /home/dahyeon/dev_ws/install/msg_srv_action_interface_example/include/msg_srv_action_interface_example/action/detail/arithmetic_checker__rosidl_typesupport_fastrtps_c.h
[0.834s] -- Up-to-date symlink: /home/dahyeon/dev_ws/install/msg_srv_action_interface_example/include/msg_srv_action_interface_example/msg/detail/arithmetic_argument__rosidl_typesupport_fastrtps_c.h
[0.834s] -- Up-to-date symlink: /home/dahyeon/dev_ws/install/msg_srv_action_interface_example/include/msg_srv_action_interface_example/msg/rosidl_typesupport_fastrtps_c__visibility_control.h
[0.834s] -- Up-to-date symlink: /home/dahyeon/dev_ws/install/msg_srv_action_interface_example/include/msg_srv_action_interface_example/srv/detail/arithmetic_operator__rosidl_typesupport_fastrtps_c.h
[0.834s] -- Up-to-date symlink: /home/dahyeon/dev_ws/install/msg_srv_action_interface_example/lib/libmsg_srv_action_interface_example__rosidl_typesupport_fastrtps_c.so
[0.834s] -- Up-to-date symlink: /home/dahyeon/dev_ws/install/msg_srv_action_interface_example/include/msg_srv_action_interface_example/action/detail/arithmetic_checker__rosidl_typesupport_fastrtps_cpp.hpp
[0.834s] -- Up-to-date symlink: /home/dahyeon/dev_ws/install/msg_srv_action_interface_example/include/msg_srv_action_interface_example/msg/detail/arithmetic_argument__rosidl_typesupport_fastrtps_cpp.hpp
[0.834s] -- Up-to-date symlink: /home/dahyeon/dev_ws/install/msg_srv_action_interface_example/include/msg_srv_action_interface_example/msg/rosidl_typesupport_fastrtps_cpp__visibility_control.h
[0.834s] -- Up-to-date symlink: /home/dahyeon/dev_ws/install/msg_srv_action_interface_example/include/msg_srv_action_interface_example/srv/detail/arithmetic_operator__rosidl_typesupport_fastrtps_cpp.hpp
[0.834s] -- Up-to-date symlink: /home/dahyeon/dev_ws/install/msg_srv_action_interface_example/lib/libmsg_srv_action_interface_example__rosidl_typesupport_fastrtps_cpp.so
[0.834s] -- Up-to-date symlink: /home/dahyeon/dev_ws/install/msg_srv_action_interface_example/include/msg_srv_action_interface_example/action/detail/arithmetic_checker__rosidl_typesupport_introspection_c.h
[0.834s] -- Up-to-date symlink: /home/dahyeon/dev_ws/install/msg_srv_action_interface_example/include/msg_srv_action_interface_example/msg/detail/arithmetic_argument__rosidl_typesupport_introspection_c.h
[0.834s] -- Up-to-date symlink: /home/dahyeon/dev_ws/install/msg_srv_action_interface_example/include/msg_srv_action_interface_example/msg/rosidl_typesupport_introspection_c__visibility_control.h
[0.834s] -- Up-to-date symlink: /home/dahyeon/dev_ws/install/msg_srv_action_interface_example/include/msg_srv_action_interface_example/srv/detail/arithmetic_operator__rosidl_typesupport_introspection_c.h
[0.835s] -- Up-to-date symlink: /home/dahyeon/dev_ws/install/msg_srv_action_interface_example/include/msg_srv_action_interface_example/action/arithmetic_checker.hpp
[0.835s] -- Up-to-date symlink: /home/dahyeon/dev_ws/install/msg_srv_action_interface_example/include/msg_srv_action_interface_example/action/detail/arithmetic_checker__builder.hpp
[0.835s] -- Up-to-date symlink: /home/dahyeon/dev_ws/install/msg_srv_action_interface_example/include/msg_srv_action_interface_example/action/detail/arithmetic_checker__struct.hpp
[0.835s] -- Up-to-date symlink: /home/dahyeon/dev_ws/install/msg_srv_action_interface_example/include/msg_srv_action_interface_example/action/detail/arithmetic_checker__traits.hpp
[0.835s] -- Up-to-date symlink: /home/dahyeon/dev_ws/install/msg_srv_action_interface_example/include/msg_srv_action_interface_example/msg/arithmetic_argument.hpp
[0.835s] -- Up-to-date symlink: /home/dahyeon/dev_ws/install/msg_srv_action_interface_example/include/msg_srv_action_interface_example/msg/detail/arithmetic_argument__builder.hpp
[0.835s] -- Up-to-date symlink: /home/dahyeon/dev_ws/install/msg_srv_action_interface_example/include/msg_srv_action_interface_example/msg/detail/arithmetic_argument__struct.hpp
[0.835s] -- Up-to-date symlink: /home/dahyeon/dev_ws/install/msg_srv_action_interface_example/include/msg_srv_action_interface_example/msg/detail/arithmetic_argument__traits.hpp
[0.835s] -- Up-to-date symlink: /home/dahyeon/dev_ws/install/msg_srv_action_interface_example/include/msg_srv_action_interface_example/srv/arithmetic_operator.hpp
[0.835s] -- Up-to-date symlink: /home/dahyeon/dev_ws/install/msg_srv_action_interface_example/include/msg_srv_action_interface_example/srv/detail/arithmetic_operator__builder.hpp
[0.835s] -- Up-to-date symlink: /home/dahyeon/dev_ws/install/msg_srv_action_interface_example/include/msg_srv_action_interface_example/srv/detail/arithmetic_operator__struct.hpp
[0.835s] -- Up-to-date symlink: /home/dahyeon/dev_ws/install/msg_srv_action_interface_example/include/msg_srv_action_interface_example/srv/detail/arithmetic_operator__traits.hpp
[0.835s] -- Up-to-date symlink: /home/dahyeon/dev_ws/install/msg_srv_action_interface_example/include/msg_srv_action_interface_example/action/detail/arithmetic_checker__rosidl_typesupport_introspection_cpp.hpp
[0.836s] -- Up-to-date symlink: /home/dahyeon/dev_ws/install/msg_srv_action_interface_example/include/msg_srv_action_interface_example/msg/detail/arithmetic_argument__rosidl_typesupport_introspection_cpp.hpp
[0.836s] -- Up-to-date symlink: /home/dahyeon/dev_ws/install/msg_srv_action_interface_example/include/msg_srv_action_interface_example/srv/detail/arithmetic_operator__rosidl_typesupport_introspection_cpp.hpp
[0.836s] -- Up-to-date symlink: /home/dahyeon/dev_ws/install/msg_srv_action_interface_example/share/msg_srv_action_interface_example/environment/pythonpath.sh
[0.836s] -- Up-to-date symlink: /home/dahyeon/dev_ws/install/msg_srv_action_interface_example/share/msg_srv_action_interface_example/environment/pythonpath.dsv
[0.836s] -- Up-to-date symlink: /home/dahyeon/dev_ws/install/msg_srv_action_interface_example/lib/python3.8/site-packages/msg_srv_action_interface_example/__init__.py
[0.836s] -- Up-to-date symlink: /home/dahyeon/dev_ws/install/msg_srv_action_interface_example/lib/python3.8/site-packages/msg_srv_action_interface_example/msg/__init__.py
[0.836s] -- Up-to-date symlink: /home/dahyeon/dev_ws/install/msg_srv_action_interface_example/lib/python3.8/site-packages/msg_srv_action_interface_example/msg/_arithmetic_argument.py
[0.836s] -- Up-to-date symlink: /home/dahyeon/dev_ws/install/msg_srv_action_interface_example/lib/python3.8/site-packages/msg_srv_action_interface_example/srv/__init__.py
[0.836s] -- Up-to-date symlink: /home/dahyeon/dev_ws/install/msg_srv_action_interface_example/lib/python3.8/site-packages/msg_srv_action_interface_example/srv/_arithmetic_operator.py
[0.836s] -- Up-to-date symlink: /home/dahyeon/dev_ws/install/msg_srv_action_interface_example/lib/python3.8/site-packages/msg_srv_action_interface_example/action/__init__.py
[0.836s] -- Up-to-date symlink: /home/dahyeon/dev_ws/install/msg_srv_action_interface_example/lib/python3.8/site-packages/msg_srv_action_interface_example/action/_arithmetic_checker.py
[0.836s] -- Up-to-date symlink: /home/dahyeon/dev_ws/install/msg_srv_action_interface_example/lib/python3.8/site-packages/msg_srv_action_interface_example/msg_srv_action_interface_example_s__rosidl_typesupport_fastrtps_c.cpython-38-x86_64-linux-gnu.so
[0.836s] -- Up-to-date symlink: /home/dahyeon/dev_ws/install/msg_srv_action_interface_example/lib/python3.8/site-packages/msg_srv_action_interface_example/msg_srv_action_interface_example_s__rosidl_typesupport_introspection_c.cpython-38-x86_64-linux-gnu.so
[0.837s] -- Up-to-date symlink: /home/dahyeon/dev_ws/install/msg_srv_action_interface_example/lib/python3.8/site-packages/msg_srv_action_interface_example/msg_srv_action_interface_example_s__rosidl_typesupport_c.cpython-38-x86_64-linux-gnu.so
[0.837s] -- Up-to-date symlink: /home/dahyeon/dev_ws/install/msg_srv_action_interface_example/lib/libmsg_srv_action_interface_example__python.so
[0.837s] -- Up-to-date symlink: /home/dahyeon/dev_ws/install/msg_srv_action_interface_example/share/msg_srv_action_interface_example/msg/ArithmeticArgument.idl
[0.837s] -- Up-to-date symlink: /home/dahyeon/dev_ws/install/msg_srv_action_interface_example/share/msg_srv_action_interface_example/srv/ArithmeticOperator.idl
[0.837s] -- Up-to-date symlink: /home/dahyeon/dev_ws/install/msg_srv_action_interface_example/share/msg_srv_action_interface_example/action/ArithmeticChecker.idl
[0.837s] -- Up-to-date symlink: /home/dahyeon/dev_ws/install/msg_srv_action_interface_example/share/msg_srv_action_interface_example/msg/ArithmeticArgument.msg
[0.837s] -- Up-to-date symlink: /home/dahyeon/dev_ws/install/msg_srv_action_interface_example/share/msg_srv_action_interface_example/srv/ArithmeticOperator.srv
[0.837s] -- Up-to-date symlink: /home/dahyeon/dev_ws/install/msg_srv_action_interface_example/share/msg_srv_action_interface_example/srv/ArithmeticOperator_Request.msg
[0.837s] -- Up-to-date symlink: /home/dahyeon/dev_ws/install/msg_srv_action_interface_example/share/msg_srv_action_interface_example/srv/ArithmeticOperator_Response.msg
[0.837s] -- Up-to-date symlink: /home/dahyeon/dev_ws/install/msg_srv_action_interface_example/share/msg_srv_action_interface_example/action/ArithmeticChecker.action
[0.837s] -- Up-to-date symlink: /home/dahyeon/dev_ws/install/msg_srv_action_interface_example/share/ament_index/resource_index/package_run_dependencies/msg_srv_action_interface_example
[0.838s] -- Up-to-date symlink: /home/dahyeon/dev_ws/install/msg_srv_action_interface_example/share/ament_index/resource_index/parent_prefix_path/msg_srv_action_interface_example
[0.838s] -- Up-to-date symlink: /home/dahyeon/dev_ws/install/msg_srv_action_interface_example/share/msg_srv_action_interface_example/environment/ament_prefix_path.sh
[0.838s] -- Up-to-date symlink: /home/dahyeon/dev_ws/install/msg_srv_action_interface_example/share/msg_srv_action_interface_example/environment/ament_prefix_path.dsv
[0.838s] -- Up-to-date symlink: /home/dahyeon/dev_ws/install/msg_srv_action_interface_example/share/msg_srv_action_interface_example/environment/path.sh
[0.838s] -- Up-to-date symlink: /home/dahyeon/dev_ws/install/msg_srv_action_interface_example/share/msg_srv_action_interface_example/environment/path.dsv
[0.838s] -- Up-to-date symlink: /home/dahyeon/dev_ws/install/msg_srv_action_interface_example/share/msg_srv_action_interface_example/local_setup.bash
[0.838s] -- Up-to-date symlink: /home/dahyeon/dev_ws/install/msg_srv_action_interface_example/share/msg_srv_action_interface_example/local_setup.sh
[0.838s] -- Up-to-date symlink: /home/dahyeon/dev_ws/install/msg_srv_action_interface_example/share/msg_srv_action_interface_example/local_setup.zsh
[0.838s] -- Up-to-date symlink: /home/dahyeon/dev_ws/install/msg_srv_action_interface_example/share/msg_srv_action_interface_example/local_setup.dsv
[0.838s] -- Symlinking: /home/dahyeon/dev_ws/install/msg_srv_action_interface_example/share/msg_srv_action_interface_example/package.dsv
[0.839s] -- Up-to-date symlink: /home/dahyeon/dev_ws/install/msg_srv_action_interface_example/share/ament_index/resource_index/packages/msg_srv_action_interface_example
[0.840s] -- Up-to-date symlink: /home/dahyeon/dev_ws/install/msg_srv_action_interface_example/share/msg_srv_action_interface_example/cmake/rosidl_cmake-extras.cmake
[0.840s] -- Up-to-date symlink: /home/dahyeon/dev_ws/install/msg_srv_action_interface_example/share/msg_srv_action_interface_example/cmake/ament_cmake_export_dependencies-extras.cmake
[0.840s] -- Up-to-date symlink: /home/dahyeon/dev_ws/install/msg_srv_action_interface_example/share/msg_srv_action_interface_example/cmake/ament_cmake_export_libraries-extras.cmake
[0.841s] -- Up-to-date symlink: /home/dahyeon/dev_ws/install/msg_srv_action_interface_example/share/msg_srv_action_interface_example/cmake/ament_cmake_export_targets-extras.cmake
[0.841s] -- Up-to-date symlink: /home/dahyeon/dev_ws/install/msg_srv_action_interface_example/share/msg_srv_action_interface_example/cmake/ament_cmake_export_include_directories-extras.cmake
[0.841s] -- Up-to-date symlink: /home/dahyeon/dev_ws/install/msg_srv_action_interface_example/share/msg_srv_action_interface_example/cmake/rosidl_cmake_export_typesupport_libraries-extras.cmake
[0.841s] -- Up-to-date symlink: /home/dahyeon/dev_ws/install/msg_srv_action_interface_example/share/msg_srv_action_interface_example/cmake/rosidl_cmake_export_typesupport_targets-extras.cmake
[0.841s] -- Up-to-date symlink: /home/dahyeon/dev_ws/install/msg_srv_action_interface_example/share/msg_srv_action_interface_example/cmake/msg_srv_action_interface_exampleConfig.cmake
[0.841s] -- Up-to-date symlink: /home/dahyeon/dev_ws/install/msg_srv_action_interface_example/share/msg_srv_action_interface_example/cmake/msg_srv_action_interface_exampleConfig-version.cmake
[0.841s] -- Up-to-date symlink: /home/dahyeon/dev_ws/install/msg_srv_action_interface_example/share/msg_srv_action_interface_example/package.xml
[0.841s] -- Up-to-date: /home/dahyeon/dev_ws/install/msg_srv_action_interface_example/lib/libmsg_srv_action_interface_example__rosidl_generator_c.so
[0.842s] -- Up-to-date: /home/dahyeon/dev_ws/install/msg_srv_action_interface_example/lib/libmsg_srv_action_interface_example__rosidl_typesupport_introspection_c.so
[0.842s] -- Up-to-date: /home/dahyeon/dev_ws/install/msg_srv_action_interface_example/lib/libmsg_srv_action_interface_example__rosidl_typesupport_c.so
[0.842s] -- Up-to-date: /home/dahyeon/dev_ws/install/msg_srv_action_interface_example/lib/libmsg_srv_action_interface_example__rosidl_typesupport_introspection_cpp.so
[0.842s] -- Up-to-date: /home/dahyeon/dev_ws/install/msg_srv_action_interface_example/lib/libmsg_srv_action_interface_example__rosidl_typesupport_cpp.so
[0.869s] -- Up-to-date: /home/dahyeon/dev_ws/install/msg_srv_action_interface_example/share/msg_srv_action_interface_example/cmake/msg_srv_action_interface_example__rosidl_generator_cExport.cmake
[0.869s] -- Up-to-date: /home/dahyeon/dev_ws/install/msg_srv_action_interface_example/share/msg_srv_action_interface_example/cmake/msg_srv_action_interface_example__rosidl_generator_cExport-noconfig.cmake
[0.869s] -- Up-to-date: /home/dahyeon/dev_ws/install/msg_srv_action_interface_example/share/msg_srv_action_interface_example/cmake/msg_srv_action_interface_example__rosidl_typesupport_introspection_cExport.cmake
[0.870s] -- Up-to-date: /home/dahyeon/dev_ws/install/msg_srv_action_interface_example/share/msg_srv_action_interface_example/cmake/msg_srv_action_interface_example__rosidl_typesupport_introspection_cExport-noconfig.cmake
[0.870s] -- Up-to-date: /home/dahyeon/dev_ws/install/msg_srv_action_interface_example/share/msg_srv_action_interface_example/cmake/msg_srv_action_interface_example__rosidl_typesupport_cExport.cmake
[0.870s] -- Up-to-date: /home/dahyeon/dev_ws/install/msg_srv_action_interface_example/share/msg_srv_action_interface_example/cmake/msg_srv_action_interface_example__rosidl_typesupport_cExport-noconfig.cmake
[0.870s] -- Up-to-date: /home/dahyeon/dev_ws/install/msg_srv_action_interface_example/share/msg_srv_action_interface_example/cmake/msg_srv_action_interface_example__rosidl_generator_cppExport.cmake
[0.871s] -- Up-to-date: /home/dahyeon/dev_ws/install/msg_srv_action_interface_example/share/msg_srv_action_interface_example/cmake/msg_srv_action_interface_example__rosidl_typesupport_introspection_cppExport.cmake
[0.871s] -- Up-to-date: /home/dahyeon/dev_ws/install/msg_srv_action_interface_example/share/msg_srv_action_interface_example/cmake/msg_srv_action_interface_example__rosidl_typesupport_introspection_cppExport-noconfig.cmake
[0.871s] -- Up-to-date: /home/dahyeon/dev_ws/install/msg_srv_action_interface_example/share/msg_srv_action_interface_example/cmake/msg_srv_action_interface_example__rosidl_typesupport_cppExport.cmake
[0.871s] -- Up-to-date: /home/dahyeon/dev_ws/install/msg_srv_action_interface_example/share/msg_srv_action_interface_example/cmake/msg_srv_action_interface_example__rosidl_typesupport_cppExport-noconfig.cmake
[0.918s] Invoked command in '/home/dahyeon/dev_ws/build/msg_srv_action_interface_example' returned '0': CMAKE_PREFIX_PATH=${CMAKE_PREFIX_PATH}:/opt/ros/foxy /usr/bin/cmake --install /home/dahyeon/dev_ws/build/msg_srv_action_interface_example
