[0.075s] Invoking command in '/home/dahyeon/dev_ws/build/msg_srv_action_interface_example': CMAKE_PREFIX_PATH=${CMAKE_PREFIX_PATH}:/opt/ros/foxy /usr/bin/cmake /home/dahyeon/dev_ws/src/ros2-seminar-examples/msg_srv_action_interface_example -DAMENT_CMAKE_SYMLINK_INSTALL=1 -DCMAKE_INSTALL_PREFIX=/home/dahyeon/dev_ws/install/msg_srv_action_interface_example
[0.903s] -- The C compiler identification is GNU 9.4.0
[0.904s] -- The CXX compiler identification is GNU 9.4.0
[0.904s] -- Check for working C compiler: /usr/bin/cc
[0.905s] -- Check for working C compiler: /usr/bin/cc -- works
[0.906s] -- Detecting C compiler ABI info
[0.906s] -- Detecting C compiler ABI info - done
[0.907s] -- Detecting C compile features
[0.907s] -- Detecting C compile features - done
[0.907s] -- Check for working CXX compiler: /usr/bin/c++
[0.908s] -- Check for working CXX compiler: /usr/bin/c++ -- works
[0.908s] -- Detecting CXX compiler ABI info
[0.908s] -- Detecting CXX compiler ABI info - done
[0.908s] -- Detecting CXX compile features
[0.908s] -- Detecting CXX compile features - done
[0.908s] -- Found ament_cmake: 0.9.9 (/opt/ros/foxy/share/ament_cmake/cmake)
[0.908s] -- Found PythonInterp: /usr/bin/python3 (found suitable version "3.8.10", minimum required is "3") 
[0.908s] -- Using PYTHON_EXECUTABLE: /usr/bin/python3
[0.908s] -- Override CMake install command with custom implementation using symlinks instead of copying resources
[0.908s] -- Found builtin_interfaces: 1.0.0 (/opt/ros/foxy/share/builtin_interfaces/cmake)
[0.908s] -- Using all available rosidl_typesupport_c: rosidl_typesupport_fastrtps_c;rosidl_typesupport_introspection_c
[0.909s] -- Found rosidl_adapter: 1.2.1 (/opt/ros/foxy/share/rosidl_adapter/cmake)
[0.909s] -- Found OpenSSL: /usr/lib/x86_64-linux-gnu/libcrypto.so (found version "1.1.1f")  
[0.917s] -- Found FastRTPS: /opt/ros/foxy/include  
[1.009s] -- Using all available rosidl_typesupport_cpp: rosidl_typesupport_fastrtps_cpp;rosidl_typesupport_introspection_cpp
[1.050s] -- Found rosidl_default_generators: 1.0.1 (/opt/ros/foxy/share/rosidl_default_generators/cmake)
[1.103s] -- Found PythonInterp: /usr/bin/python3 (found version "3.8.10") 
[1.373s] -- Found ament_cmake_ros: 0.9.2 (/opt/ros/foxy/share/ament_cmake_ros/cmake)
[1.534s] -- Using all available rosidl_typesupport_c: rosidl_typesupport_fastrtps_c;rosidl_typesupport_introspection_c
[1.561s] -- Using all available rosidl_typesupport_cpp: rosidl_typesupport_fastrtps_cpp;rosidl_typesupport_introspection_cpp
[1.585s] -- Found PythonInterp: /usr/bin/python3 (found suitable version "3.8.10", minimum required is "3.5") 
[1.587s] -- Found python_cmake_module: 0.8.1 (/opt/ros/foxy/share/python_cmake_module/cmake)
[1.612s] -- Found PythonLibs: /usr/lib/x86_64-linux-gnu/libpython3.8.so (found suitable version "3.8.10", minimum required is "3.5") 
[1.612s] -- Using PYTHON_EXECUTABLE: /usr/bin/python3
[1.612s] -- Using PYTHON_INCLUDE_DIRS: /usr/include/python3.8
[1.612s] -- Using PYTHON_LIBRARIES: /usr/lib/x86_64-linux-gnu/libpython3.8.so
[1.631s] -- Found PythonExtra: .so  
[1.697s] -- Configuring done
[1.745s] -- Generating done
[1.747s] -- Build files have been written to: /home/dahyeon/dev_ws/build/msg_srv_action_interface_example
