[35m[1mScanning dependencies of target alarmserver[0m
[ 66%] Built target alarmclient
[ 66%] Built target alarm_change_client
[ 83%] [32mBuilding CXX object CMakeFiles/alarmserver.dir/src/alarm/alarmserver.cpp.o[0m
[01m[K/home/dahyeon/dev_ws/src/uni/src/alarm/alarmserver.cpp:[m[K In constructor ‘[01m[KAlarmserver::Alarmserver(const rclcpp::NodeOptions&)[m[K’:
[01m[K/home/dahyeon/dev_ws/src/uni/src/alarm/alarmserver.cpp:25:80:[m[K [01;35m[Kwarning: [m[K‘[01m[Krclcpp::Node::OnParametersSetCallbackType rclcpp::Node::set_on_parameters_set_callback(rclcpp::Node::OnParametersSetCallbackType)[m[K’ is deprecated: use add_on_set_parameters_callback(OnParametersSetCallbackType callback) instead [[01;35m[K-Wdeprecated-declarations[m[K]
   25 |       std::bind(&Alarmserver::parameter_call_back, this, std::placeholders::_1)[01;35m[K)[m[K;
      |                                                                                [01;35m[K^[m[K
In file included from [01m[K/opt/ros/foxy/include/rclcpp/executors/single_threaded_executor.hpp:28[m[K,
                 from [01m[K/opt/ros/foxy/include/rclcpp/executors.hpp:22[m[K,
                 from [01m[K/opt/ros/foxy/include/rclcpp/rclcpp.hpp:146[m[K,
                 from [01m[K/home/dahyeon/dev_ws/src/uni/include/alarm/alarmserver.hpp:4[m[K,
                 from [01m[K/home/dahyeon/dev_ws/src/uni/src/alarm/alarmserver.cpp:1[m[K:
[01m[K/opt/ros/foxy/include/rclcpp/node.hpp:866:3:[m[K [01;36m[Knote: [m[Kdeclared here
  866 |   [01;36m[Kset_on_parameters_set_callback[m[K(rclcpp::Node::OnParametersSetCallbackType callback);
      |   [01;36m[K^~~~~~~~~~~~~~~~~~~~~~~~~~~~~~[m[K
[01m[K/home/dahyeon/dev_ws/src/uni/src/alarm/alarmserver.cpp:[m[K In member function ‘[01m[Kstd::string Alarmserver::calculate_alarm_time()[m[K’:
[01m[K/home/dahyeon/dev_ws/src/uni/src/alarm/alarmserver.cpp:84:34:[m[K [01;31m[Kerror: [m[Ktoo few arguments to function ‘[01m[Kstd::string get_data(int8_t, std::string, int8_t, int8_t)[m[K’
   84 |   std::string str_out = get_data([01;31m[K)[m[K;
      |                                  [01;31m[K^[m[K
In file included from [01m[K/home/dahyeon/dev_ws/src/uni/src/alarm/alarmserver.cpp:1[m[K:
[01m[K/home/dahyeon/dev_ws/src/uni/include/alarm/alarmserver.hpp:48:13:[m[K [01;36m[Knote: [m[Kdeclared here
   48 | std::string [01;36m[Kget_data[m[K(int8_t option, std::string out_time, int8_t average_time, int8_t alarm_request);
      |             [01;36m[K^~~~~~~~[m[K
[01m[K/home/dahyeon/dev_ws/src/uni/src/alarm/alarmserver.cpp:[m[K At global scope:
[01m[K/home/dahyeon/dev_ws/src/uni/src/alarm/alarmserver.cpp:89:13:[m[K [01;31m[Kerror: [m[Kno declaration matches ‘[01m[Kstd::string Alarmserver::get_data()[m[K’
   89 | std::string [01;31m[KAlarmserver[m[K::get_data()
      |             [01;31m[K^~~~~~~~~~~[m[K
[01m[K/home/dahyeon/dev_ws/src/uni/src/alarm/alarmserver.cpp:89:13:[m[K [01;36m[Knote: [m[Kno functions named ‘[01m[Kstd::string Alarmserver::get_data()[m[K’
In file included from [01m[K/home/dahyeon/dev_ws/src/uni/src/alarm/alarmserver.cpp:1[m[K:
[01m[K/home/dahyeon/dev_ws/src/uni/include/alarm/alarmserver.hpp:9:7:[m[K [01;36m[Knote: [m[K‘[01m[Kclass Alarmserver[m[K’ defined here
    9 | class [01;36m[KAlarmserver[m[K:public rclcpp::Node
      |       [01;36m[K^~~~~~~~~~~[m[K
make[2]: *** [CMakeFiles/alarmserver.dir/build.make:63: CMakeFiles/alarmserver.dir/src/alarm/alarmserver.cpp.o] Error 1
make[1]: *** [CMakeFiles/Makefile2:136: CMakeFiles/alarmserver.dir/all] Error 2
make: *** [Makefile:141: all] Error 2
