[1.194s] Invoking command in '/home/dahyeon/dev_ws/build/my_first_ros_rclpy_pkg': PYTHONPATH=/home/dahyeon/dev_ws/install/my_first_ros_rclpy_pkg/lib/python3.8/site-packages:${PYTHONPATH} /usr/bin/python3 setup.py develop --prefix /home/dahyeon/dev_ws/install/my_first_ros_rclpy_pkg --editable --build-directory /home/dahyeon/dev_ws/build/my_first_ros_rclpy_pkg/build --no-deps install_data --install-dir /home/dahyeon/dev_ws/install/my_first_ros_rclpy_pkg
[1.380s] running develop
[1.485s] running egg_info
[1.486s] creating my_first_ros_rclpy_pkg.egg-info
[1.486s] writing my_first_ros_rclpy_pkg.egg-info/PKG-INFO
[1.486s] writing dependency_links to my_first_ros_rclpy_pkg.egg-info/dependency_links.txt
[1.486s] writing entry points to my_first_ros_rclpy_pkg.egg-info/entry_points.txt
[1.486s] writing requirements to my_first_ros_rclpy_pkg.egg-info/requires.txt
[1.486s] writing top-level names to my_first_ros_rclpy_pkg.egg-info/top_level.txt
[1.487s] writing manifest file 'my_first_ros_rclpy_pkg.egg-info/SOURCES.txt'
[1.513s] reading manifest file 'my_first_ros_rclpy_pkg.egg-info/SOURCES.txt'
[1.514s] writing manifest file 'my_first_ros_rclpy_pkg.egg-info/SOURCES.txt'
[1.541s] running build_ext
[1.542s] Creating /home/dahyeon/dev_ws/install/my_first_ros_rclpy_pkg/lib/python3.8/site-packages/site.py
[1.543s] Creating /home/dahyeon/dev_ws/install/my_first_ros_rclpy_pkg/lib/python3.8/site-packages/my-first-ros-rclpy-pkg.egg-link (link to .)
[1.544s] Installing helloworld_publisher script to /home/dahyeon/dev_ws/install/my_first_ros_rclpy_pkg/lib/my_first_ros_rclpy_pkg
[1.544s] Installing helloworld_subscriber script to /home/dahyeon/dev_ws/install/my_first_ros_rclpy_pkg/lib/my_first_ros_rclpy_pkg
[1.544s] 
[1.544s] Installed /home/dahyeon/dev_ws/build/my_first_ros_rclpy_pkg
[1.544s] running install_data
[1.545s] creating /home/dahyeon/dev_ws/install/my_first_ros_rclpy_pkg/share/ament_index
[1.545s] creating /home/dahyeon/dev_ws/install/my_first_ros_rclpy_pkg/share/ament_index/resource_index
[1.545s] creating /home/dahyeon/dev_ws/install/my_first_ros_rclpy_pkg/share/ament_index/resource_index/packages
[1.545s] copying resource/my_first_ros_rclpy_pkg -> /home/dahyeon/dev_ws/install/my_first_ros_rclpy_pkg/share/ament_index/resource_index/packages
[1.545s] copying package.xml -> /home/dahyeon/dev_ws/install/my_first_ros_rclpy_pkg/share/my_first_ros_rclpy_pkg
[1.575s] Invoked command in '/home/dahyeon/dev_ws/build/my_first_ros_rclpy_pkg' returned '0': PYTHONPATH=/home/dahyeon/dev_ws/install/my_first_ros_rclpy_pkg/lib/python3.8/site-packages:${PYTHONPATH} /usr/bin/python3 setup.py develop --prefix /home/dahyeon/dev_ws/install/my_first_ros_rclpy_pkg --editable --build-directory /home/dahyeon/dev_ws/build/my_first_ros_rclpy_pkg/build --no-deps install_data --install-dir /home/dahyeon/dev_ws/install/my_first_ros_rclpy_pkg
