[0.307s] Invoking command in '/home/dahyeon/dev_ws/build/time_rclcpp_example': CMAKE_PREFIX_PATH=${CMAKE_PREFIX_PATH}:/home/dahyeon/dev_ws/install/topic_service_action_rclpy_example:/home/dahyeon/dev_ws/install/time_rclpy_example:/home/dahyeon/dev_ws/install/tf2_rclpy_example:/home/dahyeon/dev_ws/install/ros2env:/home/dahyeon/dev_ws/install/my_first_ros_rclpy_pkg:/home/dahyeon/dev_ws/install/logging_rclpy_example:/opt/ros/foxy /usr/bin/cmake --build /home/dahyeon/dev_ws/build/time_rclcpp_example -- -j12 -l12
[0.505s] [100%] Built target time_example
[0.560s] Invoked command in '/home/dahyeon/dev_ws/build/time_rclcpp_example' returned '0': CMAKE_PREFIX_PATH=${CMAKE_PREFIX_PATH}:/home/dahyeon/dev_ws/install/topic_service_action_rclpy_example:/home/dahyeon/dev_ws/install/time_rclpy_example:/home/dahyeon/dev_ws/install/tf2_rclpy_example:/home/dahyeon/dev_ws/install/ros2env:/home/dahyeon/dev_ws/install/my_first_ros_rclpy_pkg:/home/dahyeon/dev_ws/install/logging_rclpy_example:/opt/ros/foxy /usr/bin/cmake --build /home/dahyeon/dev_ws/build/time_rclcpp_example -- -j12 -l12
[0.933s] Invoking command in '/home/dahyeon/dev_ws/build/time_rclcpp_example': CMAKE_PREFIX_PATH=${CMAKE_PREFIX_PATH}:/home/dahyeon/dev_ws/install/topic_service_action_rclpy_example:/home/dahyeon/dev_ws/install/time_rclpy_example:/home/dahyeon/dev_ws/install/tf2_rclpy_example:/home/dahyeon/dev_ws/install/ros2env:/home/dahyeon/dev_ws/install/my_first_ros_rclpy_pkg:/home/dahyeon/dev_ws/install/logging_rclpy_example:/opt/ros/foxy /usr/bin/cmake --install /home/dahyeon/dev_ws/build/time_rclcpp_example
[0.941s] -- Install configuration: ""
[0.941s] -- Execute custom install script
[0.943s] -- Up-to-date symlink: /home/dahyeon/dev_ws/install/time_rclcpp_example/lib/time_rclcpp_example/time_example
[0.944s] -- Up-to-date symlink: /home/dahyeon/dev_ws/install/time_rclcpp_example/share/ament_index/resource_index/package_run_dependencies/time_rclcpp_example
[0.944s] -- Up-to-date symlink: /home/dahyeon/dev_ws/install/time_rclcpp_example/share/ament_index/resource_index/parent_prefix_path/time_rclcpp_example
[0.944s] -- Up-to-date symlink: /home/dahyeon/dev_ws/install/time_rclcpp_example/share/time_rclcpp_example/environment/ament_prefix_path.sh
[0.944s] -- Up-to-date symlink: /home/dahyeon/dev_ws/install/time_rclcpp_example/share/time_rclcpp_example/environment/ament_prefix_path.dsv
[0.944s] -- Up-to-date symlink: /home/dahyeon/dev_ws/install/time_rclcpp_example/share/time_rclcpp_example/environment/path.sh
[0.945s] -- Up-to-date symlink: /home/dahyeon/dev_ws/install/time_rclcpp_example/share/time_rclcpp_example/environment/path.dsv
[0.945s] -- Up-to-date symlink: /home/dahyeon/dev_ws/install/time_rclcpp_example/share/time_rclcpp_example/local_setup.bash
[0.945s] -- Up-to-date symlink: /home/dahyeon/dev_ws/install/time_rclcpp_example/share/time_rclcpp_example/local_setup.sh
[0.945s] -- Up-to-date symlink: /home/dahyeon/dev_ws/install/time_rclcpp_example/share/time_rclcpp_example/local_setup.zsh
[0.945s] -- Up-to-date symlink: /home/dahyeon/dev_ws/install/time_rclcpp_example/share/time_rclcpp_example/local_setup.dsv
[0.947s] -- Symlinking: /home/dahyeon/dev_ws/install/time_rclcpp_example/share/time_rclcpp_example/package.dsv
[0.956s] -- Up-to-date symlink: /home/dahyeon/dev_ws/install/time_rclcpp_example/share/ament_index/resource_index/packages/time_rclcpp_example
[0.957s] -- Up-to-date symlink: /home/dahyeon/dev_ws/install/time_rclcpp_example/share/time_rclcpp_example/cmake/time_rclcpp_exampleConfig.cmake
[0.958s] -- Up-to-date symlink: /home/dahyeon/dev_ws/install/time_rclcpp_example/share/time_rclcpp_example/cmake/time_rclcpp_exampleConfig-version.cmake
[0.958s] -- Up-to-date symlink: /home/dahyeon/dev_ws/install/time_rclcpp_example/share/time_rclcpp_example/package.xml
[0.961s] Invoked command in '/home/dahyeon/dev_ws/build/time_rclcpp_example' returned '0': CMAKE_PREFIX_PATH=${CMAKE_PREFIX_PATH}:/home/dahyeon/dev_ws/install/topic_service_action_rclpy_example:/home/dahyeon/dev_ws/install/time_rclpy_example:/home/dahyeon/dev_ws/install/tf2_rclpy_example:/home/dahyeon/dev_ws/install/ros2env:/home/dahyeon/dev_ws/install/my_first_ros_rclpy_pkg:/home/dahyeon/dev_ws/install/logging_rclpy_example:/opt/ros/foxy /usr/bin/cmake --install /home/dahyeon/dev_ws/build/time_rclcpp_example
