[0.466s] Invoking command in '/home/dahyeon/dev_ws/build/my_package': CMAKE_PREFIX_PATH=${CMAKE_PREFIX_PATH}:/home/dahyeon/dev_ws/install/topic_service_action_rclpy_example:/home/dahyeon/dev_ws/install/time_rclpy_example:/home/dahyeon/dev_ws/install/time_alarm_handle:/home/dahyeon/dev_ws/install/tf2_rclpy_example:/home/dahyeon/dev_ws/install/ros2env:/home/dahyeon/dev_ws/install/my_first_ros_rclpy_pkg:/home/dahyeon/dev_ws/install/logging_rclpy_example:/opt/ros/foxy /usr/bin/cmake --build /home/dahyeon/dev_ws/build/my_package -- -j12 -l12
[0.672s] [100%] Built target my_node
[0.685s] Invoked command in '/home/dahyeon/dev_ws/build/my_package' returned '0': CMAKE_PREFIX_PATH=${CMAKE_PREFIX_PATH}:/home/dahyeon/dev_ws/install/topic_service_action_rclpy_example:/home/dahyeon/dev_ws/install/time_rclpy_example:/home/dahyeon/dev_ws/install/time_alarm_handle:/home/dahyeon/dev_ws/install/tf2_rclpy_example:/home/dahyeon/dev_ws/install/ros2env:/home/dahyeon/dev_ws/install/my_first_ros_rclpy_pkg:/home/dahyeon/dev_ws/install/logging_rclpy_example:/opt/ros/foxy /usr/bin/cmake --build /home/dahyeon/dev_ws/build/my_package -- -j12 -l12
[0.715s] Invoking command in '/home/dahyeon/dev_ws/build/my_package': CMAKE_PREFIX_PATH=${CMAKE_PREFIX_PATH}:/home/dahyeon/dev_ws/install/topic_service_action_rclpy_example:/home/dahyeon/dev_ws/install/time_rclpy_example:/home/dahyeon/dev_ws/install/time_alarm_handle:/home/dahyeon/dev_ws/install/tf2_rclpy_example:/home/dahyeon/dev_ws/install/ros2env:/home/dahyeon/dev_ws/install/my_first_ros_rclpy_pkg:/home/dahyeon/dev_ws/install/logging_rclpy_example:/opt/ros/foxy /usr/bin/cmake --install /home/dahyeon/dev_ws/build/my_package
[0.743s] -- Install configuration: ""
[0.743s] -- Execute custom install script
[0.743s] -- Up-to-date symlink: /home/dahyeon/dev_ws/install/my_package/lib/my_package/my_node
[0.743s] -- Up-to-date symlink: /home/dahyeon/dev_ws/install/my_package/share/ament_index/resource_index/package_run_dependencies/my_package
[0.743s] -- Up-to-date symlink: /home/dahyeon/dev_ws/install/my_package/share/ament_index/resource_index/parent_prefix_path/my_package
[0.743s] -- Up-to-date symlink: /home/dahyeon/dev_ws/install/my_package/share/my_package/environment/ament_prefix_path.sh
[0.743s] -- Up-to-date symlink: /home/dahyeon/dev_ws/install/my_package/share/my_package/environment/ament_prefix_path.dsv
[0.744s] -- Up-to-date symlink: /home/dahyeon/dev_ws/install/my_package/share/my_package/environment/path.sh
[0.744s] -- Up-to-date symlink: /home/dahyeon/dev_ws/install/my_package/share/my_package/environment/path.dsv
[0.744s] -- Up-to-date symlink: /home/dahyeon/dev_ws/install/my_package/share/my_package/local_setup.bash
[0.744s] -- Up-to-date symlink: /home/dahyeon/dev_ws/install/my_package/share/my_package/local_setup.sh
[0.744s] -- Up-to-date symlink: /home/dahyeon/dev_ws/install/my_package/share/my_package/local_setup.zsh
[0.744s] -- Up-to-date symlink: /home/dahyeon/dev_ws/install/my_package/share/my_package/local_setup.dsv
[0.744s] -- Symlinking: /home/dahyeon/dev_ws/install/my_package/share/my_package/package.dsv
[0.744s] -- Up-to-date symlink: /home/dahyeon/dev_ws/install/my_package/share/ament_index/resource_index/packages/my_package
[0.744s] -- Up-to-date symlink: /home/dahyeon/dev_ws/install/my_package/share/my_package/cmake/my_packageConfig.cmake
[0.744s] -- Up-to-date symlink: /home/dahyeon/dev_ws/install/my_package/share/my_package/cmake/my_packageConfig-version.cmake
[0.744s] -- Up-to-date symlink: /home/dahyeon/dev_ws/install/my_package/share/my_package/package.xml
