[01m[K/home/dahyeon/dev_ws/src/uni/src/alarm/alarmserver.cpp:[m[K In constructor ‘[01m[KAlarmserver::Alarmserver(const rclcpp::NodeOptions&)[m[K’:
[01m[K/home/dahyeon/dev_ws/src/uni/src/alarm/alarmserver.cpp:45:80:[m[K [01;35m[Kwarning: [m[K‘[01m[Krclcpp::Node::OnParametersSetCallbackType rclcpp::Node::set_on_parameters_set_callback(rclcpp::Node::OnParametersSetCallbackType)[m[K’ is deprecated: use add_on_set_parameters_callback(OnParametersSetCallbackType callback) instead [[01;35m[K-Wdeprecated-declarations[m[K]
   45 |       std::bind(&Alarmserver::parameter_call_back, this, std::placeholders::_1)[01;35m[K)[m[K;
      |                                                                                [01;35m[K^[m[K
In file included from [01m[K/opt/ros/foxy/include/rclcpp/executors/single_threaded_executor.hpp:28[m[K,
                 from [01m[K/opt/ros/foxy/include/rclcpp/executors.hpp:22[m[K,
                 from [01m[K/opt/ros/foxy/include/rclcpp/rclcpp.hpp:146[m[K,
                 from [01m[K/home/dahyeon/dev_ws/src/uni/include/alarm/alarmserver.hpp:4[m[K,
                 from [01m[K/home/dahyeon/dev_ws/src/uni/src/alarm/alarmserver.cpp:1[m[K:
[01m[K/opt/ros/foxy/include/rclcpp/node.hpp:866:3:[m[K [01;36m[Knote: [m[Kdeclared here
  866 |   [01;36m[Kset_on_parameters_set_callback[m[K(rclcpp::Node::OnParametersSetCallbackType callback);
      |   [01;36m[K^~~~~~~~~~~~~~~~~~~~~~~~~~~~~~[m[K
[01m[K/home/dahyeon/dev_ws/src/uni/src/alarm/alarmserver.cpp:[m[K In member function ‘[01m[Kstd::string Alarmserver::calculate_alarm_time()[m[K’:
[01m[K/home/dahyeon/dev_ws/src/uni/src/alarm/alarmserver.cpp:193:7:[m[K [01;35m[Kwarning: [m[Kvariable ‘[01m[Kout_time_h_[m[K’ set but not used [[01;35m[K-Wunused-but-set-variable[m[K]
  193 |   int [01;35m[Kout_time_h_[m[K, out_time_m_;
      |       [01;35m[K^~~~~~~~~~~[m[K
[01m[K/home/dahyeon/dev_ws/src/uni/src/alarm/alarmserver.cpp:193:20:[m[K [01;35m[Kwarning: [m[Kvariable ‘[01m[Kout_time_m_[m[K’ set but not used [[01;35m[K-Wunused-but-set-variable[m[K]
  193 |   int out_time_h_, [01;35m[Kout_time_m_[m[K;
      |                    [01;35m[K^~~~~~~~~~~[m[K
[01m[K/home/dahyeon/dev_ws/src/uni/src/alarm/alarmserver.cpp:194:7:[m[K [01;35m[Kwarning: [m[Kunused variable ‘[01m[Kout_hour[m[K’ [[01;35m[K-Wunused-variable[m[K]
  194 |   int [01;35m[Kout_hour[m[K, result_hour;
      |       [01;35m[K^~~~~~~~[m[K
[01m[K/home/dahyeon/dev_ws/src/uni/src/alarm/alarmserver.cpp:194:17:[m[K [01;35m[Kwarning: [m[Kunused variable ‘[01m[Kresult_hour[m[K’ [[01;35m[K-Wunused-variable[m[K]
  194 |   int out_hour, [01;35m[Kresult_hour[m[K;
      |                 [01;35m[K^~~~~~~~~~~[m[K
[01m[K/home/dahyeon/dev_ws/src/uni/src/alarm/alarmserver.cpp:195:7:[m[K [01;35m[Kwarning: [m[Kunused variable ‘[01m[Kout_min[m[K’ [[01;35m[K-Wunused-variable[m[K]
  195 |   int [01;35m[Kout_min[m[K, result_min;
      |       [01;35m[K^~~~~~~[m[K
[01m[K/home/dahyeon/dev_ws/src/uni/src/alarm/alarmserver.cpp:195:16:[m[K [01;35m[Kwarning: [m[Kunused variable ‘[01m[Kresult_min[m[K’ [[01;35m[K-Wunused-variable[m[K]
  195 |   int out_min, [01;35m[Kresult_min[m[K;
      |                [01;35m[K^~~~~~~~~~[m[K
[01m[K/home/dahyeon/dev_ws/src/uni/src/alarm/alarmserver.cpp:[m[K In function ‘[01m[Kstd::string Json_time(std::string)[m[K’:
[01m[K/home/dahyeon/dev_ws/src/uni/src/alarm/alarmserver.cpp:131:1:[m[K [01;35m[Kwarning: [m[Kcontrol reaches end of non-void function [[01;35m[K-Wreturn-type[m[K]
  131 | [01;35m[K}[m[K
      | [01;35m[K^[m[K
