[0.014s] Invoking command in '/home/dahyeon/dev_ws/build/uni': CMAKE_PREFIX_PATH=/home/dahyeon/dev_ws/install/srv_alarm_interface:/home/dahyeon/dev_ws/install/uni:/home/dahyeon/dev_ws/install/turtlesim:/home/dahyeon/dev_ws/install/topic_service_action_rclcpp_example:/home/dahyeon/dev_ws/install/time_rclcpp_example:/home/dahyeon/dev_ws/install/tf2_rclcpp_example:/home/dahyeon/dev_ws/install/testbot_description:/home/dahyeon/dev_ws/install/rqt_example:/home/dahyeon/dev_ws/install/my_package:/home/dahyeon/dev_ws/install/my_first_ros_rclcpp_pkg:/home/dahyeon/dev_ws/install/msg_srv_action_interface_example:/home/dahyeon/dev_ws/install/cpp_pubsub:/home/dahyeon/dev_ws/install/cpp_parameters:/home/dahyeon/dev_ws/install/topic_service_action_rclpy_example:/home/dahyeon/dev_ws/install/time_rclpy_example:/home/dahyeon/dev_ws/install/tf2_rclpy_example:/home/dahyeon/dev_ws/install/ros2env:/home/dahyeon/dev_ws/install/my_first_ros_rclpy_pkg:/home/dahyeon/dev_ws/install/logging_rclpy_example:/opt/ros/foxy LD_LIBRARY_PATH=/home/dahyeon/dev_ws/install/srv_alarm_interface/lib:/home/dahyeon/dev_ws/install/turtlesim/lib:/home/dahyeon/dev_ws/install/msg_srv_action_interface_example/lib:/opt/ros/foxy/opt/yaml_cpp_vendor/lib:/opt/ros/foxy/opt/rviz_ogre_vendor/lib:/opt/ros/foxy/lib/x86_64-linux-gnu:/opt/ros/foxy/lib PYTHONPATH=/home/dahyeon/dev_ws/install/srv_alarm_interface/lib/python3.8/site-packages:/home/dahyeon/dev_ws/install/turtlesim/lib/python3.8/site-packages:/home/dahyeon/dev_ws/build/topic_service_action_rclpy_example:/home/dahyeon/dev_ws/install/topic_service_action_rclpy_example/lib/python3.8/site-packages:/home/dahyeon/dev_ws/build/time_rclpy_example:/home/dahyeon/dev_ws/install/time_rclpy_example/lib/python3.8/site-packages:/home/dahyeon/dev_ws/build/tf2_rclpy_example:/home/dahyeon/dev_ws/install/tf2_rclpy_example/lib/python3.8/site-packages:/home/dahyeon/dev_ws/install/rqt_example/lib/python3.8/site-packages:/home/dahyeon/dev_ws/build/ros2env:/home/dahyeon/dev_ws/install/ros2env/lib/python3.8/site-packages:/home/dahyeon/dev_ws/build/my_first_ros_rclpy_pkg:/home/dahyeon/dev_ws/install/my_first_ros_rclpy_pkg/lib/python3.8/site-packages:/home/dahyeon/dev_ws/install/msg_srv_action_interface_example/lib/python3.8/site-packages:/home/dahyeon/dev_ws/build/logging_rclpy_example:/home/dahyeon/dev_ws/install/logging_rclpy_example/lib/python3.8/site-packages:/opt/ros/foxy/lib/python3.8/site-packages /usr/bin/cmake --build /home/dahyeon/dev_ws/build/uni -- -j12 -l12
[0.056s] [35m[1mScanning dependencies of target alarmserver[0m
[0.071s] [ 57%] Built target alarm_change_client
[0.071s] [ 57%] Built target alarmclient
[0.076s] [ 71%] [32mBuilding CXX object CMakeFiles/alarmserver.dir/src/alarm/alarmserver.cpp.o[0m
[1.029s] [01m[K/home/dahyeon/dev_ws/src/uni/src/alarm/alarmserver.cpp:[m[K In constructor ‘[01m[KAlarmserver::Alarmserver(const rclcpp::NodeOptions&)[m[K’:
[1.029s] [01m[K/home/dahyeon/dev_ws/src/uni/src/alarm/alarmserver.cpp:45:80:[m[K [01;35m[Kwarning: [m[K‘[01m[Krclcpp::Node::OnParametersSetCallbackType rclcpp::Node::set_on_parameters_set_callback(rclcpp::Node::OnParametersSetCallbackType)[m[K’ is deprecated: use add_on_set_parameters_callback(OnParametersSetCallbackType callback) instead [[01;35m[K-Wdeprecated-declarations[m[K]
[1.029s]    45 |       std::bind(&Alarmserver::parameter_call_back, this, std::placeholders::_1)[01;35m[K)[m[K;
[1.029s]       |                                                                                [01;35m[K^[m[K
[1.029s] In file included from [01m[K/opt/ros/foxy/include/rclcpp/executors/single_threaded_executor.hpp:28[m[K,
[1.029s]                  from [01m[K/opt/ros/foxy/include/rclcpp/executors.hpp:22[m[K,
[1.029s]                  from [01m[K/opt/ros/foxy/include/rclcpp/rclcpp.hpp:146[m[K,
[1.030s]                  from [01m[K/home/dahyeon/dev_ws/src/uni/include/alarm/alarmserver.hpp:4[m[K,
[1.030s]                  from [01m[K/home/dahyeon/dev_ws/src/uni/src/alarm/alarmserver.cpp:1[m[K:
[1.030s] [01m[K/opt/ros/foxy/include/rclcpp/node.hpp:866:3:[m[K [01;36m[Knote: [m[Kdeclared here
[1.030s]   866 |   [01;36m[Kset_on_parameters_set_callback[m[K(rclcpp::Node::OnParametersSetCallbackType callback);
[1.030s]       |   [01;36m[K^~~~~~~~~~~~~~~~~~~~~~~~~~~~~~[m[K
[1.036s] [01m[K/home/dahyeon/dev_ws/src/uni/src/alarm/alarmserver.cpp:[m[K In member function ‘[01m[Kstd::string Alarmserver::calculate_alarm_time()[m[K’:
[1.036s] [01m[K/home/dahyeon/dev_ws/src/uni/src/alarm/alarmserver.cpp:193:7:[m[K [01;35m[Kwarning: [m[Kvariable ‘[01m[Kout_time_h_[m[K’ set but not used [[01;35m[K-Wunused-but-set-variable[m[K]
[1.036s]   193 |   int [01;35m[Kout_time_h_[m[K, out_time_m_;
[1.036s]       |       [01;35m[K^~~~~~~~~~~[m[K
[1.036s] [01m[K/home/dahyeon/dev_ws/src/uni/src/alarm/alarmserver.cpp:193:20:[m[K [01;35m[Kwarning: [m[Kvariable ‘[01m[Kout_time_m_[m[K’ set but not used [[01;35m[K-Wunused-but-set-variable[m[K]
[1.036s]   193 |   int out_time_h_, [01;35m[Kout_time_m_[m[K;
[1.036s]       |                    [01;35m[K^~~~~~~~~~~[m[K
[1.036s] [01m[K/home/dahyeon/dev_ws/src/uni/src/alarm/alarmserver.cpp:194:7:[m[K [01;35m[Kwarning: [m[Kunused variable ‘[01m[Kout_hour[m[K’ [[01;35m[K-Wunused-variable[m[K]
[1.036s]   194 |   int [01;35m[Kout_hour[m[K, result_hour;
[1.036s]       |       [01;35m[K^~~~~~~~[m[K
[1.036s] [01m[K/home/dahyeon/dev_ws/src/uni/src/alarm/alarmserver.cpp:194:17:[m[K [01;35m[Kwarning: [m[Kunused variable ‘[01m[Kresult_hour[m[K’ [[01;35m[K-Wunused-variable[m[K]
[1.036s]   194 |   int out_hour, [01;35m[Kresult_hour[m[K;
[1.036s]       |                 [01;35m[K^~~~~~~~~~~[m[K
[1.036s] [01m[K/home/dahyeon/dev_ws/src/uni/src/alarm/alarmserver.cpp:195:7:[m[K [01;35m[Kwarning: [m[Kunused variable ‘[01m[Kout_min[m[K’ [[01;35m[K-Wunused-variable[m[K]
[1.036s]   195 |   int [01;35m[Kout_min[m[K, result_min;
[1.036s]       |       [01;35m[K^~~~~~~[m[K
[1.037s] [01m[K/home/dahyeon/dev_ws/src/uni/src/alarm/alarmserver.cpp:195:16:[m[K [01;35m[Kwarning: [m[Kunused variable ‘[01m[Kresult_min[m[K’ [[01;35m[K-Wunused-variable[m[K]
[1.037s]   195 |   int out_min, [01;35m[Kresult_min[m[K;
[1.037s]       |                [01;35m[K^~~~~~~~~~[m[K
[1.387s] [01m[K/home/dahyeon/dev_ws/src/uni/src/alarm/alarmserver.cpp:[m[K In function ‘[01m[Kstd::string Json_time(std::string)[m[K’:
[1.387s] [01m[K/home/dahyeon/dev_ws/src/uni/src/alarm/alarmserver.cpp:131:1:[m[K [01;35m[Kwarning: [m[Kcontrol reaches end of non-void function [[01;35m[K-Wreturn-type[m[K]
[1.387s]   131 | [01;35m[K}[m[K
[1.387s]       | [01;35m[K^[m[K
[1.922s] [ 85%] [32m[1mLinking CXX executable alarmserver[0m
[2.067s] [100%] Built target alarmserver
[2.074s] Invoked command in '/home/dahyeon/dev_ws/build/uni' returned '0': CMAKE_PREFIX_PATH=/home/dahyeon/dev_ws/install/srv_alarm_interface:/home/dahyeon/dev_ws/install/uni:/home/dahyeon/dev_ws/install/turtlesim:/home/dahyeon/dev_ws/install/topic_service_action_rclcpp_example:/home/dahyeon/dev_ws/install/time_rclcpp_example:/home/dahyeon/dev_ws/install/tf2_rclcpp_example:/home/dahyeon/dev_ws/install/testbot_description:/home/dahyeon/dev_ws/install/rqt_example:/home/dahyeon/dev_ws/install/my_package:/home/dahyeon/dev_ws/install/my_first_ros_rclcpp_pkg:/home/dahyeon/dev_ws/install/msg_srv_action_interface_example:/home/dahyeon/dev_ws/install/cpp_pubsub:/home/dahyeon/dev_ws/install/cpp_parameters:/home/dahyeon/dev_ws/install/topic_service_action_rclpy_example:/home/dahyeon/dev_ws/install/time_rclpy_example:/home/dahyeon/dev_ws/install/tf2_rclpy_example:/home/dahyeon/dev_ws/install/ros2env:/home/dahyeon/dev_ws/install/my_first_ros_rclpy_pkg:/home/dahyeon/dev_ws/install/logging_rclpy_example:/opt/ros/foxy LD_LIBRARY_PATH=/home/dahyeon/dev_ws/install/srv_alarm_interface/lib:/home/dahyeon/dev_ws/install/turtlesim/lib:/home/dahyeon/dev_ws/install/msg_srv_action_interface_example/lib:/opt/ros/foxy/opt/yaml_cpp_vendor/lib:/opt/ros/foxy/opt/rviz_ogre_vendor/lib:/opt/ros/foxy/lib/x86_64-linux-gnu:/opt/ros/foxy/lib PYTHONPATH=/home/dahyeon/dev_ws/install/srv_alarm_interface/lib/python3.8/site-packages:/home/dahyeon/dev_ws/install/turtlesim/lib/python3.8/site-packages:/home/dahyeon/dev_ws/build/topic_service_action_rclpy_example:/home/dahyeon/dev_ws/install/topic_service_action_rclpy_example/lib/python3.8/site-packages:/home/dahyeon/dev_ws/build/time_rclpy_example:/home/dahyeon/dev_ws/install/time_rclpy_example/lib/python3.8/site-packages:/home/dahyeon/dev_ws/build/tf2_rclpy_example:/home/dahyeon/dev_ws/install/tf2_rclpy_example/lib/python3.8/site-packages:/home/dahyeon/dev_ws/install/rqt_example/lib/python3.8/site-packages:/home/dahyeon/dev_ws/build/ros2env:/home/dahyeon/dev_ws/install/ros2env/lib/python3.8/site-packages:/home/dahyeon/dev_ws/build/my_first_ros_rclpy_pkg:/home/dahyeon/dev_ws/install/my_first_ros_rclpy_pkg/lib/python3.8/site-packages:/home/dahyeon/dev_ws/install/msg_srv_action_interface_example/lib/python3.8/site-packages:/home/dahyeon/dev_ws/build/logging_rclpy_example:/home/dahyeon/dev_ws/install/logging_rclpy_example/lib/python3.8/site-packages:/opt/ros/foxy/lib/python3.8/site-packages /usr/bin/cmake --build /home/dahyeon/dev_ws/build/uni -- -j12 -l12
[2.099s] Invoking command in '/home/dahyeon/dev_ws/build/uni': CMAKE_PREFIX_PATH=/home/dahyeon/dev_ws/install/srv_alarm_interface:/home/dahyeon/dev_ws/install/uni:/home/dahyeon/dev_ws/install/turtlesim:/home/dahyeon/dev_ws/install/topic_service_action_rclcpp_example:/home/dahyeon/dev_ws/install/time_rclcpp_example:/home/dahyeon/dev_ws/install/tf2_rclcpp_example:/home/dahyeon/dev_ws/install/testbot_description:/home/dahyeon/dev_ws/install/rqt_example:/home/dahyeon/dev_ws/install/my_package:/home/dahyeon/dev_ws/install/my_first_ros_rclcpp_pkg:/home/dahyeon/dev_ws/install/msg_srv_action_interface_example:/home/dahyeon/dev_ws/install/cpp_pubsub:/home/dahyeon/dev_ws/install/cpp_parameters:/home/dahyeon/dev_ws/install/topic_service_action_rclpy_example:/home/dahyeon/dev_ws/install/time_rclpy_example:/home/dahyeon/dev_ws/install/tf2_rclpy_example:/home/dahyeon/dev_ws/install/ros2env:/home/dahyeon/dev_ws/install/my_first_ros_rclpy_pkg:/home/dahyeon/dev_ws/install/logging_rclpy_example:/opt/ros/foxy LD_LIBRARY_PATH=/home/dahyeon/dev_ws/install/srv_alarm_interface/lib:/home/dahyeon/dev_ws/install/turtlesim/lib:/home/dahyeon/dev_ws/install/msg_srv_action_interface_example/lib:/opt/ros/foxy/opt/yaml_cpp_vendor/lib:/opt/ros/foxy/opt/rviz_ogre_vendor/lib:/opt/ros/foxy/lib/x86_64-linux-gnu:/opt/ros/foxy/lib PYTHONPATH=/home/dahyeon/dev_ws/install/srv_alarm_interface/lib/python3.8/site-packages:/home/dahyeon/dev_ws/install/turtlesim/lib/python3.8/site-packages:/home/dahyeon/dev_ws/build/topic_service_action_rclpy_example:/home/dahyeon/dev_ws/install/topic_service_action_rclpy_example/lib/python3.8/site-packages:/home/dahyeon/dev_ws/build/time_rclpy_example:/home/dahyeon/dev_ws/install/time_rclpy_example/lib/python3.8/site-packages:/home/dahyeon/dev_ws/build/tf2_rclpy_example:/home/dahyeon/dev_ws/install/tf2_rclpy_example/lib/python3.8/site-packages:/home/dahyeon/dev_ws/install/rqt_example/lib/python3.8/site-packages:/home/dahyeon/dev_ws/build/ros2env:/home/dahyeon/dev_ws/install/ros2env/lib/python3.8/site-packages:/home/dahyeon/dev_ws/build/my_first_ros_rclpy_pkg:/home/dahyeon/dev_ws/install/my_first_ros_rclpy_pkg/lib/python3.8/site-packages:/home/dahyeon/dev_ws/install/msg_srv_action_interface_example/lib/python3.8/site-packages:/home/dahyeon/dev_ws/build/logging_rclpy_example:/home/dahyeon/dev_ws/install/logging_rclpy_example/lib/python3.8/site-packages:/opt/ros/foxy/lib/python3.8/site-packages /usr/bin/cmake --install /home/dahyeon/dev_ws/build/uni
[2.106s] -- Install configuration: ""
[2.106s] -- Execute custom install script
[2.107s] -- Up-to-date symlink: /home/dahyeon/dev_ws/install/uni/lib/uni/alarmserver
[2.107s] -- Up-to-date symlink: /home/dahyeon/dev_ws/install/uni/lib/uni/alarmclient
[2.107s] -- Up-to-date symlink: /home/dahyeon/dev_ws/install/uni/share/uni/launch/alarm_config.launch.py
[2.108s] -- Up-to-date symlink: /home/dahyeon/dev_ws/install/uni/share/uni/param/alarm_config.yaml
[2.108s] -- Up-to-date symlink: /home/dahyeon/dev_ws/install/uni/share/ament_index/resource_index/package_run_dependencies/uni
[2.108s] -- Up-to-date symlink: /home/dahyeon/dev_ws/install/uni/share/ament_index/resource_index/parent_prefix_path/uni
[2.109s] -- Up-to-date symlink: /home/dahyeon/dev_ws/install/uni/share/uni/environment/ament_prefix_path.sh
[2.109s] -- Up-to-date symlink: /home/dahyeon/dev_ws/install/uni/share/uni/environment/ament_prefix_path.dsv
[2.109s] -- Up-to-date symlink: /home/dahyeon/dev_ws/install/uni/share/uni/environment/path.sh
[2.110s] -- Up-to-date symlink: /home/dahyeon/dev_ws/install/uni/share/uni/environment/path.dsv
[2.110s] -- Up-to-date symlink: /home/dahyeon/dev_ws/install/uni/share/uni/local_setup.bash
[2.110s] -- Up-to-date symlink: /home/dahyeon/dev_ws/install/uni/share/uni/local_setup.sh
[2.110s] -- Up-to-date symlink: /home/dahyeon/dev_ws/install/uni/share/uni/local_setup.zsh
[2.110s] -- Up-to-date symlink: /home/dahyeon/dev_ws/install/uni/share/uni/local_setup.dsv
[2.111s] -- Symlinking: /home/dahyeon/dev_ws/install/uni/share/uni/package.dsv
[2.118s] -- Up-to-date symlink: /home/dahyeon/dev_ws/install/uni/share/ament_index/resource_index/packages/uni
[2.118s] -- Up-to-date symlink: /home/dahyeon/dev_ws/install/uni/share/uni/cmake/uniConfig.cmake
[2.119s] -- Up-to-date symlink: /home/dahyeon/dev_ws/install/uni/share/uni/cmake/uniConfig-version.cmake
[2.119s] -- Up-to-date symlink: /home/dahyeon/dev_ws/install/uni/share/uni/package.xml
[2.120s] Invoked command in '/home/dahyeon/dev_ws/build/uni' returned '0': CMAKE_PREFIX_PATH=/home/dahyeon/dev_ws/install/srv_alarm_interface:/home/dahyeon/dev_ws/install/uni:/home/dahyeon/dev_ws/install/turtlesim:/home/dahyeon/dev_ws/install/topic_service_action_rclcpp_example:/home/dahyeon/dev_ws/install/time_rclcpp_example:/home/dahyeon/dev_ws/install/tf2_rclcpp_example:/home/dahyeon/dev_ws/install/testbot_description:/home/dahyeon/dev_ws/install/rqt_example:/home/dahyeon/dev_ws/install/my_package:/home/dahyeon/dev_ws/install/my_first_ros_rclcpp_pkg:/home/dahyeon/dev_ws/install/msg_srv_action_interface_example:/home/dahyeon/dev_ws/install/cpp_pubsub:/home/dahyeon/dev_ws/install/cpp_parameters:/home/dahyeon/dev_ws/install/topic_service_action_rclpy_example:/home/dahyeon/dev_ws/install/time_rclpy_example:/home/dahyeon/dev_ws/install/tf2_rclpy_example:/home/dahyeon/dev_ws/install/ros2env:/home/dahyeon/dev_ws/install/my_first_ros_rclpy_pkg:/home/dahyeon/dev_ws/install/logging_rclpy_example:/opt/ros/foxy LD_LIBRARY_PATH=/home/dahyeon/dev_ws/install/srv_alarm_interface/lib:/home/dahyeon/dev_ws/install/turtlesim/lib:/home/dahyeon/dev_ws/install/msg_srv_action_interface_example/lib:/opt/ros/foxy/opt/yaml_cpp_vendor/lib:/opt/ros/foxy/opt/rviz_ogre_vendor/lib:/opt/ros/foxy/lib/x86_64-linux-gnu:/opt/ros/foxy/lib PYTHONPATH=/home/dahyeon/dev_ws/install/srv_alarm_interface/lib/python3.8/site-packages:/home/dahyeon/dev_ws/install/turtlesim/lib/python3.8/site-packages:/home/dahyeon/dev_ws/build/topic_service_action_rclpy_example:/home/dahyeon/dev_ws/install/topic_service_action_rclpy_example/lib/python3.8/site-packages:/home/dahyeon/dev_ws/build/time_rclpy_example:/home/dahyeon/dev_ws/install/time_rclpy_example/lib/python3.8/site-packages:/home/dahyeon/dev_ws/build/tf2_rclpy_example:/home/dahyeon/dev_ws/install/tf2_rclpy_example/lib/python3.8/site-packages:/home/dahyeon/dev_ws/install/rqt_example/lib/python3.8/site-packages:/home/dahyeon/dev_ws/build/ros2env:/home/dahyeon/dev_ws/install/ros2env/lib/python3.8/site-packages:/home/dahyeon/dev_ws/build/my_first_ros_rclpy_pkg:/home/dahyeon/dev_ws/install/my_first_ros_rclpy_pkg/lib/python3.8/site-packages:/home/dahyeon/dev_ws/install/msg_srv_action_interface_example/lib/python3.8/site-packages:/home/dahyeon/dev_ws/build/logging_rclpy_example:/home/dahyeon/dev_ws/install/logging_rclpy_example/lib/python3.8/site-packages:/opt/ros/foxy/lib/python3.8/site-packages /usr/bin/cmake --install /home/dahyeon/dev_ws/build/uni
