[0.000000] (-) TimerEvent: {}
[0.000122] (-) JobUnselected: {'identifier': 'cpp_parameters'}
[0.000203] (-) JobUnselected: {'identifier': 'cpp_pubsub'}
[0.000250] (-) JobUnselected: {'identifier': 'logging_rclpy_example'}
[0.000333] (-) JobUnselected: {'identifier': 'msg_srv_action_interface_example'}
[0.000392] (-) JobUnselected: {'identifier': 'my_first_ros_rclcpp_pkg'}
[0.000407] (-) JobUnselected: {'identifier': 'my_first_ros_rclpy_pkg'}
[0.000421] (-) JobUnselected: {'identifier': 'my_package'}
[0.000434] (-) JobUnselected: {'identifier': 'ros2env'}
[0.000446] (-) JobUnselected: {'identifier': 'rqt_example'}
[0.000458] (-) JobUnselected: {'identifier': 'srv_alarm_interface'}
[0.000471] (-) JobUnselected: {'identifier': 'testbot_description'}
[0.000483] (-) JobUnselected: {'identifier': 'tf2_rclcpp_example'}
[0.000495] (-) JobUnselected: {'identifier': 'tf2_rclpy_example'}
[0.000513] (-) JobUnselected: {'identifier': 'time_rclcpp_example'}
[0.000527] (-) JobUnselected: {'identifier': 'time_rclpy_example'}
[0.000554] (-) JobUnselected: {'identifier': 'topic_service_action_rclcpp_example'}
[0.000566] (-) JobUnselected: {'identifier': 'topic_service_action_rclpy_example'}
[0.000577] (-) JobUnselected: {'identifier': 'turtlesim'}
[0.000589] (-) JobUnselected: {'identifier': 'uni'}
[0.000604] (-) JobUnselected: {'identifier': 'uni'}
[0.000617] (-) EventReactorShutdown: {}
