[0.020s] Invoking command in '/home/dahyeon/dev_ws/build/topic_service_action_rclcpp_example': AMENT_PREFIX_PATH=/home/dahyeon/dev_ws/install/msg_srv_action_interface_example:${AMENT_PREFIX_PATH} CMAKE_PREFIX_PATH=/home/dahyeon/dev_ws/install/msg_srv_action_interface_example:/home/dahyeon/dev_ws/install/turtlesim:/home/dahyeon/dev_ws/install/my_package:/home/dahyeon/dev_ws/install/my_first_ros_rclcpp_pkg:/home/dahyeon/dev_ws/install/cpp_pubsub:/opt/ros/foxy LD_LIBRARY_PATH=/home/dahyeon/dev_ws/install/msg_srv_action_interface_example/lib:${LD_LIBRARY_PATH} PYTHONPATH=/home/dahyeon/dev_ws/install/msg_srv_action_interface_example/lib/python3.8/site-packages:${PYTHONPATH} /usr/bin/cmake /home/dahyeon/dev_ws/src/ros2-seminar-examples/topic_service_action_rclcpp_example -DAMENT_CMAKE_SYMLINK_INSTALL=1 -DCMAKE_INSTALL_PREFIX=/home/dahyeon/dev_ws/install/topic_service_action_rclcpp_example
[0.057s] -- The C compiler identification is GNU 9.4.0
[0.095s] -- The CXX compiler identification is GNU 9.4.0
[0.099s] -- Check for working C compiler: /usr/bin/cc
[0.147s] -- Check for working C compiler: /usr/bin/cc -- works
[0.147s] -- Detecting C compiler ABI info
[0.197s] -- Detecting C compiler ABI info - done
[0.207s] -- Detecting C compile features
[0.207s] -- Detecting C compile features - done
[0.209s] -- Check for working CXX compiler: /usr/bin/c++
[0.265s] -- Check for working CXX compiler: /usr/bin/c++ -- works
[0.266s] -- Detecting CXX compiler ABI info
[0.323s] -- Detecting CXX compiler ABI info - done
[0.340s] -- Detecting CXX compile features
[0.341s] -- Detecting CXX compile features - done
[0.344s] -- Found ament_cmake: 0.9.9 (/opt/ros/foxy/share/ament_cmake/cmake)
[0.363s] -- Found PythonInterp: /usr/bin/python3 (found suitable version "3.8.10", minimum required is "3") 
[0.363s] -- Using PYTHON_EXECUTABLE: /usr/bin/python3
[0.492s] -- Override CMake install command with custom implementation using symlinks instead of copying resources
[0.509s] -- Found msg_srv_action_interface_example: 0.6.0 (/home/dahyeon/dev_ws/install/msg_srv_action_interface_example/share/msg_srv_action_interface_example/cmake)
[0.530s] -- Using all available rosidl_typesupport_c: rosidl_typesupport_fastrtps_c;rosidl_typesupport_introspection_c
[0.535s] -- Found rosidl_adapter: 1.2.1 (/opt/ros/foxy/share/rosidl_adapter/cmake)
[0.588s] -- Found OpenSSL: /usr/lib/x86_64-linux-gnu/libcrypto.so (found version "1.1.1f")  
[0.618s] -- Found FastRTPS: /opt/ros/foxy/include  
[0.676s] -- Using all available rosidl_typesupport_cpp: rosidl_typesupport_fastrtps_cpp;rosidl_typesupport_introspection_cpp
[0.794s] -- Found rclcpp: 2.4.1 (/opt/ros/foxy/share/rclcpp/cmake)
[0.830s] -- Found rmw_implementation_cmake: 1.0.3 (/opt/ros/foxy/share/rmw_implementation_cmake/cmake)
[0.831s] -- Using RMW implementation 'rmw_fastrtps_cpp' as default
[0.832s] -- Looking for pthread.h
[0.883s] -- Looking for pthread.h - found
[0.883s] -- Performing Test CMAKE_HAVE_LIBC_PTHREAD
[0.935s] -- Performing Test CMAKE_HAVE_LIBC_PTHREAD - Failed
[0.935s] -- Looking for pthread_create in pthreads
[0.979s] -- Looking for pthread_create in pthreads - not found
[0.979s] -- Looking for pthread_create in pthread
[1.033s] -- Looking for pthread_create in pthread - found
[1.034s] -- Found Threads: TRUE  
[1.218s] -- Found rclcpp_action: 2.4.1 (/opt/ros/foxy/share/rclcpp_action/cmake)
[1.256s] -- Found ament_lint_auto: 0.9.6 (/opt/ros/foxy/share/ament_lint_auto/cmake)
[1.310s] -- Found ament_cmake_gtest: 0.9.9 (/opt/ros/foxy/share/ament_cmake_gtest/cmake)
[1.314s] -- Found gtest sources under '/opt/ros/foxy/src/gtest_vendor': C++ tests using 'Google Test' will be built
[1.316s] -- Check if compiler accepts -pthread
[1.368s] -- Check if compiler accepts -pthread - yes
[1.374s] -- Added test 'copyright' to check source files copyright and LICENSE
[1.375s] -- Added test 'cppcheck' to perform static code analysis on C / C++ code
[1.376s] -- Configured cppcheck include dirs: /home/dahyeon/dev_ws/src/ros2-seminar-examples/topic_service_action_rclcpp_example/include
[1.376s] -- Configured cppcheck exclude dirs and/or files: 
[1.377s] -- Added test 'cpplint' to check C / C++ code against the Google style
[1.377s] -- Configured cpplint exclude dirs and/or files: 
[1.377s] -- Added test 'flake8' to check Python code syntax and style conventions
[1.378s] -- Added test 'lint_cmake' to check CMake code style
[1.378s] -- Added test 'pep257' to check Python code against some of the style conventions in PEP 257
[1.379s] -- Added test 'uncrustify' to check C / C++ code style
[1.379s] -- Configured uncrustify additional arguments: 
[1.380s] -- Added test 'xmllint' to check XML markup files
[1.383s] -- Configuring done
[1.404s] -- Generating done
[1.405s] -- Build files have been written to: /home/dahyeon/dev_ws/build/topic_service_action_rclcpp_example
