running develop
running egg_info
creating topic_service_action_rclpy_example.egg-info
writing topic_service_action_rclpy_example.egg-info/PKG-INFO
writing dependency_links to topic_service_action_rclpy_example.egg-info/dependency_links.txt
writing entry points to topic_service_action_rclpy_example.egg-info/entry_points.txt
writing requirements to topic_service_action_rclpy_example.egg-info/requires.txt
writing top-level names to topic_service_action_rclpy_example.egg-info/top_level.txt
writing manifest file 'topic_service_action_rclpy_example.egg-info/SOURCES.txt'
reading manifest file 'topic_service_action_rclpy_example.egg-info/SOURCES.txt'
writing manifest file 'topic_service_action_rclpy_example.egg-info/SOURCES.txt'
running build_ext
Creating /home/dahyeon/dev_ws/install/topic_service_action_rclpy_example/lib/python3.8/site-packages/site.py
Creating /home/dahyeon/dev_ws/install/topic_service_action_rclpy_example/lib/python3.8/site-packages/topic-service-action-rclpy-example.egg-link (link to .)
Installing argument script to /home/dahyeon/dev_ws/install/topic_service_action_rclpy_example/lib/topic_service_action_rclpy_example
Installing calculator script to /home/dahyeon/dev_ws/install/topic_service_action_rclpy_example/lib/topic_service_action_rclpy_example
Installing checker script to /home/dahyeon/dev_ws/install/topic_service_action_rclpy_example/lib/topic_service_action_rclpy_example
Installing operator script to /home/dahyeon/dev_ws/install/topic_service_action_rclpy_example/lib/topic_service_action_rclpy_example

Installed /home/dahyeon/dev_ws/build/topic_service_action_rclpy_example
running install_data
creating /home/dahyeon/dev_ws/install/topic_service_action_rclpy_example/share/ament_index
creating /home/dahyeon/dev_ws/install/topic_service_action_rclpy_example/share/ament_index/resource_index
creating /home/dahyeon/dev_ws/install/topic_service_action_rclpy_example/share/ament_index/resource_index/packages
copying resource/topic_service_action_rclpy_example -> /home/dahyeon/dev_ws/install/topic_service_action_rclpy_example/share/ament_index/resource_index/packages
copying package.xml -> /home/dahyeon/dev_ws/install/topic_service_action_rclpy_example/share/topic_service_action_rclpy_example
creating /home/dahyeon/dev_ws/install/topic_service_action_rclpy_example/share/topic_service_action_rclpy_example/launch
copying launch/arithmetic.launch.py -> /home/dahyeon/dev_ws/install/topic_service_action_rclpy_example/share/topic_service_action_rclpy_example/launch
creating /home/dahyeon/dev_ws/install/topic_service_action_rclpy_example/share/topic_service_action_rclpy_example/param
copying param/arithmetic_config.yaml -> /home/dahyeon/dev_ws/install/topic_service_action_rclpy_example/share/topic_service_action_rclpy_example/param
