[0.475s] Invoking command in '/home/dahyeon/dev_ws/build/topic_service_action_rclpy_example': AMENT_PREFIX_PATH=/home/dahyeon/dev_ws/install/msg_srv_action_interface_example:${AMENT_PREFIX_PATH} CMAKE_PREFIX_PATH=/home/dahyeon/dev_ws/install/msg_srv_action_interface_example:${CMAKE_PREFIX_PATH} LD_LIBRARY_PATH=/home/dahyeon/dev_ws/install/msg_srv_action_interface_example/lib:${LD_LIBRARY_PATH} PYTHONPATH=/home/dahyeon/dev_ws/install/topic_service_action_rclpy_example/lib/python3.8/site-packages:/home/dahyeon/dev_ws/install/msg_srv_action_interface_example/lib/python3.8/site-packages:${PYTHONPATH} /usr/bin/python3 setup.py develop --prefix /home/dahyeon/dev_ws/install/topic_service_action_rclpy_example --editable --build-directory /home/dahyeon/dev_ws/build/topic_service_action_rclpy_example/build --no-deps install_data --install-dir /home/dahyeon/dev_ws/install/topic_service_action_rclpy_example
[0.641s] running develop
[0.744s] running egg_info
[0.745s] creating topic_service_action_rclpy_example.egg-info
[0.745s] writing topic_service_action_rclpy_example.egg-info/PKG-INFO
[0.745s] writing dependency_links to topic_service_action_rclpy_example.egg-info/dependency_links.txt
[0.745s] writing entry points to topic_service_action_rclpy_example.egg-info/entry_points.txt
[0.745s] writing requirements to topic_service_action_rclpy_example.egg-info/requires.txt
[0.745s] writing top-level names to topic_service_action_rclpy_example.egg-info/top_level.txt
[0.746s] writing manifest file 'topic_service_action_rclpy_example.egg-info/SOURCES.txt'
[0.774s] reading manifest file 'topic_service_action_rclpy_example.egg-info/SOURCES.txt'
[0.774s] writing manifest file 'topic_service_action_rclpy_example.egg-info/SOURCES.txt'
[0.802s] running build_ext
[0.803s] Creating /home/dahyeon/dev_ws/install/topic_service_action_rclpy_example/lib/python3.8/site-packages/site.py
[0.804s] Creating /home/dahyeon/dev_ws/install/topic_service_action_rclpy_example/lib/python3.8/site-packages/topic-service-action-rclpy-example.egg-link (link to .)
[0.805s] Installing argument script to /home/dahyeon/dev_ws/install/topic_service_action_rclpy_example/lib/topic_service_action_rclpy_example
[0.805s] Installing calculator script to /home/dahyeon/dev_ws/install/topic_service_action_rclpy_example/lib/topic_service_action_rclpy_example
[0.805s] Installing checker script to /home/dahyeon/dev_ws/install/topic_service_action_rclpy_example/lib/topic_service_action_rclpy_example
[0.805s] Installing operator script to /home/dahyeon/dev_ws/install/topic_service_action_rclpy_example/lib/topic_service_action_rclpy_example
[0.805s] 
[0.805s] Installed /home/dahyeon/dev_ws/build/topic_service_action_rclpy_example
[0.805s] running install_data
[0.805s] creating /home/dahyeon/dev_ws/install/topic_service_action_rclpy_example/share/ament_index
[0.805s] creating /home/dahyeon/dev_ws/install/topic_service_action_rclpy_example/share/ament_index/resource_index
[0.806s] creating /home/dahyeon/dev_ws/install/topic_service_action_rclpy_example/share/ament_index/resource_index/packages
[0.806s] copying resource/topic_service_action_rclpy_example -> /home/dahyeon/dev_ws/install/topic_service_action_rclpy_example/share/ament_index/resource_index/packages
[0.806s] copying package.xml -> /home/dahyeon/dev_ws/install/topic_service_action_rclpy_example/share/topic_service_action_rclpy_example
[0.806s] creating /home/dahyeon/dev_ws/install/topic_service_action_rclpy_example/share/topic_service_action_rclpy_example/launch
[0.806s] copying launch/arithmetic.launch.py -> /home/dahyeon/dev_ws/install/topic_service_action_rclpy_example/share/topic_service_action_rclpy_example/launch
[0.806s] creating /home/dahyeon/dev_ws/install/topic_service_action_rclpy_example/share/topic_service_action_rclpy_example/param
[0.806s] copying param/arithmetic_config.yaml -> /home/dahyeon/dev_ws/install/topic_service_action_rclpy_example/share/topic_service_action_rclpy_example/param
[0.832s] Invoked command in '/home/dahyeon/dev_ws/build/topic_service_action_rclpy_example' returned '0': AMENT_PREFIX_PATH=/home/dahyeon/dev_ws/install/msg_srv_action_interface_example:${AMENT_PREFIX_PATH} CMAKE_PREFIX_PATH=/home/dahyeon/dev_ws/install/msg_srv_action_interface_example:${CMAKE_PREFIX_PATH} LD_LIBRARY_PATH=/home/dahyeon/dev_ws/install/msg_srv_action_interface_example/lib:${LD_LIBRARY_PATH} PYTHONPATH=/home/dahyeon/dev_ws/install/topic_service_action_rclpy_example/lib/python3.8/site-packages:/home/dahyeon/dev_ws/install/msg_srv_action_interface_example/lib/python3.8/site-packages:${PYTHONPATH} /usr/bin/python3 setup.py develop --prefix /home/dahyeon/dev_ws/install/topic_service_action_rclpy_example --editable --build-directory /home/dahyeon/dev_ws/build/topic_service_action_rclpy_example/build --no-deps install_data --install-dir /home/dahyeon/dev_ws/install/topic_service_action_rclpy_example
