In file included from [01m[K/home/dahyeon/dev_ws/src/uni_time/time_calculate/src/tcpNshared.cpp:9[m[K:
[01m[K/home/dahyeon/dev_ws/src/uni_time/time_calculate/include/shm_mutex.h:[m[K In function ‘[01m[Kint __init_shared_memory_master(char*, shm_struct_t*&, pthread_mutexattr_t&)[m[K’:
[01m[K/home/dahyeon/dev_ws/src/uni_time/time_calculate/include/shm_mutex.h:88:28:[m[K [01;35m[Kwarning: [m[K‘[01m[Kvoid* memset(void*, int, size_t)[m[K’ clearing an object of type ‘[01m[Kshm_struct_t[m[K’ {aka ‘[01m[Kstruct shm_struct[m[K’} with no trivial copy-assignment; use assignment or value-initialization instead [[01;35m[K-Wclass-memaccess[m[K]
   88 |     memset(shm, 0, shm_size[01;35m[K)[m[K;
      |                            [01;35m[K^[m[K
[01m[K/home/dahyeon/dev_ws/src/uni_time/time_calculate/include/shm_mutex.h:23:16:[m[K [01;36m[Knote: [m[K‘[01m[Kshm_struct_t[m[K’ {aka ‘[01m[Kstruct shm_struct[m[K’} declared here
   23 | typedef struct [01;36m[Kshm_struct[m[K{
      |                [01;36m[K^~~~~~~~~~[m[K
[01m[K/home/dahyeon/dev_ws/src/uni_time/time_calculate/src/tcpNshared.cpp:[m[K In function ‘[01m[Kint main()[m[K’:
[01m[K/home/dahyeon/dev_ws/src/uni_time/time_calculate/include/shm_mutex.h:16:18:[m[K [01;35m[Kwarning: [m[KISO C++ forbids converting a string constant to ‘[01m[Kchar*[m[K’ [[01;35m[K-Wwrite-strings[m[K]
   16 | #define SHM_NAME [01;35m[K"shm_mem_test"[m[K
      |                  [01;35m[K^~~~~~~~~~~~~~[m[K
[01m[K/home/dahyeon/dev_ws/src/uni_time/time_calculate/src/tcpNshared.cpp:130:39:[m[K [01;36m[Knote: [m[Kin expansion of macro ‘[01m[KSHM_NAME[m[K’
  130 |     ret = __init_shared_memory_master([01;36m[KSHM_NAME[m[K, shm, mtx_attr);
      |                                       [01;36m[K^~~~~~~~[m[K
[01m[K/home/dahyeon/dev_ws/src/uni_time/time_calculate/src/tcpNshared.cpp:128:14:[m[K [01;35m[Kwarning: [m[Kunused variable ‘[01m[Ki[m[K’ [[01;35m[K-Wunused-variable[m[K]
  128 |     int ret, [01;35m[Ki[m[K;
      |              [01;35m[K^[m[K
In file included from [01m[K/home/dahyeon/dev_ws/src/uni_time/time_calculate/src/tcpNshared.cpp:9[m[K:
[01m[K/home/dahyeon/dev_ws/src/uni_time/time_calculate/include/shm_mutex.h:[m[K At global scope:
[01m[K/home/dahyeon/dev_ws/src/uni_time/time_calculate/include/shm_mutex.h:136:12:[m[K [01;35m[Kwarning: [m[K‘[01m[Kint __destory_shared_memory_slave(shm_struct_t*&)[m[K’ defined but not used [[01;35m[K-Wunused-function[m[K]
  136 | static int [01;35m[K__destory_shared_memory_slave[m[K(shm_struct_t* &shm)
      |            [01;35m[K^~~~~~~~~~~~~~~~~~~~~~~~~~~~~[m[K
[01m[K/home/dahyeon/dev_ws/src/uni_time/time_calculate/include/shm_mutex.h:111:12:[m[K [01;35m[Kwarning: [m[K‘[01m[Kint __init_shared_memory_slave(char*, shm_struct_t*&)[m[K’ defined but not used [[01;35m[K-Wunused-function[m[K]
  111 | static int [01;35m[K__init_shared_memory_slave[m[K(char* name, shm_struct_t* &shm)
      |            [01;35m[K^~~~~~~~~~~~~~~~~~~~~~~~~~[m[K
In file included from [01m[K/home/dahyeon/dev_ws/src/uni_time/time_calculate/src/time_calculate_node.cpp:2[m[K:
[01m[K/home/dahyeon/dev_ws/src/uni_time/time_calculate/include/shm_mutex.h:[m[K In function ‘[01m[Kint __init_shared_memory_master(char*, shm_struct_t*&, pthread_mutexattr_t&)[m[K’:
[01m[K/home/dahyeon/dev_ws/src/uni_time/time_calculate/include/shm_mutex.h:88:28:[m[K [01;35m[Kwarning: [m[K‘[01m[Kvoid* memset(void*, int, size_t)[m[K’ clearing an object of type ‘[01m[Kshm_struct_t[m[K’ {aka ‘[01m[Kstruct shm_struct[m[K’} with no trivial copy-assignment; use assignment or value-initialization instead [[01;35m[K-Wclass-memaccess[m[K]
   88 |     memset(shm, 0, shm_size[01;35m[K)[m[K;
      |                            [01;35m[K^[m[K
[01m[K/home/dahyeon/dev_ws/src/uni_time/time_calculate/include/shm_mutex.h:23:16:[m[K [01;36m[Knote: [m[K‘[01m[Kshm_struct_t[m[K’ {aka ‘[01m[Kstruct shm_struct[m[K’} declared here
   23 | typedef struct [01;36m[Kshm_struct[m[K{
      |                [01;36m[K^~~~~~~~~~[m[K
[01m[K/home/dahyeon/dev_ws/src/uni_time/time_calculate/src/time_calculate_node.cpp:[m[K In member function ‘[01m[Kvoid TimeCalculateNode::set_alarminfo()[m[K’:
[01m[K/home/dahyeon/dev_ws/src/uni_time/time_calculate/include/shm_mutex.h:16:18:[m[K [01;35m[Kwarning: [m[KISO C++ forbids converting a string constant to ‘[01m[Kchar*[m[K’ [[01;35m[K-Wwrite-strings[m[K]
   16 | #define SHM_NAME [01;35m[K"shm_mem_test"[m[K
      |                  [01;35m[K^~~~~~~~~~~~~~[m[K
[01m[K/home/dahyeon/dev_ws/src/uni_time/time_calculate/src/time_calculate_node.cpp:167:36:[m[K [01;36m[Knote: [m[Kin expansion of macro ‘[01m[KSHM_NAME[m[K’
  167 |   ret = __init_shared_memory_slave([01;36m[KSHM_NAME[m[K, shm);
      |                                    [01;36m[K^~~~~~~~[m[K
[01m[K/home/dahyeon/dev_ws/src/uni_time/time_calculate/src/time_calculate_node.cpp:166:7:[m[K [01;35m[Kwarning: [m[Kvariable ‘[01m[Kret[m[K’ set but not used [[01;35m[K-Wunused-but-set-variable[m[K]
  166 |   int [01;35m[Kret[m[K;
      |       [01;35m[K^~~[m[K
[01m[K/home/dahyeon/dev_ws/src/uni_time/time_calculate/src/time_calculate_node.cpp:[m[K In member function ‘[01m[Kbool TimeCalculateNode::compare_time()[m[K’:
[01m[K/home/dahyeon/dev_ws/src/uni_time/time_calculate/src/time_calculate_node.cpp:195:20:[m[K [01;35m[Kwarning: [m[Kunused variable ‘[01m[Kgtp[m[K’ [[01;35m[K-Wunused-variable[m[K]
  195 |   struct tm *ltp, *[01;35m[Kgtp[m[K;
      |                    [01;35m[K^~~[m[K
[01m[K/home/dahyeon/dev_ws/src/uni_time/time_calculate/src/time_calculate_node.cpp:[m[K In function ‘[01m[Kvoid wait_alarm(std::string)[m[K’:
[01m[K/home/dahyeon/dev_ws/src/uni_time/time_calculate/src/time_calculate_node.cpp:212:20:[m[K [01;35m[Kwarning: [m[Kunused variable ‘[01m[Kgtp[m[K’ [[01;35m[K-Wunused-variable[m[K]
  212 |   struct tm *ltp, *[01;35m[Kgtp[m[K;
      |                    [01;35m[K^~~[m[K
[01m[K/home/dahyeon/dev_ws/src/uni_time/time_calculate/src/time_calculate_node.cpp:[m[K In function ‘[01m[Kvoid sig_int(int)[m[K’:
[01m[K/home/dahyeon/dev_ws/src/uni_time/time_calculate/src/time_calculate_node.cpp:276:18:[m[K [01;35m[Kwarning: [m[Kunused parameter ‘[01m[Ksigno[m[K’ [[01;35m[K-Wunused-parameter[m[K]
  276 | void sig_int([01;35m[Kint signo[m[K)
      |              [01;35m[K~~~~^~~~~[m[K
In file included from [01m[K/home/dahyeon/dev_ws/src/uni_time/time_calculate/src/main.cpp:1[m[K:
[01m[K/home/dahyeon/dev_ws/src/uni_time/time_calculate/include/time_calculate/time_calculate_node.hpp:41:13:[m[K [01;35m[Kwarning: [m[K‘[01m[Kvoid sig_int(int)[m[K’ declared ‘[01m[Kstatic[m[K’ but never defined [[01;35m[K-Wunused-function[m[K]
   41 | static void [01;35m[Ksig_int[m[K(int);
      |             [01;35m[K^~~~~~~[m[K
In file included from [01m[K/home/dahyeon/dev_ws/src/uni_time/time_calculate/src/time_calculate_node.cpp:2[m[K:
[01m[K/home/dahyeon/dev_ws/src/uni_time/time_calculate/include/shm_mutex.h:[m[K At global scope:
[01m[K/home/dahyeon/dev_ws/src/uni_time/time_calculate/include/shm_mutex.h:136:12:[m[K [01;35m[Kwarning: [m[K‘[01m[Kint __destory_shared_memory_slave(shm_struct_t*&)[m[K’ defined but not used [[01;35m[K-Wunused-function[m[K]
  136 | static int [01;35m[K__destory_shared_memory_slave[m[K(shm_struct_t* &shm)
      |            [01;35m[K^~~~~~~~~~~~~~~~~~~~~~~~~~~~~[m[K
[01m[K/home/dahyeon/dev_ws/src/uni_time/time_calculate/include/shm_mutex.h:100:12:[m[K [01;35m[Kwarning: [m[K‘[01m[Kint __destory_shared_memory_master(shm_struct_t*&, pthread_mutexattr_t&)[m[K’ defined but not used [[01;35m[K-Wunused-function[m[K]
  100 | static int [01;35m[K__destory_shared_memory_master[m[K(shm_struct_t* &shm, pthread_mutexattr_t &mtx_attr)
      |            [01;35m[K^~~~~~~~~~~~~~~~~~~~~~~~~~~~~~[m[K
[01m[K/home/dahyeon/dev_ws/src/uni_time/time_calculate/include/shm_mutex.h:66:12:[m[K [01;35m[Kwarning: [m[K‘[01m[Kint __init_shared_memory_master(char*, shm_struct_t*&, pthread_mutexattr_t&)[m[K’ defined but not used [[01;35m[K-Wunused-function[m[K]
   66 | static int [01;35m[K__init_shared_memory_master[m[K(char* name, shm_struct_t* &shm, pthread_mutexattr_t &mtx_attr)
      |            [01;35m[K^~~~~~~~~~~~~~~~~~~~~~~~~~~[m[K
