[0.186s] Invoking command in '/home/dahyeon/dev_ws/build/time_calculate': CMAKE_PREFIX_PATH=/home/dahyeon/dev_ws/install/time_msgs:/home/dahyeon/dev_ws/install/uni_save:/home/dahyeon/dev_ws/install/uni:/home/dahyeon/dev_ws/install/turtlesim:/home/dahyeon/dev_ws/install/topic_service_action_rclcpp_example:/home/dahyeon/dev_ws/install/time_rclcpp_example:/home/dahyeon/dev_ws/install/time_calculate:/home/dahyeon/dev_ws/install/tf2_rclcpp_example:/home/dahyeon/dev_ws/install/testbot_description:/home/dahyeon/dev_ws/install/test:/home/dahyeon/dev_ws/install/srv_alarm_interface:/home/dahyeon/dev_ws/install/rqt_example:/home/dahyeon/dev_ws/install/my_package:/home/dahyeon/dev_ws/install/my_first_ros_rclcpp_pkg:/home/dahyeon/dev_ws/install/msg_srv_action_interface_example:/home/dahyeon/dev_ws/install/cpp_pubsub:/home/dahyeon/dev_ws/install/cpp_parameters:/home/dahyeon/dev_ws/install/topic_service_action_rclpy_example:/home/dahyeon/dev_ws/install/time_rclpy_example:/home/dahyeon/dev_ws/install/time_alarm_handle:/home/dahyeon/dev_ws/install/tf2_rclpy_example:/home/dahyeon/dev_ws/install/ros2env:/home/dahyeon/dev_ws/install/my_first_ros_rclpy_pkg:/home/dahyeon/dev_ws/install/logging_rclpy_example:/opt/ros/foxy LD_LIBRARY_PATH=/home/dahyeon/dev_ws/install/time_msgs/lib:/home/dahyeon/dev_ws/install/turtlesim/lib:/home/dahyeon/dev_ws/install/srv_alarm_interface/lib:/home/dahyeon/dev_ws/install/msg_srv_action_interface_example/lib:/opt/ros/foxy/opt/yaml_cpp_vendor/lib:/opt/ros/foxy/opt/rviz_ogre_vendor/lib:/opt/ros/foxy/lib/x86_64-linux-gnu:/opt/ros/foxy/lib PYTHONPATH=/home/dahyeon/dev_ws/install/time_msgs/lib/python3.8/site-packages:/home/dahyeon/dev_ws/install/turtlesim/lib/python3.8/site-packages:/home/dahyeon/dev_ws/build/topic_service_action_rclpy_example:/home/dahyeon/dev_ws/install/topic_service_action_rclpy_example/lib/python3.8/site-packages:/home/dahyeon/dev_ws/build/time_rclpy_example:/home/dahyeon/dev_ws/install/time_rclpy_example/lib/python3.8/site-packages:/home/dahyeon/dev_ws/build/time_alarm_handle:/home/dahyeon/dev_ws/install/time_alarm_handle/lib/python3.8/site-packages:/home/dahyeon/dev_ws/build/tf2_rclpy_example:/home/dahyeon/dev_ws/install/tf2_rclpy_example/lib/python3.8/site-packages:/home/dahyeon/dev_ws/install/srv_alarm_interface/lib/python3.8/site-packages:/home/dahyeon/dev_ws/install/rqt_example/lib/python3.8/site-packages:/home/dahyeon/dev_ws/build/ros2env:/home/dahyeon/dev_ws/install/ros2env/lib/python3.8/site-packages:/home/dahyeon/dev_ws/build/my_first_ros_rclpy_pkg:/home/dahyeon/dev_ws/install/my_first_ros_rclpy_pkg/lib/python3.8/site-packages:/home/dahyeon/dev_ws/install/msg_srv_action_interface_example/lib/python3.8/site-packages:/home/dahyeon/dev_ws/build/logging_rclpy_example:/home/dahyeon/dev_ws/install/logging_rclpy_example/lib/python3.8/site-packages:/opt/ros/foxy/lib/python3.8/site-packages /usr/bin/cmake --build /home/dahyeon/dev_ws/build/time_calculate -- -j12 -l12
[0.210s] -- Found ament_cmake: 0.9.9 (/opt/ros/foxy/share/ament_cmake/cmake)
[0.236s] -- Using PYTHON_EXECUTABLE: /usr/bin/python3
[0.385s] -- Override CMake install command with custom implementation using symlinks instead of copying resources
[0.392s] -- Found rclcpp: 2.4.1 (/opt/ros/foxy/share/rclcpp/cmake)
[0.428s] -- Using all available rosidl_typesupport_c: rosidl_typesupport_fastrtps_c;rosidl_typesupport_introspection_c
[0.431s] -- Found rosidl_adapter: 1.2.1 (/opt/ros/foxy/share/rosidl_adapter/cmake)
[0.529s] -- Using all available rosidl_typesupport_cpp: rosidl_typesupport_fastrtps_cpp;rosidl_typesupport_introspection_cpp
[0.579s] -- Found rmw_implementation_cmake: 1.0.3 (/opt/ros/foxy/share/rmw_implementation_cmake/cmake)
[0.582s] -- Using RMW implementation 'rmw_fastrtps_cpp' as default
[0.715s] -- Found time_msgs: 0.0.0 (/home/dahyeon/dev_ws/install/time_msgs/share/time_msgs/cmake)
[0.798s] -- Found ament_lint_auto: 0.9.6 (/opt/ros/foxy/share/ament_lint_auto/cmake)
[0.859s] -- Added test 'copyright' to check source files copyright and LICENSE
[0.859s] -- Added test 'cppcheck' to perform static code analysis on C / C++ code
[0.860s] -- Configured cppcheck include dirs: /home/dahyeon/dev_ws/src/uni_time/time_calculate/include
[0.860s] -- Configured cppcheck exclude dirs and/or files: 
[0.860s] -- Added test 'cpplint' to check C / C++ code against the Google style
[0.860s] -- Configured cpplint exclude dirs and/or files: 
[0.861s] -- Added test 'lint_cmake' to check CMake code style
[0.862s] -- Added test 'uncrustify' to check C / C++ code style
[0.862s] -- Configured uncrustify additional arguments: 
[0.862s] -- Added test 'xmllint' to check XML markup files
[0.866s] -- Configuring done
[0.876s] -- Generating done
[0.877s] -- Build files have been written to: /home/dahyeon/dev_ws/build/time_calculate
[0.895s] [35m[1mScanning dependencies of target create_tcp[0m
[0.897s] [35m[1mScanning dependencies of target time_calculate_node[0m
[0.903s] [ 20%] [32mBuilding CXX object CMakeFiles/create_tcp.dir/src/tcpNshared.cpp.o[0m
[0.919s] [ 60%] [32mBuilding CXX object CMakeFiles/time_calculate_node.dir/src/time_calculate_node.cpp.o[0m
[0.919s] [ 60%] [32mBuilding CXX object CMakeFiles/time_calculate_node.dir/src/main.cpp.o[0m
[1.069s] In file included from [01m[K/home/dahyeon/dev_ws/src/uni_time/time_calculate/src/tcpNshared.cpp:9[m[K:
[1.069s] [01m[K/home/dahyeon/dev_ws/src/uni_time/time_calculate/include/shm_mutex.h:[m[K In function ‘[01m[Kint __init_shared_memory_master(char*, shm_struct_t*&, pthread_mutexattr_t&)[m[K’:
[1.069s] [01m[K/home/dahyeon/dev_ws/src/uni_time/time_calculate/include/shm_mutex.h:88:28:[m[K [01;35m[Kwarning: [m[K‘[01m[Kvoid* memset(void*, int, size_t)[m[K’ clearing an object of type ‘[01m[Kshm_struct_t[m[K’ {aka ‘[01m[Kstruct shm_struct[m[K’} with no trivial copy-assignment; use assignment or value-initialization instead [[01;35m[K-Wclass-memaccess[m[K]
[1.069s]    88 |     memset(shm, 0, shm_size[01;35m[K)[m[K;
[1.069s]       |                            [01;35m[K^[m[K
[1.069s] [01m[K/home/dahyeon/dev_ws/src/uni_time/time_calculate/include/shm_mutex.h:23:16:[m[K [01;36m[Knote: [m[K‘[01m[Kshm_struct_t[m[K’ {aka ‘[01m[Kstruct shm_struct[m[K’} declared here
[1.069s]    23 | typedef struct [01;36m[Kshm_struct[m[K{
[1.069s]       |                [01;36m[K^~~~~~~~~~[m[K
[1.073s] [01m[K/home/dahyeon/dev_ws/src/uni_time/time_calculate/src/tcpNshared.cpp:[m[K In function ‘[01m[Kint main()[m[K’:
[1.073s] [01m[K/home/dahyeon/dev_ws/src/uni_time/time_calculate/include/shm_mutex.h:16:18:[m[K [01;35m[Kwarning: [m[KISO C++ forbids converting a string constant to ‘[01m[Kchar*[m[K’ [[01;35m[K-Wwrite-strings[m[K]
[1.073s]    16 | #define SHM_NAME [01;35m[K"shm_mem_test"[m[K
[1.073s]       |                  [01;35m[K^~~~~~~~~~~~~~[m[K
[1.073s] [01m[K/home/dahyeon/dev_ws/src/uni_time/time_calculate/src/tcpNshared.cpp:130:39:[m[K [01;36m[Knote: [m[Kin expansion of macro ‘[01m[KSHM_NAME[m[K’
[1.073s]   130 |     ret = __init_shared_memory_master([01;36m[KSHM_NAME[m[K, shm, mtx_attr);
[1.073s]       |                                       [01;36m[K^~~~~~~~[m[K
[1.073s] [01m[K/home/dahyeon/dev_ws/src/uni_time/time_calculate/src/tcpNshared.cpp:128:14:[m[K [01;35m[Kwarning: [m[Kunused variable ‘[01m[Ki[m[K’ [[01;35m[K-Wunused-variable[m[K]
[1.073s]   128 |     int ret, [01;35m[Ki[m[K;
[1.073s]       |              [01;35m[K^[m[K
[1.098s] In file included from [01m[K/home/dahyeon/dev_ws/src/uni_time/time_calculate/src/tcpNshared.cpp:9[m[K:
[1.098s] [01m[K/home/dahyeon/dev_ws/src/uni_time/time_calculate/include/shm_mutex.h:[m[K At global scope:
[1.098s] [01m[K/home/dahyeon/dev_ws/src/uni_time/time_calculate/include/shm_mutex.h:136:12:[m[K [01;35m[Kwarning: [m[K‘[01m[Kint __destory_shared_memory_slave(shm_struct_t*&)[m[K’ defined but not used [[01;35m[K-Wunused-function[m[K]
[1.098s]   136 | static int [01;35m[K__destory_shared_memory_slave[m[K(shm_struct_t* &shm)
[1.098s]       |            [01;35m[K^~~~~~~~~~~~~~~~~~~~~~~~~~~~~[m[K
[1.098s] [01m[K/home/dahyeon/dev_ws/src/uni_time/time_calculate/include/shm_mutex.h:111:12:[m[K [01;35m[Kwarning: [m[K‘[01m[Kint __init_shared_memory_slave(char*, shm_struct_t*&)[m[K’ defined but not used [[01;35m[K-Wunused-function[m[K]
[1.098s]   111 | static int [01;35m[K__init_shared_memory_slave[m[K(char* name, shm_struct_t* &shm)
[1.098s]       |            [01;35m[K^~~~~~~~~~~~~~~~~~~~~~~~~~[m[K
[1.126s] [ 80%] [32m[1mLinking CXX executable create_tcp[0m
[1.184s] [ 80%] Built target create_tcp
[1.887s] In file included from [01m[K/home/dahyeon/dev_ws/src/uni_time/time_calculate/src/time_calculate_node.cpp:2[m[K:
[1.887s] [01m[K/home/dahyeon/dev_ws/src/uni_time/time_calculate/include/shm_mutex.h:[m[K In function ‘[01m[Kint __init_shared_memory_master(char*, shm_struct_t*&, pthread_mutexattr_t&)[m[K’:
[1.887s] [01m[K/home/dahyeon/dev_ws/src/uni_time/time_calculate/include/shm_mutex.h:88:28:[m[K [01;35m[Kwarning: [m[K‘[01m[Kvoid* memset(void*, int, size_t)[m[K’ clearing an object of type ‘[01m[Kshm_struct_t[m[K’ {aka ‘[01m[Kstruct shm_struct[m[K’} with no trivial copy-assignment; use assignment or value-initialization instead [[01;35m[K-Wclass-memaccess[m[K]
[1.887s]    88 |     memset(shm, 0, shm_size[01;35m[K)[m[K;
[1.887s]       |                            [01;35m[K^[m[K
[1.887s] [01m[K/home/dahyeon/dev_ws/src/uni_time/time_calculate/include/shm_mutex.h:23:16:[m[K [01;36m[Knote: [m[K‘[01m[Kshm_struct_t[m[K’ {aka ‘[01m[Kstruct shm_struct[m[K’} declared here
[1.887s]    23 | typedef struct [01;36m[Kshm_struct[m[K{
[1.887s]       |                [01;36m[K^~~~~~~~~~[m[K
[1.905s] [01m[K/home/dahyeon/dev_ws/src/uni_time/time_calculate/src/time_calculate_node.cpp:[m[K In member function ‘[01m[Kvoid TimeCalculateNode::set_alarminfo()[m[K’:
[1.905s] [01m[K/home/dahyeon/dev_ws/src/uni_time/time_calculate/include/shm_mutex.h:16:18:[m[K [01;35m[Kwarning: [m[KISO C++ forbids converting a string constant to ‘[01m[Kchar*[m[K’ [[01;35m[K-Wwrite-strings[m[K]
[1.905s]    16 | #define SHM_NAME [01;35m[K"shm_mem_test"[m[K
[1.905s]       |                  [01;35m[K^~~~~~~~~~~~~~[m[K
[1.905s] [01m[K/home/dahyeon/dev_ws/src/uni_time/time_calculate/src/time_calculate_node.cpp:167:36:[m[K [01;36m[Knote: [m[Kin expansion of macro ‘[01m[KSHM_NAME[m[K’
[1.905s]   167 |   ret = __init_shared_memory_slave([01;36m[KSHM_NAME[m[K, shm);
[1.906s]       |                                    [01;36m[K^~~~~~~~[m[K
[1.906s] [01m[K/home/dahyeon/dev_ws/src/uni_time/time_calculate/src/time_calculate_node.cpp:166:7:[m[K [01;35m[Kwarning: [m[Kvariable ‘[01m[Kret[m[K’ set but not used [[01;35m[K-Wunused-but-set-variable[m[K]
[1.906s]   166 |   int [01;35m[Kret[m[K;
[1.906s]       |       [01;35m[K^~~[m[K
[1.906s] [01m[K/home/dahyeon/dev_ws/src/uni_time/time_calculate/src/time_calculate_node.cpp:[m[K In member function ‘[01m[Kbool TimeCalculateNode::compare_time()[m[K’:
[1.906s] [01m[K/home/dahyeon/dev_ws/src/uni_time/time_calculate/src/time_calculate_node.cpp:195:20:[m[K [01;35m[Kwarning: [m[Kunused variable ‘[01m[Kgtp[m[K’ [[01;35m[K-Wunused-variable[m[K]
[1.906s]   195 |   struct tm *ltp, *[01;35m[Kgtp[m[K;
[1.906s]       |                    [01;35m[K^~~[m[K
[1.907s] [01m[K/home/dahyeon/dev_ws/src/uni_time/time_calculate/src/time_calculate_node.cpp:[m[K In function ‘[01m[Kvoid wait_alarm(std::string)[m[K’:
[1.907s] [01m[K/home/dahyeon/dev_ws/src/uni_time/time_calculate/src/time_calculate_node.cpp:212:20:[m[K [01;35m[Kwarning: [m[Kunused variable ‘[01m[Kgtp[m[K’ [[01;35m[K-Wunused-variable[m[K]
[1.907s]   212 |   struct tm *ltp, *[01;35m[Kgtp[m[K;
[1.907s]       |                    [01;35m[K^~~[m[K
[1.908s] [01m[K/home/dahyeon/dev_ws/src/uni_time/time_calculate/src/time_calculate_node.cpp:[m[K In function ‘[01m[Kvoid sig_int(int)[m[K’:
[1.908s] [01m[K/home/dahyeon/dev_ws/src/uni_time/time_calculate/src/time_calculate_node.cpp:276:18:[m[K [01;35m[Kwarning: [m[Kunused parameter ‘[01m[Ksigno[m[K’ [[01;35m[K-Wunused-parameter[m[K]
[1.908s]   276 | void sig_int([01;35m[Kint signo[m[K)
[1.908s]       |              [01;35m[K~~~~^~~~~[m[K
[2.132s] In file included from [01m[K/home/dahyeon/dev_ws/src/uni_time/time_calculate/src/main.cpp:1[m[K:
[2.132s] [01m[K/home/dahyeon/dev_ws/src/uni_time/time_calculate/include/time_calculate/time_calculate_node.hpp:41:13:[m[K [01;35m[Kwarning: [m[K‘[01m[Kvoid sig_int(int)[m[K’ declared ‘[01m[Kstatic[m[K’ but never defined [[01;35m[K-Wunused-function[m[K]
[2.133s]    41 | static void [01;35m[Ksig_int[m[K(int);
[2.133s]       |             [01;35m[K^~~~~~~[m[K
[2.636s] In file included from [01m[K/home/dahyeon/dev_ws/src/uni_time/time_calculate/src/time_calculate_node.cpp:2[m[K:
[2.636s] [01m[K/home/dahyeon/dev_ws/src/uni_time/time_calculate/include/shm_mutex.h:[m[K At global scope:
[2.636s] [01m[K/home/dahyeon/dev_ws/src/uni_time/time_calculate/include/shm_mutex.h:136:12:[m[K [01;35m[Kwarning: [m[K‘[01m[Kint __destory_shared_memory_slave(shm_struct_t*&)[m[K’ defined but not used [[01;35m[K-Wunused-function[m[K]
[2.636s]   136 | static int [01;35m[K__destory_shared_memory_slave[m[K(shm_struct_t* &shm)
[2.636s]       |            [01;35m[K^~~~~~~~~~~~~~~~~~~~~~~~~~~~~[m[K
[2.636s] [01m[K/home/dahyeon/dev_ws/src/uni_time/time_calculate/include/shm_mutex.h:100:12:[m[K [01;35m[Kwarning: [m[K‘[01m[Kint __destory_shared_memory_master(shm_struct_t*&, pthread_mutexattr_t&)[m[K’ defined but not used [[01;35m[K-Wunused-function[m[K]
[2.636s]   100 | static int [01;35m[K__destory_shared_memory_master[m[K(shm_struct_t* &shm, pthread_mutexattr_t &mtx_attr)
[2.636s]       |            [01;35m[K^~~~~~~~~~~~~~~~~~~~~~~~~~~~~~[m[K
[2.636s] [01m[K/home/dahyeon/dev_ws/src/uni_time/time_calculate/include/shm_mutex.h:66:12:[m[K [01;35m[Kwarning: [m[K‘[01m[Kint __init_shared_memory_master(char*, shm_struct_t*&, pthread_mutexattr_t&)[m[K’ defined but not used [[01;35m[K-Wunused-function[m[K]
[2.636s]    66 | static int [01;35m[K__init_shared_memory_master[m[K(char* name, shm_struct_t* &shm, pthread_mutexattr_t &mtx_attr)
[2.636s]       |            [01;35m[K^~~~~~~~~~~~~~~~~~~~~~~~~~~[m[K
[3.485s] [100%] [32m[1mLinking CXX executable time_calculate_node[0m
[3.619s] [100%] Built target time_calculate_node
[3.628s] Invoked command in '/home/dahyeon/dev_ws/build/time_calculate' returned '0': CMAKE_PREFIX_PATH=/home/dahyeon/dev_ws/install/time_msgs:/home/dahyeon/dev_ws/install/uni_save:/home/dahyeon/dev_ws/install/uni:/home/dahyeon/dev_ws/install/turtlesim:/home/dahyeon/dev_ws/install/topic_service_action_rclcpp_example:/home/dahyeon/dev_ws/install/time_rclcpp_example:/home/dahyeon/dev_ws/install/time_calculate:/home/dahyeon/dev_ws/install/tf2_rclcpp_example:/home/dahyeon/dev_ws/install/testbot_description:/home/dahyeon/dev_ws/install/test:/home/dahyeon/dev_ws/install/srv_alarm_interface:/home/dahyeon/dev_ws/install/rqt_example:/home/dahyeon/dev_ws/install/my_package:/home/dahyeon/dev_ws/install/my_first_ros_rclcpp_pkg:/home/dahyeon/dev_ws/install/msg_srv_action_interface_example:/home/dahyeon/dev_ws/install/cpp_pubsub:/home/dahyeon/dev_ws/install/cpp_parameters:/home/dahyeon/dev_ws/install/topic_service_action_rclpy_example:/home/dahyeon/dev_ws/install/time_rclpy_example:/home/dahyeon/dev_ws/install/time_alarm_handle:/home/dahyeon/dev_ws/install/tf2_rclpy_example:/home/dahyeon/dev_ws/install/ros2env:/home/dahyeon/dev_ws/install/my_first_ros_rclpy_pkg:/home/dahyeon/dev_ws/install/logging_rclpy_example:/opt/ros/foxy LD_LIBRARY_PATH=/home/dahyeon/dev_ws/install/time_msgs/lib:/home/dahyeon/dev_ws/install/turtlesim/lib:/home/dahyeon/dev_ws/install/srv_alarm_interface/lib:/home/dahyeon/dev_ws/install/msg_srv_action_interface_example/lib:/opt/ros/foxy/opt/yaml_cpp_vendor/lib:/opt/ros/foxy/opt/rviz_ogre_vendor/lib:/opt/ros/foxy/lib/x86_64-linux-gnu:/opt/ros/foxy/lib PYTHONPATH=/home/dahyeon/dev_ws/install/time_msgs/lib/python3.8/site-packages:/home/dahyeon/dev_ws/install/turtlesim/lib/python3.8/site-packages:/home/dahyeon/dev_ws/build/topic_service_action_rclpy_example:/home/dahyeon/dev_ws/install/topic_service_action_rclpy_example/lib/python3.8/site-packages:/home/dahyeon/dev_ws/build/time_rclpy_example:/home/dahyeon/dev_ws/install/time_rclpy_example/lib/python3.8/site-packages:/home/dahyeon/dev_ws/build/time_alarm_handle:/home/dahyeon/dev_ws/install/time_alarm_handle/lib/python3.8/site-packages:/home/dahyeon/dev_ws/build/tf2_rclpy_example:/home/dahyeon/dev_ws/install/tf2_rclpy_example/lib/python3.8/site-packages:/home/dahyeon/dev_ws/install/srv_alarm_interface/lib/python3.8/site-packages:/home/dahyeon/dev_ws/install/rqt_example/lib/python3.8/site-packages:/home/dahyeon/dev_ws/build/ros2env:/home/dahyeon/dev_ws/install/ros2env/lib/python3.8/site-packages:/home/dahyeon/dev_ws/build/my_first_ros_rclpy_pkg:/home/dahyeon/dev_ws/install/my_first_ros_rclpy_pkg/lib/python3.8/site-packages:/home/dahyeon/dev_ws/install/msg_srv_action_interface_example/lib/python3.8/site-packages:/home/dahyeon/dev_ws/build/logging_rclpy_example:/home/dahyeon/dev_ws/install/logging_rclpy_example/lib/python3.8/site-packages:/opt/ros/foxy/lib/python3.8/site-packages /usr/bin/cmake --build /home/dahyeon/dev_ws/build/time_calculate -- -j12 -l12
[3.647s] Invoking command in '/home/dahyeon/dev_ws/build/time_calculate': CMAKE_PREFIX_PATH=/home/dahyeon/dev_ws/install/time_msgs:/home/dahyeon/dev_ws/install/uni_save:/home/dahyeon/dev_ws/install/uni:/home/dahyeon/dev_ws/install/turtlesim:/home/dahyeon/dev_ws/install/topic_service_action_rclcpp_example:/home/dahyeon/dev_ws/install/time_rclcpp_example:/home/dahyeon/dev_ws/install/time_calculate:/home/dahyeon/dev_ws/install/tf2_rclcpp_example:/home/dahyeon/dev_ws/install/testbot_description:/home/dahyeon/dev_ws/install/test:/home/dahyeon/dev_ws/install/srv_alarm_interface:/home/dahyeon/dev_ws/install/rqt_example:/home/dahyeon/dev_ws/install/my_package:/home/dahyeon/dev_ws/install/my_first_ros_rclcpp_pkg:/home/dahyeon/dev_ws/install/msg_srv_action_interface_example:/home/dahyeon/dev_ws/install/cpp_pubsub:/home/dahyeon/dev_ws/install/cpp_parameters:/home/dahyeon/dev_ws/install/topic_service_action_rclpy_example:/home/dahyeon/dev_ws/install/time_rclpy_example:/home/dahyeon/dev_ws/install/time_alarm_handle:/home/dahyeon/dev_ws/install/tf2_rclpy_example:/home/dahyeon/dev_ws/install/ros2env:/home/dahyeon/dev_ws/install/my_first_ros_rclpy_pkg:/home/dahyeon/dev_ws/install/logging_rclpy_example:/opt/ros/foxy LD_LIBRARY_PATH=/home/dahyeon/dev_ws/install/time_msgs/lib:/home/dahyeon/dev_ws/install/turtlesim/lib:/home/dahyeon/dev_ws/install/srv_alarm_interface/lib:/home/dahyeon/dev_ws/install/msg_srv_action_interface_example/lib:/opt/ros/foxy/opt/yaml_cpp_vendor/lib:/opt/ros/foxy/opt/rviz_ogre_vendor/lib:/opt/ros/foxy/lib/x86_64-linux-gnu:/opt/ros/foxy/lib PYTHONPATH=/home/dahyeon/dev_ws/install/time_msgs/lib/python3.8/site-packages:/home/dahyeon/dev_ws/install/turtlesim/lib/python3.8/site-packages:/home/dahyeon/dev_ws/build/topic_service_action_rclpy_example:/home/dahyeon/dev_ws/install/topic_service_action_rclpy_example/lib/python3.8/site-packages:/home/dahyeon/dev_ws/build/time_rclpy_example:/home/dahyeon/dev_ws/install/time_rclpy_example/lib/python3.8/site-packages:/home/dahyeon/dev_ws/build/time_alarm_handle:/home/dahyeon/dev_ws/install/time_alarm_handle/lib/python3.8/site-packages:/home/dahyeon/dev_ws/build/tf2_rclpy_example:/home/dahyeon/dev_ws/install/tf2_rclpy_example/lib/python3.8/site-packages:/home/dahyeon/dev_ws/install/srv_alarm_interface/lib/python3.8/site-packages:/home/dahyeon/dev_ws/install/rqt_example/lib/python3.8/site-packages:/home/dahyeon/dev_ws/build/ros2env:/home/dahyeon/dev_ws/install/ros2env/lib/python3.8/site-packages:/home/dahyeon/dev_ws/build/my_first_ros_rclpy_pkg:/home/dahyeon/dev_ws/install/my_first_ros_rclpy_pkg/lib/python3.8/site-packages:/home/dahyeon/dev_ws/install/msg_srv_action_interface_example/lib/python3.8/site-packages:/home/dahyeon/dev_ws/build/logging_rclpy_example:/home/dahyeon/dev_ws/install/logging_rclpy_example/lib/python3.8/site-packages:/opt/ros/foxy/lib/python3.8/site-packages /usr/bin/cmake --install /home/dahyeon/dev_ws/build/time_calculate
[3.653s] -- Install configuration: ""
[3.653s] -- Execute custom install script
[3.654s] -- Up-to-date symlink: /home/dahyeon/dev_ws/install/time_calculate/lib/time_calculate/time_calculate_node
[3.654s] -- Symlinking: /home/dahyeon/dev_ws/install/time_calculate/lib/time_calculate/create_tcp
[3.661s] -- Up-to-date symlink: /home/dahyeon/dev_ws/install/time_calculate/share/ament_index/resource_index/package_run_dependencies/time_calculate
[3.661s] -- Up-to-date symlink: /home/dahyeon/dev_ws/install/time_calculate/share/ament_index/resource_index/parent_prefix_path/time_calculate
[3.662s] -- Up-to-date symlink: /home/dahyeon/dev_ws/install/time_calculate/share/time_calculate/environment/ament_prefix_path.sh
[3.662s] -- Up-to-date symlink: /home/dahyeon/dev_ws/install/time_calculate/share/time_calculate/environment/ament_prefix_path.dsv
[3.662s] -- Up-to-date symlink: /home/dahyeon/dev_ws/install/time_calculate/share/time_calculate/environment/path.sh
[3.663s] -- Up-to-date symlink: /home/dahyeon/dev_ws/install/time_calculate/share/time_calculate/environment/path.dsv
[3.663s] -- Up-to-date symlink: /home/dahyeon/dev_ws/install/time_calculate/share/time_calculate/local_setup.bash
[3.663s] -- Up-to-date symlink: /home/dahyeon/dev_ws/install/time_calculate/share/time_calculate/local_setup.sh
[3.663s] -- Up-to-date symlink: /home/dahyeon/dev_ws/install/time_calculate/share/time_calculate/local_setup.zsh
[3.664s] -- Up-to-date symlink: /home/dahyeon/dev_ws/install/time_calculate/share/time_calculate/local_setup.dsv
[3.664s] -- Symlinking: /home/dahyeon/dev_ws/install/time_calculate/share/time_calculate/package.dsv
[3.671s] -- Up-to-date symlink: /home/dahyeon/dev_ws/install/time_calculate/share/ament_index/resource_index/packages/time_calculate
[3.671s] -- Up-to-date symlink: /home/dahyeon/dev_ws/install/time_calculate/share/time_calculate/cmake/time_calculateConfig.cmake
[3.671s] -- Up-to-date symlink: /home/dahyeon/dev_ws/install/time_calculate/share/time_calculate/cmake/time_calculateConfig-version.cmake
[3.672s] -- Up-to-date symlink: /home/dahyeon/dev_ws/install/time_calculate/share/time_calculate/package.xml
[3.674s] Invoked command in '/home/dahyeon/dev_ws/build/time_calculate' returned '0': CMAKE_PREFIX_PATH=/home/dahyeon/dev_ws/install/time_msgs:/home/dahyeon/dev_ws/install/uni_save:/home/dahyeon/dev_ws/install/uni:/home/dahyeon/dev_ws/install/turtlesim:/home/dahyeon/dev_ws/install/topic_service_action_rclcpp_example:/home/dahyeon/dev_ws/install/time_rclcpp_example:/home/dahyeon/dev_ws/install/time_calculate:/home/dahyeon/dev_ws/install/tf2_rclcpp_example:/home/dahyeon/dev_ws/install/testbot_description:/home/dahyeon/dev_ws/install/test:/home/dahyeon/dev_ws/install/srv_alarm_interface:/home/dahyeon/dev_ws/install/rqt_example:/home/dahyeon/dev_ws/install/my_package:/home/dahyeon/dev_ws/install/my_first_ros_rclcpp_pkg:/home/dahyeon/dev_ws/install/msg_srv_action_interface_example:/home/dahyeon/dev_ws/install/cpp_pubsub:/home/dahyeon/dev_ws/install/cpp_parameters:/home/dahyeon/dev_ws/install/topic_service_action_rclpy_example:/home/dahyeon/dev_ws/install/time_rclpy_example:/home/dahyeon/dev_ws/install/time_alarm_handle:/home/dahyeon/dev_ws/install/tf2_rclpy_example:/home/dahyeon/dev_ws/install/ros2env:/home/dahyeon/dev_ws/install/my_first_ros_rclpy_pkg:/home/dahyeon/dev_ws/install/logging_rclpy_example:/opt/ros/foxy LD_LIBRARY_PATH=/home/dahyeon/dev_ws/install/time_msgs/lib:/home/dahyeon/dev_ws/install/turtlesim/lib:/home/dahyeon/dev_ws/install/srv_alarm_interface/lib:/home/dahyeon/dev_ws/install/msg_srv_action_interface_example/lib:/opt/ros/foxy/opt/yaml_cpp_vendor/lib:/opt/ros/foxy/opt/rviz_ogre_vendor/lib:/opt/ros/foxy/lib/x86_64-linux-gnu:/opt/ros/foxy/lib PYTHONPATH=/home/dahyeon/dev_ws/install/time_msgs/lib/python3.8/site-packages:/home/dahyeon/dev_ws/install/turtlesim/lib/python3.8/site-packages:/home/dahyeon/dev_ws/build/topic_service_action_rclpy_example:/home/dahyeon/dev_ws/install/topic_service_action_rclpy_example/lib/python3.8/site-packages:/home/dahyeon/dev_ws/build/time_rclpy_example:/home/dahyeon/dev_ws/install/time_rclpy_example/lib/python3.8/site-packages:/home/dahyeon/dev_ws/build/time_alarm_handle:/home/dahyeon/dev_ws/install/time_alarm_handle/lib/python3.8/site-packages:/home/dahyeon/dev_ws/build/tf2_rclpy_example:/home/dahyeon/dev_ws/install/tf2_rclpy_example/lib/python3.8/site-packages:/home/dahyeon/dev_ws/install/srv_alarm_interface/lib/python3.8/site-packages:/home/dahyeon/dev_ws/install/rqt_example/lib/python3.8/site-packages:/home/dahyeon/dev_ws/build/ros2env:/home/dahyeon/dev_ws/install/ros2env/lib/python3.8/site-packages:/home/dahyeon/dev_ws/build/my_first_ros_rclpy_pkg:/home/dahyeon/dev_ws/install/my_first_ros_rclpy_pkg/lib/python3.8/site-packages:/home/dahyeon/dev_ws/install/msg_srv_action_interface_example/lib/python3.8/site-packages:/home/dahyeon/dev_ws/build/logging_rclpy_example:/home/dahyeon/dev_ws/install/logging_rclpy_example/lib/python3.8/site-packages:/opt/ros/foxy/lib/python3.8/site-packages /usr/bin/cmake --install /home/dahyeon/dev_ws/build/time_calculate
