[0.000000] (-) TimerEvent: {}
[0.000416] (-) JobUnselected: {'identifier': 'cpp_parameters'}
[0.000442] (-) JobUnselected: {'identifier': 'cpp_pubsub'}
[0.000494] (-) JobUnselected: {'identifier': 'cpp_pubsub'}
[0.000537] (-) JobUnselected: {'identifier': 'logging_rclpy_example'}
[0.000587] (-) JobUnselected: {'identifier': 'msg_srv_action_interface_example'}
[0.000611] (-) JobUnselected: {'identifier': 'my_first_ros_rclcpp_pkg'}
[0.000625] (-) JobUnselected: {'identifier': 'my_first_ros_rclpy_pkg'}
[0.000637] (-) JobUnselected: {'identifier': 'my_package'}
[0.000648] (-) JobUnselected: {'identifier': 'ros2env'}
[0.000659] (-) JobUnselected: {'identifier': 'rqt_example'}
[0.000670] (-) JobUnselected: {'identifier': 'srv_alarm_interface'}
[0.000686] (-) JobUnselected: {'identifier': 'test'}
[0.000734] (-) JobUnselected: {'identifier': 'test'}
[0.000760] (-) JobUnselected: {'identifier': 'testbot_description'}
[0.000785] (-) JobUnselected: {'identifier': 'tf2_rclcpp_example'}
[0.000795] (-) JobUnselected: {'identifier': 'tf2_rclpy_example'}
[0.000806] (-) JobUnselected: {'identifier': 'time_rclcpp_example'}
[0.000816] (-) JobUnselected: {'identifier': 'time_rclpy_example'}
[0.000827] (-) JobUnselected: {'identifier': 'topic_service_action_rclcpp_example'}
[0.000838] (-) JobUnselected: {'identifier': 'topic_service_action_rclpy_example'}
[0.000848] (-) JobUnselected: {'identifier': 'turtlesim'}
[0.000860] (-) JobUnselected: {'identifier': 'uni'}
[0.000871] (-) JobUnselected: {'identifier': 'uni_save'}
[0.000882] (-) EventReactorShutdown: {}
