[0.012s] Invoking command in '/home/dahyeon/dev_ws/build/turtlesim': CMAKE_PREFIX_PATH=/opt/ros/foxy /usr/bin/cmake /home/dahyeon/dev_ws/src/ros_tutorials/turtlesim -DCMAKE_INSTALL_PREFIX=/home/dahyeon/dev_ws/install/turtlesim
[0.157s] -- The C compiler identification is GNU 9.3.0
[0.254s] -- The CXX compiler identification is GNU 9.3.0
[0.262s] -- Check for working C compiler: /usr/bin/cc
[0.309s] -- Check for working C compiler: /usr/bin/cc -- works
[0.310s] -- Detecting C compiler ABI info
[0.357s] -- Detecting C compiler ABI info - done
[0.366s] -- Detecting C compile features
[0.366s] -- Detecting C compile features - done
[0.369s] -- Check for working CXX compiler: /usr/bin/c++
[0.424s] -- Check for working CXX compiler: /usr/bin/c++ -- works
[0.425s] -- Detecting CXX compiler ABI info
[0.477s] -- Detecting CXX compiler ABI info - done
[0.486s] -- Detecting CXX compile features
[0.486s] -- Detecting CXX compile features - done
[0.489s] -- Found ament_cmake: 0.9.9 (/opt/ros/foxy/share/ament_cmake/cmake)
[0.511s] -- Found PythonInterp: /usr/bin/python3 (found suitable version "3.8.10", minimum required is "3") 
[0.511s] -- Using PYTHON_EXECUTABLE: /usr/bin/python3
[0.684s] -- Found ament_index_cpp: 1.1.0 (/opt/ros/foxy/share/ament_index_cpp/cmake)
[0.688s] -- Found geometry_msgs: 2.0.5 (/opt/ros/foxy/share/geometry_msgs/cmake)
[0.720s] -- Using all available rosidl_typesupport_c: rosidl_typesupport_fastrtps_c;rosidl_typesupport_introspection_c
[0.728s] -- Found rosidl_adapter: 1.2.1 (/opt/ros/foxy/share/rosidl_adapter/cmake)
[0.792s] -- Found OpenSSL: /usr/lib/x86_64-linux-gnu/libcrypto.so (found version "1.1.1f")  
[0.815s] -- Found FastRTPS: /opt/ros/foxy/include  
[0.890s] -- Using all available rosidl_typesupport_cpp: rosidl_typesupport_fastrtps_cpp;rosidl_typesupport_introspection_cpp
[0.991s] -- Found rclcpp: 2.4.1 (/opt/ros/foxy/share/rclcpp/cmake)
[1.045s] -- Found rmw_implementation_cmake: 1.0.3 (/opt/ros/foxy/share/rmw_implementation_cmake/cmake)
[1.047s] -- Using RMW implementation 'rmw_fastrtps_cpp' as default
[1.049s] -- Looking for pthread.h
[1.108s] -- Looking for pthread.h - found
[1.108s] -- Performing Test CMAKE_HAVE_LIBC_PTHREAD
[1.156s] -- Performing Test CMAKE_HAVE_LIBC_PTHREAD - Failed
[1.157s] -- Looking for pthread_create in pthreads
[1.199s] -- Looking for pthread_create in pthreads - not found
[1.199s] -- Looking for pthread_create in pthread
[1.248s] -- Looking for pthread_create in pthread - found
[1.249s] -- Found Threads: TRUE  
[1.374s] -- Found rclcpp_action: 2.4.1 (/opt/ros/foxy/share/rclcpp_action/cmake)
[1.445s] -- Found rosidl_default_generators: 1.0.1 (/opt/ros/foxy/share/rosidl_default_generators/cmake)
[1.456s] -- Found std_srvs: 2.0.5 (/opt/ros/foxy/share/std_srvs/cmake)
[1.482s] -- Found PythonInterp: /usr/bin/python3 (found version "3.8.10") 
[1.620s] -- Found ament_cmake_ros: 0.9.2 (/opt/ros/foxy/share/ament_cmake_ros/cmake)
[1.721s] -- Using all available rosidl_typesupport_c: rosidl_typesupport_fastrtps_c;rosidl_typesupport_introspection_c
[1.742s] -- Using all available rosidl_typesupport_cpp: rosidl_typesupport_fastrtps_cpp;rosidl_typesupport_introspection_cpp
[1.761s] -- Found PythonInterp: /usr/bin/python3 (found suitable version "3.8.10", minimum required is "3.5") 
[1.763s] -- Found python_cmake_module: 0.8.1 (/opt/ros/foxy/share/python_cmake_module/cmake)
[1.785s] -- Found PythonLibs: /usr/lib/x86_64-linux-gnu/libpython3.8.so (found suitable version "3.8.10", minimum required is "3.5") 
[1.785s] -- Using PYTHON_EXECUTABLE: /usr/bin/python3
[1.785s] -- Using PYTHON_INCLUDE_DIRS: /usr/include/python3.8
[1.785s] -- Using PYTHON_LIBRARIES: /usr/lib/x86_64-linux-gnu/libpython3.8.so
[1.801s] -- Found PythonExtra: .so  
[1.857s] -- Configuring done
[1.918s] -- Generating done
[1.920s] -- Build files have been written to: /home/dahyeon/dev_ws/build/turtlesim
[1.926s] Invoked command in '/home/dahyeon/dev_ws/build/turtlesim' returned '0': CMAKE_PREFIX_PATH=/opt/ros/foxy /usr/bin/cmake /home/dahyeon/dev_ws/src/ros_tutorials/turtlesim -DCMAKE_INSTALL_PREFIX=/home/dahyeon/dev_ws/install/turtlesim
[1.928s] Invoking command in '/home/dahyeon/dev_ws/build/turtlesim': CMAKE_PREFIX_PATH=/opt/ros/foxy /usr/bin/cmake --build /home/dahyeon/dev_ws/build/turtlesim -- -j12 -l12
[1.957s] [  1%] [34m[1mGenerating C code for ROS interfaces[0m
[1.957s] [35m[1mScanning dependencies of target turtlesim__cpp[0m
[1.964s] [  2%] [34m[1mGenerating C++ code for ROS interfaces[0m
[2.585s] [35m[1mScanning dependencies of target turtlesim__rosidl_generator_c[0m
[2.593s] [  2%] Built target turtlesim__cpp
[2.602s] [  5%] [34m[1mGenerating C++ introspection for ROS interfaces[0m
[2.603s] [  5%] [34m[1mGenerating C++ type support dispatch for ROS interfaces[0m
[2.603s] [  5%] [34m[1mGenerating C++ type support for eProsima Fast-RTPS[0m
[2.609s] [  9%] [32mBuilding C object CMakeFiles/turtlesim__rosidl_generator_c.dir/rosidl_generator_c/turtlesim/srv/detail/kill__functions.c.o[0m
[2.609s] [  9%] [32mBuilding C object CMakeFiles/turtlesim__rosidl_generator_c.dir/rosidl_generator_c/turtlesim/msg/detail/color__functions.c.o[0m
[2.609s] [  9%] [32mBuilding C object CMakeFiles/turtlesim__rosidl_generator_c.dir/rosidl_generator_c/turtlesim/action/detail/rotate_absolute__functions.c.o[0m
[2.609s] [ 10%] [32mBuilding C object CMakeFiles/turtlesim__rosidl_generator_c.dir/rosidl_generator_c/turtlesim/srv/detail/set_pen__functions.c.o[0m
[2.609s] [ 12%] [32mBuilding C object CMakeFiles/turtlesim__rosidl_generator_c.dir/rosidl_generator_c/turtlesim/srv/detail/teleport_absolute__functions.c.o[0m
[2.609s] [ 12%] [32mBuilding C object CMakeFiles/turtlesim__rosidl_generator_c.dir/rosidl_generator_c/turtlesim/srv/detail/teleport_relative__functions.c.o[0m
[2.610s] [ 12%] [32mBuilding C object CMakeFiles/turtlesim__rosidl_generator_c.dir/rosidl_generator_c/turtlesim/msg/detail/pose__functions.c.o[0m
[2.614s] [ 13%] [32mBuilding C object CMakeFiles/turtlesim__rosidl_generator_c.dir/rosidl_generator_c/turtlesim/srv/detail/spawn__functions.c.o[0m
[2.694s] [ 14%] [32m[1mLinking C shared library libturtlesim__rosidl_generator_c.so[0m
[2.728s] [ 14%] Built target turtlesim__rosidl_generator_c
[2.736s] [ 16%] [34m[1mGenerating C type support dispatch for ROS interfaces[0m
[2.737s] [ 16%] [34m[1mGenerating C introspection for ROS interfaces[0m
[3.024s] [35m[1mScanning dependencies of target turtlesim__rosidl_typesupport_cpp[0m
[3.053s] [ 17%] [32mBuilding CXX object CMakeFiles/turtlesim__rosidl_typesupport_cpp.dir/rosidl_typesupport_cpp/turtlesim/srv/set_pen__type_support.cpp.o[0m
[3.053s] [ 19%] [32mBuilding CXX object CMakeFiles/turtlesim__rosidl_typesupport_cpp.dir/rosidl_typesupport_cpp/turtlesim/srv/kill__type_support.cpp.o[0m
[3.053s] [ 19%] [32mBuilding CXX object CMakeFiles/turtlesim__rosidl_typesupport_cpp.dir/rosidl_typesupport_cpp/turtlesim/msg/color__type_support.cpp.o[0m
[3.053s] [ 20%] [32mBuilding CXX object CMakeFiles/turtlesim__rosidl_typesupport_cpp.dir/rosidl_typesupport_cpp/turtlesim/action/rotate_absolute__type_support.cpp.o[0m
[3.053s] [ 21%] [32mBuilding CXX object CMakeFiles/turtlesim__rosidl_typesupport_cpp.dir/rosidl_typesupport_cpp/turtlesim/srv/teleport_absolute__type_support.cpp.o[0m
[3.053s] [ 22%] [32mBuilding CXX object CMakeFiles/turtlesim__rosidl_typesupport_cpp.dir/rosidl_typesupport_cpp/turtlesim/srv/spawn__type_support.cpp.o[0m
[3.054s] [ 23%] [32mBuilding CXX object CMakeFiles/turtlesim__rosidl_typesupport_cpp.dir/rosidl_typesupport_cpp/turtlesim/msg/pose__type_support.cpp.o[0m
[3.063s] [ 24%] [32mBuilding CXX object CMakeFiles/turtlesim__rosidl_typesupport_cpp.dir/rosidl_typesupport_cpp/turtlesim/srv/teleport_relative__type_support.cpp.o[0m
[3.253s] [35m[1mScanning dependencies of target turtlesim__rosidl_typesupport_c[0m
[3.325s] [ 25%] [32mBuilding CXX object CMakeFiles/turtlesim__rosidl_typesupport_c.dir/rosidl_typesupport_c/turtlesim/action/rotate_absolute__type_support.cpp.o[0m
[3.431s] [ 26%] [32mBuilding CXX object CMakeFiles/turtlesim__rosidl_typesupport_c.dir/rosidl_typesupport_c/turtlesim/msg/color__type_support.cpp.o[0m
[3.460s] [ 27%] [32mBuilding CXX object CMakeFiles/turtlesim__rosidl_typesupport_c.dir/rosidl_typesupport_c/turtlesim/srv/kill__type_support.cpp.o[0m
[3.460s] [ 28%] [32mBuilding CXX object CMakeFiles/turtlesim__rosidl_typesupport_c.dir/rosidl_typesupport_c/turtlesim/msg/pose__type_support.cpp.o[0m
[3.465s] [ 29%] [32mBuilding CXX object CMakeFiles/turtlesim__rosidl_typesupport_c.dir/rosidl_typesupport_c/turtlesim/srv/set_pen__type_support.cpp.o[0m
[3.465s] [ 30%] [32mBuilding CXX object CMakeFiles/turtlesim__rosidl_typesupport_c.dir/rosidl_typesupport_c/turtlesim/srv/spawn__type_support.cpp.o[0m
[3.466s] [35m[1mScanning dependencies of target turtlesim__rosidl_typesupport_introspection_cpp[0m
[3.479s] [ 31%] [32mBuilding CXX object CMakeFiles/turtlesim__rosidl_typesupport_c.dir/rosidl_typesupport_c/turtlesim/srv/teleport_absolute__type_support.cpp.o[0m
[3.483s] [ 32%] [32mBuilding CXX object CMakeFiles/turtlesim__rosidl_typesupport_c.dir/rosidl_typesupport_c/turtlesim/srv/teleport_relative__type_support.cpp.o[0m
[3.484s] [35m[1mScanning dependencies of target turtlesim__rosidl_typesupport_fastrtps_cpp[0m
[3.488s] [ 33%] [32mBuilding CXX object CMakeFiles/turtlesim__rosidl_typesupport_introspection_cpp.dir/rosidl_typesupport_introspection_cpp/turtlesim/action/detail/rotate_absolute__type_support.cpp.o[0m
[3.493s] [ 34%] [32mBuilding CXX object CMakeFiles/turtlesim__rosidl_typesupport_introspection_cpp.dir/rosidl_typesupport_introspection_cpp/turtlesim/msg/detail/color__type_support.cpp.o[0m
[3.495s] [ 35%] [32mBuilding CXX object CMakeFiles/turtlesim__rosidl_typesupport_introspection_cpp.dir/rosidl_typesupport_introspection_cpp/turtlesim/srv/detail/kill__type_support.cpp.o[0m
[3.496s] [ 36%] [32mBuilding CXX object CMakeFiles/turtlesim__rosidl_typesupport_introspection_cpp.dir/rosidl_typesupport_introspection_cpp/turtlesim/msg/detail/pose__type_support.cpp.o[0m
[3.498s] [ 37%] [32mBuilding CXX object CMakeFiles/turtlesim__rosidl_typesupport_introspection_cpp.dir/rosidl_typesupport_introspection_cpp/turtlesim/srv/detail/set_pen__type_support.cpp.o[0m
[3.502s] [35m[1mScanning dependencies of target turtlesim__rosidl_typesupport_introspection_c[0m
[3.502s] [ 38%] [32mBuilding CXX object CMakeFiles/turtlesim__rosidl_typesupport_introspection_cpp.dir/rosidl_typesupport_introspection_cpp/turtlesim/srv/detail/spawn__type_support.cpp.o[0m
[3.503s] [ 39%] [32mBuilding CXX object CMakeFiles/turtlesim__rosidl_typesupport_introspection_cpp.dir/rosidl_typesupport_introspection_cpp/turtlesim/srv/detail/teleport_absolute__type_support.cpp.o[0m
[3.509s] [ 40%] [32m[1mLinking CXX shared library libturtlesim__rosidl_typesupport_cpp.so[0m
[3.514s] [ 41%] [32mBuilding CXX object CMakeFiles/turtlesim__rosidl_typesupport_introspection_cpp.dir/rosidl_typesupport_introspection_cpp/turtlesim/srv/detail/teleport_relative__type_support.cpp.o[0m
[3.518s] [ 42%] [32m[1mLinking CXX shared library libturtlesim__rosidl_typesupport_c.so[0m
[3.526s] [ 43%] [32mBuilding C object CMakeFiles/turtlesim__rosidl_typesupport_introspection_c.dir/rosidl_typesupport_introspection_c/turtlesim/action/detail/rotate_absolute__type_support.c.o[0m
[3.541s] [ 44%] [32mBuilding CXX object CMakeFiles/turtlesim__rosidl_typesupport_fastrtps_cpp.dir/rosidl_typesupport_fastrtps_cpp/turtlesim/action/detail/dds_fastrtps/rotate_absolute__type_support.cpp.o[0m
[3.557s] [ 44%] Built target turtlesim__rosidl_typesupport_cpp
[3.567s] [ 45%] [32mBuilding C object CMakeFiles/turtlesim__rosidl_typesupport_introspection_c.dir/rosidl_typesupport_introspection_c/turtlesim/msg/detail/color__type_support.c.o[0m
[3.567s] [ 45%] Built target turtlesim__rosidl_typesupport_c
[3.577s] [ 47%] [32mBuilding C object CMakeFiles/turtlesim__rosidl_typesupport_introspection_c.dir/rosidl_typesupport_introspection_c/turtlesim/msg/detail/pose__type_support.c.o[0m
[3.577s] [ 47%] [32mBuilding CXX object CMakeFiles/turtlesim__rosidl_typesupport_fastrtps_cpp.dir/rosidl_typesupport_fastrtps_cpp/turtlesim/msg/detail/dds_fastrtps/color__type_support.cpp.o[0m
[3.601s] [ 48%] [32mBuilding C object CMakeFiles/turtlesim__rosidl_typesupport_introspection_c.dir/rosidl_typesupport_introspection_c/turtlesim/srv/detail/kill__type_support.c.o[0m
[3.613s] [ 49%] [32mBuilding C object CMakeFiles/turtlesim__rosidl_typesupport_introspection_c.dir/rosidl_typesupport_introspection_c/turtlesim/srv/detail/set_pen__type_support.c.o[0m
[3.640s] [ 50%] [32mBuilding C object CMakeFiles/turtlesim__rosidl_typesupport_introspection_c.dir/rosidl_typesupport_introspection_c/turtlesim/srv/detail/spawn__type_support.c.o[0m
[3.656s] [ 51%] [32mBuilding C object CMakeFiles/turtlesim__rosidl_typesupport_introspection_c.dir/rosidl_typesupport_introspection_c/turtlesim/srv/detail/teleport_absolute__type_support.c.o[0m
[3.686s] [ 52%] [32mBuilding C object CMakeFiles/turtlesim__rosidl_typesupport_introspection_c.dir/rosidl_typesupport_introspection_c/turtlesim/srv/detail/teleport_relative__type_support.c.o[0m
[3.697s] [ 53%] [32mBuilding CXX object CMakeFiles/turtlesim__rosidl_typesupport_fastrtps_cpp.dir/rosidl_typesupport_fastrtps_cpp/turtlesim/msg/detail/dds_fastrtps/pose__type_support.cpp.o[0m
[3.734s] [ 54%] [32m[1mLinking C shared library libturtlesim__rosidl_typesupport_introspection_c.so[0m
[3.779s] [ 54%] Built target turtlesim__rosidl_typesupport_introspection_c
[3.790s] [ 55%] [32mBuilding CXX object CMakeFiles/turtlesim__rosidl_typesupport_fastrtps_cpp.dir/rosidl_typesupport_fastrtps_cpp/turtlesim/srv/detail/dds_fastrtps/kill__type_support.cpp.o[0m
[3.855s] [ 57%] [32mBuilding CXX object CMakeFiles/turtlesim__rosidl_typesupport_fastrtps_cpp.dir/rosidl_typesupport_fastrtps_cpp/turtlesim/srv/detail/dds_fastrtps/spawn__type_support.cpp.o[0m
[3.855s] [ 57%] [32mBuilding CXX object CMakeFiles/turtlesim__rosidl_typesupport_fastrtps_cpp.dir/rosidl_typesupport_fastrtps_cpp/turtlesim/srv/detail/dds_fastrtps/set_pen__type_support.cpp.o[0m
[3.862s] [ 58%] [32mBuilding CXX object CMakeFiles/turtlesim__rosidl_typesupport_fastrtps_cpp.dir/rosidl_typesupport_fastrtps_cpp/turtlesim/srv/detail/dds_fastrtps/teleport_absolute__type_support.cpp.o[0m
[3.874s] [ 59%] [32mBuilding CXX object CMakeFiles/turtlesim__rosidl_typesupport_fastrtps_cpp.dir/rosidl_typesupport_fastrtps_cpp/turtlesim/srv/detail/dds_fastrtps/teleport_relative__type_support.cpp.o[0m
[3.915s] [ 60%] [32m[1mLinking CXX shared library libturtlesim__rosidl_typesupport_introspection_cpp.so[0m
[4.015s] [ 60%] Built target turtlesim__rosidl_typesupport_introspection_cpp
[4.325s] [ 61%] [32m[1mLinking CXX shared library libturtlesim__rosidl_typesupport_fastrtps_cpp.so[0m
[4.384s] [ 61%] Built target turtlesim__rosidl_typesupport_fastrtps_cpp
[4.390s] [ 62%] [34m[1mGenerating C type support for eProsima Fast-RTPS[0m
[4.939s] [35m[1mScanning dependencies of target turtlesim__rosidl_typesupport_fastrtps_c[0m
[4.966s] [ 65%] [32mBuilding CXX object CMakeFiles/turtlesim__rosidl_typesupport_fastrtps_c.dir/rosidl_typesupport_fastrtps_c/turtlesim/srv/detail/kill__type_support_c.cpp.o[0m
[4.966s] [ 65%] [32mBuilding CXX object CMakeFiles/turtlesim__rosidl_typesupport_fastrtps_c.dir/rosidl_typesupport_fastrtps_c/turtlesim/action/detail/rotate_absolute__type_support_c.cpp.o[0m
[4.966s] [ 65%] [32mBuilding CXX object CMakeFiles/turtlesim__rosidl_typesupport_fastrtps_c.dir/rosidl_typesupport_fastrtps_c/turtlesim/msg/detail/color__type_support_c.cpp.o[0m
[4.967s] [ 66%] [32mBuilding CXX object CMakeFiles/turtlesim__rosidl_typesupport_fastrtps_c.dir/rosidl_typesupport_fastrtps_c/turtlesim/srv/detail/set_pen__type_support_c.cpp.o[0m
[4.967s] [ 67%] [32mBuilding CXX object CMakeFiles/turtlesim__rosidl_typesupport_fastrtps_c.dir/rosidl_typesupport_fastrtps_c/turtlesim/msg/detail/pose__type_support_c.cpp.o[0m
[4.968s] [ 68%] [32mBuilding CXX object CMakeFiles/turtlesim__rosidl_typesupport_fastrtps_c.dir/rosidl_typesupport_fastrtps_c/turtlesim/srv/detail/spawn__type_support_c.cpp.o[0m
[4.968s] [ 69%] [32mBuilding CXX object CMakeFiles/turtlesim__rosidl_typesupport_fastrtps_c.dir/rosidl_typesupport_fastrtps_c/turtlesim/srv/detail/teleport_relative__type_support_c.cpp.o[0m
[4.968s] [ 70%] [32mBuilding CXX object CMakeFiles/turtlesim__rosidl_typesupport_fastrtps_c.dir/rosidl_typesupport_fastrtps_c/turtlesim/srv/detail/teleport_absolute__type_support_c.cpp.o[0m
[5.428s] [ 71%] [32m[1mLinking CXX shared library libturtlesim__rosidl_typesupport_fastrtps_c.so[0m
[5.490s] [ 71%] Built target turtlesim__rosidl_typesupport_fastrtps_c
[5.496s] [35m[1mScanning dependencies of target turtlesim[0m
[5.503s] [ 71%] Built target turtlesim
[5.510s] [ 72%] [34m[1mGenerating include/turtlesim/moc_turtle_frame.cpp[0m
[5.510s] [35m[1mScanning dependencies of target mimic[0m
[5.510s] [35m[1mScanning dependencies of target draw_square[0m
[5.510s] [35m[1mScanning dependencies of target turtle_teleop_key[0m
[5.510s] [35m[1mScanning dependencies of target turtlesim__py[0m
[5.518s] [ 73%] [34m[1mGenerating Python code for ROS interfaces[0m
[5.580s] [35m[1mScanning dependencies of target turtlesim_node[0m
[5.603s] [ 74%] [32mBuilding CXX object CMakeFiles/draw_square.dir/tutorials/draw_square.cpp.o[0m
[5.606s] [ 75%] [32mBuilding CXX object CMakeFiles/mimic.dir/tutorials/mimic.cpp.o[0m
[5.607s] [ 76%] [32mBuilding CXX object CMakeFiles/turtle_teleop_key.dir/tutorials/teleop_turtle_key.cpp.o[0m
[5.643s] [ 77%] [32mBuilding CXX object CMakeFiles/turtlesim_node.dir/src/turtlesim.cpp.o[0m
[5.645s] [ 78%] [32mBuilding CXX object CMakeFiles/turtlesim_node.dir/src/turtle.cpp.o[0m
[5.646s] [ 79%] [32mBuilding CXX object CMakeFiles/turtlesim_node.dir/src/turtle_frame.cpp.o[0m
[5.646s] [ 80%] [32mBuilding CXX object CMakeFiles/turtlesim_node.dir/include/turtlesim/moc_turtle_frame.cpp.o[0m
[7.863s] [ 80%] Built target turtlesim__py
[7.875s] [35m[1mScanning dependencies of target turtlesim__python[0m
[7.937s] [ 84%] [32mBuilding C object CMakeFiles/turtlesim__python.dir/rosidl_generator_py/turtlesim/srv/_set_pen_s.c.o[0m
[7.937s] [ 84%] [32mBuilding C object CMakeFiles/turtlesim__python.dir/rosidl_generator_py/turtlesim/srv/_kill_s.c.o[0m
[7.937s] [ 84%] [32mBuilding C object CMakeFiles/turtlesim__python.dir/rosidl_generator_py/turtlesim/msg/_pose_s.c.o[0m
[7.937s] [ 84%] [32mBuilding C object CMakeFiles/turtlesim__python.dir/rosidl_generator_py/turtlesim/msg/_color_s.c.o[0m
[7.938s] [ 85%] [32mBuilding C object CMakeFiles/turtlesim__python.dir/rosidl_generator_py/turtlesim/action/_rotate_absolute_s.c.o[0m
[8.052s] [ 87%] [32mBuilding C object CMakeFiles/turtlesim__python.dir/rosidl_generator_py/turtlesim/srv/_spawn_s.c.o[0m
[8.053s] [ 87%] [32mBuilding C object CMakeFiles/turtlesim__python.dir/rosidl_generator_py/turtlesim/srv/_teleport_absolute_s.c.o[0m
[8.057s] [ 88%] [32mBuilding C object CMakeFiles/turtlesim__python.dir/rosidl_generator_py/turtlesim/srv/_teleport_relative_s.c.o[0m
[8.167s] [ 89%] [32m[1mLinking C shared library rosidl_generator_py/turtlesim/libturtlesim__python.so[0m
[8.202s] [ 89%] Built target turtlesim__python
[8.211s] [35m[1mScanning dependencies of target turtlesim__rosidl_typesupport_c__pyext[0m
[8.212s] [35m[1mScanning dependencies of target turtlesim__rosidl_typesupport_introspection_c__pyext[0m
[8.212s] [35m[1mScanning dependencies of target turtlesim__rosidl_typesupport_fastrtps_c__pyext[0m
[8.229s] [ 90%] [32mBuilding C object CMakeFiles/turtlesim__rosidl_typesupport_c__pyext.dir/rosidl_generator_py/turtlesim/_turtlesim_s.ep.rosidl_typesupport_c.c.o[0m
[8.235s] [ 91%] [32mBuilding C object CMakeFiles/turtlesim__rosidl_typesupport_introspection_c__pyext.dir/rosidl_generator_py/turtlesim/_turtlesim_s.ep.rosidl_typesupport_introspection_c.c.o[0m
[8.236s] [ 92%] [32mBuilding C object CMakeFiles/turtlesim__rosidl_typesupport_fastrtps_c__pyext.dir/rosidl_generator_py/turtlesim/_turtlesim_s.ep.rosidl_typesupport_fastrtps_c.c.o[0m
[8.409s] [ 93%] [32m[1mLinking C shared library rosidl_generator_py/turtlesim/turtlesim_s__rosidl_typesupport_introspection_c.cpython-38-x86_64-linux-gnu.so[0m
[8.411s] [ 94%] [32m[1mLinking C shared library rosidl_generator_py/turtlesim/turtlesim_s__rosidl_typesupport_c.cpython-38-x86_64-linux-gnu.so[0m
[8.418s] [ 95%] [32m[1mLinking CXX shared library rosidl_generator_py/turtlesim/turtlesim_s__rosidl_typesupport_fastrtps_c.cpython-38-x86_64-linux-gnu.so[0m
[8.452s] [ 95%] Built target turtlesim__rosidl_typesupport_introspection_c__pyext
[8.455s] [ 95%] Built target turtlesim__rosidl_typesupport_c__pyext
[8.484s] [ 95%] Built target turtlesim__rosidl_typesupport_fastrtps_c__pyext
[9.319s] [ 96%] [32m[1mLinking CXX executable turtle_teleop_key[0m
[9.516s] [ 96%] Built target turtle_teleop_key
[10.737s] [ 97%] [32m[1mLinking CXX executable draw_square[0m
[10.744s] [ 98%] [32m[1mLinking CXX executable mimic[0m
[10.946s] [ 98%] Built target mimic
[10.964s] [ 98%] Built target draw_square
[12.764s] [100%] [32m[1mLinking CXX executable turtlesim_node[0m
[13.790s] [100%] Built target turtlesim_node
[13.799s] Invoked command in '/home/dahyeon/dev_ws/build/turtlesim' returned '0': CMAKE_PREFIX_PATH=/opt/ros/foxy /usr/bin/cmake --build /home/dahyeon/dev_ws/build/turtlesim -- -j12 -l12
[13.896s] Invoking command in '/home/dahyeon/dev_ws/build/turtlesim': CMAKE_PREFIX_PATH=/opt/ros/foxy /usr/bin/cmake --install /home/dahyeon/dev_ws/build/turtlesim
[13.902s] -- Install configuration: ""
[13.902s] -- Installing: /home/dahyeon/dev_ws/install/turtlesim/share/ament_index/resource_index/rosidl_interfaces/turtlesim
[13.903s] -- Installing: /home/dahyeon/dev_ws/install/turtlesim/include/turtlesim
[13.903s] -- Installing: /home/dahyeon/dev_ws/install/turtlesim/include/turtlesim/action
[13.903s] -- Installing: /home/dahyeon/dev_ws/install/turtlesim/include/turtlesim/action/rotate_absolute.h
[13.903s] -- Installing: /home/dahyeon/dev_ws/install/turtlesim/include/turtlesim/action/detail
[13.903s] -- Installing: /home/dahyeon/dev_ws/install/turtlesim/include/turtlesim/action/detail/rotate_absolute__struct.h
[13.903s] -- Installing: /home/dahyeon/dev_ws/install/turtlesim/include/turtlesim/action/detail/rotate_absolute__type_support.h
[13.903s] -- Installing: /home/dahyeon/dev_ws/install/turtlesim/include/turtlesim/action/detail/rotate_absolute__functions.h
[13.903s] -- Installing: /home/dahyeon/dev_ws/install/turtlesim/include/turtlesim/action/detail/rotate_absolute__functions.c
[13.903s] -- Installing: /home/dahyeon/dev_ws/install/turtlesim/include/turtlesim/msg
[13.903s] -- Installing: /home/dahyeon/dev_ws/install/turtlesim/include/turtlesim/msg/rosidl_generator_c__visibility_control.h
[13.903s] -- Installing: /home/dahyeon/dev_ws/install/turtlesim/include/turtlesim/msg/detail
[13.903s] -- Installing: /home/dahyeon/dev_ws/install/turtlesim/include/turtlesim/msg/detail/color__struct.h
[13.903s] -- Installing: /home/dahyeon/dev_ws/install/turtlesim/include/turtlesim/msg/detail/color__functions.c
[13.904s] -- Installing: /home/dahyeon/dev_ws/install/turtlesim/include/turtlesim/msg/detail/pose__functions.c
[13.904s] -- Installing: /home/dahyeon/dev_ws/install/turtlesim/include/turtlesim/msg/detail/color__type_support.h
[13.904s] -- Installing: /home/dahyeon/dev_ws/install/turtlesim/include/turtlesim/msg/detail/pose__functions.h
[13.904s] -- Installing: /home/dahyeon/dev_ws/install/turtlesim/include/turtlesim/msg/detail/pose__struct.h
[13.904s] -- Installing: /home/dahyeon/dev_ws/install/turtlesim/include/turtlesim/msg/detail/color__functions.h
[13.904s] -- Installing: /home/dahyeon/dev_ws/install/turtlesim/include/turtlesim/msg/detail/pose__type_support.h
[13.904s] -- Installing: /home/dahyeon/dev_ws/install/turtlesim/include/turtlesim/msg/pose.h
[13.904s] -- Installing: /home/dahyeon/dev_ws/install/turtlesim/include/turtlesim/msg/color.h
[13.904s] -- Installing: /home/dahyeon/dev_ws/install/turtlesim/include/turtlesim/srv
[13.904s] -- Installing: /home/dahyeon/dev_ws/install/turtlesim/include/turtlesim/srv/teleport_relative.h
[13.904s] -- Installing: /home/dahyeon/dev_ws/install/turtlesim/include/turtlesim/srv/set_pen.h
[13.904s] -- Installing: /home/dahyeon/dev_ws/install/turtlesim/include/turtlesim/srv/kill.h
[13.904s] -- Installing: /home/dahyeon/dev_ws/install/turtlesim/include/turtlesim/srv/detail
[13.905s] -- Installing: /home/dahyeon/dev_ws/install/turtlesim/include/turtlesim/srv/detail/set_pen__type_support.h
[13.905s] -- Installing: /home/dahyeon/dev_ws/install/turtlesim/include/turtlesim/srv/detail/teleport_absolute__functions.c
[13.905s] -- Installing: /home/dahyeon/dev_ws/install/turtlesim/include/turtlesim/srv/detail/kill__struct.h
[13.905s] -- Installing: /home/dahyeon/dev_ws/install/turtlesim/include/turtlesim/srv/detail/teleport_relative__functions.h
[13.905s] -- Installing: /home/dahyeon/dev_ws/install/turtlesim/include/turtlesim/srv/detail/kill__type_support.h
[13.905s] -- Installing: /home/dahyeon/dev_ws/install/turtlesim/include/turtlesim/srv/detail/teleport_relative__type_support.h
[13.905s] -- Installing: /home/dahyeon/dev_ws/install/turtlesim/include/turtlesim/srv/detail/spawn__type_support.h
[13.905s] -- Installing: /home/dahyeon/dev_ws/install/turtlesim/include/turtlesim/srv/detail/teleport_relative__functions.c
[13.905s] -- Installing: /home/dahyeon/dev_ws/install/turtlesim/include/turtlesim/srv/detail/teleport_relative__struct.h
[13.905s] -- Installing: /home/dahyeon/dev_ws/install/turtlesim/include/turtlesim/srv/detail/teleport_absolute__struct.h
[13.905s] -- Installing: /home/dahyeon/dev_ws/install/turtlesim/include/turtlesim/srv/detail/spawn__functions.h
[13.905s] -- Installing: /home/dahyeon/dev_ws/install/turtlesim/include/turtlesim/srv/detail/spawn__struct.h
[13.905s] -- Installing: /home/dahyeon/dev_ws/install/turtlesim/include/turtlesim/srv/detail/teleport_absolute__functions.h
[13.905s] -- Installing: /home/dahyeon/dev_ws/install/turtlesim/include/turtlesim/srv/detail/kill__functions.c
[13.905s] -- Installing: /home/dahyeon/dev_ws/install/turtlesim/include/turtlesim/srv/detail/teleport_absolute__type_support.h
[13.905s] -- Installing: /home/dahyeon/dev_ws/install/turtlesim/include/turtlesim/srv/detail/set_pen__struct.h
[13.905s] -- Installing: /home/dahyeon/dev_ws/install/turtlesim/include/turtlesim/srv/detail/set_pen__functions.h
[13.906s] -- Installing: /home/dahyeon/dev_ws/install/turtlesim/include/turtlesim/srv/detail/set_pen__functions.c
[13.906s] -- Installing: /home/dahyeon/dev_ws/install/turtlesim/include/turtlesim/srv/detail/spawn__functions.c
[13.906s] -- Installing: /home/dahyeon/dev_ws/install/turtlesim/include/turtlesim/srv/detail/kill__functions.h
[13.906s] -- Installing: /home/dahyeon/dev_ws/install/turtlesim/include/turtlesim/srv/spawn.h
[13.906s] -- Installing: /home/dahyeon/dev_ws/install/turtlesim/include/turtlesim/srv/teleport_absolute.h
[13.906s] -- Installing: /home/dahyeon/dev_ws/install/turtlesim/share/turtlesim/environment/library_path.sh
[13.906s] -- Installing: /home/dahyeon/dev_ws/install/turtlesim/share/turtlesim/environment/library_path.dsv
[13.906s] -- Installing: /home/dahyeon/dev_ws/install/turtlesim/lib/libturtlesim__rosidl_generator_c.so
[13.906s] -- Set runtime path of "/home/dahyeon/dev_ws/install/turtlesim/lib/libturtlesim__rosidl_generator_c.so" to ""
[13.906s] -- Up-to-date: /home/dahyeon/dev_ws/install/turtlesim/include/turtlesim
[13.906s] -- Up-to-date: /home/dahyeon/dev_ws/install/turtlesim/include/turtlesim/action
[13.906s] -- Up-to-date: /home/dahyeon/dev_ws/install/turtlesim/include/turtlesim/action/detail
[13.906s] -- Installing: /home/dahyeon/dev_ws/install/turtlesim/include/turtlesim/action/detail/rotate_absolute__rosidl_typesupport_fastrtps_c.h
[13.906s] -- Up-to-date: /home/dahyeon/dev_ws/install/turtlesim/include/turtlesim/msg
[13.907s] -- Up-to-date: /home/dahyeon/dev_ws/install/turtlesim/include/turtlesim/msg/detail
[13.907s] -- Installing: /home/dahyeon/dev_ws/install/turtlesim/include/turtlesim/msg/detail/pose__rosidl_typesupport_fastrtps_c.h
[13.907s] -- Installing: /home/dahyeon/dev_ws/install/turtlesim/include/turtlesim/msg/detail/color__rosidl_typesupport_fastrtps_c.h
[13.907s] -- Installing: /home/dahyeon/dev_ws/install/turtlesim/include/turtlesim/msg/rosidl_typesupport_fastrtps_c__visibility_control.h
[13.907s] -- Up-to-date: /home/dahyeon/dev_ws/install/turtlesim/include/turtlesim/srv
[13.907s] -- Up-to-date: /home/dahyeon/dev_ws/install/turtlesim/include/turtlesim/srv/detail
[13.907s] -- Installing: /home/dahyeon/dev_ws/install/turtlesim/include/turtlesim/srv/detail/set_pen__rosidl_typesupport_fastrtps_c.h
[13.907s] -- Installing: /home/dahyeon/dev_ws/install/turtlesim/include/turtlesim/srv/detail/kill__rosidl_typesupport_fastrtps_c.h
[13.907s] -- Installing: /home/dahyeon/dev_ws/install/turtlesim/include/turtlesim/srv/detail/teleport_relative__rosidl_typesupport_fastrtps_c.h
[13.907s] -- Installing: /home/dahyeon/dev_ws/install/turtlesim/include/turtlesim/srv/detail/spawn__rosidl_typesupport_fastrtps_c.h
[13.907s] -- Installing: /home/dahyeon/dev_ws/install/turtlesim/include/turtlesim/srv/detail/teleport_absolute__rosidl_typesupport_fastrtps_c.h
[13.907s] -- Installing: /home/dahyeon/dev_ws/install/turtlesim/lib/libturtlesim__rosidl_typesupport_fastrtps_c.so
[13.907s] -- Set runtime path of "/home/dahyeon/dev_ws/install/turtlesim/lib/libturtlesim__rosidl_typesupport_fastrtps_c.so" to ""
[13.907s] -- Up-to-date: /home/dahyeon/dev_ws/install/turtlesim/include/turtlesim
[13.907s] -- Up-to-date: /home/dahyeon/dev_ws/install/turtlesim/include/turtlesim/action
[13.908s] -- Up-to-date: /home/dahyeon/dev_ws/install/turtlesim/include/turtlesim/action/detail
[13.908s] -- Installing: /home/dahyeon/dev_ws/install/turtlesim/include/turtlesim/action/detail/rotate_absolute__rosidl_typesupport_fastrtps_cpp.hpp
[13.908s] -- Installing: /home/dahyeon/dev_ws/install/turtlesim/include/turtlesim/action/detail/dds_fastrtps
[13.908s] -- Up-to-date: /home/dahyeon/dev_ws/install/turtlesim/include/turtlesim/msg
[13.908s] -- Installing: /home/dahyeon/dev_ws/install/turtlesim/include/turtlesim/msg/rosidl_typesupport_fastrtps_cpp__visibility_control.h
[13.908s] -- Up-to-date: /home/dahyeon/dev_ws/install/turtlesim/include/turtlesim/msg/detail
[13.908s] -- Installing: /home/dahyeon/dev_ws/install/turtlesim/include/turtlesim/msg/detail/pose__rosidl_typesupport_fastrtps_cpp.hpp
[13.908s] -- Installing: /home/dahyeon/dev_ws/install/turtlesim/include/turtlesim/msg/detail/color__rosidl_typesupport_fastrtps_cpp.hpp
[13.908s] -- Installing: /home/dahyeon/dev_ws/install/turtlesim/include/turtlesim/msg/detail/dds_fastrtps
[13.908s] -- Up-to-date: /home/dahyeon/dev_ws/install/turtlesim/include/turtlesim/srv
[13.908s] -- Up-to-date: /home/dahyeon/dev_ws/install/turtlesim/include/turtlesim/srv/detail
[13.908s] -- Installing: /home/dahyeon/dev_ws/install/turtlesim/include/turtlesim/srv/detail/kill__rosidl_typesupport_fastrtps_cpp.hpp
[13.908s] -- Installing: /home/dahyeon/dev_ws/install/turtlesim/include/turtlesim/srv/detail/spawn__rosidl_typesupport_fastrtps_cpp.hpp
[13.908s] -- Installing: /home/dahyeon/dev_ws/install/turtlesim/include/turtlesim/srv/detail/set_pen__rosidl_typesupport_fastrtps_cpp.hpp
[13.909s] -- Installing: /home/dahyeon/dev_ws/install/turtlesim/include/turtlesim/srv/detail/dds_fastrtps
[13.909s] -- Installing: /home/dahyeon/dev_ws/install/turtlesim/include/turtlesim/srv/detail/teleport_relative__rosidl_typesupport_fastrtps_cpp.hpp
[13.909s] -- Installing: /home/dahyeon/dev_ws/install/turtlesim/include/turtlesim/srv/detail/teleport_absolute__rosidl_typesupport_fastrtps_cpp.hpp
[13.909s] -- Installing: /home/dahyeon/dev_ws/install/turtlesim/lib/libturtlesim__rosidl_typesupport_fastrtps_cpp.so
[13.909s] -- Set runtime path of "/home/dahyeon/dev_ws/install/turtlesim/lib/libturtlesim__rosidl_typesupport_fastrtps_cpp.so" to ""
[13.909s] -- Up-to-date: /home/dahyeon/dev_ws/install/turtlesim/include/turtlesim
[13.909s] -- Up-to-date: /home/dahyeon/dev_ws/install/turtlesim/include/turtlesim/action
[13.909s] -- Up-to-date: /home/dahyeon/dev_ws/install/turtlesim/include/turtlesim/action/detail
[13.909s] -- Installing: /home/dahyeon/dev_ws/install/turtlesim/include/turtlesim/action/detail/rotate_absolute__rosidl_typesupport_introspection_c.h
[13.909s] -- Installing: /home/dahyeon/dev_ws/install/turtlesim/include/turtlesim/action/detail/rotate_absolute__type_support.c
[13.909s] -- Up-to-date: /home/dahyeon/dev_ws/install/turtlesim/include/turtlesim/msg
[13.909s] -- Installing: /home/dahyeon/dev_ws/install/turtlesim/include/turtlesim/msg/rosidl_typesupport_introspection_c__visibility_control.h
[13.909s] -- Up-to-date: /home/dahyeon/dev_ws/install/turtlesim/include/turtlesim/msg/detail
[13.909s] -- Installing: /home/dahyeon/dev_ws/install/turtlesim/include/turtlesim/msg/detail/pose__rosidl_typesupport_introspection_c.h
[13.909s] -- Installing: /home/dahyeon/dev_ws/install/turtlesim/include/turtlesim/msg/detail/pose__type_support.c
[13.909s] -- Installing: /home/dahyeon/dev_ws/install/turtlesim/include/turtlesim/msg/detail/color__type_support.c
[13.909s] -- Installing: /home/dahyeon/dev_ws/install/turtlesim/include/turtlesim/msg/detail/color__rosidl_typesupport_introspection_c.h
[13.909s] -- Up-to-date: /home/dahyeon/dev_ws/install/turtlesim/include/turtlesim/srv
[13.910s] -- Up-to-date: /home/dahyeon/dev_ws/install/turtlesim/include/turtlesim/srv/detail
[13.910s] -- Installing: /home/dahyeon/dev_ws/install/turtlesim/include/turtlesim/srv/detail/spawn__type_support.c
[13.910s] -- Installing: /home/dahyeon/dev_ws/install/turtlesim/include/turtlesim/srv/detail/spawn__rosidl_typesupport_introspection_c.h
[13.910s] -- Installing: /home/dahyeon/dev_ws/install/turtlesim/include/turtlesim/srv/detail/teleport_relative__rosidl_typesupport_introspection_c.h
[13.910s] -- Installing: /home/dahyeon/dev_ws/install/turtlesim/include/turtlesim/srv/detail/teleport_absolute__type_support.c
[13.910s] -- Installing: /home/dahyeon/dev_ws/install/turtlesim/include/turtlesim/srv/detail/teleport_absolute__rosidl_typesupport_introspection_c.h
[13.910s] -- Installing: /home/dahyeon/dev_ws/install/turtlesim/include/turtlesim/srv/detail/kill__type_support.c
[13.910s] -- Installing: /home/dahyeon/dev_ws/install/turtlesim/include/turtlesim/srv/detail/teleport_relative__type_support.c
[13.910s] -- Installing: /home/dahyeon/dev_ws/install/turtlesim/include/turtlesim/srv/detail/set_pen__rosidl_typesupport_introspection_c.h
[13.910s] -- Installing: /home/dahyeon/dev_ws/install/turtlesim/include/turtlesim/srv/detail/set_pen__type_support.c
[13.910s] -- Installing: /home/dahyeon/dev_ws/install/turtlesim/include/turtlesim/srv/detail/kill__rosidl_typesupport_introspection_c.h
[13.910s] -- Installing: /home/dahyeon/dev_ws/install/turtlesim/lib/libturtlesim__rosidl_typesupport_introspection_c.so
[13.910s] -- Set runtime path of "/home/dahyeon/dev_ws/install/turtlesim/lib/libturtlesim__rosidl_typesupport_introspection_c.so" to ""
[13.910s] -- Installing: /home/dahyeon/dev_ws/install/turtlesim/lib/libturtlesim__rosidl_typesupport_c.so
[13.910s] -- Set runtime path of "/home/dahyeon/dev_ws/install/turtlesim/lib/libturtlesim__rosidl_typesupport_c.so" to ""
[13.911s] -- Up-to-date: /home/dahyeon/dev_ws/install/turtlesim/include/turtlesim
[13.911s] -- Up-to-date: /home/dahyeon/dev_ws/install/turtlesim/include/turtlesim/action
[13.911s] -- Installing: /home/dahyeon/dev_ws/install/turtlesim/include/turtlesim/action/rotate_absolute.hpp
[13.911s] -- Up-to-date: /home/dahyeon/dev_ws/install/turtlesim/include/turtlesim/action/detail
[13.911s] -- Installing: /home/dahyeon/dev_ws/install/turtlesim/include/turtlesim/action/detail/rotate_absolute__struct.hpp
[13.911s] -- Installing: /home/dahyeon/dev_ws/install/turtlesim/include/turtlesim/action/detail/rotate_absolute__traits.hpp
[13.911s] -- Installing: /home/dahyeon/dev_ws/install/turtlesim/include/turtlesim/action/detail/rotate_absolute__builder.hpp
[13.911s] -- Up-to-date: /home/dahyeon/dev_ws/install/turtlesim/include/turtlesim/msg
[13.911s] -- Installing: /home/dahyeon/dev_ws/install/turtlesim/include/turtlesim/msg/color.hpp
[13.911s] -- Up-to-date: /home/dahyeon/dev_ws/install/turtlesim/include/turtlesim/msg/detail
[13.911s] -- Installing: /home/dahyeon/dev_ws/install/turtlesim/include/turtlesim/msg/detail/color__builder.hpp
[13.911s] -- Installing: /home/dahyeon/dev_ws/install/turtlesim/include/turtlesim/msg/detail/color__struct.hpp
[13.911s] -- Installing: /home/dahyeon/dev_ws/install/turtlesim/include/turtlesim/msg/detail/pose__traits.hpp
[13.911s] -- Installing: /home/dahyeon/dev_ws/install/turtlesim/include/turtlesim/msg/detail/color__traits.hpp
[13.911s] -- Installing: /home/dahyeon/dev_ws/install/turtlesim/include/turtlesim/msg/detail/pose__struct.hpp
[13.911s] -- Installing: /home/dahyeon/dev_ws/install/turtlesim/include/turtlesim/msg/detail/pose__builder.hpp
[13.912s] -- Installing: /home/dahyeon/dev_ws/install/turtlesim/include/turtlesim/msg/pose.hpp
[13.912s] -- Up-to-date: /home/dahyeon/dev_ws/install/turtlesim/include/turtlesim/srv
[13.912s] -- Installing: /home/dahyeon/dev_ws/install/turtlesim/include/turtlesim/srv/teleport_absolute.hpp
[13.912s] -- Installing: /home/dahyeon/dev_ws/install/turtlesim/include/turtlesim/srv/set_pen.hpp
[13.912s] -- Up-to-date: /home/dahyeon/dev_ws/install/turtlesim/include/turtlesim/srv/detail
[13.912s] -- Installing: /home/dahyeon/dev_ws/install/turtlesim/include/turtlesim/srv/detail/kill__traits.hpp
[13.912s] -- Installing: /home/dahyeon/dev_ws/install/turtlesim/include/turtlesim/srv/detail/kill__struct.hpp
[13.912s] -- Installing: /home/dahyeon/dev_ws/install/turtlesim/include/turtlesim/srv/detail/teleport_absolute__struct.hpp
[13.912s] -- Installing: /home/dahyeon/dev_ws/install/turtlesim/include/turtlesim/srv/detail/kill__builder.hpp
[13.912s] -- Installing: /home/dahyeon/dev_ws/install/turtlesim/include/turtlesim/srv/detail/spawn__struct.hpp
[13.912s] -- Installing: /home/dahyeon/dev_ws/install/turtlesim/include/turtlesim/srv/detail/teleport_absolute__traits.hpp
[13.912s] -- Installing: /home/dahyeon/dev_ws/install/turtlesim/include/turtlesim/srv/detail/set_pen__traits.hpp
[13.912s] -- Installing: /home/dahyeon/dev_ws/install/turtlesim/include/turtlesim/srv/detail/spawn__builder.hpp
[13.912s] -- Installing: /home/dahyeon/dev_ws/install/turtlesim/include/turtlesim/srv/detail/teleport_relative__struct.hpp
[13.912s] -- Installing: /home/dahyeon/dev_ws/install/turtlesim/include/turtlesim/srv/detail/set_pen__struct.hpp
[13.913s] -- Installing: /home/dahyeon/dev_ws/install/turtlesim/include/turtlesim/srv/detail/set_pen__builder.hpp
[13.913s] -- Installing: /home/dahyeon/dev_ws/install/turtlesim/include/turtlesim/srv/detail/spawn__traits.hpp
[13.913s] -- Installing: /home/dahyeon/dev_ws/install/turtlesim/include/turtlesim/srv/detail/teleport_relative__builder.hpp
[13.913s] -- Installing: /home/dahyeon/dev_ws/install/turtlesim/include/turtlesim/srv/detail/teleport_relative__traits.hpp
[13.913s] -- Installing: /home/dahyeon/dev_ws/install/turtlesim/include/turtlesim/srv/detail/teleport_absolute__builder.hpp
[13.913s] -- Installing: /home/dahyeon/dev_ws/install/turtlesim/include/turtlesim/srv/kill.hpp
[13.913s] -- Installing: /home/dahyeon/dev_ws/install/turtlesim/include/turtlesim/srv/spawn.hpp
[13.913s] -- Installing: /home/dahyeon/dev_ws/install/turtlesim/include/turtlesim/srv/teleport_relative.hpp
[13.913s] -- Up-to-date: /home/dahyeon/dev_ws/install/turtlesim/include/turtlesim
[13.913s] -- Up-to-date: /home/dahyeon/dev_ws/install/turtlesim/include/turtlesim/action
[13.913s] -- Up-to-date: /home/dahyeon/dev_ws/install/turtlesim/include/turtlesim/action/detail
[13.913s] -- Installing: /home/dahyeon/dev_ws/install/turtlesim/include/turtlesim/action/detail/rotate_absolute__rosidl_typesupport_introspection_cpp.hpp
[13.913s] -- Installing: /home/dahyeon/dev_ws/install/turtlesim/include/turtlesim/action/detail/rotate_absolute__type_support.cpp
[13.913s] -- Up-to-date: /home/dahyeon/dev_ws/install/turtlesim/include/turtlesim/msg
[13.913s] -- Up-to-date: /home/dahyeon/dev_ws/install/turtlesim/include/turtlesim/msg/detail
[13.913s] -- Installing: /home/dahyeon/dev_ws/install/turtlesim/include/turtlesim/msg/detail/color__type_support.cpp
[13.913s] -- Installing: /home/dahyeon/dev_ws/install/turtlesim/include/turtlesim/msg/detail/pose__type_support.cpp
[13.913s] -- Installing: /home/dahyeon/dev_ws/install/turtlesim/include/turtlesim/msg/detail/pose__rosidl_typesupport_introspection_cpp.hpp
[13.914s] -- Installing: /home/dahyeon/dev_ws/install/turtlesim/include/turtlesim/msg/detail/color__rosidl_typesupport_introspection_cpp.hpp
[13.914s] -- Up-to-date: /home/dahyeon/dev_ws/install/turtlesim/include/turtlesim/srv
[13.914s] -- Up-to-date: /home/dahyeon/dev_ws/install/turtlesim/include/turtlesim/srv/detail
[13.914s] -- Installing: /home/dahyeon/dev_ws/install/turtlesim/include/turtlesim/srv/detail/teleport_absolute__type_support.cpp
[13.914s] -- Installing: /home/dahyeon/dev_ws/install/turtlesim/include/turtlesim/srv/detail/kill__type_support.cpp
[13.914s] -- Installing: /home/dahyeon/dev_ws/install/turtlesim/include/turtlesim/srv/detail/teleport_relative__type_support.cpp
[13.914s] -- Installing: /home/dahyeon/dev_ws/install/turtlesim/include/turtlesim/srv/detail/spawn__rosidl_typesupport_introspection_cpp.hpp
[13.914s] -- Installing: /home/dahyeon/dev_ws/install/turtlesim/include/turtlesim/srv/detail/set_pen__rosidl_typesupport_introspection_cpp.hpp
[13.914s] -- Installing: /home/dahyeon/dev_ws/install/turtlesim/include/turtlesim/srv/detail/spawn__type_support.cpp
[13.914s] -- Installing: /home/dahyeon/dev_ws/install/turtlesim/include/turtlesim/srv/detail/teleport_absolute__rosidl_typesupport_introspection_cpp.hpp
[13.914s] -- Installing: /home/dahyeon/dev_ws/install/turtlesim/include/turtlesim/srv/detail/kill__rosidl_typesupport_introspection_cpp.hpp
[13.914s] -- Installing: /home/dahyeon/dev_ws/install/turtlesim/include/turtlesim/srv/detail/teleport_relative__rosidl_typesupport_introspection_cpp.hpp
[13.914s] -- Installing: /home/dahyeon/dev_ws/install/turtlesim/include/turtlesim/srv/detail/set_pen__type_support.cpp
[13.914s] -- Installing: /home/dahyeon/dev_ws/install/turtlesim/lib/libturtlesim__rosidl_typesupport_introspection_cpp.so
[13.914s] -- Set runtime path of "/home/dahyeon/dev_ws/install/turtlesim/lib/libturtlesim__rosidl_typesupport_introspection_cpp.so" to ""
[13.914s] -- Installing: /home/dahyeon/dev_ws/install/turtlesim/lib/libturtlesim__rosidl_typesupport_cpp.so
[13.914s] -- Set runtime path of "/home/dahyeon/dev_ws/install/turtlesim/lib/libturtlesim__rosidl_typesupport_cpp.so" to ""
[13.914s] -- Installing: /home/dahyeon/dev_ws/install/turtlesim/share/turtlesim/environment/pythonpath.sh
[13.915s] -- Installing: /home/dahyeon/dev_ws/install/turtlesim/share/turtlesim/environment/pythonpath.dsv
[13.915s] -- Installing: /home/dahyeon/dev_ws/install/turtlesim/lib/python3.8/site-packages/turtlesim/__init__.py
[13.935s] Compiling '/home/dahyeon/dev_ws/install/turtlesim/lib/python3.8/site-packages/turtlesim/__init__.py'...
[13.938s] -- Installing: /home/dahyeon/dev_ws/install/turtlesim/lib/python3.8/site-packages/turtlesim/action
[13.938s] -- Installing: /home/dahyeon/dev_ws/install/turtlesim/lib/python3.8/site-packages/turtlesim/action/_rotate_absolute.py
[13.938s] -- Installing: /home/dahyeon/dev_ws/install/turtlesim/lib/python3.8/site-packages/turtlesim/action/__init__.py
[13.939s] -- Installing: /home/dahyeon/dev_ws/install/turtlesim/lib/python3.8/site-packages/turtlesim/action/_rotate_absolute_s.c
[13.939s] -- Installing: /home/dahyeon/dev_ws/install/turtlesim/lib/python3.8/site-packages/turtlesim/msg
[13.939s] -- Installing: /home/dahyeon/dev_ws/install/turtlesim/lib/python3.8/site-packages/turtlesim/msg/_color.py
[13.939s] -- Installing: /home/dahyeon/dev_ws/install/turtlesim/lib/python3.8/site-packages/turtlesim/msg/_pose_s.c
[13.939s] -- Installing: /home/dahyeon/dev_ws/install/turtlesim/lib/python3.8/site-packages/turtlesim/msg/_color_s.c
[13.939s] -- Installing: /home/dahyeon/dev_ws/install/turtlesim/lib/python3.8/site-packages/turtlesim/msg/_pose.py
[13.939s] -- Installing: /home/dahyeon/dev_ws/install/turtlesim/lib/python3.8/site-packages/turtlesim/msg/__init__.py
[13.939s] -- Installing: /home/dahyeon/dev_ws/install/turtlesim/lib/python3.8/site-packages/turtlesim/srv
[13.939s] -- Installing: /home/dahyeon/dev_ws/install/turtlesim/lib/python3.8/site-packages/turtlesim/srv/_set_pen.py
[13.939s] -- Installing: /home/dahyeon/dev_ws/install/turtlesim/lib/python3.8/site-packages/turtlesim/srv/_teleport_absolute.py
[13.939s] -- Installing: /home/dahyeon/dev_ws/install/turtlesim/lib/python3.8/site-packages/turtlesim/srv/_spawn.py
[13.939s] -- Installing: /home/dahyeon/dev_ws/install/turtlesim/lib/python3.8/site-packages/turtlesim/srv/_teleport_relative_s.c
[13.939s] -- Installing: /home/dahyeon/dev_ws/install/turtlesim/lib/python3.8/site-packages/turtlesim/srv/_spawn_s.c
[13.939s] -- Installing: /home/dahyeon/dev_ws/install/turtlesim/lib/python3.8/site-packages/turtlesim/srv/_kill_s.c
[13.939s] -- Installing: /home/dahyeon/dev_ws/install/turtlesim/lib/python3.8/site-packages/turtlesim/srv/_set_pen_s.c
[13.939s] -- Installing: /home/dahyeon/dev_ws/install/turtlesim/lib/python3.8/site-packages/turtlesim/srv/_kill.py
[13.940s] -- Installing: /home/dahyeon/dev_ws/install/turtlesim/lib/python3.8/site-packages/turtlesim/srv/_teleport_absolute_s.c
[13.940s] -- Installing: /home/dahyeon/dev_ws/install/turtlesim/lib/python3.8/site-packages/turtlesim/srv/_teleport_relative.py
[13.940s] -- Installing: /home/dahyeon/dev_ws/install/turtlesim/lib/python3.8/site-packages/turtlesim/srv/__init__.py
[13.940s] -- Installing: /home/dahyeon/dev_ws/install/turtlesim/lib/python3.8/site-packages/turtlesim/turtlesim_s__rosidl_typesupport_fastrtps_c.cpython-38-x86_64-linux-gnu.so
[13.940s] -- Set runtime path of "/home/dahyeon/dev_ws/install/turtlesim/lib/python3.8/site-packages/turtlesim/turtlesim_s__rosidl_typesupport_fastrtps_c.cpython-38-x86_64-linux-gnu.so" to ""
[13.940s] -- Installing: /home/dahyeon/dev_ws/install/turtlesim/lib/python3.8/site-packages/turtlesim/turtlesim_s__rosidl_typesupport_introspection_c.cpython-38-x86_64-linux-gnu.so
[13.940s] -- Set runtime path of "/home/dahyeon/dev_ws/install/turtlesim/lib/python3.8/site-packages/turtlesim/turtlesim_s__rosidl_typesupport_introspection_c.cpython-38-x86_64-linux-gnu.so" to ""
[13.940s] -- Installing: /home/dahyeon/dev_ws/install/turtlesim/lib/python3.8/site-packages/turtlesim/turtlesim_s__rosidl_typesupport_c.cpython-38-x86_64-linux-gnu.so
[13.941s] -- Set runtime path of "/home/dahyeon/dev_ws/install/turtlesim/lib/python3.8/site-packages/turtlesim/turtlesim_s__rosidl_typesupport_c.cpython-38-x86_64-linux-gnu.so" to ""
[13.941s] -- Installing: /home/dahyeon/dev_ws/install/turtlesim/lib/libturtlesim__python.so
[13.941s] -- Set runtime path of "/home/dahyeon/dev_ws/install/turtlesim/lib/libturtlesim__python.so" to ""
[13.941s] -- Installing: /home/dahyeon/dev_ws/install/turtlesim/share/turtlesim/action/RotateAbsolute.idl
[13.941s] -- Installing: /home/dahyeon/dev_ws/install/turtlesim/share/turtlesim/msg/Color.idl
[13.941s] -- Installing: /home/dahyeon/dev_ws/install/turtlesim/share/turtlesim/msg/Pose.idl
[13.941s] -- Installing: /home/dahyeon/dev_ws/install/turtlesim/share/turtlesim/srv/Kill.idl
[13.942s] -- Installing: /home/dahyeon/dev_ws/install/turtlesim/share/turtlesim/srv/SetPen.idl
[13.942s] -- Installing: /home/dahyeon/dev_ws/install/turtlesim/share/turtlesim/srv/Spawn.idl
[13.942s] -- Installing: /home/dahyeon/dev_ws/install/turtlesim/share/turtlesim/srv/TeleportAbsolute.idl
[13.942s] -- Installing: /home/dahyeon/dev_ws/install/turtlesim/share/turtlesim/srv/TeleportRelative.idl
[13.942s] -- Installing: /home/dahyeon/dev_ws/install/turtlesim/share/turtlesim/action/RotateAbsolute.action
[13.942s] -- Installing: /home/dahyeon/dev_ws/install/turtlesim/share/turtlesim/msg/Color.msg
[13.942s] -- Installing: /home/dahyeon/dev_ws/install/turtlesim/share/turtlesim/msg/Pose.msg
[13.942s] -- Installing: /home/dahyeon/dev_ws/install/turtlesim/share/turtlesim/srv/Kill.srv
[13.942s] -- Installing: /home/dahyeon/dev_ws/install/turtlesim/share/turtlesim/srv/Kill_Request.msg
[13.942s] -- Installing: /home/dahyeon/dev_ws/install/turtlesim/share/turtlesim/srv/Kill_Response.msg
[13.942s] -- Installing: /home/dahyeon/dev_ws/install/turtlesim/share/turtlesim/srv/SetPen.srv
[13.942s] -- Installing: /home/dahyeon/dev_ws/install/turtlesim/share/turtlesim/srv/SetPen_Request.msg
[13.942s] -- Installing: /home/dahyeon/dev_ws/install/turtlesim/share/turtlesim/srv/SetPen_Response.msg
[13.943s] -- Installing: /home/dahyeon/dev_ws/install/turtlesim/share/turtlesim/srv/Spawn.srv
[13.943s] -- Installing: /home/dahyeon/dev_ws/install/turtlesim/share/turtlesim/srv/Spawn_Request.msg
[13.943s] -- Installing: /home/dahyeon/dev_ws/install/turtlesim/share/turtlesim/srv/Spawn_Response.msg
[13.943s] -- Installing: /home/dahyeon/dev_ws/install/turtlesim/share/turtlesim/srv/TeleportAbsolute.srv
[13.943s] -- Installing: /home/dahyeon/dev_ws/install/turtlesim/share/turtlesim/srv/TeleportAbsolute_Request.msg
[13.943s] -- Installing: /home/dahyeon/dev_ws/install/turtlesim/share/turtlesim/srv/TeleportAbsolute_Response.msg
[13.943s] -- Installing: /home/dahyeon/dev_ws/install/turtlesim/share/turtlesim/srv/TeleportRelative.srv
[13.943s] -- Installing: /home/dahyeon/dev_ws/install/turtlesim/share/turtlesim/srv/TeleportRelative_Request.msg
[13.943s] -- Installing: /home/dahyeon/dev_ws/install/turtlesim/share/turtlesim/srv/TeleportRelative_Response.msg
[13.943s] -- Installing: /home/dahyeon/dev_ws/install/turtlesim/lib/turtlesim/turtlesim_node
[13.946s] -- Set runtime path of "/home/dahyeon/dev_ws/install/turtlesim/lib/turtlesim/turtlesim_node" to ""
[13.946s] -- Installing: /home/dahyeon/dev_ws/install/turtlesim/lib/turtlesim/turtle_teleop_key
[13.947s] -- Set runtime path of "/home/dahyeon/dev_ws/install/turtlesim/lib/turtlesim/turtle_teleop_key" to ""
[13.947s] -- Installing: /home/dahyeon/dev_ws/install/turtlesim/lib/turtlesim/draw_square
[13.948s] -- Set runtime path of "/home/dahyeon/dev_ws/install/turtlesim/lib/turtlesim/draw_square" to ""
[13.948s] -- Installing: /home/dahyeon/dev_ws/install/turtlesim/lib/turtlesim/mimic
[13.949s] -- Set runtime path of "/home/dahyeon/dev_ws/install/turtlesim/lib/turtlesim/mimic" to ""
[13.949s] -- Installing: /home/dahyeon/dev_ws/install/turtlesim/share/turtlesim/images
[13.949s] -- Installing: /home/dahyeon/dev_ws/install/turtlesim/share/turtlesim/images/eloquent.png
[13.949s] -- Installing: /home/dahyeon/dev_ws/install/turtlesim/share/turtlesim/images/foxy.png
[13.949s] -- Installing: /home/dahyeon/dev_ws/install/turtlesim/share/turtlesim/images/dashing.png
[13.949s] -- Installing: /home/dahyeon/dev_ws/install/turtlesim/share/turtlesim/images/ardent.png
[13.950s] -- Installing: /home/dahyeon/dev_ws/install/turtlesim/share/turtlesim/images/bouncy.png
[13.950s] -- Installing: /home/dahyeon/dev_ws/install/turtlesim/share/turtlesim/images/crystal.png
[13.950s] -- Installing: /home/dahyeon/dev_ws/install/turtlesim/share/turtlesim/launch
[13.950s] -- Installing: /home/dahyeon/dev_ws/install/turtlesim/share/turtlesim/launch/multisim.launch.py
[13.950s] -- Installing: /home/dahyeon/dev_ws/install/turtlesim/share/ament_index/resource_index/package_run_dependencies/turtlesim
[13.950s] -- Installing: /home/dahyeon/dev_ws/install/turtlesim/share/ament_index/resource_index/parent_prefix_path/turtlesim
[13.950s] -- Installing: /home/dahyeon/dev_ws/install/turtlesim/share/turtlesim/environment/ament_prefix_path.sh
[13.950s] -- Installing: /home/dahyeon/dev_ws/install/turtlesim/share/turtlesim/environment/ament_prefix_path.dsv
[13.950s] -- Installing: /home/dahyeon/dev_ws/install/turtlesim/share/turtlesim/environment/path.sh
[13.950s] -- Installing: /home/dahyeon/dev_ws/install/turtlesim/share/turtlesim/environment/path.dsv
[13.950s] -- Installing: /home/dahyeon/dev_ws/install/turtlesim/share/turtlesim/local_setup.bash
[13.950s] -- Installing: /home/dahyeon/dev_ws/install/turtlesim/share/turtlesim/local_setup.sh
[13.950s] -- Installing: /home/dahyeon/dev_ws/install/turtlesim/share/turtlesim/local_setup.zsh
[13.950s] -- Installing: /home/dahyeon/dev_ws/install/turtlesim/share/turtlesim/local_setup.dsv
[13.951s] -- Installing: /home/dahyeon/dev_ws/install/turtlesim/share/turtlesim/package.dsv
[13.951s] -- Installing: /home/dahyeon/dev_ws/install/turtlesim/share/ament_index/resource_index/packages/turtlesim
[13.951s] -- Installing: /home/dahyeon/dev_ws/install/turtlesim/share/turtlesim/cmake/turtlesim__rosidl_generator_cExport.cmake
[13.951s] -- Installing: /home/dahyeon/dev_ws/install/turtlesim/share/turtlesim/cmake/turtlesim__rosidl_generator_cExport-noconfig.cmake
[13.951s] -- Installing: /home/dahyeon/dev_ws/install/turtlesim/share/turtlesim/cmake/turtlesim__rosidl_typesupport_introspection_cExport.cmake
[13.951s] -- Installing: /home/dahyeon/dev_ws/install/turtlesim/share/turtlesim/cmake/turtlesim__rosidl_typesupport_introspection_cExport-noconfig.cmake
[13.951s] -- Installing: /home/dahyeon/dev_ws/install/turtlesim/share/turtlesim/cmake/turtlesim__rosidl_typesupport_cExport.cmake
[13.951s] -- Installing: /home/dahyeon/dev_ws/install/turtlesim/share/turtlesim/cmake/turtlesim__rosidl_typesupport_cExport-noconfig.cmake
[13.951s] -- Installing: /home/dahyeon/dev_ws/install/turtlesim/share/turtlesim/cmake/turtlesim__rosidl_generator_cppExport.cmake
[13.952s] -- Installing: /home/dahyeon/dev_ws/install/turtlesim/share/turtlesim/cmake/turtlesim__rosidl_typesupport_introspection_cppExport.cmake
[13.952s] -- Installing: /home/dahyeon/dev_ws/install/turtlesim/share/turtlesim/cmake/turtlesim__rosidl_typesupport_introspection_cppExport-noconfig.cmake
[13.952s] -- Installing: /home/dahyeon/dev_ws/install/turtlesim/share/turtlesim/cmake/turtlesim__rosidl_typesupport_cppExport.cmake
[13.952s] -- Installing: /home/dahyeon/dev_ws/install/turtlesim/share/turtlesim/cmake/turtlesim__rosidl_typesupport_cppExport-noconfig.cmake
[13.952s] -- Installing: /home/dahyeon/dev_ws/install/turtlesim/share/turtlesim/cmake/rosidl_cmake-extras.cmake
[13.952s] -- Installing: /home/dahyeon/dev_ws/install/turtlesim/share/turtlesim/cmake/ament_cmake_export_dependencies-extras.cmake
[13.952s] -- Installing: /home/dahyeon/dev_ws/install/turtlesim/share/turtlesim/cmake/ament_cmake_export_libraries-extras.cmake
[13.952s] -- Installing: /home/dahyeon/dev_ws/install/turtlesim/share/turtlesim/cmake/ament_cmake_export_targets-extras.cmake
[13.952s] -- Installing: /home/dahyeon/dev_ws/install/turtlesim/share/turtlesim/cmake/ament_cmake_export_include_directories-extras.cmake
[13.952s] -- Installing: /home/dahyeon/dev_ws/install/turtlesim/share/turtlesim/cmake/rosidl_cmake_export_typesupport_libraries-extras.cmake
[13.952s] -- Installing: /home/dahyeon/dev_ws/install/turtlesim/share/turtlesim/cmake/rosidl_cmake_export_typesupport_targets-extras.cmake
[13.953s] -- Installing: /home/dahyeon/dev_ws/install/turtlesim/share/turtlesim/cmake/turtlesimConfig.cmake
[13.953s] -- Installing: /home/dahyeon/dev_ws/install/turtlesim/share/turtlesim/cmake/turtlesimConfig-version.cmake
[13.953s] -- Installing: /home/dahyeon/dev_ws/install/turtlesim/share/turtlesim/package.xml
[13.955s] Invoked command in '/home/dahyeon/dev_ws/build/turtlesim' returned '0': CMAKE_PREFIX_PATH=/opt/ros/foxy /usr/bin/cmake --install /home/dahyeon/dev_ws/build/turtlesim
