[0.618s] Invoking command in '/home/dahyeon/dev_ws/build/rqt_example': CMAKE_PREFIX_PATH=${CMAKE_PREFIX_PATH}:/opt/ros/foxy /usr/bin/cmake /home/dahyeon/dev_ws/src/ros2-seminar-examples/rqt_example -DAMENT_CMAKE_SYMLINK_INSTALL=1 -DCMAKE_INSTALL_PREFIX=/home/dahyeon/dev_ws/install/rqt_example
[0.874s] -- The C compiler identification is GNU 9.4.0
[0.874s] -- The CXX compiler identification is GNU 9.4.0
[0.874s] -- Check for working C compiler: /usr/bin/cc
[0.874s] -- Check for working C compiler: /usr/bin/cc -- works
[0.875s] -- Detecting C compiler ABI info
[0.875s] -- Detecting C compiler ABI info - done
[0.875s] -- Detecting C compile features
[0.875s] -- Detecting C compile features - done
[0.875s] -- Check for working CXX compiler: /usr/bin/c++
[0.917s] -- Check for working CXX compiler: /usr/bin/c++ -- works
[0.919s] -- Detecting CXX compiler ABI info
[1.046s] -- Detecting CXX compiler ABI info - done
[1.062s] -- Detecting CXX compile features
[1.063s] -- Detecting CXX compile features - done
[1.065s] -- Found ament_cmake: 0.9.9 (/opt/ros/foxy/share/ament_cmake/cmake)
[1.095s] -- Found PythonInterp: /usr/bin/python3 (found suitable version "3.8.10", minimum required is "3") 
[1.095s] -- Using PYTHON_EXECUTABLE: /usr/bin/python3
[1.342s] -- Override CMake install command with custom implementation using symlinks instead of copying resources
[1.403s] -- Found ament_lint_auto: 0.9.6 (/opt/ros/foxy/share/ament_lint_auto/cmake)
[1.480s] -- Added test 'copyright' to check source files copyright and LICENSE
[1.482s] -- Added test 'flake8' to check Python code syntax and style conventions
[1.483s] -- Added test 'lint_cmake' to check CMake code style
[1.483s] -- Added test 'pep257' to check Python code against some of the style conventions in PEP 257
[1.485s] -- Added test 'xmllint' to check XML markup files
[1.488s] -- Configuring done
[1.490s] -- Generating done
[1.491s] -- Build files have been written to: /home/dahyeon/dev_ws/build/rqt_example
