[35m[1mScanning dependencies of target alarmserver[0m
[35m[1mScanning dependencies of target alarmclient[0m
[ 50%] [32mBuilding CXX object CMakeFiles/alarmserver.dir/src/alarm/alarmserver.cpp.o[0m
[ 50%] [32mBuilding CXX object CMakeFiles/alarmclient.dir/src/alarm/alarmclient.cpp.o[0m
[ 75%] [32m[1mLinking CXX executable alarmserver[0m
[100%] [32m[1mLinking CXX executable alarmclient[0m
[100%] Built target alarmserver
[100%] Built target alarmclient
-- Install configuration: ""
-- Execute custom install script
-- Up-to-date symlink: /home/dahyeon/dev_ws/install/uni/lib/uni/alarmserver
-- Up-to-date symlink: /home/dahyeon/dev_ws/install/uni/lib/uni/alarmclient
-- Up-to-date symlink: /home/dahyeon/dev_ws/install/uni/share/ament_index/resource_index/package_run_dependencies/uni
-- Up-to-date symlink: /home/dahyeon/dev_ws/install/uni/share/ament_index/resource_index/parent_prefix_path/uni
-- Up-to-date symlink: /home/dahyeon/dev_ws/install/uni/share/uni/environment/ament_prefix_path.sh
-- Up-to-date symlink: /home/dahyeon/dev_ws/install/uni/share/uni/environment/ament_prefix_path.dsv
-- Up-to-date symlink: /home/dahyeon/dev_ws/install/uni/share/uni/environment/path.sh
-- Up-to-date symlink: /home/dahyeon/dev_ws/install/uni/share/uni/environment/path.dsv
-- Up-to-date symlink: /home/dahyeon/dev_ws/install/uni/share/uni/local_setup.bash
-- Up-to-date symlink: /home/dahyeon/dev_ws/install/uni/share/uni/local_setup.sh
-- Up-to-date symlink: /home/dahyeon/dev_ws/install/uni/share/uni/local_setup.zsh
-- Up-to-date symlink: /home/dahyeon/dev_ws/install/uni/share/uni/local_setup.dsv
-- Symlinking: /home/dahyeon/dev_ws/install/uni/share/uni/package.dsv
-- Up-to-date symlink: /home/dahyeon/dev_ws/install/uni/share/ament_index/resource_index/packages/uni
-- Up-to-date symlink: /home/dahyeon/dev_ws/install/uni/share/uni/cmake/uniConfig.cmake
-- Up-to-date symlink: /home/dahyeon/dev_ws/install/uni/share/uni/cmake/uniConfig-version.cmake
-- Up-to-date symlink: /home/dahyeon/dev_ws/install/uni/share/uni/package.xml
