[  2%] Built target time_msgs__cpp
[ 12%] Built target time_msgs__rosidl_generator_c
[ 23%] Built target time_msgs__rosidl_typesupport_introspection_cpp
[ 33%] Built target time_msgs__rosidl_typesupport_cpp
[ 53%] Built target time_msgs__rosidl_typesupport_fastrtps_cpp
[ 53%] Built target time_msgs__rosidl_typesupport_introspection_c
[ 64%] Built target time_msgs__rosidl_typesupport_c
[ 74%] Built target time_msgs__rosidl_typesupport_fastrtps_c
[ 74%] Built target time_msgs
[ 76%] [34m[1mGenerating Python code for ROS interfaces[0m
[ 76%] Built target time_msgs__py
[35m[1mScanning dependencies of target time_msgs__python[0m
[ 82%] [32mBuilding C object CMakeFiles/time_msgs__python.dir/rosidl_generator_py/time_msgs/srv/_time_s.c.o[0m
[ 82%] [32mBuilding C object CMakeFiles/time_msgs__python.dir/rosidl_generator_py/time_msgs/action/_time_s.c.o[0m
[ 84%] [32m[1mLinking C shared library rosidl_generator_py/time_msgs/libtime_msgs__python.so[0m
[ 84%] Built target time_msgs__python
[35m[1mScanning dependencies of target time_msgs__rosidl_typesupport_c__pyext[0m
[35m[1mScanning dependencies of target time_msgs__rosidl_typesupport_introspection_c__pyext[0m
[35m[1mScanning dependencies of target time_msgs__rosidl_typesupport_fastrtps_c__pyext[0m
[ 89%] [32mBuilding C object CMakeFiles/time_msgs__rosidl_typesupport_introspection_c__pyext.dir/rosidl_generator_py/time_msgs/_time_msgs_s.ep.rosidl_typesupport_introspection_c.c.o[0m
[ 89%] [32mBuilding C object CMakeFiles/time_msgs__rosidl_typesupport_c__pyext.dir/rosidl_generator_py/time_msgs/_time_msgs_s.ep.rosidl_typesupport_c.c.o[0m
[ 92%] [32mBuilding C object CMakeFiles/time_msgs__rosidl_typesupport_fastrtps_c__pyext.dir/rosidl_generator_py/time_msgs/_time_msgs_s.ep.rosidl_typesupport_fastrtps_c.c.o[0m
[ 97%] [32m[1mLinking C shared library rosidl_generator_py/time_msgs/time_msgs_s__rosidl_typesupport_introspection_c.cpython-38-x86_64-linux-gnu.so[0m
[ 97%] [32m[1mLinking C shared library rosidl_generator_py/time_msgs/time_msgs_s__rosidl_typesupport_c.cpython-38-x86_64-linux-gnu.so[0m
[100%] [32m[1mLinking CXX shared library rosidl_generator_py/time_msgs/time_msgs_s__rosidl_typesupport_fastrtps_c.cpython-38-x86_64-linux-gnu.so[0m
[100%] Built target time_msgs__rosidl_typesupport_c__pyext
[100%] Built target time_msgs__rosidl_typesupport_introspection_c__pyext
[100%] Built target time_msgs__rosidl_typesupport_fastrtps_c__pyext
-- Install configuration: ""
-- Execute custom install script
-- Symlinking: /home/dahyeon/dev_ws/install/time_msgs/share/ament_index/resource_index/rosidl_interfaces/time_msgs
-- Symlinking: /home/dahyeon/dev_ws/install/time_msgs/include/time_msgs/action/detail/time__functions.h
-- Symlinking: /home/dahyeon/dev_ws/install/time_msgs/include/time_msgs/action/detail/time__struct.h
-- Symlinking: /home/dahyeon/dev_ws/install/time_msgs/include/time_msgs/action/detail/time__type_support.h
-- Symlinking: /home/dahyeon/dev_ws/install/time_msgs/include/time_msgs/action/time.h
-- Symlinking: /home/dahyeon/dev_ws/install/time_msgs/include/time_msgs/msg/rosidl_generator_c__visibility_control.h
-- Symlinking: /home/dahyeon/dev_ws/install/time_msgs/include/time_msgs/srv/detail/time__functions.h
-- Symlinking: /home/dahyeon/dev_ws/install/time_msgs/include/time_msgs/srv/detail/time__struct.h
-- Symlinking: /home/dahyeon/dev_ws/install/time_msgs/include/time_msgs/srv/detail/time__type_support.h
-- Symlinking: /home/dahyeon/dev_ws/install/time_msgs/include/time_msgs/srv/time.h
-- Symlinking: /home/dahyeon/dev_ws/install/time_msgs/share/time_msgs/environment/library_path.sh
-- Symlinking: /home/dahyeon/dev_ws/install/time_msgs/share/time_msgs/environment/library_path.dsv
-- Symlinking: /home/dahyeon/dev_ws/install/time_msgs/include/time_msgs/action/detail/time__rosidl_typesupport_fastrtps_c.h
-- Symlinking: /home/dahyeon/dev_ws/install/time_msgs/include/time_msgs/msg/rosidl_typesupport_fastrtps_c__visibility_control.h
-- Symlinking: /home/dahyeon/dev_ws/install/time_msgs/include/time_msgs/srv/detail/time__rosidl_typesupport_fastrtps_c.h
-- Symlinking: /home/dahyeon/dev_ws/install/time_msgs/lib/libtime_msgs__rosidl_typesupport_fastrtps_c.so
-- Symlinking: /home/dahyeon/dev_ws/install/time_msgs/include/time_msgs/action/detail/time__rosidl_typesupport_fastrtps_cpp.hpp
-- Symlinking: /home/dahyeon/dev_ws/install/time_msgs/include/time_msgs/msg/rosidl_typesupport_fastrtps_cpp__visibility_control.h
-- Symlinking: /home/dahyeon/dev_ws/install/time_msgs/include/time_msgs/srv/detail/time__rosidl_typesupport_fastrtps_cpp.hpp
-- Symlinking: /home/dahyeon/dev_ws/install/time_msgs/lib/libtime_msgs__rosidl_typesupport_fastrtps_cpp.so
-- Symlinking: /home/dahyeon/dev_ws/install/time_msgs/include/time_msgs/action/detail/time__rosidl_typesupport_introspection_c.h
-- Symlinking: /home/dahyeon/dev_ws/install/time_msgs/include/time_msgs/msg/rosidl_typesupport_introspection_c__visibility_control.h
-- Symlinking: /home/dahyeon/dev_ws/install/time_msgs/include/time_msgs/srv/detail/time__rosidl_typesupport_introspection_c.h
-- Symlinking: /home/dahyeon/dev_ws/install/time_msgs/include/time_msgs/action/detail/time__builder.hpp
-- Symlinking: /home/dahyeon/dev_ws/install/time_msgs/include/time_msgs/action/detail/time__struct.hpp
-- Symlinking: /home/dahyeon/dev_ws/install/time_msgs/include/time_msgs/action/detail/time__traits.hpp
-- Symlinking: /home/dahyeon/dev_ws/install/time_msgs/include/time_msgs/action/time.hpp
-- Symlinking: /home/dahyeon/dev_ws/install/time_msgs/include/time_msgs/srv/detail/time__builder.hpp
-- Symlinking: /home/dahyeon/dev_ws/install/time_msgs/include/time_msgs/srv/detail/time__struct.hpp
-- Symlinking: /home/dahyeon/dev_ws/install/time_msgs/include/time_msgs/srv/detail/time__traits.hpp
-- Symlinking: /home/dahyeon/dev_ws/install/time_msgs/include/time_msgs/srv/time.hpp
-- Symlinking: /home/dahyeon/dev_ws/install/time_msgs/include/time_msgs/action/detail/time__rosidl_typesupport_introspection_cpp.hpp
-- Symlinking: /home/dahyeon/dev_ws/install/time_msgs/include/time_msgs/srv/detail/time__rosidl_typesupport_introspection_cpp.hpp
-- Symlinking: /home/dahyeon/dev_ws/install/time_msgs/share/time_msgs/environment/pythonpath.sh
-- Symlinking: /home/dahyeon/dev_ws/install/time_msgs/share/time_msgs/environment/pythonpath.dsv
-- Symlinking: /home/dahyeon/dev_ws/install/time_msgs/lib/python3.8/site-packages/time_msgs/__init__.py
-- Symlinking: /home/dahyeon/dev_ws/install/time_msgs/lib/python3.8/site-packages/time_msgs/action/__init__.py
-- Symlinking: /home/dahyeon/dev_ws/install/time_msgs/lib/python3.8/site-packages/time_msgs/action/_time.py
-- Symlinking: /home/dahyeon/dev_ws/install/time_msgs/lib/python3.8/site-packages/time_msgs/srv/__init__.py
-- Symlinking: /home/dahyeon/dev_ws/install/time_msgs/lib/python3.8/site-packages/time_msgs/srv/_time.py
-- Symlinking: /home/dahyeon/dev_ws/install/time_msgs/lib/python3.8/site-packages/time_msgs/time_msgs_s__rosidl_typesupport_fastrtps_c.cpython-38-x86_64-linux-gnu.so
-- Symlinking: /home/dahyeon/dev_ws/install/time_msgs/lib/python3.8/site-packages/time_msgs/time_msgs_s__rosidl_typesupport_introspection_c.cpython-38-x86_64-linux-gnu.so
-- Symlinking: /home/dahyeon/dev_ws/install/time_msgs/lib/python3.8/site-packages/time_msgs/time_msgs_s__rosidl_typesupport_c.cpython-38-x86_64-linux-gnu.so
-- Symlinking: /home/dahyeon/dev_ws/install/time_msgs/lib/libtime_msgs__python.so
-- Symlinking: /home/dahyeon/dev_ws/install/time_msgs/share/time_msgs/action/Time.idl
-- Symlinking: /home/dahyeon/dev_ws/install/time_msgs/share/time_msgs/srv/Time.idl
-- Symlinking: /home/dahyeon/dev_ws/install/time_msgs/share/time_msgs/action/Time.action
-- Symlinking: /home/dahyeon/dev_ws/install/time_msgs/share/time_msgs/srv/Time.srv
-- Symlinking: /home/dahyeon/dev_ws/install/time_msgs/share/time_msgs/srv/Time_Request.msg
-- Symlinking: /home/dahyeon/dev_ws/install/time_msgs/share/time_msgs/srv/Time_Response.msg
-- Symlinking: /home/dahyeon/dev_ws/install/time_msgs/share/ament_index/resource_index/package_run_dependencies/time_msgs
-- Symlinking: /home/dahyeon/dev_ws/install/time_msgs/share/ament_index/resource_index/parent_prefix_path/time_msgs
-- Symlinking: /home/dahyeon/dev_ws/install/time_msgs/share/time_msgs/environment/ament_prefix_path.sh
-- Symlinking: /home/dahyeon/dev_ws/install/time_msgs/share/time_msgs/environment/ament_prefix_path.dsv
-- Symlinking: /home/dahyeon/dev_ws/install/time_msgs/share/time_msgs/environment/path.sh
-- Symlinking: /home/dahyeon/dev_ws/install/time_msgs/share/time_msgs/environment/path.dsv
-- Symlinking: /home/dahyeon/dev_ws/install/time_msgs/share/time_msgs/local_setup.bash
-- Symlinking: /home/dahyeon/dev_ws/install/time_msgs/share/time_msgs/local_setup.sh
-- Symlinking: /home/dahyeon/dev_ws/install/time_msgs/share/time_msgs/local_setup.zsh
-- Symlinking: /home/dahyeon/dev_ws/install/time_msgs/share/time_msgs/local_setup.dsv
-- Symlinking: /home/dahyeon/dev_ws/install/time_msgs/share/time_msgs/package.dsv
-- Symlinking: /home/dahyeon/dev_ws/install/time_msgs/share/ament_index/resource_index/packages/time_msgs
-- Symlinking: /home/dahyeon/dev_ws/install/time_msgs/share/time_msgs/cmake/rosidl_cmake-extras.cmake
-- Symlinking: /home/dahyeon/dev_ws/install/time_msgs/share/time_msgs/cmake/ament_cmake_export_dependencies-extras.cmake
-- Symlinking: /home/dahyeon/dev_ws/install/time_msgs/share/time_msgs/cmake/ament_cmake_export_libraries-extras.cmake
-- Symlinking: /home/dahyeon/dev_ws/install/time_msgs/share/time_msgs/cmake/ament_cmake_export_targets-extras.cmake
-- Symlinking: /home/dahyeon/dev_ws/install/time_msgs/share/time_msgs/cmake/ament_cmake_export_include_directories-extras.cmake
-- Symlinking: /home/dahyeon/dev_ws/install/time_msgs/share/time_msgs/cmake/rosidl_cmake_export_typesupport_libraries-extras.cmake
-- Symlinking: /home/dahyeon/dev_ws/install/time_msgs/share/time_msgs/cmake/rosidl_cmake_export_typesupport_targets-extras.cmake
-- Symlinking: /home/dahyeon/dev_ws/install/time_msgs/share/time_msgs/cmake/time_msgsConfig.cmake
-- Symlinking: /home/dahyeon/dev_ws/install/time_msgs/share/time_msgs/cmake/time_msgsConfig-version.cmake
-- Symlinking: /home/dahyeon/dev_ws/install/time_msgs/share/time_msgs/package.xml
-- Installing: /home/dahyeon/dev_ws/install/time_msgs/lib/libtime_msgs__rosidl_generator_c.so
-- Set runtime path of "/home/dahyeon/dev_ws/install/time_msgs/lib/libtime_msgs__rosidl_generator_c.so" to ""
-- Installing: /home/dahyeon/dev_ws/install/time_msgs/lib/libtime_msgs__rosidl_typesupport_introspection_c.so
-- Set runtime path of "/home/dahyeon/dev_ws/install/time_msgs/lib/libtime_msgs__rosidl_typesupport_introspection_c.so" to ""
-- Installing: /home/dahyeon/dev_ws/install/time_msgs/lib/libtime_msgs__rosidl_typesupport_c.so
-- Set runtime path of "/home/dahyeon/dev_ws/install/time_msgs/lib/libtime_msgs__rosidl_typesupport_c.so" to ""
-- Installing: /home/dahyeon/dev_ws/install/time_msgs/lib/libtime_msgs__rosidl_typesupport_introspection_cpp.so
-- Set runtime path of "/home/dahyeon/dev_ws/install/time_msgs/lib/libtime_msgs__rosidl_typesupport_introspection_cpp.so" to ""
-- Installing: /home/dahyeon/dev_ws/install/time_msgs/lib/libtime_msgs__rosidl_typesupport_cpp.so
-- Set runtime path of "/home/dahyeon/dev_ws/install/time_msgs/lib/libtime_msgs__rosidl_typesupport_cpp.so" to ""
Compiling '/home/dahyeon/dev_ws/install/time_msgs/lib/python3.8/site-packages/time_msgs/__init__.py'...
-- Installing: /home/dahyeon/dev_ws/install/time_msgs/share/time_msgs/cmake/time_msgs__rosidl_generator_cExport.cmake
-- Installing: /home/dahyeon/dev_ws/install/time_msgs/share/time_msgs/cmake/time_msgs__rosidl_generator_cExport-noconfig.cmake
-- Installing: /home/dahyeon/dev_ws/install/time_msgs/share/time_msgs/cmake/time_msgs__rosidl_typesupport_introspection_cExport.cmake
-- Installing: /home/dahyeon/dev_ws/install/time_msgs/share/time_msgs/cmake/time_msgs__rosidl_typesupport_introspection_cExport-noconfig.cmake
-- Installing: /home/dahyeon/dev_ws/install/time_msgs/share/time_msgs/cmake/time_msgs__rosidl_typesupport_cExport.cmake
-- Installing: /home/dahyeon/dev_ws/install/time_msgs/share/time_msgs/cmake/time_msgs__rosidl_typesupport_cExport-noconfig.cmake
-- Installing: /home/dahyeon/dev_ws/install/time_msgs/share/time_msgs/cmake/time_msgs__rosidl_generator_cppExport.cmake
-- Installing: /home/dahyeon/dev_ws/install/time_msgs/share/time_msgs/cmake/time_msgs__rosidl_typesupport_introspection_cppExport.cmake
-- Installing: /home/dahyeon/dev_ws/install/time_msgs/share/time_msgs/cmake/time_msgs__rosidl_typesupport_introspection_cppExport-noconfig.cmake
-- Installing: /home/dahyeon/dev_ws/install/time_msgs/share/time_msgs/cmake/time_msgs__rosidl_typesupport_cppExport.cmake
-- Installing: /home/dahyeon/dev_ws/install/time_msgs/share/time_msgs/cmake/time_msgs__rosidl_typesupport_cppExport-noconfig.cmake
