[0.023s] Invoking command in '/home/dahyeon/dev_ws/build/server_pkg': AMENT_PREFIX_PATH=/home/dahyeon/dev_ws/install/msg_srv_action_interface_example:${AMENT_PREFIX_PATH} CMAKE_PREFIX_PATH=/home/dahyeon/dev_ws/install/msg_srv_action_interface_example:${CMAKE_PREFIX_PATH} LD_LIBRARY_PATH=/home/dahyeon/dev_ws/install/msg_srv_action_interface_example/lib:${LD_LIBRARY_PATH} PYTHONPATH=/home/dahyeon/dev_ws/install/msg_srv_action_interface_example/lib/python3.8/site-packages:${PYTHONPATH} /usr/bin/cmake /home/dahyeon/dev_ws/src/server_pkg -DCMAKE_INSTALL_PREFIX=/home/dahyeon/dev_ws/install/server_pkg
[0.061s] -- The C compiler identification is GNU 9.4.0
[0.101s] -- The CXX compiler identification is GNU 9.4.0
[0.105s] -- Check for working C compiler: /usr/bin/cc
[0.152s] -- Check for working C compiler: /usr/bin/cc -- works
[0.153s] -- Detecting C compiler ABI info
[0.203s] -- Detecting C compiler ABI info - done
[0.213s] -- Detecting C compile features
[0.213s] -- Detecting C compile features - done
[0.215s] -- Check for working CXX compiler: /usr/bin/c++
[0.280s] -- Check for working CXX compiler: /usr/bin/c++ -- works
[0.281s] -- Detecting CXX compiler ABI info
[0.337s] -- Detecting CXX compiler ABI info - done
[0.349s] -- Detecting CXX compile features
[0.349s] -- Detecting CXX compile features - done
[0.350s] -- Found ament_cmake: 0.9.9 (/opt/ros/foxy/share/ament_cmake/cmake)
[0.371s] -- Found PythonInterp: /usr/bin/python3 (found suitable version "3.8.10", minimum required is "3") 
[0.371s] -- Using PYTHON_EXECUTABLE: /usr/bin/python3
[0.522s] -- Found rclcpp: 2.4.1 (/opt/ros/foxy/share/rclcpp/cmake)
[0.556s] -- Using all available rosidl_typesupport_c: rosidl_typesupport_fastrtps_c;rosidl_typesupport_introspection_c
[0.561s] -- Found rosidl_adapter: 1.2.1 (/opt/ros/foxy/share/rosidl_adapter/cmake)
[0.611s] -- Found OpenSSL: /usr/lib/x86_64-linux-gnu/libcrypto.so (found version "1.1.1f")  
[0.632s] -- Found FastRTPS: /opt/ros/foxy/include  
[0.695s] -- Using all available rosidl_typesupport_cpp: rosidl_typesupport_fastrtps_cpp;rosidl_typesupport_introspection_cpp
[0.743s] -- Found rmw_implementation_cmake: 1.0.3 (/opt/ros/foxy/share/rmw_implementation_cmake/cmake)
[0.745s] -- Using RMW implementation 'rmw_fastrtps_cpp' as default
[0.746s] -- Looking for pthread.h
[0.798s] -- Looking for pthread.h - found
[0.798s] -- Performing Test CMAKE_HAVE_LIBC_PTHREAD
[0.855s] -- Performing Test CMAKE_HAVE_LIBC_PTHREAD - Failed
[0.855s] -- Looking for pthread_create in pthreads
[0.895s] -- Looking for pthread_create in pthreads - not found
[0.896s] -- Looking for pthread_create in pthread
[0.945s] -- Looking for pthread_create in pthread - found
[0.945s] -- Found Threads: TRUE  
[1.088s] -- Found msg_srv_action_interface_example: 0.6.0 (/home/dahyeon/dev_ws/install/msg_srv_action_interface_example/share/msg_srv_action_interface_example/cmake)
[1.188s] -- Found rclcpp_action: 2.4.1 (/opt/ros/foxy/share/rclcpp_action/cmake)
[1.214s] CMake Error at /opt/ros/foxy/share/ament_cmake_target_dependencies/cmake/ament_target_dependencies.cmake:42 (message):
[1.214s]   ament_target_dependencies() the first argument must be a valid target name
[1.214s] Call Stack (most recent call first):
[1.214s]   CMakeLists.txt:28 (ament_target_dependencies)
[1.214s] 
[1.214s] 
[1.215s] -- Configuring incomplete, errors occurred!
[1.215s] See also "/home/dahyeon/dev_ws/build/server_pkg/CMakeFiles/CMakeOutput.log".
[1.215s] See also "/home/dahyeon/dev_ws/build/server_pkg/CMakeFiles/CMakeError.log".
[1.222s] Invoked command in '/home/dahyeon/dev_ws/build/server_pkg' returned '1': AMENT_PREFIX_PATH=/home/dahyeon/dev_ws/install/msg_srv_action_interface_example:${AMENT_PREFIX_PATH} CMAKE_PREFIX_PATH=/home/dahyeon/dev_ws/install/msg_srv_action_interface_example:${CMAKE_PREFIX_PATH} LD_LIBRARY_PATH=/home/dahyeon/dev_ws/install/msg_srv_action_interface_example/lib:${LD_LIBRARY_PATH} PYTHONPATH=/home/dahyeon/dev_ws/install/msg_srv_action_interface_example/lib/python3.8/site-packages:${PYTHONPATH} /usr/bin/cmake /home/dahyeon/dev_ws/src/server_pkg -DCMAKE_INSTALL_PREFIX=/home/dahyeon/dev_ws/install/server_pkg
