[0.021s] Invoking command in '/home/dahyeon/dev_ws/build/time_msgs': CMAKE_PREFIX_PATH=${CMAKE_PREFIX_PATH}:/home/dahyeon/dev_ws/install/topic_service_action_rclpy_example:/home/dahyeon/dev_ws/install/time_rclpy_example:/home/dahyeon/dev_ws/install/time_alarm_handle:/home/dahyeon/dev_ws/install/tf2_rclpy_example:/home/dahyeon/dev_ws/install/ros2env:/home/dahyeon/dev_ws/install/my_package:/home/dahyeon/dev_ws/install/my_first_ros_rclpy_pkg:/home/dahyeon/dev_ws/install/my_first_ros_rclcpp_pkg:/home/dahyeon/dev_ws/install/logging_rclpy_example:/home/dahyeon/dev_ws/install/cpp_parameters:/opt/ros/foxy /usr/bin/cmake --build /home/dahyeon/dev_ws/build/time_msgs -- -j12 -l12
[0.049s] -- Found ament_cmake: 0.9.9 (/opt/ros/foxy/share/ament_cmake/cmake)
[0.083s] -- Found PythonInterp: /usr/bin/python3 (found suitable version "3.8.10", minimum required is "3") 
[0.083s] -- Using PYTHON_EXECUTABLE: /usr/bin/python3
[0.249s] -- Override CMake install command with custom implementation using symlinks instead of copying resources
[0.267s] -- Found rosidl_default_generators: 1.0.1 (/opt/ros/foxy/share/rosidl_default_generators/cmake)
[0.274s] -- Using all available rosidl_typesupport_c: rosidl_typesupport_fastrtps_c;rosidl_typesupport_introspection_c
[0.279s] -- Found rosidl_adapter: 1.2.1 (/opt/ros/foxy/share/rosidl_adapter/cmake)
[0.420s] -- Using all available rosidl_typesupport_cpp: rosidl_typesupport_fastrtps_cpp;rosidl_typesupport_introspection_cpp
[0.471s] -- Found PythonInterp: /usr/bin/python3 (found version "3.8.10") 
[0.669s] -- Found ament_cmake_ros: 0.9.2 (/opt/ros/foxy/share/ament_cmake_ros/cmake)
[0.780s] -- Using all available rosidl_typesupport_c: rosidl_typesupport_fastrtps_c;rosidl_typesupport_introspection_c
[0.805s] -- Using all available rosidl_typesupport_cpp: rosidl_typesupport_fastrtps_cpp;rosidl_typesupport_introspection_cpp
[0.836s] -- Found PythonInterp: /usr/bin/python3 (found suitable version "3.8.10", minimum required is "3.5") 
[0.837s] -- Found python_cmake_module: 0.8.1 (/opt/ros/foxy/share/python_cmake_module/cmake)
[0.865s] -- Using PYTHON_EXECUTABLE: /usr/bin/python3
[0.865s] -- Using PYTHON_INCLUDE_DIRS: /usr/include/python3.8
[0.865s] -- Using PYTHON_LIBRARIES: /usr/lib/x86_64-linux-gnu/libpython3.8.so
[0.897s] -- Found ament_lint_auto: 0.9.6 (/opt/ros/foxy/share/ament_lint_auto/cmake)
[0.920s] -- Added test 'copyright' to check source files copyright and LICENSE
[0.922s] -- Added test 'lint_cmake' to check CMake code style
[0.923s] -- Added test 'xmllint' to check XML markup files
[0.930s] -- Configuring done
[0.975s] -- Generating done
[0.977s] -- Build files have been written to: /home/dahyeon/dev_ws/build/time_msgs
[0.996s] [  2%] [34m[1mGenerating C code for ROS interfaces[0m
[1.004s] [  4%] [34m[1mGenerating C++ code for ROS interfaces[0m
[1.412s] [35m[1mScanning dependencies of target time_msgs__rosidl_generator_c[0m
[1.422s] [ 10%] [32mBuilding C object CMakeFiles/time_msgs__rosidl_generator_c.dir/rosidl_generator_c/time_msgs/action/detail/time__functions.c.o[0m
[1.422s] [ 10%] [32mBuilding C object CMakeFiles/time_msgs__rosidl_generator_c.dir/rosidl_generator_c/time_msgs/srv/detail/time__functions.c.o[0m
[1.422s] [ 10%] [32mBuilding C object CMakeFiles/time_msgs__rosidl_generator_c.dir/rosidl_generator_c/time_msgs/msg/detail/time__functions.c.o[0m
[1.450s] [ 10%] Built target time_msgs__cpp
[1.459s] [ 17%] [34m[1mGenerating C++ type support dispatch for ROS interfaces[0m
[1.460s] [ 17%] [34m[1mGenerating C++ type support for eProsima Fast-RTPS[0m
[1.460s] [ 17%] [34m[1mGenerating C++ introspection for ROS interfaces[0m
[1.492s] [ 19%] [32m[1mLinking C shared library libtime_msgs__rosidl_generator_c.so[0m
[1.522s] [ 19%] Built target time_msgs__rosidl_generator_c
[1.530s] [ 23%] [34m[1mGenerating C type support dispatch for ROS interfaces[0m
[1.530s] [ 23%] [34m[1mGenerating C introspection for ROS interfaces[0m
[1.772s] [35m[1mScanning dependencies of target time_msgs__rosidl_typesupport_cpp[0m
[1.783s] [ 25%] [32mBuilding CXX object CMakeFiles/time_msgs__rosidl_typesupport_cpp.dir/rosidl_typesupport_cpp/time_msgs/msg/time__type_support.cpp.o[0m
[1.785s] [ 29%] [32mBuilding CXX object CMakeFiles/time_msgs__rosidl_typesupport_cpp.dir/rosidl_typesupport_cpp/time_msgs/srv/time__type_support.cpp.o[0m
[1.786s] [ 29%] [32mBuilding CXX object CMakeFiles/time_msgs__rosidl_typesupport_cpp.dir/rosidl_typesupport_cpp/time_msgs/action/time__type_support.cpp.o[0m
[1.813s] [35m[1mScanning dependencies of target time_msgs__rosidl_typesupport_introspection_cpp[0m
[1.820s] [35m[1mScanning dependencies of target time_msgs__rosidl_typesupport_c[0m
[1.827s] [ 31%] [32mBuilding CXX object CMakeFiles/time_msgs__rosidl_typesupport_introspection_cpp.dir/rosidl_typesupport_introspection_cpp/time_msgs/msg/detail/time__type_support.cpp.o[0m
[1.828s] [ 36%] [32mBuilding CXX object CMakeFiles/time_msgs__rosidl_typesupport_introspection_cpp.dir/rosidl_typesupport_introspection_cpp/time_msgs/action/detail/time__type_support.cpp.o[0m
[1.828s] [ 36%] [32mBuilding CXX object CMakeFiles/time_msgs__rosidl_typesupport_introspection_cpp.dir/rosidl_typesupport_introspection_cpp/time_msgs/srv/detail/time__type_support.cpp.o[0m
[1.836s] [ 38%] [32mBuilding CXX object CMakeFiles/time_msgs__rosidl_typesupport_c.dir/rosidl_typesupport_c/time_msgs/action/time__type_support.cpp.o[0m
[1.838s] [ 40%] [32mBuilding CXX object CMakeFiles/time_msgs__rosidl_typesupport_c.dir/rosidl_typesupport_c/time_msgs/srv/time__type_support.cpp.o[0m
[1.844s] [ 42%] [32mBuilding CXX object CMakeFiles/time_msgs__rosidl_typesupport_c.dir/rosidl_typesupport_c/time_msgs/msg/time__type_support.cpp.o[0m
[1.900s] [ 44%] [32m[1mLinking CXX shared library libtime_msgs__rosidl_typesupport_c.so[0m
[1.937s] [35m[1mScanning dependencies of target time_msgs__rosidl_typesupport_fastrtps_cpp[0m
[1.953s] [ 44%] Built target time_msgs__rosidl_typesupport_c
[1.958s] [ 46%] [32mBuilding CXX object CMakeFiles/time_msgs__rosidl_typesupport_fastrtps_cpp.dir/rosidl_typesupport_fastrtps_cpp/time_msgs/action/detail/dds_fastrtps/time__type_support.cpp.o[0m
[1.958s] [ 48%] [32mBuilding CXX object CMakeFiles/time_msgs__rosidl_typesupport_fastrtps_cpp.dir/rosidl_typesupport_fastrtps_cpp/time_msgs/msg/detail/dds_fastrtps/time__type_support.cpp.o[0m
[1.963s] [ 51%] [32mBuilding CXX object CMakeFiles/time_msgs__rosidl_typesupport_fastrtps_cpp.dir/rosidl_typesupport_fastrtps_cpp/time_msgs/srv/detail/dds_fastrtps/time__type_support.cpp.o[0m
[1.985s] [35m[1mScanning dependencies of target time_msgs__rosidl_typesupport_introspection_c[0m
[2.003s] [ 53%] [32mBuilding C object CMakeFiles/time_msgs__rosidl_typesupport_introspection_c.dir/rosidl_typesupport_introspection_c/time_msgs/msg/detail/time__type_support.c.o[0m
[2.003s] [ 55%] [32mBuilding C object CMakeFiles/time_msgs__rosidl_typesupport_introspection_c.dir/rosidl_typesupport_introspection_c/time_msgs/srv/detail/time__type_support.c.o[0m
[2.010s] [ 57%] [32mBuilding C object CMakeFiles/time_msgs__rosidl_typesupport_introspection_c.dir/rosidl_typesupport_introspection_c/time_msgs/action/detail/time__type_support.c.o[0m
[2.067s] [ 59%] [32m[1mLinking C shared library libtime_msgs__rosidl_typesupport_introspection_c.so[0m
[2.104s] [ 59%] Built target time_msgs__rosidl_typesupport_introspection_c
[2.152s] [ 61%] [32m[1mLinking CXX shared library libtime_msgs__rosidl_typesupport_cpp.so[0m
[2.187s] [ 61%] Built target time_msgs__rosidl_typesupport_cpp
[2.277s] [ 63%] [32m[1mLinking CXX shared library libtime_msgs__rosidl_typesupport_introspection_cpp.so[0m
[2.342s] [ 63%] Built target time_msgs__rosidl_typesupport_introspection_cpp
[2.454s] [ 65%] [32m[1mLinking CXX shared library libtime_msgs__rosidl_typesupport_fastrtps_cpp.so[0m
[2.519s] [ 65%] Built target time_msgs__rosidl_typesupport_fastrtps_cpp
[2.527s] [ 68%] [34m[1mGenerating C type support for eProsima Fast-RTPS[0m
[2.900s] [35m[1mScanning dependencies of target time_msgs__rosidl_typesupport_fastrtps_c[0m
[2.914s] [ 74%] [32mBuilding CXX object CMakeFiles/time_msgs__rosidl_typesupport_fastrtps_c.dir/rosidl_typesupport_fastrtps_c/time_msgs/action/detail/time__type_support_c.cpp.o[0m
[2.914s] [ 74%] [32mBuilding CXX object CMakeFiles/time_msgs__rosidl_typesupport_fastrtps_c.dir/rosidl_typesupport_fastrtps_c/time_msgs/srv/detail/time__type_support_c.cpp.o[0m
[2.914s] [ 74%] [32mBuilding CXX object CMakeFiles/time_msgs__rosidl_typesupport_fastrtps_c.dir/rosidl_typesupport_fastrtps_c/time_msgs/msg/detail/time__type_support_c.cpp.o[0m
[3.233s] [ 76%] [32m[1mLinking CXX shared library libtime_msgs__rosidl_typesupport_fastrtps_c.so[0m
[3.299s] [ 76%] Built target time_msgs__rosidl_typesupport_fastrtps_c
[3.314s] [ 76%] Built target time_msgs
[3.330s] [ 78%] [34m[1mGenerating Python code for ROS interfaces[0m
[4.174s] [ 78%] Built target time_msgs__py
[4.183s] [35m[1mScanning dependencies of target time_msgs__python[0m
[4.197s] [ 82%] [32mBuilding C object CMakeFiles/time_msgs__python.dir/rosidl_generator_py/time_msgs/action/_time_s.c.o[0m
[4.197s] [ 82%] [32mBuilding C object CMakeFiles/time_msgs__python.dir/rosidl_generator_py/time_msgs/srv/_time_s.c.o[0m
[4.197s] [ 85%] [32mBuilding C object CMakeFiles/time_msgs__python.dir/rosidl_generator_py/time_msgs/msg/_time_s.c.o[0m
[4.327s] [ 87%] [32m[1mLinking C shared library rosidl_generator_py/time_msgs/libtime_msgs__python.so[0m
[4.359s] [ 87%] Built target time_msgs__python
[4.368s] [35m[1mScanning dependencies of target time_msgs__rosidl_typesupport_fastrtps_c__pyext[0m
[4.368s] [35m[1mScanning dependencies of target time_msgs__rosidl_typesupport_introspection_c__pyext[0m
[4.368s] [35m[1mScanning dependencies of target time_msgs__rosidl_typesupport_c__pyext[0m
[4.380s] [ 93%] [32mBuilding C object CMakeFiles/time_msgs__rosidl_typesupport_introspection_c__pyext.dir/rosidl_generator_py/time_msgs/_time_msgs_s.ep.rosidl_typesupport_introspection_c.c.o[0m
[4.380s] [ 93%] [32mBuilding C object CMakeFiles/time_msgs__rosidl_typesupport_c__pyext.dir/rosidl_generator_py/time_msgs/_time_msgs_s.ep.rosidl_typesupport_c.c.o[0m
[4.380s] [ 93%] [32mBuilding C object CMakeFiles/time_msgs__rosidl_typesupport_fastrtps_c__pyext.dir/rosidl_generator_py/time_msgs/_time_msgs_s.ep.rosidl_typesupport_fastrtps_c.c.o[0m
[4.466s] [ 97%] [32m[1mLinking C shared library rosidl_generator_py/time_msgs/time_msgs_s__rosidl_typesupport_introspection_c.cpython-38-x86_64-linux-gnu.so[0m
[4.466s] [ 97%] [32m[1mLinking C shared library rosidl_generator_py/time_msgs/time_msgs_s__rosidl_typesupport_c.cpython-38-x86_64-linux-gnu.so[0m
[4.466s] [100%] [32m[1mLinking CXX shared library rosidl_generator_py/time_msgs/time_msgs_s__rosidl_typesupport_fastrtps_c.cpython-38-x86_64-linux-gnu.so[0m
[4.497s] [100%] Built target time_msgs__rosidl_typesupport_c__pyext
[4.498s] [100%] Built target time_msgs__rosidl_typesupport_introspection_c__pyext
[4.519s] [100%] Built target time_msgs__rosidl_typesupport_fastrtps_c__pyext
[4.528s] Invoked command in '/home/dahyeon/dev_ws/build/time_msgs' returned '0': CMAKE_PREFIX_PATH=${CMAKE_PREFIX_PATH}:/home/dahyeon/dev_ws/install/topic_service_action_rclpy_example:/home/dahyeon/dev_ws/install/time_rclpy_example:/home/dahyeon/dev_ws/install/time_alarm_handle:/home/dahyeon/dev_ws/install/tf2_rclpy_example:/home/dahyeon/dev_ws/install/ros2env:/home/dahyeon/dev_ws/install/my_package:/home/dahyeon/dev_ws/install/my_first_ros_rclpy_pkg:/home/dahyeon/dev_ws/install/my_first_ros_rclcpp_pkg:/home/dahyeon/dev_ws/install/logging_rclpy_example:/home/dahyeon/dev_ws/install/cpp_parameters:/opt/ros/foxy /usr/bin/cmake --build /home/dahyeon/dev_ws/build/time_msgs -- -j12 -l12
[4.582s] Invoking command in '/home/dahyeon/dev_ws/build/time_msgs': CMAKE_PREFIX_PATH=${CMAKE_PREFIX_PATH}:/home/dahyeon/dev_ws/install/topic_service_action_rclpy_example:/home/dahyeon/dev_ws/install/time_rclpy_example:/home/dahyeon/dev_ws/install/time_alarm_handle:/home/dahyeon/dev_ws/install/tf2_rclpy_example:/home/dahyeon/dev_ws/install/ros2env:/home/dahyeon/dev_ws/install/my_package:/home/dahyeon/dev_ws/install/my_first_ros_rclpy_pkg:/home/dahyeon/dev_ws/install/my_first_ros_rclcpp_pkg:/home/dahyeon/dev_ws/install/logging_rclpy_example:/home/dahyeon/dev_ws/install/cpp_parameters:/opt/ros/foxy /usr/bin/cmake --install /home/dahyeon/dev_ws/build/time_msgs
[4.589s] -- Install configuration: ""
[4.589s] -- Execute custom install script
[4.590s] -- Up-to-date symlink: /home/dahyeon/dev_ws/install/time_msgs/share/ament_index/resource_index/rosidl_interfaces/time_msgs
[4.590s] -- Up-to-date symlink: /home/dahyeon/dev_ws/install/time_msgs/include/time_msgs/action/detail/time__functions.h
[4.590s] -- Up-to-date symlink: /home/dahyeon/dev_ws/install/time_msgs/include/time_msgs/action/detail/time__struct.h
[4.590s] -- Up-to-date symlink: /home/dahyeon/dev_ws/install/time_msgs/include/time_msgs/action/detail/time__type_support.h
[4.590s] -- Up-to-date symlink: /home/dahyeon/dev_ws/install/time_msgs/include/time_msgs/action/time.h
[4.591s] -- Up-to-date symlink: /home/dahyeon/dev_ws/install/time_msgs/include/time_msgs/msg/detail/time__functions.h
[4.591s] -- Up-to-date symlink: /home/dahyeon/dev_ws/install/time_msgs/include/time_msgs/msg/detail/time__struct.h
[4.591s] -- Up-to-date symlink: /home/dahyeon/dev_ws/install/time_msgs/include/time_msgs/msg/detail/time__type_support.h
[4.591s] -- Up-to-date symlink: /home/dahyeon/dev_ws/install/time_msgs/include/time_msgs/msg/rosidl_generator_c__visibility_control.h
[4.591s] -- Up-to-date symlink: /home/dahyeon/dev_ws/install/time_msgs/include/time_msgs/msg/time.h
[4.591s] -- Up-to-date symlink: /home/dahyeon/dev_ws/install/time_msgs/include/time_msgs/srv/detail/time__functions.h
[4.591s] -- Up-to-date symlink: /home/dahyeon/dev_ws/install/time_msgs/include/time_msgs/srv/detail/time__struct.h
[4.591s] -- Up-to-date symlink: /home/dahyeon/dev_ws/install/time_msgs/include/time_msgs/srv/detail/time__type_support.h
[4.591s] -- Up-to-date symlink: /home/dahyeon/dev_ws/install/time_msgs/include/time_msgs/srv/time.h
[4.592s] -- Up-to-date symlink: /home/dahyeon/dev_ws/install/time_msgs/share/time_msgs/environment/library_path.sh
[4.592s] -- Up-to-date symlink: /home/dahyeon/dev_ws/install/time_msgs/share/time_msgs/environment/library_path.dsv
[4.592s] -- Up-to-date symlink: /home/dahyeon/dev_ws/install/time_msgs/include/time_msgs/action/detail/time__rosidl_typesupport_fastrtps_c.h
[4.592s] -- Up-to-date symlink: /home/dahyeon/dev_ws/install/time_msgs/include/time_msgs/msg/detail/time__rosidl_typesupport_fastrtps_c.h
[4.593s] -- Up-to-date symlink: /home/dahyeon/dev_ws/install/time_msgs/include/time_msgs/msg/rosidl_typesupport_fastrtps_c__visibility_control.h
[4.593s] -- Up-to-date symlink: /home/dahyeon/dev_ws/install/time_msgs/include/time_msgs/srv/detail/time__rosidl_typesupport_fastrtps_c.h
[4.593s] -- Up-to-date symlink: /home/dahyeon/dev_ws/install/time_msgs/lib/libtime_msgs__rosidl_typesupport_fastrtps_c.so
[4.593s] -- Up-to-date symlink: /home/dahyeon/dev_ws/install/time_msgs/include/time_msgs/action/detail/time__rosidl_typesupport_fastrtps_cpp.hpp
[4.594s] -- Up-to-date symlink: /home/dahyeon/dev_ws/install/time_msgs/include/time_msgs/msg/detail/time__rosidl_typesupport_fastrtps_cpp.hpp
[4.594s] -- Up-to-date symlink: /home/dahyeon/dev_ws/install/time_msgs/include/time_msgs/msg/rosidl_typesupport_fastrtps_cpp__visibility_control.h
[4.594s] -- Up-to-date symlink: /home/dahyeon/dev_ws/install/time_msgs/include/time_msgs/srv/detail/time__rosidl_typesupport_fastrtps_cpp.hpp
[4.594s] -- Up-to-date symlink: /home/dahyeon/dev_ws/install/time_msgs/lib/libtime_msgs__rosidl_typesupport_fastrtps_cpp.so
[4.594s] -- Up-to-date symlink: /home/dahyeon/dev_ws/install/time_msgs/include/time_msgs/action/detail/time__rosidl_typesupport_introspection_c.h
[4.595s] -- Up-to-date symlink: /home/dahyeon/dev_ws/install/time_msgs/include/time_msgs/msg/detail/time__rosidl_typesupport_introspection_c.h
[4.595s] -- Up-to-date symlink: /home/dahyeon/dev_ws/install/time_msgs/include/time_msgs/msg/rosidl_typesupport_introspection_c__visibility_control.h
[4.595s] -- Up-to-date symlink: /home/dahyeon/dev_ws/install/time_msgs/include/time_msgs/srv/detail/time__rosidl_typesupport_introspection_c.h
[4.595s] -- Up-to-date symlink: /home/dahyeon/dev_ws/install/time_msgs/include/time_msgs/action/detail/time__builder.hpp
[4.595s] -- Up-to-date symlink: /home/dahyeon/dev_ws/install/time_msgs/include/time_msgs/action/detail/time__struct.hpp
[4.595s] -- Up-to-date symlink: /home/dahyeon/dev_ws/install/time_msgs/include/time_msgs/action/detail/time__traits.hpp
[4.595s] -- Up-to-date symlink: /home/dahyeon/dev_ws/install/time_msgs/include/time_msgs/action/time.hpp
[4.596s] -- Up-to-date symlink: /home/dahyeon/dev_ws/install/time_msgs/include/time_msgs/msg/detail/time__builder.hpp
[4.596s] -- Up-to-date symlink: /home/dahyeon/dev_ws/install/time_msgs/include/time_msgs/msg/detail/time__struct.hpp
[4.596s] -- Up-to-date symlink: /home/dahyeon/dev_ws/install/time_msgs/include/time_msgs/msg/detail/time__traits.hpp
[4.596s] -- Up-to-date symlink: /home/dahyeon/dev_ws/install/time_msgs/include/time_msgs/msg/time.hpp
[4.596s] -- Up-to-date symlink: /home/dahyeon/dev_ws/install/time_msgs/include/time_msgs/srv/detail/time__builder.hpp
[4.596s] -- Up-to-date symlink: /home/dahyeon/dev_ws/install/time_msgs/include/time_msgs/srv/detail/time__struct.hpp
[4.596s] -- Up-to-date symlink: /home/dahyeon/dev_ws/install/time_msgs/include/time_msgs/srv/detail/time__traits.hpp
[4.596s] -- Up-to-date symlink: /home/dahyeon/dev_ws/install/time_msgs/include/time_msgs/srv/time.hpp
[4.597s] -- Up-to-date symlink: /home/dahyeon/dev_ws/install/time_msgs/include/time_msgs/action/detail/time__rosidl_typesupport_introspection_cpp.hpp
[4.597s] -- Up-to-date symlink: /home/dahyeon/dev_ws/install/time_msgs/include/time_msgs/msg/detail/time__rosidl_typesupport_introspection_cpp.hpp
[4.597s] -- Up-to-date symlink: /home/dahyeon/dev_ws/install/time_msgs/include/time_msgs/srv/detail/time__rosidl_typesupport_introspection_cpp.hpp
[4.598s] -- Up-to-date symlink: /home/dahyeon/dev_ws/install/time_msgs/share/time_msgs/environment/pythonpath.sh
[4.598s] -- Up-to-date symlink: /home/dahyeon/dev_ws/install/time_msgs/share/time_msgs/environment/pythonpath.dsv
[4.598s] -- Up-to-date symlink: /home/dahyeon/dev_ws/install/time_msgs/lib/python3.8/site-packages/time_msgs/__init__.py
[4.598s] -- Up-to-date symlink: /home/dahyeon/dev_ws/install/time_msgs/lib/python3.8/site-packages/time_msgs/action/__init__.py
[4.598s] -- Up-to-date symlink: /home/dahyeon/dev_ws/install/time_msgs/lib/python3.8/site-packages/time_msgs/action/_time.py
[4.599s] -- Up-to-date symlink: /home/dahyeon/dev_ws/install/time_msgs/lib/python3.8/site-packages/time_msgs/msg/__init__.py
[4.599s] -- Up-to-date symlink: /home/dahyeon/dev_ws/install/time_msgs/lib/python3.8/site-packages/time_msgs/msg/_time.py
[4.599s] -- Up-to-date symlink: /home/dahyeon/dev_ws/install/time_msgs/lib/python3.8/site-packages/time_msgs/srv/__init__.py
[4.599s] -- Up-to-date symlink: /home/dahyeon/dev_ws/install/time_msgs/lib/python3.8/site-packages/time_msgs/srv/_time.py
[4.600s] -- Up-to-date symlink: /home/dahyeon/dev_ws/install/time_msgs/lib/python3.8/site-packages/time_msgs/time_msgs_s__rosidl_typesupport_fastrtps_c.cpython-38-x86_64-linux-gnu.so
[4.600s] -- Up-to-date symlink: /home/dahyeon/dev_ws/install/time_msgs/lib/python3.8/site-packages/time_msgs/time_msgs_s__rosidl_typesupport_introspection_c.cpython-38-x86_64-linux-gnu.so
[4.600s] -- Up-to-date symlink: /home/dahyeon/dev_ws/install/time_msgs/lib/python3.8/site-packages/time_msgs/time_msgs_s__rosidl_typesupport_c.cpython-38-x86_64-linux-gnu.so
[4.600s] -- Up-to-date symlink: /home/dahyeon/dev_ws/install/time_msgs/lib/libtime_msgs__python.so
[4.601s] -- Up-to-date symlink: /home/dahyeon/dev_ws/install/time_msgs/share/time_msgs/action/Time.idl
[4.601s] -- Up-to-date symlink: /home/dahyeon/dev_ws/install/time_msgs/share/time_msgs/msg/Time.idl
[4.601s] -- Up-to-date symlink: /home/dahyeon/dev_ws/install/time_msgs/share/time_msgs/srv/Time.idl
[4.601s] -- Up-to-date symlink: /home/dahyeon/dev_ws/install/time_msgs/share/time_msgs/action/Time.action
[4.601s] -- Up-to-date symlink: /home/dahyeon/dev_ws/install/time_msgs/share/time_msgs/msg/Time.msg
[4.602s] -- Up-to-date symlink: /home/dahyeon/dev_ws/install/time_msgs/share/time_msgs/srv/Time.srv
[4.602s] -- Up-to-date symlink: /home/dahyeon/dev_ws/install/time_msgs/share/time_msgs/srv/Time_Request.msg
[4.602s] -- Up-to-date symlink: /home/dahyeon/dev_ws/install/time_msgs/share/time_msgs/srv/Time_Response.msg
[4.602s] -- Up-to-date symlink: /home/dahyeon/dev_ws/install/time_msgs/share/ament_index/resource_index/package_run_dependencies/time_msgs
[4.602s] -- Up-to-date symlink: /home/dahyeon/dev_ws/install/time_msgs/share/ament_index/resource_index/parent_prefix_path/time_msgs
[4.603s] -- Up-to-date symlink: /home/dahyeon/dev_ws/install/time_msgs/share/time_msgs/environment/ament_prefix_path.sh
[4.603s] -- Up-to-date symlink: /home/dahyeon/dev_ws/install/time_msgs/share/time_msgs/environment/ament_prefix_path.dsv
[4.603s] -- Up-to-date symlink: /home/dahyeon/dev_ws/install/time_msgs/share/time_msgs/environment/path.sh
[4.603s] -- Up-to-date symlink: /home/dahyeon/dev_ws/install/time_msgs/share/time_msgs/environment/path.dsv
[4.603s] -- Up-to-date symlink: /home/dahyeon/dev_ws/install/time_msgs/share/time_msgs/local_setup.bash
[4.603s] -- Up-to-date symlink: /home/dahyeon/dev_ws/install/time_msgs/share/time_msgs/local_setup.sh
[4.604s] -- Up-to-date symlink: /home/dahyeon/dev_ws/install/time_msgs/share/time_msgs/local_setup.zsh
[4.604s] -- Up-to-date symlink: /home/dahyeon/dev_ws/install/time_msgs/share/time_msgs/local_setup.dsv
[4.604s] -- Symlinking: /home/dahyeon/dev_ws/install/time_msgs/share/time_msgs/package.dsv
[4.613s] -- Up-to-date symlink: /home/dahyeon/dev_ws/install/time_msgs/share/ament_index/resource_index/packages/time_msgs
[4.613s] -- Up-to-date symlink: /home/dahyeon/dev_ws/install/time_msgs/share/time_msgs/cmake/rosidl_cmake-extras.cmake
[4.613s] -- Up-to-date symlink: /home/dahyeon/dev_ws/install/time_msgs/share/time_msgs/cmake/ament_cmake_export_dependencies-extras.cmake
[4.614s] -- Up-to-date symlink: /home/dahyeon/dev_ws/install/time_msgs/share/time_msgs/cmake/ament_cmake_export_libraries-extras.cmake
[4.614s] -- Up-to-date symlink: /home/dahyeon/dev_ws/install/time_msgs/share/time_msgs/cmake/ament_cmake_export_targets-extras.cmake
[4.614s] -- Up-to-date symlink: /home/dahyeon/dev_ws/install/time_msgs/share/time_msgs/cmake/ament_cmake_export_include_directories-extras.cmake
[4.614s] -- Up-to-date symlink: /home/dahyeon/dev_ws/install/time_msgs/share/time_msgs/cmake/rosidl_cmake_export_typesupport_libraries-extras.cmake
[4.614s] -- Up-to-date symlink: /home/dahyeon/dev_ws/install/time_msgs/share/time_msgs/cmake/rosidl_cmake_export_typesupport_targets-extras.cmake
[4.615s] -- Up-to-date symlink: /home/dahyeon/dev_ws/install/time_msgs/share/time_msgs/cmake/time_msgsConfig.cmake
[4.615s] -- Up-to-date symlink: /home/dahyeon/dev_ws/install/time_msgs/share/time_msgs/cmake/time_msgsConfig-version.cmake
[4.615s] -- Up-to-date symlink: /home/dahyeon/dev_ws/install/time_msgs/share/time_msgs/package.xml
[4.615s] -- Installing: /home/dahyeon/dev_ws/install/time_msgs/lib/libtime_msgs__rosidl_generator_c.so
[4.615s] -- Set runtime path of "/home/dahyeon/dev_ws/install/time_msgs/lib/libtime_msgs__rosidl_generator_c.so" to ""
[4.615s] -- Installing: /home/dahyeon/dev_ws/install/time_msgs/lib/libtime_msgs__rosidl_typesupport_introspection_c.so
[4.616s] -- Set runtime path of "/home/dahyeon/dev_ws/install/time_msgs/lib/libtime_msgs__rosidl_typesupport_introspection_c.so" to ""
[4.616s] -- Installing: /home/dahyeon/dev_ws/install/time_msgs/lib/libtime_msgs__rosidl_typesupport_c.so
[4.616s] -- Set runtime path of "/home/dahyeon/dev_ws/install/time_msgs/lib/libtime_msgs__rosidl_typesupport_c.so" to ""
[4.616s] -- Installing: /home/dahyeon/dev_ws/install/time_msgs/lib/libtime_msgs__rosidl_typesupport_introspection_cpp.so
[4.617s] -- Set runtime path of "/home/dahyeon/dev_ws/install/time_msgs/lib/libtime_msgs__rosidl_typesupport_introspection_cpp.so" to ""
[4.617s] -- Installing: /home/dahyeon/dev_ws/install/time_msgs/lib/libtime_msgs__rosidl_typesupport_cpp.so
[4.617s] -- Set runtime path of "/home/dahyeon/dev_ws/install/time_msgs/lib/libtime_msgs__rosidl_typesupport_cpp.so" to ""
[4.649s] Compiling '/home/dahyeon/dev_ws/install/time_msgs/lib/python3.8/site-packages/time_msgs/__init__.py'...
[4.652s] -- Up-to-date: /home/dahyeon/dev_ws/install/time_msgs/share/time_msgs/cmake/time_msgs__rosidl_generator_cExport.cmake
[4.652s] -- Installing: /home/dahyeon/dev_ws/install/time_msgs/share/time_msgs/cmake/time_msgs__rosidl_generator_cExport-noconfig.cmake
[4.652s] -- Up-to-date: /home/dahyeon/dev_ws/install/time_msgs/share/time_msgs/cmake/time_msgs__rosidl_typesupport_introspection_cExport.cmake
[4.652s] -- Installing: /home/dahyeon/dev_ws/install/time_msgs/share/time_msgs/cmake/time_msgs__rosidl_typesupport_introspection_cExport-noconfig.cmake
[4.652s] -- Up-to-date: /home/dahyeon/dev_ws/install/time_msgs/share/time_msgs/cmake/time_msgs__rosidl_typesupport_cExport.cmake
[4.652s] -- Installing: /home/dahyeon/dev_ws/install/time_msgs/share/time_msgs/cmake/time_msgs__rosidl_typesupport_cExport-noconfig.cmake
[4.652s] -- Up-to-date: /home/dahyeon/dev_ws/install/time_msgs/share/time_msgs/cmake/time_msgs__rosidl_generator_cppExport.cmake
[4.653s] -- Up-to-date: /home/dahyeon/dev_ws/install/time_msgs/share/time_msgs/cmake/time_msgs__rosidl_typesupport_introspection_cppExport.cmake
[4.653s] -- Installing: /home/dahyeon/dev_ws/install/time_msgs/share/time_msgs/cmake/time_msgs__rosidl_typesupport_introspection_cppExport-noconfig.cmake
[4.653s] -- Up-to-date: /home/dahyeon/dev_ws/install/time_msgs/share/time_msgs/cmake/time_msgs__rosidl_typesupport_cppExport.cmake
[4.653s] -- Installing: /home/dahyeon/dev_ws/install/time_msgs/share/time_msgs/cmake/time_msgs__rosidl_typesupport_cppExport-noconfig.cmake
[4.657s] Invoked command in '/home/dahyeon/dev_ws/build/time_msgs' returned '0': CMAKE_PREFIX_PATH=${CMAKE_PREFIX_PATH}:/home/dahyeon/dev_ws/install/topic_service_action_rclpy_example:/home/dahyeon/dev_ws/install/time_rclpy_example:/home/dahyeon/dev_ws/install/time_alarm_handle:/home/dahyeon/dev_ws/install/tf2_rclpy_example:/home/dahyeon/dev_ws/install/ros2env:/home/dahyeon/dev_ws/install/my_package:/home/dahyeon/dev_ws/install/my_first_ros_rclpy_pkg:/home/dahyeon/dev_ws/install/my_first_ros_rclcpp_pkg:/home/dahyeon/dev_ws/install/logging_rclpy_example:/home/dahyeon/dev_ws/install/cpp_parameters:/opt/ros/foxy /usr/bin/cmake --install /home/dahyeon/dev_ws/build/time_msgs
