[0.557s] Invoking command in '/home/dahyeon/dev_ws/build/time_alarm_handle': AMENT_PREFIX_PATH=/home/dahyeon/dev_ws/install/time_msgs:${AMENT_PREFIX_PATH} CMAKE_PREFIX_PATH=/home/dahyeon/dev_ws/install/time_msgs:${CMAKE_PREFIX_PATH} LD_LIBRARY_PATH=/home/dahyeon/dev_ws/install/time_msgs/lib:${LD_LIBRARY_PATH} PYTHONPATH=/home/dahyeon/dev_ws/install/time_alarm_handle/lib/python3.8/site-packages:/home/dahyeon/dev_ws/install/time_msgs/lib/python3.8/site-packages:${PYTHONPATH} /usr/bin/python3 setup.py develop --prefix /home/dahyeon/dev_ws/install/time_alarm_handle --editable --build-directory /home/dahyeon/dev_ws/build/time_alarm_handle/build --no-deps install_data --install-dir /home/dahyeon/dev_ws/install/time_alarm_handle
[0.744s] running develop
[0.854s] running egg_info
[0.854s] creating time_alarm_handle.egg-info
[0.854s] writing time_alarm_handle.egg-info/PKG-INFO
[0.854s] writing dependency_links to time_alarm_handle.egg-info/dependency_links.txt
[0.854s] writing entry points to time_alarm_handle.egg-info/entry_points.txt
[0.855s] writing requirements to time_alarm_handle.egg-info/requires.txt
[0.855s] writing top-level names to time_alarm_handle.egg-info/top_level.txt
[0.860s] writing manifest file 'time_alarm_handle.egg-info/SOURCES.txt'
[0.888s] reading manifest file 'time_alarm_handle.egg-info/SOURCES.txt'
[0.889s] writing manifest file 'time_alarm_handle.egg-info/SOURCES.txt'
[0.914s] running build_ext
[0.915s] Creating /home/dahyeon/dev_ws/install/time_alarm_handle/lib/python3.8/site-packages/site.py
[0.916s] Creating /home/dahyeon/dev_ws/install/time_alarm_handle/lib/python3.8/site-packages/time-alarm-handle.egg-link (link to .)
[0.917s] Installing time_alarm_handle script to /home/dahyeon/dev_ws/install/time_alarm_handle/lib/time_alarm_handle
[0.917s] 
[0.917s] Installed /home/dahyeon/dev_ws/build/time_alarm_handle
[0.917s] running install_data
[0.917s] creating /home/dahyeon/dev_ws/install/time_alarm_handle/share/ament_index
[0.917s] creating /home/dahyeon/dev_ws/install/time_alarm_handle/share/ament_index/resource_index
[0.917s] creating /home/dahyeon/dev_ws/install/time_alarm_handle/share/ament_index/resource_index/packages
[0.917s] copying resource/time_alarm_handle -> /home/dahyeon/dev_ws/install/time_alarm_handle/share/ament_index/resource_index/packages
[0.917s] copying package.xml -> /home/dahyeon/dev_ws/install/time_alarm_handle/share/time_alarm_handle
[0.934s] Invoked command in '/home/dahyeon/dev_ws/build/time_alarm_handle' returned '0': AMENT_PREFIX_PATH=/home/dahyeon/dev_ws/install/time_msgs:${AMENT_PREFIX_PATH} CMAKE_PREFIX_PATH=/home/dahyeon/dev_ws/install/time_msgs:${CMAKE_PREFIX_PATH} LD_LIBRARY_PATH=/home/dahyeon/dev_ws/install/time_msgs/lib:${LD_LIBRARY_PATH} PYTHONPATH=/home/dahyeon/dev_ws/install/time_alarm_handle/lib/python3.8/site-packages:/home/dahyeon/dev_ws/install/time_msgs/lib/python3.8/site-packages:${PYTHONPATH} /usr/bin/python3 setup.py develop --prefix /home/dahyeon/dev_ws/install/time_alarm_handle --editable --build-directory /home/dahyeon/dev_ws/build/time_alarm_handle/build --no-deps install_data --install-dir /home/dahyeon/dev_ws/install/time_alarm_handle
