[ 50%] Built target alarmserver
[100%] Built target alarmclient
-- Install configuration: ""
-- Execute custom install script
-- Up-to-date symlink: /home/dahyeon/dev_ws/install/uni_save/lib/uni_save/alarmserver
-- Up-to-date symlink: /home/dahyeon/dev_ws/install/uni_save/lib/uni_save/alarmclient
-- Up-to-date symlink: /home/dahyeon/dev_ws/install/uni_save/share/ament_index/resource_index/package_run_dependencies/uni_save
-- Up-to-date symlink: /home/dahyeon/dev_ws/install/uni_save/share/ament_index/resource_index/parent_prefix_path/uni_save
-- Up-to-date symlink: /home/dahyeon/dev_ws/install/uni_save/share/uni_save/environment/ament_prefix_path.sh
-- Up-to-date symlink: /home/dahyeon/dev_ws/install/uni_save/share/uni_save/environment/ament_prefix_path.dsv
-- Up-to-date symlink: /home/dahyeon/dev_ws/install/uni_save/share/uni_save/environment/path.sh
-- Up-to-date symlink: /home/dahyeon/dev_ws/install/uni_save/share/uni_save/environment/path.dsv
-- Up-to-date symlink: /home/dahyeon/dev_ws/install/uni_save/share/uni_save/local_setup.bash
-- Up-to-date symlink: /home/dahyeon/dev_ws/install/uni_save/share/uni_save/local_setup.sh
-- Up-to-date symlink: /home/dahyeon/dev_ws/install/uni_save/share/uni_save/local_setup.zsh
-- Up-to-date symlink: /home/dahyeon/dev_ws/install/uni_save/share/uni_save/local_setup.dsv
-- Symlinking: /home/dahyeon/dev_ws/install/uni_save/share/uni_save/package.dsv
-- Up-to-date symlink: /home/dahyeon/dev_ws/install/uni_save/share/ament_index/resource_index/packages/uni_save
-- Up-to-date symlink: /home/dahyeon/dev_ws/install/uni_save/share/uni_save/cmake/uni_saveConfig.cmake
-- Up-to-date symlink: /home/dahyeon/dev_ws/install/uni_save/share/uni_save/cmake/uni_saveConfig-version.cmake
-- Up-to-date symlink: /home/dahyeon/dev_ws/install/uni_save/share/uni_save/package.xml
