[35m[1mScanning dependencies of target alarmclient[0m
[ 25%] [32m[1mLinking CXX executable alarmserver[0m
[ 50%] [32mBuilding CXX object CMakeFiles/alarmclient.dir/src/alarm/alarmclient.cpp.o[0m
/usr/bin/ld: CMakeFiles/alarmserver.dir/src/alarm/alarmserver.cpp.o: in function `Alarmserver::Alarmserver(rclcpp::NodeOptions const&)':
alarmserver.cpp:(.text+0x4a9): undefined reference to `vtable for Alarmserver'
/usr/bin/ld: CMakeFiles/alarmserver.dir/src/alarm/alarmserver.cpp.o: in function `url_get_proc[abi:cxx11](char const*)':
alarmserver.cpp:(.text+0x6bf): undefined reference to `curl_easy_init'
/usr/bin/ld: alarmserver.cpp:(.text+0x6f4): undefined reference to `curl_easy_setopt'
/usr/bin/ld: alarmserver.cpp:(.text+0x711): undefined reference to `curl_easy_setopt'
/usr/bin/ld: alarmserver.cpp:(.text+0x72b): undefined reference to `curl_easy_setopt'
/usr/bin/ld: alarmserver.cpp:(.text+0x748): undefined reference to `curl_easy_setopt'
/usr/bin/ld: alarmserver.cpp:(.text+0x754): undefined reference to `curl_easy_perform'
/usr/bin/ld: alarmserver.cpp:(.text+0x763): undefined reference to `curl_easy_cleanup'
collect2: error: ld returned 1 exit status
make[2]: *** [CMakeFiles/alarmserver.dir/build.make:136: alarmserver] Error 1
make[1]: *** [CMakeFiles/Makefile2:107: CMakeFiles/alarmserver.dir/all] Error 2
make[1]: *** Waiting for unfinished jobs....
[ 75%] [32m[1mLinking CXX executable alarmclient[0m
[ 75%] Built target alarmclient
make: *** [Makefile:141: all] Error 2
