[0.000000] (-) TimerEvent: {}
[0.000582] (-) JobUnselected: {'identifier': 'cpp_parameters'}
[0.000613] (-) JobUnselected: {'identifier': 'cpp_pubsub'}
[0.000629] (-) JobUnselected: {'identifier': 'cpp_pubsub'}
[0.000643] (-) JobUnselected: {'identifier': 'logging_rclpy_example'}
[0.000657] (-) JobUnselected: {'identifier': 'msg_srv_action_interface_example'}
[0.000675] (-) JobUnselected: {'identifier': 'my_first_ros_rclcpp_pkg'}
[0.000733] (-) JobUnselected: {'identifier': 'my_first_ros_rclpy_pkg'}
[0.000822] (-) JobUnselected: {'identifier': 'my_package'}
[0.000910] (-) JobUnselected: {'identifier': 'ros2env'}
[0.000933] (-) JobUnselected: {'identifier': 'rqt_example'}
[0.000968] (-) JobUnselected: {'identifier': 'srv_alarm_interface'}
[0.000980] (-) JobUnselected: {'identifier': 'test'}
[0.001009] (-) JobUnselected: {'identifier': 'test'}
[0.001020] (-) JobUnselected: {'identifier': 'testbot_description'}
[0.001031] (-) JobUnselected: {'identifier': 'tf2_rclcpp_example'}
[0.001042] (-) JobUnselected: {'identifier': 'tf2_rclpy_example'}
[0.001053] (-) JobUnselected: {'identifier': 'time_rclcpp_example'}
[0.001064] (-) JobUnselected: {'identifier': 'time_rclpy_example'}
[0.001075] (-) JobUnselected: {'identifier': 'topic_service_action_rclcpp_example'}
[0.001086] (-) JobUnselected: {'identifier': 'topic_service_action_rclpy_example'}
[0.001097] (-) JobUnselected: {'identifier': 'turtlesim'}
[0.001111] (-) JobUnselected: {'identifier': 'uni'}
[0.001122] (-) JobUnselected: {'identifier': 'uni_save'}
[0.001133] (-) EventReactorShutdown: {}
