[0.013s] Invoking command in '/home/dahyeon/dev_ws/build/uni': CMAKE_PREFIX_PATH=/home/dahyeon/dev_ws/install/srv_alarm_interface:/home/dahyeon/dev_ws/install/uni:/home/dahyeon/dev_ws/install/turtlesim:/home/dahyeon/dev_ws/install/topic_service_action_rclcpp_example:/home/dahyeon/dev_ws/install/time_rclcpp_example:/home/dahyeon/dev_ws/install/tf2_rclcpp_example:/home/dahyeon/dev_ws/install/testbot_description:/home/dahyeon/dev_ws/install/rqt_example:/home/dahyeon/dev_ws/install/my_package:/home/dahyeon/dev_ws/install/my_first_ros_rclcpp_pkg:/home/dahyeon/dev_ws/install/msg_srv_action_interface_example:/home/dahyeon/dev_ws/install/cpp_pubsub:/home/dahyeon/dev_ws/install/topic_service_action_rclpy_example:/home/dahyeon/dev_ws/install/time_rclpy_example:/home/dahyeon/dev_ws/install/tf2_rclpy_example:/home/dahyeon/dev_ws/install/ros2env:/home/dahyeon/dev_ws/install/my_first_ros_rclpy_pkg:/home/dahyeon/dev_ws/install/logging_rclpy_example:/opt/ros/foxy LD_LIBRARY_PATH=/home/dahyeon/dev_ws/install/srv_alarm_interface/lib:/home/dahyeon/dev_ws/install/turtlesim/lib:/home/dahyeon/dev_ws/install/msg_srv_action_interface_example/lib:/opt/ros/foxy/opt/yaml_cpp_vendor/lib:/opt/ros/foxy/opt/rviz_ogre_vendor/lib:/opt/ros/foxy/lib/x86_64-linux-gnu:/opt/ros/foxy/lib PYTHONPATH=/home/dahyeon/dev_ws/install/srv_alarm_interface/lib/python3.8/site-packages:/home/dahyeon/dev_ws/install/turtlesim/lib/python3.8/site-packages:/home/dahyeon/dev_ws/build/topic_service_action_rclpy_example:/home/dahyeon/dev_ws/install/topic_service_action_rclpy_example/lib/python3.8/site-packages:/home/dahyeon/dev_ws/build/time_rclpy_example:/home/dahyeon/dev_ws/install/time_rclpy_example/lib/python3.8/site-packages:/home/dahyeon/dev_ws/build/tf2_rclpy_example:/home/dahyeon/dev_ws/install/tf2_rclpy_example/lib/python3.8/site-packages:/home/dahyeon/dev_ws/install/rqt_example/lib/python3.8/site-packages:/home/dahyeon/dev_ws/build/ros2env:/home/dahyeon/dev_ws/install/ros2env/lib/python3.8/site-packages:/home/dahyeon/dev_ws/build/my_first_ros_rclpy_pkg:/home/dahyeon/dev_ws/install/my_first_ros_rclpy_pkg/lib/python3.8/site-packages:/home/dahyeon/dev_ws/install/msg_srv_action_interface_example/lib/python3.8/site-packages:/home/dahyeon/dev_ws/build/logging_rclpy_example:/home/dahyeon/dev_ws/install/logging_rclpy_example/lib/python3.8/site-packages:/opt/ros/foxy/lib/python3.8/site-packages /usr/bin/cmake --build /home/dahyeon/dev_ws/build/uni -- -j12 -l12
[0.037s] -- Found ament_cmake: 0.9.9 (/opt/ros/foxy/share/ament_cmake/cmake)
[0.067s] -- Using PYTHON_EXECUTABLE: /usr/bin/python3
[0.240s] -- Override CMake install command with custom implementation using symlinks instead of copying resources
[0.246s] -- Found rclcpp: 2.4.1 (/opt/ros/foxy/share/rclcpp/cmake)
[0.272s] -- Using all available rosidl_typesupport_c: rosidl_typesupport_fastrtps_c;rosidl_typesupport_introspection_c
[0.274s] -- Found rosidl_adapter: 1.2.1 (/opt/ros/foxy/share/rosidl_adapter/cmake)
[0.369s] -- Using all available rosidl_typesupport_cpp: rosidl_typesupport_fastrtps_cpp;rosidl_typesupport_introspection_cpp
[0.408s] -- Found rmw_implementation_cmake: 1.0.3 (/opt/ros/foxy/share/rmw_implementation_cmake/cmake)
[0.410s] -- Using RMW implementation 'rmw_fastrtps_cpp' as default
[0.530s] -- Found srv_alarm_interface: 0.6.0 (/home/dahyeon/dev_ws/install/srv_alarm_interface/share/srv_alarm_interface/cmake)
[0.550s] CMake Error at CMakeLists.txt:23 (find_package):
[0.551s]   By not providing "Findcurl.cmake" in CMAKE_MODULE_PATH this project has
[0.551s]   asked CMake to find a package configuration file provided by "curl", but
[0.551s]   CMake did not find one.
[0.551s] 
[0.551s]   Could not find a package configuration file provided by "curl" with any of
[0.551s]   the following names:
[0.551s] 
[0.551s]     curlConfig.cmake
[0.551s]     curl-config.cmake
[0.551s] 
[0.551s]   Add the installation prefix of "curl" to CMAKE_PREFIX_PATH or set
[0.551s]   "curl_DIR" to a directory containing one of the above files.  If "curl"
[0.551s]   provides a separate development package or SDK, be sure it has been
[0.551s]   installed.
[0.551s] 
[0.551s] 
[0.551s] -- Configuring incomplete, errors occurred!
[0.551s] See also "/home/dahyeon/dev_ws/build/uni/CMakeFiles/CMakeOutput.log".
[0.552s] See also "/home/dahyeon/dev_ws/build/uni/CMakeFiles/CMakeError.log".
[0.555s] make: *** [Makefile:310: cmake_check_build_system] Error 1
[0.557s] Invoked command in '/home/dahyeon/dev_ws/build/uni' returned '2': CMAKE_PREFIX_PATH=/home/dahyeon/dev_ws/install/srv_alarm_interface:/home/dahyeon/dev_ws/install/uni:/home/dahyeon/dev_ws/install/turtlesim:/home/dahyeon/dev_ws/install/topic_service_action_rclcpp_example:/home/dahyeon/dev_ws/install/time_rclcpp_example:/home/dahyeon/dev_ws/install/tf2_rclcpp_example:/home/dahyeon/dev_ws/install/testbot_description:/home/dahyeon/dev_ws/install/rqt_example:/home/dahyeon/dev_ws/install/my_package:/home/dahyeon/dev_ws/install/my_first_ros_rclcpp_pkg:/home/dahyeon/dev_ws/install/msg_srv_action_interface_example:/home/dahyeon/dev_ws/install/cpp_pubsub:/home/dahyeon/dev_ws/install/topic_service_action_rclpy_example:/home/dahyeon/dev_ws/install/time_rclpy_example:/home/dahyeon/dev_ws/install/tf2_rclpy_example:/home/dahyeon/dev_ws/install/ros2env:/home/dahyeon/dev_ws/install/my_first_ros_rclpy_pkg:/home/dahyeon/dev_ws/install/logging_rclpy_example:/opt/ros/foxy LD_LIBRARY_PATH=/home/dahyeon/dev_ws/install/srv_alarm_interface/lib:/home/dahyeon/dev_ws/install/turtlesim/lib:/home/dahyeon/dev_ws/install/msg_srv_action_interface_example/lib:/opt/ros/foxy/opt/yaml_cpp_vendor/lib:/opt/ros/foxy/opt/rviz_ogre_vendor/lib:/opt/ros/foxy/lib/x86_64-linux-gnu:/opt/ros/foxy/lib PYTHONPATH=/home/dahyeon/dev_ws/install/srv_alarm_interface/lib/python3.8/site-packages:/home/dahyeon/dev_ws/install/turtlesim/lib/python3.8/site-packages:/home/dahyeon/dev_ws/build/topic_service_action_rclpy_example:/home/dahyeon/dev_ws/install/topic_service_action_rclpy_example/lib/python3.8/site-packages:/home/dahyeon/dev_ws/build/time_rclpy_example:/home/dahyeon/dev_ws/install/time_rclpy_example/lib/python3.8/site-packages:/home/dahyeon/dev_ws/build/tf2_rclpy_example:/home/dahyeon/dev_ws/install/tf2_rclpy_example/lib/python3.8/site-packages:/home/dahyeon/dev_ws/install/rqt_example/lib/python3.8/site-packages:/home/dahyeon/dev_ws/build/ros2env:/home/dahyeon/dev_ws/install/ros2env/lib/python3.8/site-packages:/home/dahyeon/dev_ws/build/my_first_ros_rclpy_pkg:/home/dahyeon/dev_ws/install/my_first_ros_rclpy_pkg/lib/python3.8/site-packages:/home/dahyeon/dev_ws/install/msg_srv_action_interface_example/lib/python3.8/site-packages:/home/dahyeon/dev_ws/build/logging_rclpy_example:/home/dahyeon/dev_ws/install/logging_rclpy_example/lib/python3.8/site-packages:/opt/ros/foxy/lib/python3.8/site-packages /usr/bin/cmake --build /home/dahyeon/dev_ws/build/uni -- -j12 -l12
