[0.000000] (-) TimerEvent: {}
[0.000080] (-) JobUnselected: {'identifier': 'cpp_parameters'}
[0.000127] (-) JobUnselected: {'identifier': 'cpp_pubsub'}
[0.000177] (-) JobUnselected: {'identifier': 'cpp_pubsub'}
[0.000191] (-) JobUnselected: {'identifier': 'logging_rclpy_example'}
[0.000483] (-) JobUnselected: {'identifier': 'msg_srv_action_interface_example'}
[0.000551] (-) JobUnselected: {'identifier': 'my_first_ros_rclcpp_pkg'}
[0.000599] (-) JobUnselected: {'identifier': 'my_first_ros_rclpy_pkg'}
[0.000668] (-) JobUnselected: {'identifier': 'my_package'}
[0.000756] (-) JobUnselected: {'identifier': 'ros2env'}
[0.000808] (-) JobUnselected: {'identifier': 'rqt_example'}
[0.000848] (-) JobUnselected: {'identifier': 'srv_alarm_interface'}
[0.000874] (-) JobUnselected: {'identifier': 'test'}
[0.000899] (-) JobUnselected: {'identifier': 'test'}
[0.000940] (-) JobUnselected: {'identifier': 'testbot_description'}
[0.000986] (-) JobUnselected: {'identifier': 'tf2_rclcpp_example'}
[0.001009] (-) JobUnselected: {'identifier': 'tf2_rclpy_example'}
[0.001024] (-) JobUnselected: {'identifier': 'time_calculate'}
[0.001047] (-) JobUnselected: {'identifier': 'time_msgs'}
[0.001061] (-) JobUnselected: {'identifier': 'time_rclcpp_example'}
[0.001105] (-) JobUnselected: {'identifier': 'time_rclpy_example'}
[0.001141] (-) JobUnselected: {'identifier': 'topic_service_action_rclcpp_example'}
[0.001157] (-) JobUnselected: {'identifier': 'topic_service_action_rclpy_example'}
[0.001174] (-) JobUnselected: {'identifier': 'turtlesim'}
[0.001209] (-) JobUnselected: {'identifier': 'uni'}
[0.001249] (-) JobUnselected: {'identifier': 'uni_save'}
[0.001273] (time_alarm_handle) JobQueued: {'identifier': 'time_alarm_handle', 'dependencies': OrderedDict([('time_msgs', '/home/dahyeon/dev_ws/install/time_msgs')])}
[0.001294] (time_alarm_handle) JobStarted: {'identifier': 'time_alarm_handle'}
[0.009571] (time_alarm_handle) JobEnded: {'identifier': 'time_alarm_handle', 'rc': 1}
[0.020168] (-) EventReactorShutdown: {}
