[0.305s] Invoking command in '/home/dahyeon/dev_ws/build/turtlesim': CMAKE_PREFIX_PATH=${CMAKE_PREFIX_PATH}:/opt/ros/foxy /usr/bin/cmake /home/dahyeon/dev_ws/src/ros_tutorials/turtlesim -DAMENT_CMAKE_SYMLINK_INSTALL=1 -DCMAKE_INSTALL_PREFIX=/home/dahyeon/dev_ws/install/turtlesim
[0.324s] -- Found ament_cmake: 0.9.9 (/opt/ros/foxy/share/ament_cmake/cmake)
[0.333s] -- Found PythonInterp: /usr/bin/python3 (found suitable version "3.8.10", minimum required is "3") 
[0.334s] -- Using PYTHON_EXECUTABLE: /usr/bin/python3
[0.481s] -- Override CMake install command with custom implementation using symlinks instead of copying resources
[0.489s] -- Found ament_index_cpp: 1.1.0 (/opt/ros/foxy/share/ament_index_cpp/cmake)
[0.492s] -- Found geometry_msgs: 2.0.5 (/opt/ros/foxy/share/geometry_msgs/cmake)
[0.517s] -- Using all available rosidl_typesupport_c: rosidl_typesupport_fastrtps_c;rosidl_typesupport_introspection_c
[0.522s] -- Found rosidl_adapter: 1.2.1 (/opt/ros/foxy/share/rosidl_adapter/cmake)
[0.625s] -- Using all available rosidl_typesupport_cpp: rosidl_typesupport_fastrtps_cpp;rosidl_typesupport_introspection_cpp
[0.718s] -- Found rclcpp: 2.4.1 (/opt/ros/foxy/share/rclcpp/cmake)
[0.761s] -- Found rmw_implementation_cmake: 1.0.3 (/opt/ros/foxy/share/rmw_implementation_cmake/cmake)
[0.763s] -- Using RMW implementation 'rmw_fastrtps_cpp' as default
[0.879s] -- Found rclcpp_action: 2.4.1 (/opt/ros/foxy/share/rclcpp_action/cmake)
[0.940s] -- Found rosidl_default_generators: 1.0.1 (/opt/ros/foxy/share/rosidl_default_generators/cmake)
[0.948s] -- Found std_srvs: 2.0.5 (/opt/ros/foxy/share/std_srvs/cmake)
[0.978s] -- Found PythonInterp: /usr/bin/python3 (found version "3.8.10") 
[1.148s] -- Found ament_cmake_ros: 0.9.2 (/opt/ros/foxy/share/ament_cmake_ros/cmake)
[1.243s] -- Using all available rosidl_typesupport_c: rosidl_typesupport_fastrtps_c;rosidl_typesupport_introspection_c
[1.265s] -- Using all available rosidl_typesupport_cpp: rosidl_typesupport_fastrtps_cpp;rosidl_typesupport_introspection_cpp
[1.285s] -- Found PythonInterp: /usr/bin/python3 (found suitable version "3.8.10", minimum required is "3.5") 
[1.285s] -- Found python_cmake_module: 0.8.1 (/opt/ros/foxy/share/python_cmake_module/cmake)
[1.302s] -- Using PYTHON_EXECUTABLE: /usr/bin/python3
[1.302s] -- Using PYTHON_INCLUDE_DIRS: /usr/include/python3.8
[1.302s] -- Using PYTHON_LIBRARIES: /usr/lib/x86_64-linux-gnu/libpython3.8.so
[1.351s] -- Configuring done
[1.460s] -- Generating done
[1.464s] -- Build files have been written to: /home/dahyeon/dev_ws/build/turtlesim
[1.470s] Invoked command in '/home/dahyeon/dev_ws/build/turtlesim' returned '0': CMAKE_PREFIX_PATH=${CMAKE_PREFIX_PATH}:/opt/ros/foxy /usr/bin/cmake /home/dahyeon/dev_ws/src/ros_tutorials/turtlesim -DAMENT_CMAKE_SYMLINK_INSTALL=1 -DCMAKE_INSTALL_PREFIX=/home/dahyeon/dev_ws/install/turtlesim
[1.473s] Invoking command in '/home/dahyeon/dev_ws/build/turtlesim': CMAKE_PREFIX_PATH=${CMAKE_PREFIX_PATH}:/opt/ros/foxy /usr/bin/cmake --build /home/dahyeon/dev_ws/build/turtlesim -- -j12 -l12
[1.512s] [  1%] Built target turtlesim__cpp
[1.513s] [ 11%] Built target turtlesim__rosidl_generator_c
[1.531s] [ 21%] Built target turtlesim__rosidl_typesupport_cpp
[1.533s] [ 38%] Built target turtlesim__rosidl_typesupport_introspection_c
[1.533s] [ 41%] Built target turtlesim__rosidl_typesupport_c
[1.537s] [ 51%] Built target turtlesim__rosidl_typesupport_introspection_cpp
[1.542s] [ 52%] [32m[1mLinking CXX shared library libturtlesim__rosidl_typesupport_fastrtps_cpp.so[0m
[1.615s] [ 61%] Built target turtlesim__rosidl_typesupport_fastrtps_cpp
[1.637s] [ 62%] [32m[1mLinking CXX shared library libturtlesim__rosidl_typesupport_fastrtps_c.so[0m
[1.704s] [ 71%] Built target turtlesim__rosidl_typesupport_fastrtps_c
[1.719s] [ 71%] Built target turtlesim
[1.734s] [ 72%] Built target turtlesim__py
[1.742s] [ 73%] [32m[1mLinking CXX executable draw_square[0m
[1.744s] [ 74%] [32m[1mLinking CXX executable turtle_teleop_key[0m
[1.747s] [ 75%] [32m[1mLinking CXX executable mimic[0m
[1.759s] [ 76%] [32m[1mLinking C shared library rosidl_generator_py/turtlesim/libturtlesim__python.so[0m
[1.761s] [ 77%] [32m[1mLinking CXX executable turtlesim_node[0m
[1.814s] [ 85%] Built target turtlesim__python
[1.847s] [ 88%] [32m[1mLinking C shared library rosidl_generator_py/turtlesim/turtlesim_s__rosidl_typesupport_c.cpython-38-x86_64-linux-gnu.so[0m
[1.847s] [ 88%] [32m[1mLinking C shared library rosidl_generator_py/turtlesim/turtlesim_s__rosidl_typesupport_introspection_c.cpython-38-x86_64-linux-gnu.so[0m
[1.847s] [ 88%] [32m[1mLinking CXX shared library rosidl_generator_py/turtlesim/turtlesim_s__rosidl_typesupport_fastrtps_c.cpython-38-x86_64-linux-gnu.so[0m
[1.889s] [ 89%] Built target turtlesim__rosidl_typesupport_introspection_c__pyext
[1.890s] [ 90%] Built target turtlesim__rosidl_typesupport_c__pyext
[1.923s] [ 91%] Built target turtlesim__rosidl_typesupport_fastrtps_c__pyext
[1.979s] [ 92%] Built target turtle_teleop_key
[2.001s] [ 93%] Built target mimic
[2.034s] [ 94%] Built target draw_square
[2.930s] [100%] Built target turtlesim_node
