[1.173s] Invoking command in '/home/dahyeon/dev_ws/build/tf2_rclpy_example': PYTHONPATH=/home/dahyeon/dev_ws/install/tf2_rclpy_example/lib/python3.8/site-packages:${PYTHONPATH} /usr/bin/python3 setup.py develop --prefix /home/dahyeon/dev_ws/install/tf2_rclpy_example --editable --build-directory /home/dahyeon/dev_ws/build/tf2_rclpy_example/build --no-deps install_data --install-dir /home/dahyeon/dev_ws/install/tf2_rclpy_example
[1.363s] running develop
[1.468s] running egg_info
[1.469s] creating tf2_rclpy_example.egg-info
[1.469s] writing tf2_rclpy_example.egg-info/PKG-INFO
[1.469s] writing dependency_links to tf2_rclpy_example.egg-info/dependency_links.txt
[1.469s] writing entry points to tf2_rclpy_example.egg-info/entry_points.txt
[1.469s] writing requirements to tf2_rclpy_example.egg-info/requires.txt
[1.469s] writing top-level names to tf2_rclpy_example.egg-info/top_level.txt
[1.470s] writing manifest file 'tf2_rclpy_example.egg-info/SOURCES.txt'
[1.497s] reading manifest file 'tf2_rclpy_example.egg-info/SOURCES.txt'
[1.497s] writing manifest file 'tf2_rclpy_example.egg-info/SOURCES.txt'
[1.526s] running build_ext
[1.526s] Creating /home/dahyeon/dev_ws/install/tf2_rclpy_example/lib/python3.8/site-packages/site.py
[1.528s] Creating /home/dahyeon/dev_ws/install/tf2_rclpy_example/lib/python3.8/site-packages/tf2-rclpy-example.egg-link (link to .)
[1.529s] Installing broadcaster script to /home/dahyeon/dev_ws/install/tf2_rclpy_example/lib/tf2_rclpy_example
[1.529s] Installing listener script to /home/dahyeon/dev_ws/install/tf2_rclpy_example/lib/tf2_rclpy_example
[1.529s] Installing static_broadcaster script to /home/dahyeon/dev_ws/install/tf2_rclpy_example/lib/tf2_rclpy_example
[1.529s] 
[1.529s] Installed /home/dahyeon/dev_ws/build/tf2_rclpy_example
[1.529s] running install_data
[1.529s] creating /home/dahyeon/dev_ws/install/tf2_rclpy_example/share/ament_index
[1.530s] creating /home/dahyeon/dev_ws/install/tf2_rclpy_example/share/ament_index/resource_index
[1.530s] creating /home/dahyeon/dev_ws/install/tf2_rclpy_example/share/ament_index/resource_index/packages
[1.530s] copying resource/tf2_rclpy_example -> /home/dahyeon/dev_ws/install/tf2_rclpy_example/share/ament_index/resource_index/packages
[1.530s] copying package.xml -> /home/dahyeon/dev_ws/install/tf2_rclpy_example/share/tf2_rclpy_example
[1.589s] Invoked command in '/home/dahyeon/dev_ws/build/tf2_rclpy_example' returned '0': PYTHONPATH=/home/dahyeon/dev_ws/install/tf2_rclpy_example/lib/python3.8/site-packages:${PYTHONPATH} /usr/bin/python3 setup.py develop --prefix /home/dahyeon/dev_ws/install/tf2_rclpy_example --editable --build-directory /home/dahyeon/dev_ws/build/tf2_rclpy_example/build --no-deps install_data --install-dir /home/dahyeon/dev_ws/install/tf2_rclpy_example
