[0.000000] (-) TimerEvent: {}
[0.000079] (-) JobUnselected: {'identifier': 'cpp_parameters'}
[0.000102] (-) JobUnselected: {'identifier': 'cpp_pubsub'}
[0.000117] (-) JobUnselected: {'identifier': 'logging_rclpy_example'}
[0.000131] (-) JobUnselected: {'identifier': 'msg_srv_action_interface_example'}
[0.000143] (-) JobUnselected: {'identifier': 'my_first_ros_rclcpp_pkg'}
[0.000155] (-) JobUnselected: {'identifier': 'my_first_ros_rclpy_pkg'}
[0.000167] (-) JobUnselected: {'identifier': 'my_package'}
[0.000179] (-) JobUnselected: {'identifier': 'ros2env'}
[0.000190] (-) JobUnselected: {'identifier': 'rqt_example'}
[0.000202] (-) JobUnselected: {'identifier': 'srv_alarm_interface'}
[0.000213] (-) JobUnselected: {'identifier': 'testbot_description'}
[0.000224] (-) JobUnselected: {'identifier': 'tf2_rclcpp_example'}
[0.000236] (-) JobUnselected: {'identifier': 'tf2_rclpy_example'}
[0.000247] (-) JobUnselected: {'identifier': 'time_rclcpp_example'}
[0.000259] (-) JobUnselected: {'identifier': 'time_rclpy_example'}
[0.000270] (-) JobUnselected: {'identifier': 'topic_service_action_rclcpp_example'}
[0.000281] (-) JobUnselected: {'identifier': 'topic_service_action_rclpy_example'}
[0.000292] (-) JobUnselected: {'identifier': 'turtlesim'}
[0.000304] (-) JobUnselected: {'identifier': 'uni'}
[0.000317] (-) EventReactorShutdown: {}
