[35m[1mScanning dependencies of target cpp_parameters_client[0m
[ 50%] Built target cpp_parameters_server
[ 75%] [32mBuilding CXX object CMakeFiles/cpp_parameters_client.dir/src/cpp_parameters_client.cpp.o[0m
[01m[K/home/dahyeon/dev_ws/src/cpp_parameters/src/cpp_parameters_client.cpp:[m[K In function ‘[01m[Kvoid parameter_call_back(std::shared_future<std::vector<rcl_interfaces::msg::SetParametersResult_<std::allocator<void> > > >)[m[K’:
[01m[K/home/dahyeon/dev_ws/src/cpp_parameters/src/cpp_parameters_client.cpp:10:100:[m[K [01;35m[Kwarning: [m[Kunused parameter ‘[01m[Kfuture[m[K’ [[01;35m[K-Wunused-parameter[m[K]
   10 | void parameter_call_back([01;35m[Kstd::shared_future<std::vector<rcl_interfaces::msg::SetParametersResult>> future[m[K)
      |                          [01;35m[K~~~~~~~~~~~~~~~~~~~~~~~~~~~~~~~~~~~~~~~~~~~~~~~~~~~~~~~~~~~~~~~~~~~~~~~~~~^~~~~~[m[K
[100%] [32m[1mLinking CXX executable cpp_parameters_client[0m
[100%] Built target cpp_parameters_client
-- Install configuration: ""
-- Execute custom install script
-- Up-to-date symlink: /home/dahyeon/dev_ws/install/cpp_parameters/lib/cpp_parameters/cpp_parameters_server
-- Up-to-date symlink: /home/dahyeon/dev_ws/install/cpp_parameters/lib/cpp_parameters/cpp_parameters_client
-- Up-to-date symlink: /home/dahyeon/dev_ws/install/cpp_parameters/share/ament_index/resource_index/package_run_dependencies/cpp_parameters
-- Up-to-date symlink: /home/dahyeon/dev_ws/install/cpp_parameters/share/ament_index/resource_index/parent_prefix_path/cpp_parameters
-- Up-to-date symlink: /home/dahyeon/dev_ws/install/cpp_parameters/share/cpp_parameters/environment/ament_prefix_path.sh
-- Up-to-date symlink: /home/dahyeon/dev_ws/install/cpp_parameters/share/cpp_parameters/environment/ament_prefix_path.dsv
-- Up-to-date symlink: /home/dahyeon/dev_ws/install/cpp_parameters/share/cpp_parameters/environment/path.sh
-- Up-to-date symlink: /home/dahyeon/dev_ws/install/cpp_parameters/share/cpp_parameters/environment/path.dsv
-- Up-to-date symlink: /home/dahyeon/dev_ws/install/cpp_parameters/share/cpp_parameters/local_setup.bash
-- Up-to-date symlink: /home/dahyeon/dev_ws/install/cpp_parameters/share/cpp_parameters/local_setup.sh
-- Up-to-date symlink: /home/dahyeon/dev_ws/install/cpp_parameters/share/cpp_parameters/local_setup.zsh
-- Up-to-date symlink: /home/dahyeon/dev_ws/install/cpp_parameters/share/cpp_parameters/local_setup.dsv
-- Symlinking: /home/dahyeon/dev_ws/install/cpp_parameters/share/cpp_parameters/package.dsv
-- Up-to-date symlink: /home/dahyeon/dev_ws/install/cpp_parameters/share/ament_index/resource_index/packages/cpp_parameters
-- Up-to-date symlink: /home/dahyeon/dev_ws/install/cpp_parameters/share/cpp_parameters/cmake/cpp_parametersConfig.cmake
-- Up-to-date symlink: /home/dahyeon/dev_ws/install/cpp_parameters/share/cpp_parameters/cmake/cpp_parametersConfig-version.cmake
-- Up-to-date symlink: /home/dahyeon/dev_ws/install/cpp_parameters/share/cpp_parameters/package.xml
