[35m[1mScanning dependencies of target create_tcp[0m
[35m[1mScanning dependencies of target get_gps[0m
[35m[1mScanning dependencies of target time_calculate_node[0m
[ 28%] [32mBuilding CXX object CMakeFiles/create_tcp.dir/src/tcpNshared.cpp.o[0m
[ 28%] [32mBuilding CXX object CMakeFiles/get_gps.dir/src/homeTCP.cpp.o[0m
[ 42%] [32mBuilding CXX object CMakeFiles/time_calculate_node.dir/src/time_calculate_node.cpp.o[0m
In file included from [01m[K/home/dahyeon/dev_ws/src/uni_time/time_calculate/src/homeTCP.cpp:9[m[K:
[01m[K/home/dahyeon/dev_ws/src/uni_time/time_calculate/include/shm_mutex.h:[m[K In function ‘[01m[Kint __init_shared_memory_master(char*, shm_struct_t*&, pthread_mutexattr_t&)[m[K’:
[01m[K/home/dahyeon/dev_ws/src/uni_time/time_calculate/include/shm_mutex.h:92:28:[m[K [01;35m[Kwarning: [m[K‘[01m[Kvoid* memset(void*, int, size_t)[m[K’ clearing an object of type ‘[01m[Kshm_struct_t[m[K’ {aka ‘[01m[Kstruct shm_struct[m[K’} with no trivial copy-assignment; use assignment or value-initialization instead [[01;35m[K-Wclass-memaccess[m[K]
   92 |     memset(shm, 0, shm_size[01;35m[K)[m[K;
      |                            [01;35m[K^[m[K
[01m[K/home/dahyeon/dev_ws/src/uni_time/time_calculate/include/shm_mutex.h:23:16:[m[K [01;36m[Knote: [m[K‘[01m[Kshm_struct_t[m[K’ {aka ‘[01m[Kstruct shm_struct[m[K’} declared here
   23 | typedef struct [01;36m[Kshm_struct[m[K{
      |                [01;36m[K^~~~~~~~~~[m[K
[01m[K/home/dahyeon/dev_ws/src/uni_time/time_calculate/src/homeTCP.cpp:[m[K In function ‘[01m[Kint main()[m[K’:
[01m[K/home/dahyeon/dev_ws/src/uni_time/time_calculate/src/homeTCP.cpp:109:38:[m[K [01;35m[Kwarning: [m[KISO C++ forbids converting a string constant to ‘[01m[Kchar*[m[K’ [[01;35m[K-Wwrite-strings[m[K]
  109 |     ret = __init_shared_memory_slave([01;35m[K"shm_mem_test"[m[K, shm);
      |                                      [01;35m[K^~~~~~~~~~~~~~[m[K
In file included from [01m[K/home/dahyeon/dev_ws/src/uni_time/time_calculate/src/tcpNshared.cpp:9[m[K:
[01m[K/home/dahyeon/dev_ws/src/uni_time/time_calculate/include/shm_mutex.h:[m[K In function ‘[01m[Kint __init_shared_memory_master(char*, shm_struct_t*&, pthread_mutexattr_t&)[m[K’:
[01m[K/home/dahyeon/dev_ws/src/uni_time/time_calculate/include/shm_mutex.h:92:28:[m[K [01;35m[Kwarning: [m[K‘[01m[Kvoid* memset(void*, int, size_t)[m[K’ clearing an object of type ‘[01m[Kshm_struct_t[m[K’ {aka ‘[01m[Kstruct shm_struct[m[K’} with no trivial copy-assignment; use assignment or value-initialization instead [[01;35m[K-Wclass-memaccess[m[K]
   92 |     memset(shm, 0, shm_size[01;35m[K)[m[K;
      |                            [01;35m[K^[m[K
[01m[K/home/dahyeon/dev_ws/src/uni_time/time_calculate/include/shm_mutex.h:23:16:[m[K [01;36m[Knote: [m[K‘[01m[Kshm_struct_t[m[K’ {aka ‘[01m[Kstruct shm_struct[m[K’} declared here
   23 | typedef struct [01;36m[Kshm_struct[m[K{
      |                [01;36m[K^~~~~~~~~~[m[K
[01m[K/home/dahyeon/dev_ws/src/uni_time/time_calculate/src/tcpNshared.cpp:[m[K In function ‘[01m[Kint main()[m[K’:
[01m[K/home/dahyeon/dev_ws/src/uni_time/time_calculate/include/shm_mutex.h:16:18:[m[K [01;35m[Kwarning: [m[KISO C++ forbids converting a string constant to ‘[01m[Kchar*[m[K’ [[01;35m[K-Wwrite-strings[m[K]
   16 | #define SHM_NAME [01;35m[K"shm_mem_test"[m[K
      |                  [01;35m[K^~~~~~~~~~~~~~[m[K
[01m[K/home/dahyeon/dev_ws/src/uni_time/time_calculate/src/tcpNshared.cpp:156:39:[m[K [01;36m[Knote: [m[Kin expansion of macro ‘[01m[KSHM_NAME[m[K’
  156 |     ret = __init_shared_memory_master([01;36m[KSHM_NAME[m[K, shm, mtx_attr);
      |                                       [01;36m[K^~~~~~~~[m[K
[01m[K/home/dahyeon/dev_ws/src/uni_time/time_calculate/src/tcpNshared.cpp:154:14:[m[K [01;35m[Kwarning: [m[Kunused variable ‘[01m[Ki[m[K’ [[01;35m[K-Wunused-variable[m[K]
  154 |     int ret, [01;35m[Ki[m[K;
      |              [01;35m[K^[m[K
In file included from [01m[K/home/dahyeon/dev_ws/src/uni_time/time_calculate/src/homeTCP.cpp:9[m[K:
[01m[K/home/dahyeon/dev_ws/src/uni_time/time_calculate/include/shm_mutex.h:[m[K At global scope:
[01m[K/home/dahyeon/dev_ws/src/uni_time/time_calculate/include/shm_mutex.h:104:12:[m[K [01;35m[Kwarning: [m[K‘[01m[Kint __destory_shared_memory_master(shm_struct_t*&, pthread_mutexattr_t&)[m[K’ defined but not used [[01;35m[K-Wunused-function[m[K]
  104 | static int [01;35m[K__destory_shared_memory_master[m[K(shm_struct_t* &shm, pthread_mutexattr_t &mtx_attr)
      |            [01;35m[K^~~~~~~~~~~~~~~~~~~~~~~~~~~~~~[m[K
[01m[K/home/dahyeon/dev_ws/src/uni_time/time_calculate/include/shm_mutex.h:70:12:[m[K [01;35m[Kwarning: [m[K‘[01m[Kint __init_shared_memory_master(char*, shm_struct_t*&, pthread_mutexattr_t&)[m[K’ defined but not used [[01;35m[K-Wunused-function[m[K]
   70 | static int [01;35m[K__init_shared_memory_master[m[K(char* name, shm_struct_t* &shm, pthread_mutexattr_t &mtx_attr)
      |            [01;35m[K^~~~~~~~~~~~~~~~~~~~~~~~~~~[m[K
In file included from [01m[K/home/dahyeon/dev_ws/src/uni_time/time_calculate/src/tcpNshared.cpp:9[m[K:
[01m[K/home/dahyeon/dev_ws/src/uni_time/time_calculate/include/shm_mutex.h:[m[K At global scope:
[01m[K/home/dahyeon/dev_ws/src/uni_time/time_calculate/include/shm_mutex.h:140:12:[m[K [01;35m[Kwarning: [m[K‘[01m[Kint __destory_shared_memory_slave(shm_struct_t*&)[m[K’ defined but not used [[01;35m[K-Wunused-function[m[K]
  140 | static int [01;35m[K__destory_shared_memory_slave[m[K(shm_struct_t* &shm)
      |            [01;35m[K^~~~~~~~~~~~~~~~~~~~~~~~~~~~~[m[K
[01m[K/home/dahyeon/dev_ws/src/uni_time/time_calculate/include/shm_mutex.h:115:12:[m[K [01;35m[Kwarning: [m[K‘[01m[Kint __init_shared_memory_slave(char*, shm_struct_t*&)[m[K’ defined but not used [[01;35m[K-Wunused-function[m[K]
  115 | static int [01;35m[K__init_shared_memory_slave[m[K(char* name, shm_struct_t* &shm)
      |            [01;35m[K^~~~~~~~~~~~~~~~~~~~~~~~~~[m[K
[ 57%] [32m[1mLinking CXX executable create_tcp[0m
[ 71%] [32m[1mLinking CXX executable get_gps[0m
[ 71%] Built target create_tcp
[ 71%] Built target get_gps
In file included from [01m[K/home/dahyeon/dev_ws/src/uni_time/time_calculate/src/time_calculate_node.cpp:2[m[K:
[01m[K/home/dahyeon/dev_ws/src/uni_time/time_calculate/include/shm_mutex.h:[m[K In function ‘[01m[Kint __init_shared_memory_master(char*, shm_struct_t*&, pthread_mutexattr_t&)[m[K’:
[01m[K/home/dahyeon/dev_ws/src/uni_time/time_calculate/include/shm_mutex.h:92:28:[m[K [01;35m[Kwarning: [m[K‘[01m[Kvoid* memset(void*, int, size_t)[m[K’ clearing an object of type ‘[01m[Kshm_struct_t[m[K’ {aka ‘[01m[Kstruct shm_struct[m[K’} with no trivial copy-assignment; use assignment or value-initialization instead [[01;35m[K-Wclass-memaccess[m[K]
   92 |     memset(shm, 0, shm_size[01;35m[K)[m[K;
      |                            [01;35m[K^[m[K
[01m[K/home/dahyeon/dev_ws/src/uni_time/time_calculate/include/shm_mutex.h:23:16:[m[K [01;36m[Knote: [m[K‘[01m[Kshm_struct_t[m[K’ {aka ‘[01m[Kstruct shm_struct[m[K’} declared here
   23 | typedef struct [01;36m[Kshm_struct[m[K{
      |                [01;36m[K^~~~~~~~~~[m[K
[01m[K/home/dahyeon/dev_ws/src/uni_time/time_calculate/src/time_calculate_node.cpp:[m[K In member function ‘[01m[Kvoid TimeCalculateNode::set_alarminfo()[m[K’:
[01m[K/home/dahyeon/dev_ws/src/uni_time/time_calculate/include/shm_mutex.h:16:18:[m[K [01;35m[Kwarning: [m[KISO C++ forbids converting a string constant to ‘[01m[Kchar*[m[K’ [[01;35m[K-Wwrite-strings[m[K]
   16 | #define SHM_NAME [01;35m[K"shm_mem_test"[m[K
      |                  [01;35m[K^~~~~~~~~~~~~~[m[K
[01m[K/home/dahyeon/dev_ws/src/uni_time/time_calculate/src/time_calculate_node.cpp:170:36:[m[K [01;36m[Knote: [m[Kin expansion of macro ‘[01m[KSHM_NAME[m[K’
  170 |   ret = __init_shared_memory_slave([01;36m[KSHM_NAME[m[K, shm);
      |                                    [01;36m[K^~~~~~~~[m[K
[01m[K/home/dahyeon/dev_ws/src/uni_time/time_calculate/src/time_calculate_node.cpp:169:7:[m[K [01;35m[Kwarning: [m[Kvariable ‘[01m[Kret[m[K’ set but not used [[01;35m[K-Wunused-but-set-variable[m[K]
  169 |   int [01;35m[Kret[m[K;
      |       [01;35m[K^~~[m[K
[01m[K/home/dahyeon/dev_ws/src/uni_time/time_calculate/src/time_calculate_node.cpp:[m[K In member function ‘[01m[Kbool TimeCalculateNode::compare_time()[m[K’:
[01m[K/home/dahyeon/dev_ws/src/uni_time/time_calculate/src/time_calculate_node.cpp:198:20:[m[K [01;35m[Kwarning: [m[Kunused variable ‘[01m[Kgtp[m[K’ [[01;35m[K-Wunused-variable[m[K]
  198 |   struct tm *ltp, *[01;35m[Kgtp[m[K;
      |                    [01;35m[K^~~[m[K
[01m[K/home/dahyeon/dev_ws/src/uni_time/time_calculate/src/time_calculate_node.cpp:[m[K In function ‘[01m[Kvoid wait_alarm(std::string)[m[K’:
[01m[K/home/dahyeon/dev_ws/src/uni_time/time_calculate/src/time_calculate_node.cpp:215:20:[m[K [01;35m[Kwarning: [m[Kunused variable ‘[01m[Kgtp[m[K’ [[01;35m[K-Wunused-variable[m[K]
  215 |   struct tm *ltp, *[01;35m[Kgtp[m[K;
      |                    [01;35m[K^~~[m[K
[01m[K/home/dahyeon/dev_ws/src/uni_time/time_calculate/src/time_calculate_node.cpp:[m[K In function ‘[01m[Kvoid sig_alm(int)[m[K’:
[01m[K/home/dahyeon/dev_ws/src/uni_time/time_calculate/src/time_calculate_node.cpp:279:18:[m[K [01;35m[Kwarning: [m[Kunused parameter ‘[01m[Ksigno[m[K’ [[01;35m[K-Wunused-parameter[m[K]
  279 | void sig_alm([01;35m[Kint signo[m[K)
      |              [01;35m[K~~~~^~~~~[m[K
[01m[K/home/dahyeon/dev_ws/src/uni_time/time_calculate/src/time_calculate_node.cpp:[m[K In function ‘[01m[Kvoid sig_int(int)[m[K’:
[01m[K/home/dahyeon/dev_ws/src/uni_time/time_calculate/src/time_calculate_node.cpp:284:18:[m[K [01;35m[Kwarning: [m[Kunused parameter ‘[01m[Ksigno[m[K’ [[01;35m[K-Wunused-parameter[m[K]
  284 | void sig_int([01;35m[Kint signo[m[K)
      |              [01;35m[K~~~~^~~~~[m[K
In file included from [01m[K/home/dahyeon/dev_ws/src/uni_time/time_calculate/src/time_calculate_node.cpp:2[m[K:
[01m[K/home/dahyeon/dev_ws/src/uni_time/time_calculate/include/shm_mutex.h:[m[K At global scope:
[01m[K/home/dahyeon/dev_ws/src/uni_time/time_calculate/include/shm_mutex.h:140:12:[m[K [01;35m[Kwarning: [m[K‘[01m[Kint __destory_shared_memory_slave(shm_struct_t*&)[m[K’ defined but not used [[01;35m[K-Wunused-function[m[K]
  140 | static int [01;35m[K__destory_shared_memory_slave[m[K(shm_struct_t* &shm)
      |            [01;35m[K^~~~~~~~~~~~~~~~~~~~~~~~~~~~~[m[K
[01m[K/home/dahyeon/dev_ws/src/uni_time/time_calculate/include/shm_mutex.h:104:12:[m[K [01;35m[Kwarning: [m[K‘[01m[Kint __destory_shared_memory_master(shm_struct_t*&, pthread_mutexattr_t&)[m[K’ defined but not used [[01;35m[K-Wunused-function[m[K]
  104 | static int [01;35m[K__destory_shared_memory_master[m[K(shm_struct_t* &shm, pthread_mutexattr_t &mtx_attr)
      |            [01;35m[K^~~~~~~~~~~~~~~~~~~~~~~~~~~~~~[m[K
[01m[K/home/dahyeon/dev_ws/src/uni_time/time_calculate/include/shm_mutex.h:70:12:[m[K [01;35m[Kwarning: [m[K‘[01m[Kint __init_shared_memory_master(char*, shm_struct_t*&, pthread_mutexattr_t&)[m[K’ defined but not used [[01;35m[K-Wunused-function[m[K]
   70 | static int [01;35m[K__init_shared_memory_master[m[K(char* name, shm_struct_t* &shm, pthread_mutexattr_t &mtx_attr)
      |            [01;35m[K^~~~~~~~~~~~~~~~~~~~~~~~~~~[m[K
[ 85%] [32m[1mLinking CXX executable time_calculate_node[0m
[100%] Built target time_calculate_node
-- Install configuration: ""
-- Execute custom install script
-- Up-to-date symlink: /home/dahyeon/dev_ws/install/time_calculate/lib/time_calculate/time_calculate_node
-- Up-to-date symlink: /home/dahyeon/dev_ws/install/time_calculate/lib/time_calculate/create_tcp
-- Up-to-date symlink: /home/dahyeon/dev_ws/install/time_calculate/lib/time_calculate/get_gps
-- Up-to-date symlink: /home/dahyeon/dev_ws/install/time_calculate/share/ament_index/resource_index/package_run_dependencies/time_calculate
-- Up-to-date symlink: /home/dahyeon/dev_ws/install/time_calculate/share/ament_index/resource_index/parent_prefix_path/time_calculate
-- Up-to-date symlink: /home/dahyeon/dev_ws/install/time_calculate/share/time_calculate/environment/ament_prefix_path.sh
-- Up-to-date symlink: /home/dahyeon/dev_ws/install/time_calculate/share/time_calculate/environment/ament_prefix_path.dsv
-- Up-to-date symlink: /home/dahyeon/dev_ws/install/time_calculate/share/time_calculate/environment/path.sh
-- Up-to-date symlink: /home/dahyeon/dev_ws/install/time_calculate/share/time_calculate/environment/path.dsv
-- Up-to-date symlink: /home/dahyeon/dev_ws/install/time_calculate/share/time_calculate/local_setup.bash
-- Up-to-date symlink: /home/dahyeon/dev_ws/install/time_calculate/share/time_calculate/local_setup.sh
-- Up-to-date symlink: /home/dahyeon/dev_ws/install/time_calculate/share/time_calculate/local_setup.zsh
-- Up-to-date symlink: /home/dahyeon/dev_ws/install/time_calculate/share/time_calculate/local_setup.dsv
-- Symlinking: /home/dahyeon/dev_ws/install/time_calculate/share/time_calculate/package.dsv
-- Up-to-date symlink: /home/dahyeon/dev_ws/install/time_calculate/share/ament_index/resource_index/packages/time_calculate
-- Up-to-date symlink: /home/dahyeon/dev_ws/install/time_calculate/share/time_calculate/cmake/time_calculateConfig.cmake
-- Up-to-date symlink: /home/dahyeon/dev_ws/install/time_calculate/share/time_calculate/cmake/time_calculateConfig-version.cmake
-- Up-to-date symlink: /home/dahyeon/dev_ws/install/time_calculate/share/time_calculate/package.xml
