running develop
running egg_info
creating cv_basics.egg-info
writing cv_basics.egg-info/PKG-INFO
writing dependency_links to cv_basics.egg-info/dependency_links.txt
writing entry points to cv_basics.egg-info/entry_points.txt
writing requirements to cv_basics.egg-info/requires.txt
writing top-level names to cv_basics.egg-info/top_level.txt
writing manifest file 'cv_basics.egg-info/SOURCES.txt'
reading manifest file 'cv_basics.egg-info/SOURCES.txt'
writing manifest file 'cv_basics.egg-info/SOURCES.txt'
running build_ext
Creating /home/dahyeon/dev_ws/install/cv_basics/lib/python3.8/site-packages/site.py
Creating /home/dahyeon/dev_ws/install/cv_basics/lib/python3.8/site-packages/cv-basics.egg-link (link to .)

Installed /home/dahyeon/dev_ws/build/cv_basics
running install_data
creating /home/dahyeon/dev_ws/install/cv_basics/share/ament_index
creating /home/dahyeon/dev_ws/install/cv_basics/share/ament_index/resource_index
creating /home/dahyeon/dev_ws/install/cv_basics/share/ament_index/resource_index/packages
copying resource/cv_basics -> /home/dahyeon/dev_ws/install/cv_basics/share/ament_index/resource_index/packages
copying package.xml -> /home/dahyeon/dev_ws/install/cv_basics/share/cv_basics
