[1.213s] Invoking command in '/home/dahyeon/dev_ws/build/logging_rclpy_example': PYTHONPATH=/home/dahyeon/dev_ws/install/logging_rclpy_example/lib/python3.8/site-packages:${PYTHONPATH} /usr/bin/python3 setup.py develop --prefix /home/dahyeon/dev_ws/install/logging_rclpy_example --editable --build-directory /home/dahyeon/dev_ws/build/logging_rclpy_example/build --no-deps install_data --install-dir /home/dahyeon/dev_ws/install/logging_rclpy_example
[1.407s] running develop
[1.511s] running egg_info
[1.512s] creating logging_rclpy_example.egg-info
[1.512s] writing logging_rclpy_example.egg-info/PKG-INFO
[1.512s] writing dependency_links to logging_rclpy_example.egg-info/dependency_links.txt
[1.512s] writing entry points to logging_rclpy_example.egg-info/entry_points.txt
[1.512s] writing requirements to logging_rclpy_example.egg-info/requires.txt
[1.512s] writing top-level names to logging_rclpy_example.egg-info/top_level.txt
[1.513s] writing manifest file 'logging_rclpy_example.egg-info/SOURCES.txt'
[1.538s] reading manifest file 'logging_rclpy_example.egg-info/SOURCES.txt'
[1.538s] writing manifest file 'logging_rclpy_example.egg-info/SOURCES.txt'
[1.566s] running build_ext
[1.566s] Creating /home/dahyeon/dev_ws/install/logging_rclpy_example/lib/python3.8/site-packages/site.py
[1.568s] Creating /home/dahyeon/dev_ws/install/logging_rclpy_example/lib/python3.8/site-packages/logging-rclpy-example.egg-link (link to .)
[1.568s] Installing logging_example script to /home/dahyeon/dev_ws/install/logging_rclpy_example/lib/logging_rclpy_example
[1.569s] 
[1.569s] Installed /home/dahyeon/dev_ws/build/logging_rclpy_example
[1.569s] running install_data
[1.569s] creating /home/dahyeon/dev_ws/install/logging_rclpy_example/share/ament_index
[1.569s] creating /home/dahyeon/dev_ws/install/logging_rclpy_example/share/ament_index/resource_index
[1.569s] creating /home/dahyeon/dev_ws/install/logging_rclpy_example/share/ament_index/resource_index/packages
[1.569s] copying resource/logging_rclpy_example -> /home/dahyeon/dev_ws/install/logging_rclpy_example/share/ament_index/resource_index/packages
[1.569s] copying package.xml -> /home/dahyeon/dev_ws/install/logging_rclpy_example/share/logging_rclpy_example
[1.615s] Invoked command in '/home/dahyeon/dev_ws/build/logging_rclpy_example' returned '0': PYTHONPATH=/home/dahyeon/dev_ws/install/logging_rclpy_example/lib/python3.8/site-packages:${PYTHONPATH} /usr/bin/python3 setup.py develop --prefix /home/dahyeon/dev_ws/install/logging_rclpy_example --editable --build-directory /home/dahyeon/dev_ws/build/logging_rclpy_example/build --no-deps install_data --install-dir /home/dahyeon/dev_ws/install/logging_rclpy_example
