[0.019s] Invoking command in '/home/dahyeon/dev_ws/build/cpp_parameters': CMAKE_PREFIX_PATH=${CMAKE_PREFIX_PATH}:/home/dahyeon/dev_ws/install/topic_service_action_rclpy_example:/home/dahyeon/dev_ws/install/time_rclpy_example:/home/dahyeon/dev_ws/install/tf2_rclpy_example:/home/dahyeon/dev_ws/install/ros2env:/home/dahyeon/dev_ws/install/my_first_ros_rclpy_pkg:/home/dahyeon/dev_ws/install/logging_rclpy_example:/opt/ros/foxy /usr/bin/cmake /home/dahyeon/dev_ws/src/cpp_parameters -DAMENT_CMAKE_SYMLINK_INSTALL=1 -DCMAKE_INSTALL_PREFIX=/home/dahyeon/dev_ws/install/cpp_parameters
[0.283s] -- The C compiler identification is GNU 9.4.0
[0.444s] -- The CXX compiler identification is GNU 9.4.0
[0.454s] -- Check for working C compiler: /usr/bin/cc
[0.504s] -- Check for working C compiler: /usr/bin/cc -- works
[0.505s] -- Detecting C compiler ABI info
[0.550s] -- Detecting C compiler ABI info - done
[0.561s] -- Detecting C compile features
[0.561s] -- Detecting C compile features - done
[0.564s] -- Check for working CXX compiler: /usr/bin/c++
[0.617s] -- Check for working CXX compiler: /usr/bin/c++ -- works
[0.618s] -- Detecting CXX compiler ABI info
[0.687s] -- Detecting CXX compiler ABI info - done
[0.702s] -- Detecting CXX compile features
[0.703s] -- Detecting CXX compile features - done
[0.712s] -- Found ament_cmake: 0.9.9 (/opt/ros/foxy/share/ament_cmake/cmake)
[0.761s] -- Found PythonInterp: /usr/bin/python3 (found suitable version "3.8.10", minimum required is "3") 
[0.762s] -- Using PYTHON_EXECUTABLE: /usr/bin/python3
[0.910s] -- Override CMake install command with custom implementation using symlinks instead of copying resources
[0.947s] -- Found rclcpp: 2.4.1 (/opt/ros/foxy/share/rclcpp/cmake)
[1.009s] -- Using all available rosidl_typesupport_c: rosidl_typesupport_fastrtps_c;rosidl_typesupport_introspection_c
[1.018s] -- Found rosidl_adapter: 1.2.1 (/opt/ros/foxy/share/rosidl_adapter/cmake)
[1.084s] -- Found OpenSSL: /usr/lib/x86_64-linux-gnu/libcrypto.so (found version "1.1.1f")  
[1.104s] -- Found FastRTPS: /opt/ros/foxy/include  
[1.174s] -- Using all available rosidl_typesupport_cpp: rosidl_typesupport_fastrtps_cpp;rosidl_typesupport_introspection_cpp
[1.233s] -- Found rmw_implementation_cmake: 1.0.3 (/opt/ros/foxy/share/rmw_implementation_cmake/cmake)
[1.235s] -- Using RMW implementation 'rmw_fastrtps_cpp' as default
[1.237s] -- Looking for pthread.h
[1.293s] -- Looking for pthread.h - found
[1.293s] -- Performing Test CMAKE_HAVE_LIBC_PTHREAD
[1.345s] -- Performing Test CMAKE_HAVE_LIBC_PTHREAD - Failed
[1.346s] -- Looking for pthread_create in pthreads
[1.385s] -- Looking for pthread_create in pthreads - not found
[1.385s] -- Looking for pthread_create in pthread
[1.430s] -- Looking for pthread_create in pthread - found
[1.431s] -- Found Threads: TRUE  
[1.568s] -- Found ament_lint_auto: 0.9.6 (/opt/ros/foxy/share/ament_lint_auto/cmake)
[1.643s] -- Added test 'copyright' to check source files copyright and LICENSE
[1.644s] -- Added test 'cppcheck' to perform static code analysis on C / C++ code
[1.644s] -- Configured cppcheck include dirs: 
[1.644s] -- Configured cppcheck exclude dirs and/or files: 
[1.645s] -- Added test 'cpplint' to check C / C++ code against the Google style
[1.645s] -- Configured cpplint exclude dirs and/or files: 
[1.646s] -- Added test 'lint_cmake' to check CMake code style
[1.647s] -- Added test 'uncrustify' to check C / C++ code style
[1.647s] -- Configured uncrustify additional arguments: 
[1.648s] -- Added test 'xmllint' to check XML markup files
[1.651s] -- Configuring done
[1.657s] -- Generating done
[1.658s] -- Build files have been written to: /home/dahyeon/dev_ws/build/cpp_parameters
[1.663s] Invoked command in '/home/dahyeon/dev_ws/build/cpp_parameters' returned '0': CMAKE_PREFIX_PATH=${CMAKE_PREFIX_PATH}:/home/dahyeon/dev_ws/install/topic_service_action_rclpy_example:/home/dahyeon/dev_ws/install/time_rclpy_example:/home/dahyeon/dev_ws/install/tf2_rclpy_example:/home/dahyeon/dev_ws/install/ros2env:/home/dahyeon/dev_ws/install/my_first_ros_rclpy_pkg:/home/dahyeon/dev_ws/install/logging_rclpy_example:/opt/ros/foxy /usr/bin/cmake /home/dahyeon/dev_ws/src/cpp_parameters -DAMENT_CMAKE_SYMLINK_INSTALL=1 -DCMAKE_INSTALL_PREFIX=/home/dahyeon/dev_ws/install/cpp_parameters
[1.665s] Invoking command in '/home/dahyeon/dev_ws/build/cpp_parameters': CMAKE_PREFIX_PATH=${CMAKE_PREFIX_PATH}:/home/dahyeon/dev_ws/install/topic_service_action_rclpy_example:/home/dahyeon/dev_ws/install/time_rclpy_example:/home/dahyeon/dev_ws/install/tf2_rclpy_example:/home/dahyeon/dev_ws/install/ros2env:/home/dahyeon/dev_ws/install/my_first_ros_rclpy_pkg:/home/dahyeon/dev_ws/install/logging_rclpy_example:/opt/ros/foxy /usr/bin/cmake --build /home/dahyeon/dev_ws/build/cpp_parameters -- -j12 -l12
[1.691s] [35m[1mScanning dependencies of target cpp_parameters_server[0m
[1.691s] [35m[1mScanning dependencies of target cpp_parameters_client[0m
[1.774s] [ 50%] [32mBuilding CXX object CMakeFiles/cpp_parameters_client.dir/src/cpp_parameters_client.cpp.o[0m
[1.774s] [ 50%] [32mBuilding CXX object CMakeFiles/cpp_parameters_server.dir/src/cpp_parameters_server.cpp.o[0m
[2.739s] [01m[K/home/dahyeon/dev_ws/src/cpp_parameters/src/cpp_parameters_client.cpp:[m[K In function ‘[01m[Kvoid parameter_call_back(std::shared_future<std::vector<rcl_interfaces::msg::SetParametersResult_<std::allocator<void> > > >)[m[K’:
[2.739s] [01m[K/home/dahyeon/dev_ws/src/cpp_parameters/src/cpp_parameters_client.cpp:10:100:[m[K [01;35m[Kwarning: [m[Kunused parameter ‘[01m[Kfuture[m[K’ [[01;35m[K-Wunused-parameter[m[K]
[2.739s]    10 | void parameter_call_back([01;35m[Kstd::shared_future<std::vector<rcl_interfaces::msg::SetParametersResult>> future[m[K)
[2.739s]       |                          [01;35m[K~~~~~~~~~~~~~~~~~~~~~~~~~~~~~~~~~~~~~~~~~~~~~~~~~~~~~~~~~~~~~~~~~~~~~~~~~~^~~~~~[m[K
[2.770s] [01m[K/home/dahyeon/dev_ws/src/cpp_parameters/src/cpp_parameters_server.cpp:[m[K In constructor ‘[01m[KParametersServerClass::ParametersServerClass()[m[K’:
[2.770s] [01m[K/home/dahyeon/dev_ws/src/cpp_parameters/src/cpp_parameters_server.cpp:22:7:[m[K [01;35m[Kwarning: [m[K‘[01m[Krclcpp::Node::OnParametersSetCallbackType rclcpp::Node::set_on_parameters_set_callback(rclcpp::Node::OnParametersSetCallbackType)[m[K’ is deprecated: use add_on_set_parameters_callback(OnParametersSetCallbackType callback) instead [[01;35m[K-Wdeprecated-declarations[m[K]
[2.770s]    22 |       [01;35m[K)[m[K;
[2.770s]       |       [01;35m[K^[m[K
[2.770s] In file included from [01m[K/opt/ros/foxy/include/rclcpp/executors/single_threaded_executor.hpp:28[m[K,
[2.770s]                  from [01m[K/opt/ros/foxy/include/rclcpp/executors.hpp:22[m[K,
[2.770s]                  from [01m[K/opt/ros/foxy/include/rclcpp/rclcpp.hpp:146[m[K,
[2.770s]                  from [01m[K/home/dahyeon/dev_ws/src/cpp_parameters/src/cpp_parameters_server.cpp:1[m[K:
[2.770s] [01m[K/opt/ros/foxy/include/rclcpp/node.hpp:866:3:[m[K [01;36m[Knote: [m[Kdeclared here
[2.770s]   866 |   [01;36m[Kset_on_parameters_set_callback[m[K(rclcpp::Node::OnParametersSetCallbackType callback);
[2.770s]       |   [01;36m[K^~~~~~~~~~~~~~~~~~~~~~~~~~~~~~[m[K
[3.241s] [ 75%] [32m[1mLinking CXX executable cpp_parameters_client[0m
[3.297s] [100%] [32m[1mLinking CXX executable cpp_parameters_server[0m
[3.352s] [100%] Built target cpp_parameters_client
[3.381s] [100%] Built target cpp_parameters_server
[3.387s] Invoked command in '/home/dahyeon/dev_ws/build/cpp_parameters' returned '0': CMAKE_PREFIX_PATH=${CMAKE_PREFIX_PATH}:/home/dahyeon/dev_ws/install/topic_service_action_rclpy_example:/home/dahyeon/dev_ws/install/time_rclpy_example:/home/dahyeon/dev_ws/install/tf2_rclpy_example:/home/dahyeon/dev_ws/install/ros2env:/home/dahyeon/dev_ws/install/my_first_ros_rclpy_pkg:/home/dahyeon/dev_ws/install/logging_rclpy_example:/opt/ros/foxy /usr/bin/cmake --build /home/dahyeon/dev_ws/build/cpp_parameters -- -j12 -l12
[3.410s] Invoking command in '/home/dahyeon/dev_ws/build/cpp_parameters': CMAKE_PREFIX_PATH=${CMAKE_PREFIX_PATH}:/home/dahyeon/dev_ws/install/topic_service_action_rclpy_example:/home/dahyeon/dev_ws/install/time_rclpy_example:/home/dahyeon/dev_ws/install/tf2_rclpy_example:/home/dahyeon/dev_ws/install/ros2env:/home/dahyeon/dev_ws/install/my_first_ros_rclpy_pkg:/home/dahyeon/dev_ws/install/logging_rclpy_example:/opt/ros/foxy /usr/bin/cmake --install /home/dahyeon/dev_ws/build/cpp_parameters
[3.417s] -- Install configuration: ""
[3.417s] -- Execute custom install script
[3.418s] -- Symlinking: /home/dahyeon/dev_ws/install/cpp_parameters/lib/cpp_parameters/cpp_parameters_server
[3.423s] -- Symlinking: /home/dahyeon/dev_ws/install/cpp_parameters/lib/cpp_parameters/cpp_parameters_client
[3.429s] -- Symlinking: /home/dahyeon/dev_ws/install/cpp_parameters/share/ament_index/resource_index/package_run_dependencies/cpp_parameters
[3.435s] -- Symlinking: /home/dahyeon/dev_ws/install/cpp_parameters/share/ament_index/resource_index/parent_prefix_path/cpp_parameters
[3.441s] -- Symlinking: /home/dahyeon/dev_ws/install/cpp_parameters/share/cpp_parameters/environment/ament_prefix_path.sh
[3.447s] -- Symlinking: /home/dahyeon/dev_ws/install/cpp_parameters/share/cpp_parameters/environment/ament_prefix_path.dsv
[3.452s] -- Symlinking: /home/dahyeon/dev_ws/install/cpp_parameters/share/cpp_parameters/environment/path.sh
[3.458s] -- Symlinking: /home/dahyeon/dev_ws/install/cpp_parameters/share/cpp_parameters/environment/path.dsv
[3.464s] -- Symlinking: /home/dahyeon/dev_ws/install/cpp_parameters/share/cpp_parameters/local_setup.bash
[3.469s] -- Symlinking: /home/dahyeon/dev_ws/install/cpp_parameters/share/cpp_parameters/local_setup.sh
[3.475s] -- Symlinking: /home/dahyeon/dev_ws/install/cpp_parameters/share/cpp_parameters/local_setup.zsh
[3.480s] -- Symlinking: /home/dahyeon/dev_ws/install/cpp_parameters/share/cpp_parameters/local_setup.dsv
[3.486s] -- Symlinking: /home/dahyeon/dev_ws/install/cpp_parameters/share/cpp_parameters/package.dsv
[3.491s] -- Symlinking: /home/dahyeon/dev_ws/install/cpp_parameters/share/ament_index/resource_index/packages/cpp_parameters
[3.497s] -- Symlinking: /home/dahyeon/dev_ws/install/cpp_parameters/share/cpp_parameters/cmake/cpp_parametersConfig.cmake
[3.502s] -- Symlinking: /home/dahyeon/dev_ws/install/cpp_parameters/share/cpp_parameters/cmake/cpp_parametersConfig-version.cmake
[3.508s] -- Symlinking: /home/dahyeon/dev_ws/install/cpp_parameters/share/cpp_parameters/package.xml
[3.515s] Invoked command in '/home/dahyeon/dev_ws/build/cpp_parameters' returned '0': CMAKE_PREFIX_PATH=${CMAKE_PREFIX_PATH}:/home/dahyeon/dev_ws/install/topic_service_action_rclpy_example:/home/dahyeon/dev_ws/install/time_rclpy_example:/home/dahyeon/dev_ws/install/tf2_rclpy_example:/home/dahyeon/dev_ws/install/ros2env:/home/dahyeon/dev_ws/install/my_first_ros_rclpy_pkg:/home/dahyeon/dev_ws/install/logging_rclpy_example:/opt/ros/foxy /usr/bin/cmake --install /home/dahyeon/dev_ws/build/cpp_parameters
