[0.835s] Invoking command in '/home/dahyeon/dev_ws/build/time_rclcpp_example': CMAKE_PREFIX_PATH=${CMAKE_PREFIX_PATH}:/opt/ros/foxy /usr/bin/cmake /home/dahyeon/dev_ws/src/ros2-seminar-examples/time_rclcpp_example -DAMENT_CMAKE_SYMLINK_INSTALL=1 -DCMAKE_INSTALL_PREFIX=/home/dahyeon/dev_ws/install/time_rclcpp_example
[0.887s] -- The C compiler identification is GNU 9.4.0
[0.953s] -- The CXX compiler identification is GNU 9.4.0
[0.959s] -- Check for working C compiler: /usr/bin/cc
[1.089s] -- Check for working C compiler: /usr/bin/cc -- works
[1.089s] -- Detecting C compiler ABI info
[1.201s] -- Detecting C compiler ABI info - done
[1.217s] -- Detecting C compile features
[1.218s] -- Detecting C compile features - done
[1.220s] -- Check for working CXX compiler: /usr/bin/c++
[1.303s] -- Check for working CXX compiler: /usr/bin/c++ -- works
[1.304s] -- Detecting CXX compiler ABI info
[1.400s] -- Detecting CXX compiler ABI info - done
[1.413s] -- Detecting CXX compile features
[1.414s] -- Detecting CXX compile features - done
[1.416s] -- Found ament_cmake: 0.9.9 (/opt/ros/foxy/share/ament_cmake/cmake)
[1.438s] -- Found PythonInterp: /usr/bin/python3 (found suitable version "3.8.10", minimum required is "3") 
[1.438s] -- Using PYTHON_EXECUTABLE: /usr/bin/python3
[1.606s] -- Override CMake install command with custom implementation using symlinks instead of copying resources
[1.628s] -- Found rclcpp: 2.4.1 (/opt/ros/foxy/share/rclcpp/cmake)
[1.682s] -- Using all available rosidl_typesupport_c: rosidl_typesupport_fastrtps_c;rosidl_typesupport_introspection_c
[1.689s] -- Found rosidl_adapter: 1.2.1 (/opt/ros/foxy/share/rosidl_adapter/cmake)
[1.753s] -- Found OpenSSL: /usr/lib/x86_64-linux-gnu/libcrypto.so (found version "1.1.1f")  
[1.781s] -- Found FastRTPS: /opt/ros/foxy/include  
[1.846s] -- Using all available rosidl_typesupport_cpp: rosidl_typesupport_fastrtps_cpp;rosidl_typesupport_introspection_cpp
[1.897s] -- Found rmw_implementation_cmake: 1.0.3 (/opt/ros/foxy/share/rmw_implementation_cmake/cmake)
[1.898s] -- Using RMW implementation 'rmw_fastrtps_cpp' as default
[1.899s] -- Looking for pthread.h
[1.948s] -- Looking for pthread.h - found
[1.948s] -- Performing Test CMAKE_HAVE_LIBC_PTHREAD
[2.002s] -- Performing Test CMAKE_HAVE_LIBC_PTHREAD - Failed
[2.002s] -- Looking for pthread_create in pthreads
[2.041s] -- Looking for pthread_create in pthreads - not found
[2.041s] -- Looking for pthread_create in pthread
[2.094s] -- Looking for pthread_create in pthread - found
[2.095s] -- Found Threads: TRUE  
[2.220s] -- Found ament_lint_auto: 0.9.6 (/opt/ros/foxy/share/ament_lint_auto/cmake)
[2.281s] -- Added test 'copyright' to check source files copyright and LICENSE
[2.281s] -- Added test 'cppcheck' to perform static code analysis on C / C++ code
[2.282s] -- Configured cppcheck include dirs: 
[2.282s] -- Configured cppcheck exclude dirs and/or files: 
[2.282s] -- Added test 'cpplint' to check C / C++ code against the Google style
[2.282s] -- Configured cpplint exclude dirs and/or files: 
[2.283s] -- Added test 'lint_cmake' to check CMake code style
[2.283s] -- Added test 'uncrustify' to check C / C++ code style
[2.283s] -- Configured uncrustify additional arguments: 
[2.284s] -- Added test 'xmllint' to check XML markup files
[2.286s] -- Configuring done
[2.291s] -- Generating done
[2.292s] -- Build files have been written to: /home/dahyeon/dev_ws/build/time_rclcpp_example
