[0.206s] Invoking command in '/home/dahyeon/dev_ws/build/uni': CMAKE_PREFIX_PATH=${CMAKE_PREFIX_PATH}:/home/dahyeon/dev_ws/install/topic_service_action_rclpy_example:/home/dahyeon/dev_ws/install/time_rclpy_example:/home/dahyeon/dev_ws/install/time_alarm_handle:/home/dahyeon/dev_ws/install/tf2_rclpy_example:/home/dahyeon/dev_ws/install/ros2env:/home/dahyeon/dev_ws/install/my_package:/home/dahyeon/dev_ws/install/my_first_ros_rclpy_pkg:/home/dahyeon/dev_ws/install/my_first_ros_rclcpp_pkg:/home/dahyeon/dev_ws/install/logging_rclpy_example:/home/dahyeon/dev_ws/install/cpp_parameters:/opt/ros/foxy /usr/bin/cmake --build /home/dahyeon/dev_ws/build/uni -- -j12 -l12
[0.250s] [ 28%] Built target alarmclient
[0.251s] [ 57%] Built target alarm_change_client
[0.254s] [100%] Built target alarmserver
[0.262s] Invoked command in '/home/dahyeon/dev_ws/build/uni' returned '0': CMAKE_PREFIX_PATH=${CMAKE_PREFIX_PATH}:/home/dahyeon/dev_ws/install/topic_service_action_rclpy_example:/home/dahyeon/dev_ws/install/time_rclpy_example:/home/dahyeon/dev_ws/install/time_alarm_handle:/home/dahyeon/dev_ws/install/tf2_rclpy_example:/home/dahyeon/dev_ws/install/ros2env:/home/dahyeon/dev_ws/install/my_package:/home/dahyeon/dev_ws/install/my_first_ros_rclpy_pkg:/home/dahyeon/dev_ws/install/my_first_ros_rclcpp_pkg:/home/dahyeon/dev_ws/install/logging_rclpy_example:/home/dahyeon/dev_ws/install/cpp_parameters:/opt/ros/foxy /usr/bin/cmake --build /home/dahyeon/dev_ws/build/uni -- -j12 -l12
[0.285s] Invoking command in '/home/dahyeon/dev_ws/build/uni': CMAKE_PREFIX_PATH=${CMAKE_PREFIX_PATH}:/home/dahyeon/dev_ws/install/topic_service_action_rclpy_example:/home/dahyeon/dev_ws/install/time_rclpy_example:/home/dahyeon/dev_ws/install/time_alarm_handle:/home/dahyeon/dev_ws/install/tf2_rclpy_example:/home/dahyeon/dev_ws/install/ros2env:/home/dahyeon/dev_ws/install/my_package:/home/dahyeon/dev_ws/install/my_first_ros_rclpy_pkg:/home/dahyeon/dev_ws/install/my_first_ros_rclcpp_pkg:/home/dahyeon/dev_ws/install/logging_rclpy_example:/home/dahyeon/dev_ws/install/cpp_parameters:/opt/ros/foxy /usr/bin/cmake --install /home/dahyeon/dev_ws/build/uni
[0.290s] -- Install configuration: ""
[0.290s] -- Execute custom install script
[0.291s] -- Up-to-date symlink: /home/dahyeon/dev_ws/install/uni/lib/uni/alarmserver
[0.291s] -- Up-to-date symlink: /home/dahyeon/dev_ws/install/uni/lib/uni/alarmclient
[0.291s] -- Up-to-date symlink: /home/dahyeon/dev_ws/install/uni/lib/uni/alarm_change_client
[0.291s] -- Up-to-date symlink: /home/dahyeon/dev_ws/install/uni/share/ament_index/resource_index/package_run_dependencies/uni
[0.291s] -- Up-to-date symlink: /home/dahyeon/dev_ws/install/uni/share/ament_index/resource_index/parent_prefix_path/uni
[0.292s] -- Up-to-date symlink: /home/dahyeon/dev_ws/install/uni/share/uni/environment/ament_prefix_path.sh
[0.292s] -- Up-to-date symlink: /home/dahyeon/dev_ws/install/uni/share/uni/environment/ament_prefix_path.dsv
[0.295s] -- Up-to-date symlink: /home/dahyeon/dev_ws/install/uni/share/uni/environment/path.sh
[0.295s] -- Up-to-date symlink: /home/dahyeon/dev_ws/install/uni/share/uni/environment/path.dsv
[0.295s] -- Up-to-date symlink: /home/dahyeon/dev_ws/install/uni/share/uni/local_setup.bash
[0.295s] -- Up-to-date symlink: /home/dahyeon/dev_ws/install/uni/share/uni/local_setup.sh
[0.295s] -- Up-to-date symlink: /home/dahyeon/dev_ws/install/uni/share/uni/local_setup.zsh
[0.295s] -- Up-to-date symlink: /home/dahyeon/dev_ws/install/uni/share/uni/local_setup.dsv
[0.296s] -- Symlinking: /home/dahyeon/dev_ws/install/uni/share/uni/package.dsv
[0.300s] -- Up-to-date symlink: /home/dahyeon/dev_ws/install/uni/share/ament_index/resource_index/packages/uni
[0.301s] -- Up-to-date symlink: /home/dahyeon/dev_ws/install/uni/share/uni/cmake/uniConfig.cmake
[0.301s] -- Up-to-date symlink: /home/dahyeon/dev_ws/install/uni/share/uni/cmake/uniConfig-version.cmake
[0.301s] -- Up-to-date symlink: /home/dahyeon/dev_ws/install/uni/share/uni/package.xml
[0.304s] Invoked command in '/home/dahyeon/dev_ws/build/uni' returned '0': CMAKE_PREFIX_PATH=${CMAKE_PREFIX_PATH}:/home/dahyeon/dev_ws/install/topic_service_action_rclpy_example:/home/dahyeon/dev_ws/install/time_rclpy_example:/home/dahyeon/dev_ws/install/time_alarm_handle:/home/dahyeon/dev_ws/install/tf2_rclpy_example:/home/dahyeon/dev_ws/install/ros2env:/home/dahyeon/dev_ws/install/my_package:/home/dahyeon/dev_ws/install/my_first_ros_rclpy_pkg:/home/dahyeon/dev_ws/install/my_first_ros_rclcpp_pkg:/home/dahyeon/dev_ws/install/logging_rclpy_example:/home/dahyeon/dev_ws/install/cpp_parameters:/opt/ros/foxy /usr/bin/cmake --install /home/dahyeon/dev_ws/build/uni
