[0.063s] Invoking command in '/home/dahyeon/dev_ws/build/cpp_pubsub': CMAKE_PREFIX_PATH=${CMAKE_PREFIX_PATH}:/opt/ros/foxy /usr/bin/cmake --build /home/dahyeon/dev_ws/build/cpp_pubsub -- -j12 -l12
[0.729s] [ 50%] Built target listener
[0.729s] [100%] Built target talker
[0.734s] Invoked command in '/home/dahyeon/dev_ws/build/cpp_pubsub' returned '0': CMAKE_PREFIX_PATH=${CMAKE_PREFIX_PATH}:/opt/ros/foxy /usr/bin/cmake --build /home/dahyeon/dev_ws/build/cpp_pubsub -- -j12 -l12
[0.770s] Invoking command in '/home/dahyeon/dev_ws/build/cpp_pubsub': CMAKE_PREFIX_PATH=${CMAKE_PREFIX_PATH}:/opt/ros/foxy /usr/bin/cmake --install /home/dahyeon/dev_ws/build/cpp_pubsub
[0.788s] -- Install configuration: ""
[0.789s] -- Execute custom install script
[0.790s] -- Up-to-date symlink: /home/dahyeon/dev_ws/install/cpp_pubsub/lib/cpp_pubsub/talker
[0.791s] -- Up-to-date symlink: /home/dahyeon/dev_ws/install/cpp_pubsub/lib/cpp_pubsub/listener
[0.791s] -- Up-to-date symlink: /home/dahyeon/dev_ws/install/cpp_pubsub/share/ament_index/resource_index/package_run_dependencies/cpp_pubsub
[0.791s] -- Up-to-date symlink: /home/dahyeon/dev_ws/install/cpp_pubsub/share/ament_index/resource_index/parent_prefix_path/cpp_pubsub
[0.791s] -- Up-to-date symlink: /home/dahyeon/dev_ws/install/cpp_pubsub/share/cpp_pubsub/environment/ament_prefix_path.sh
[0.791s] -- Up-to-date symlink: /home/dahyeon/dev_ws/install/cpp_pubsub/share/cpp_pubsub/environment/ament_prefix_path.dsv
[0.792s] -- Up-to-date symlink: /home/dahyeon/dev_ws/install/cpp_pubsub/share/cpp_pubsub/environment/path.sh
[0.794s] -- Up-to-date symlink: /home/dahyeon/dev_ws/install/cpp_pubsub/share/cpp_pubsub/environment/path.dsv
[0.794s] -- Up-to-date symlink: /home/dahyeon/dev_ws/install/cpp_pubsub/share/cpp_pubsub/local_setup.bash
[0.794s] -- Up-to-date symlink: /home/dahyeon/dev_ws/install/cpp_pubsub/share/cpp_pubsub/local_setup.sh
[0.794s] -- Up-to-date symlink: /home/dahyeon/dev_ws/install/cpp_pubsub/share/cpp_pubsub/local_setup.zsh
[0.794s] -- Up-to-date symlink: /home/dahyeon/dev_ws/install/cpp_pubsub/share/cpp_pubsub/local_setup.dsv
[0.794s] -- Symlinking: /home/dahyeon/dev_ws/install/cpp_pubsub/share/cpp_pubsub/package.dsv
[0.799s] -- Up-to-date symlink: /home/dahyeon/dev_ws/install/cpp_pubsub/share/ament_index/resource_index/packages/cpp_pubsub
[0.799s] -- Up-to-date symlink: /home/dahyeon/dev_ws/install/cpp_pubsub/share/cpp_pubsub/cmake/cpp_pubsubConfig.cmake
[0.799s] -- Up-to-date symlink: /home/dahyeon/dev_ws/install/cpp_pubsub/share/cpp_pubsub/cmake/cpp_pubsubConfig-version.cmake
[0.799s] -- Up-to-date symlink: /home/dahyeon/dev_ws/install/cpp_pubsub/share/cpp_pubsub/package.xml
[0.823s] Invoked command in '/home/dahyeon/dev_ws/build/cpp_pubsub' returned '0': CMAKE_PREFIX_PATH=${CMAKE_PREFIX_PATH}:/opt/ros/foxy /usr/bin/cmake --install /home/dahyeon/dev_ws/build/cpp_pubsub
