[0.914s] Invoking command in '/home/dahyeon/dev_ws/build/voice_recognition': CMAKE_PREFIX_PATH=/home/dahyeon/dev_ws/install/time_msgs:/home/dahyeon/dev_ws/install/uni_save:/home/dahyeon/dev_ws/install/uni:/home/dahyeon/dev_ws/install/turtlesim:/home/dahyeon/dev_ws/install/topic_service_action_rclcpp_example:/home/dahyeon/dev_ws/install/time_rclcpp_example:/home/dahyeon/dev_ws/install/time_calculate:/home/dahyeon/dev_ws/install/tf2_rclcpp_example:/home/dahyeon/dev_ws/install/testbot_description:/home/dahyeon/dev_ws/install/test:/home/dahyeon/dev_ws/install/srv_alarm_interface:/home/dahyeon/dev_ws/install/rqt_example:/home/dahyeon/dev_ws/install/msg_srv_action_interface_example:/home/dahyeon/dev_ws/install/cpp_pubsub LD_LIBRARY_PATH=/home/dahyeon/dev_ws/install/time_msgs/lib:/home/dahyeon/dev_ws/install/turtlesim/lib:/home/dahyeon/dev_ws/install/srv_alarm_interface/lib:/home/dahyeon/dev_ws/install/msg_srv_action_interface_example/lib:/opt/ros/foxy/opt/yaml_cpp_vendor/lib:/opt/ros/foxy/opt/rviz_ogre_vendor/lib:/opt/ros/foxy/lib/x86_64-linux-gnu:/opt/ros/foxy/lib PYTHONPATH=/home/dahyeon/dev_ws/install/voice_recognition/lib/python3.8/site-packages:/home/dahyeon/dev_ws/install/time_msgs/lib/python3.8/site-packages:/home/dahyeon/dev_ws/install/turtlesim/lib/python3.8/site-packages:/home/dahyeon/dev_ws/build/topic_service_action_rclpy_example:/home/dahyeon/dev_ws/install/topic_service_action_rclpy_example/lib/python3.8/site-packages:/home/dahyeon/dev_ws/build/time_rclpy_example:/home/dahyeon/dev_ws/install/time_rclpy_example/lib/python3.8/site-packages:/home/dahyeon/dev_ws/build/time_alarm_handle:/home/dahyeon/dev_ws/install/time_alarm_handle/lib/python3.8/site-packages:/home/dahyeon/dev_ws/build/py_pubsub:/home/dahyeon/dev_ws/install/py_pubsub/lib/python3.8/site-packages:/home/dahyeon/dev_ws/build/tf2_rclpy_example:/home/dahyeon/dev_ws/install/tf2_rclpy_example/lib/python3.8/site-packages:/home/dahyeon/dev_ws/install/srv_alarm_interface/lib/python3.8/site-packages:/home/dahyeon/dev_ws/install/rqt_example/lib/python3.8/site-packages:/home/dahyeon/dev_ws/build/ros2env:/home/dahyeon/dev_ws/install/ros2env/lib/python3.8/site-packages:/home/dahyeon/dev_ws/build/my_first_ros_rclpy_pkg:/home/dahyeon/dev_ws/install/my_first_ros_rclpy_pkg/lib/python3.8/site-packages:/home/dahyeon/dev_ws/install/msg_srv_action_interface_example/lib/python3.8/site-packages:/home/dahyeon/dev_ws/build/logging_rclpy_example:/home/dahyeon/dev_ws/install/logging_rclpy_example/lib/python3.8/site-packages:/home/dahyeon/dev_ws/build/face_detection:/home/dahyeon/dev_ws/install/face_detection/lib/python3.8/site-packages:/opt/ros/foxy/lib/python3.8/site-packages /usr/bin/python3 setup.py develop --prefix /home/dahyeon/dev_ws/install/voice_recognition --editable --build-directory /home/dahyeon/dev_ws/build/voice_recognition/build --no-deps install_data --install-dir /home/dahyeon/dev_ws/install/voice_recognition
[1.120s] running develop
[1.235s] running egg_info
[1.235s] creating voice_recognition.egg-info
[1.235s] writing voice_recognition.egg-info/PKG-INFO
[1.236s] writing dependency_links to voice_recognition.egg-info/dependency_links.txt
[1.236s] writing entry points to voice_recognition.egg-info/entry_points.txt
[1.236s] writing requirements to voice_recognition.egg-info/requires.txt
[1.236s] writing top-level names to voice_recognition.egg-info/top_level.txt
[1.237s] writing manifest file 'voice_recognition.egg-info/SOURCES.txt'
[1.262s] reading manifest file 'voice_recognition.egg-info/SOURCES.txt'
[1.262s] writing manifest file 'voice_recognition.egg-info/SOURCES.txt'
[1.289s] running build_ext
[1.289s] Creating /home/dahyeon/dev_ws/install/voice_recognition/lib/python3.8/site-packages/site.py
[1.291s] Creating /home/dahyeon/dev_ws/install/voice_recognition/lib/python3.8/site-packages/voice-recognition.egg-link (link to .)
[1.291s] Installing stt_tts_sub script to /home/dahyeon/dev_ws/install/voice_recognition/lib/voice_recognition
[1.292s] 
[1.292s] Installed /home/dahyeon/dev_ws/build/voice_recognition
[1.292s] running install_data
[1.292s] creating /home/dahyeon/dev_ws/install/voice_recognition/share/ament_index
[1.292s] creating /home/dahyeon/dev_ws/install/voice_recognition/share/ament_index/resource_index
[1.292s] creating /home/dahyeon/dev_ws/install/voice_recognition/share/ament_index/resource_index/packages
[1.292s] copying resource/voice_recognition -> /home/dahyeon/dev_ws/install/voice_recognition/share/ament_index/resource_index/packages
[1.292s] copying package.xml -> /home/dahyeon/dev_ws/install/voice_recognition/share/voice_recognition
