[01m[K/home/dahyeon/dev_ws/src/uni/src/alarm/alarmclient.cpp:2:10:[m[K [01;31m[Kfatal error: [m[Ksrc/alarmclient.hpp: No such file or directory
    2 | #include [01;31m[K"src/alarmclient.hpp"[m[K
      |          [01;31m[K^~~~~~~~~~~~~~~~~~~~~[m[K
compilation terminated.
make[2]: *** [CMakeFiles/alarmclient.dir/build.make:63: CMakeFiles/alarmclient.dir/src/alarm/alarmclient.cpp.o] Error 1
make[1]: *** [CMakeFiles/Makefile2:80: CMakeFiles/alarmclient.dir/all] Error 2
make[1]: *** Waiting for unfinished jobs....
/usr/bin/ld: CMakeFiles/alarmserver.dir/src/alarm/alarmserver.cpp.o: in function `Alarmserver::Alarmserver(rclcpp::NodeOptions const&)':
alarmserver.cpp:(.text+0x4a9): undefined reference to `vtable for Alarmserver'
/usr/bin/ld: CMakeFiles/alarmserver.dir/src/alarm/alarmserver.cpp.o: in function `url_get_proc[abi:cxx11](char const*)':
alarmserver.cpp:(.text+0x6bf): undefined reference to `curl_easy_init'
/usr/bin/ld: alarmserver.cpp:(.text+0x6f4): undefined reference to `curl_easy_setopt'
/usr/bin/ld: alarmserver.cpp:(.text+0x711): undefined reference to `curl_easy_setopt'
/usr/bin/ld: alarmserver.cpp:(.text+0x72b): undefined reference to `curl_easy_setopt'
/usr/bin/ld: alarmserver.cpp:(.text+0x748): undefined reference to `curl_easy_setopt'
/usr/bin/ld: alarmserver.cpp:(.text+0x754): undefined reference to `curl_easy_perform'
/usr/bin/ld: alarmserver.cpp:(.text+0x763): undefined reference to `curl_easy_cleanup'
collect2: error: ld returned 1 exit status
make[2]: *** [CMakeFiles/alarmserver.dir/build.make:136: alarmserver] Error 1
make[1]: *** [CMakeFiles/Makefile2:107: CMakeFiles/alarmserver.dir/all] Error 2
make: *** [Makefile:141: all] Error 2
