[35m[1mScanning dependencies of target cpp_parameters_server[0m
[35m[1mScanning dependencies of target cpp_parameters_client[0m
[ 50%] [32mBuilding CXX object CMakeFiles/cpp_parameters_server.dir/src/cpp_parameters_server.cpp.o[0m
[ 50%] [32mBuilding CXX object CMakeFiles/cpp_parameters_client.dir/src/cpp_parameters_client.cpp.o[0m
[ 75%] [32m[1mLinking CXX executable cpp_parameters_client[0m
[100%] [32m[1mLinking CXX executable cpp_parameters_server[0m
[100%] Built target cpp_parameters_client
[100%] Built target cpp_parameters_server
-- Install configuration: ""
-- Execute custom install script
-- Up-to-date symlink: /home/dahyeon/dev_ws/install/cpp_parameters/lib/cpp_parameters/cpp_parameters_server
-- Up-to-date symlink: /home/dahyeon/dev_ws/install/cpp_parameters/lib/cpp_parameters/cpp_parameters_client
-- Up-to-date symlink: /home/dahyeon/dev_ws/install/cpp_parameters/share/ament_index/resource_index/package_run_dependencies/cpp_parameters
-- Up-to-date symlink: /home/dahyeon/dev_ws/install/cpp_parameters/share/ament_index/resource_index/parent_prefix_path/cpp_parameters
-- Up-to-date symlink: /home/dahyeon/dev_ws/install/cpp_parameters/share/cpp_parameters/environment/ament_prefix_path.sh
-- Up-to-date symlink: /home/dahyeon/dev_ws/install/cpp_parameters/share/cpp_parameters/environment/ament_prefix_path.dsv
-- Up-to-date symlink: /home/dahyeon/dev_ws/install/cpp_parameters/share/cpp_parameters/environment/path.sh
-- Up-to-date symlink: /home/dahyeon/dev_ws/install/cpp_parameters/share/cpp_parameters/environment/path.dsv
-- Up-to-date symlink: /home/dahyeon/dev_ws/install/cpp_parameters/share/cpp_parameters/local_setup.bash
-- Up-to-date symlink: /home/dahyeon/dev_ws/install/cpp_parameters/share/cpp_parameters/local_setup.sh
-- Up-to-date symlink: /home/dahyeon/dev_ws/install/cpp_parameters/share/cpp_parameters/local_setup.zsh
-- Up-to-date symlink: /home/dahyeon/dev_ws/install/cpp_parameters/share/cpp_parameters/local_setup.dsv
-- Symlinking: /home/dahyeon/dev_ws/install/cpp_parameters/share/cpp_parameters/package.dsv
-- Up-to-date symlink: /home/dahyeon/dev_ws/install/cpp_parameters/share/ament_index/resource_index/packages/cpp_parameters
-- Up-to-date symlink: /home/dahyeon/dev_ws/install/cpp_parameters/share/cpp_parameters/cmake/cpp_parametersConfig.cmake
-- Up-to-date symlink: /home/dahyeon/dev_ws/install/cpp_parameters/share/cpp_parameters/cmake/cpp_parametersConfig-version.cmake
-- Up-to-date symlink: /home/dahyeon/dev_ws/install/cpp_parameters/share/cpp_parameters/package.xml
