[0.000000] (-) TimerEvent: {}
[0.000194] (-) JobUnselected: {'identifier': 'cpp_parameters'}
[0.000223] (-) JobUnselected: {'identifier': 'cpp_pubsub'}
[0.000292] (-) JobUnselected: {'identifier': 'logging_rclpy_example'}
[0.000336] (-) JobUnselected: {'identifier': 'msg_srv_action_interface_example'}
[0.000405] (-) JobUnselected: {'identifier': 'my_first_ros_rclcpp_pkg'}
[0.000430] (-) JobUnselected: {'identifier': 'my_first_ros_rclpy_pkg'}
[0.000442] (-) JobUnselected: {'identifier': 'my_package'}
[0.000454] (-) JobUnselected: {'identifier': 'ros2env'}
[0.000466] (-) JobUnselected: {'identifier': 'rqt_example'}
[0.000486] (-) JobUnselected: {'identifier': 'srv_alarm_interface'}
[0.000545] (-) JobUnselected: {'identifier': 'testbot_description'}
[0.000558] (-) JobUnselected: {'identifier': 'tf2_rclcpp_example'}
[0.000571] (-) JobUnselected: {'identifier': 'tf2_rclpy_example'}
[0.000583] (-) JobUnselected: {'identifier': 'time_rclcpp_example'}
[0.000595] (-) JobUnselected: {'identifier': 'time_rclpy_example'}
[0.000607] (-) JobUnselected: {'identifier': 'topic_service_action_rclcpp_example'}
[0.000620] (-) JobUnselected: {'identifier': 'topic_service_action_rclpy_example'}
[0.000632] (-) JobUnselected: {'identifier': 'turtlesim'}
[0.000644] (-) JobUnselected: {'identifier': 'uni'}
[0.000659] (-) JobUnselected: {'identifier': 'uni'}
[0.000673] (-) EventReactorShutdown: {}
