[0.000000] (-) TimerEvent: {}
[0.000300] (-) JobUnselected: {'identifier': 'cpp_parameters'}
[0.000401] (-) JobUnselected: {'identifier': 'cpp_pubsub'}
[0.000517] (-) JobUnselected: {'identifier': 'cpp_pubsub'}
[0.000583] (-) JobUnselected: {'identifier': 'logging_rclpy_example'}
[0.000617] (-) JobUnselected: {'identifier': 'msg_srv_action_interface_example'}
[0.000713] (-) JobUnselected: {'identifier': 'my_first_ros_rclcpp_pkg'}
[0.000801] (-) JobUnselected: {'identifier': 'my_first_ros_rclpy_pkg'}
[0.000879] (-) JobUnselected: {'identifier': 'my_package'}
[0.000911] (-) JobUnselected: {'identifier': 'ros2env'}
[0.000925] (-) JobUnselected: {'identifier': 'rqt_example'}
[0.000941] (-) JobUnselected: {'identifier': 'srv_alarm_interface'}
[0.000962] (-) JobUnselected: {'identifier': 'test'}
[0.000982] (-) JobUnselected: {'identifier': 'test'}
[0.001002] (-) JobUnselected: {'identifier': 'testbot_description'}
[0.001022] (-) JobUnselected: {'identifier': 'tf2_rclcpp_example'}
[0.001042] (-) JobUnselected: {'identifier': 'tf2_rclpy_example'}
[0.001062] (-) JobUnselected: {'identifier': 'time_alarm_handle'}
[0.001082] (-) JobUnselected: {'identifier': 'time_calculate'}
[0.001102] (-) JobUnselected: {'identifier': 'time_msgs'}
[0.001122] (-) JobUnselected: {'identifier': 'time_rclcpp_example'}
[0.001142] (-) JobUnselected: {'identifier': 'time_rclpy_example'}
[0.001172] (-) JobUnselected: {'identifier': 'topic_service_action_rclcpp_example'}
[0.001195] (-) JobUnselected: {'identifier': 'topic_service_action_rclpy_example'}
[0.001216] (-) JobUnselected: {'identifier': 'turtlesim'}
[0.001236] (-) JobUnselected: {'identifier': 'uni'}
[0.001256] (-) JobUnselected: {'identifier': 'uni_save'}
[0.001277] (-) EventReactorShutdown: {}
