[0.009s] Invoking command in '/home/dahyeon/dev_ws/build/srv_alarm_interface': CMAKE_PREFIX_PATH=${CMAKE_PREFIX_PATH}:/home/dahyeon/dev_ws/install/topic_service_action_rclpy_example:/home/dahyeon/dev_ws/install/time_rclpy_example:/home/dahyeon/dev_ws/install/tf2_rclpy_example:/home/dahyeon/dev_ws/install/ros2env:/home/dahyeon/dev_ws/install/my_first_ros_rclpy_pkg:/home/dahyeon/dev_ws/install/logging_rclpy_example:/opt/ros/foxy /usr/bin/cmake /home/dahyeon/dev_ws/src/srv_alarm_interface -DAMENT_CMAKE_SYMLINK_INSTALL=1 -DCMAKE_INSTALL_PREFIX=/home/dahyeon/dev_ws/install/srv_alarm_interface
[0.020s] -- Found ament_cmake: 0.9.9 (/opt/ros/foxy/share/ament_cmake/cmake)
[0.042s] -- Found PythonInterp: /usr/bin/python3 (found suitable version "3.8.10", minimum required is "3") 
[0.043s] -- Using PYTHON_EXECUTABLE: /usr/bin/python3
[0.179s] -- Override CMake install command with custom implementation using symlinks instead of copying resources
[0.184s] -- Found builtin_interfaces: 1.0.0 (/opt/ros/foxy/share/builtin_interfaces/cmake)
[0.199s] -- Using all available rosidl_typesupport_c: rosidl_typesupport_fastrtps_c;rosidl_typesupport_introspection_c
[0.201s] -- Found rosidl_adapter: 1.2.1 (/opt/ros/foxy/share/rosidl_adapter/cmake)
[0.284s] -- Using all available rosidl_typesupport_cpp: rosidl_typesupport_fastrtps_cpp;rosidl_typesupport_introspection_cpp
[0.302s] -- Found rosidl_default_generators: 1.0.1 (/opt/ros/foxy/share/rosidl_default_generators/cmake)
[0.333s] -- Found PythonInterp: /usr/bin/python3 (found version "3.8.10") 
[0.433s] -- Found ament_cmake_ros: 0.9.2 (/opt/ros/foxy/share/ament_cmake_ros/cmake)
[0.511s] -- Using all available rosidl_typesupport_c: rosidl_typesupport_fastrtps_c;rosidl_typesupport_introspection_c
[0.522s] -- Using all available rosidl_typesupport_cpp: rosidl_typesupport_fastrtps_cpp;rosidl_typesupport_introspection_cpp
[0.546s] -- Found PythonInterp: /usr/bin/python3 (found suitable version "3.8.10", minimum required is "3.5") 
[0.548s] -- Found python_cmake_module: 0.8.1 (/opt/ros/foxy/share/python_cmake_module/cmake)
[0.573s] -- Found PythonLibs: /usr/lib/x86_64-linux-gnu/libpython3.8.so (found suitable version "3.8.10", minimum required is "3.5") 
[0.574s] -- Using PYTHON_EXECUTABLE: /usr/bin/python3
[0.574s] -- Using PYTHON_INCLUDE_DIRS: /usr/include/python3.8
[0.574s] -- Using PYTHON_LIBRARIES: /usr/lib/x86_64-linux-gnu/libpython3.8.so
[0.595s] -- Found PythonExtra: .so  
[0.646s] -- Configuring done
[0.671s] -- Generating done
[0.673s] -- Build files have been written to: /home/dahyeon/dev_ws/build/srv_alarm_interface
[0.677s] Invoked command in '/home/dahyeon/dev_ws/build/srv_alarm_interface' returned '0': CMAKE_PREFIX_PATH=${CMAKE_PREFIX_PATH}:/home/dahyeon/dev_ws/install/topic_service_action_rclpy_example:/home/dahyeon/dev_ws/install/time_rclpy_example:/home/dahyeon/dev_ws/install/tf2_rclpy_example:/home/dahyeon/dev_ws/install/ros2env:/home/dahyeon/dev_ws/install/my_first_ros_rclpy_pkg:/home/dahyeon/dev_ws/install/logging_rclpy_example:/opt/ros/foxy /usr/bin/cmake /home/dahyeon/dev_ws/src/srv_alarm_interface -DAMENT_CMAKE_SYMLINK_INSTALL=1 -DCMAKE_INSTALL_PREFIX=/home/dahyeon/dev_ws/install/srv_alarm_interface
[0.680s] Invoking command in '/home/dahyeon/dev_ws/build/srv_alarm_interface': CMAKE_PREFIX_PATH=${CMAKE_PREFIX_PATH}:/home/dahyeon/dev_ws/install/topic_service_action_rclpy_example:/home/dahyeon/dev_ws/install/time_rclpy_example:/home/dahyeon/dev_ws/install/tf2_rclpy_example:/home/dahyeon/dev_ws/install/ros2env:/home/dahyeon/dev_ws/install/my_first_ros_rclpy_pkg:/home/dahyeon/dev_ws/install/logging_rclpy_example:/opt/ros/foxy /usr/bin/cmake --build /home/dahyeon/dev_ws/build/srv_alarm_interface -- -j12 -l12
[0.706s] [  3%] [34m[1mGenerating C code for ROS interfaces[0m
[0.706s] [35m[1mScanning dependencies of target srv_alarm_interface__cpp[0m
[0.713s] [  6%] [34m[1mGenerating C++ code for ROS interfaces[0m
[0.920s] [35m[1mScanning dependencies of target srv_alarm_interface__rosidl_generator_c[0m
[0.928s] [  9%] [32mBuilding C object CMakeFiles/srv_alarm_interface__rosidl_generator_c.dir/rosidl_generator_c/srv_alarm_interface/srv/detail/alarm_option__functions.c.o[0m
[0.958s] [ 12%] [32m[1mLinking C shared library libsrv_alarm_interface__rosidl_generator_c.so[0m
[0.974s] [ 12%] Built target srv_alarm_interface__cpp
[0.982s] [ 22%] [34m[1mGenerating C++ introspection for ROS interfaces[0m
[0.982s] [ 22%] [34m[1mGenerating C++ type support dispatch for ROS interfaces[0m
[0.982s] [ 22%] [34m[1mGenerating C++ type support for eProsima Fast-RTPS[0m
[0.983s] [ 22%] Built target srv_alarm_interface__rosidl_generator_c
[0.990s] [ 29%] [34m[1mGenerating C introspection for ROS interfaces[0m
[0.990s] [ 29%] [34m[1mGenerating C type support dispatch for ROS interfaces[0m
[1.179s] [35m[1mScanning dependencies of target srv_alarm_interface__rosidl_typesupport_cpp[0m
[1.187s] [ 32%] [32mBuilding CXX object CMakeFiles/srv_alarm_interface__rosidl_typesupport_cpp.dir/rosidl_typesupport_cpp/srv_alarm_interface/srv/alarm_option__type_support.cpp.o[0m
[1.193s] [35m[1mScanning dependencies of target srv_alarm_interface__rosidl_typesupport_introspection_cpp[0m
[1.202s] [ 35%] [32mBuilding CXX object CMakeFiles/srv_alarm_interface__rosidl_typesupport_introspection_cpp.dir/rosidl_typesupport_introspection_cpp/srv_alarm_interface/srv/detail/alarm_option__type_support.cpp.o[0m
[1.203s] [35m[1mScanning dependencies of target srv_alarm_interface__rosidl_typesupport_fastrtps_cpp[0m
[1.216s] [35m[1mScanning dependencies of target srv_alarm_interface__rosidl_typesupport_introspection_c[0m
[1.217s] [ 38%] [32mBuilding CXX object CMakeFiles/srv_alarm_interface__rosidl_typesupport_fastrtps_cpp.dir/rosidl_typesupport_fastrtps_cpp/srv_alarm_interface/srv/detail/dds_fastrtps/alarm_option__type_support.cpp.o[0m
[1.223s] [35m[1mScanning dependencies of target srv_alarm_interface__rosidl_typesupport_c[0m
[1.227s] [ 41%] [32mBuilding C object CMakeFiles/srv_alarm_interface__rosidl_typesupport_introspection_c.dir/rosidl_typesupport_introspection_c/srv_alarm_interface/srv/detail/alarm_option__type_support.c.o[0m
[1.233s] [ 45%] [32mBuilding CXX object CMakeFiles/srv_alarm_interface__rosidl_typesupport_c.dir/rosidl_typesupport_c/srv_alarm_interface/srv/alarm_option__type_support.cpp.o[0m
[1.255s] [ 48%] [32m[1mLinking C shared library libsrv_alarm_interface__rosidl_typesupport_introspection_c.so[0m
[1.259s] [ 51%] [32m[1mLinking CXX shared library libsrv_alarm_interface__rosidl_typesupport_c.so[0m
[1.277s] [ 51%] Built target srv_alarm_interface__rosidl_typesupport_introspection_c
[1.288s] [ 51%] Built target srv_alarm_interface__rosidl_typesupport_c
[1.414s] [ 54%] [32m[1mLinking CXX shared library libsrv_alarm_interface__rosidl_typesupport_cpp.so[0m
[1.425s] [ 58%] [32m[1mLinking CXX shared library libsrv_alarm_interface__rosidl_typesupport_introspection_cpp.so[0m
[1.445s] [ 58%] Built target srv_alarm_interface__rosidl_typesupport_cpp
[1.470s] [ 58%] Built target srv_alarm_interface__rosidl_typesupport_introspection_cpp
[1.559s] [ 61%] [32m[1mLinking CXX shared library libsrv_alarm_interface__rosidl_typesupport_fastrtps_cpp.so[0m
[1.615s] [ 61%] Built target srv_alarm_interface__rosidl_typesupport_fastrtps_cpp
[1.625s] [ 64%] [34m[1mGenerating C type support for eProsima Fast-RTPS[0m
[1.832s] [35m[1mScanning dependencies of target srv_alarm_interface__rosidl_typesupport_fastrtps_c[0m
[1.844s] [ 67%] [32mBuilding CXX object CMakeFiles/srv_alarm_interface__rosidl_typesupport_fastrtps_c.dir/rosidl_typesupport_fastrtps_c/srv_alarm_interface/srv/detail/alarm_option__type_support_c.cpp.o[0m
[2.108s] [ 70%] [32m[1mLinking CXX shared library libsrv_alarm_interface__rosidl_typesupport_fastrtps_c.so[0m
[2.164s] [ 70%] Built target srv_alarm_interface__rosidl_typesupport_fastrtps_c
[2.171s] [35m[1mScanning dependencies of target srv_alarm_interface[0m
[2.177s] [ 70%] Built target srv_alarm_interface
[2.184s] [35m[1mScanning dependencies of target srv_alarm_interface__py[0m
[2.191s] [ 74%] [34m[1mGenerating Python code for ROS interfaces[0m
[2.577s] [ 74%] Built target srv_alarm_interface__py
[2.584s] [35m[1mScanning dependencies of target srv_alarm_interface__python[0m
[2.596s] [ 77%] [32mBuilding C object CMakeFiles/srv_alarm_interface__python.dir/rosidl_generator_py/srv_alarm_interface/srv/_alarm_option_s.c.o[0m
[2.658s] [ 80%] [32m[1mLinking C shared library rosidl_generator_py/srv_alarm_interface/libsrv_alarm_interface__python.so[0m
[2.685s] [ 80%] Built target srv_alarm_interface__python
[2.692s] [35m[1mScanning dependencies of target srv_alarm_interface__rosidl_typesupport_introspection_c__pyext[0m
[2.692s] [35m[1mScanning dependencies of target srv_alarm_interface__rosidl_typesupport_fastrtps_c__pyext[0m
[2.693s] [35m[1mScanning dependencies of target srv_alarm_interface__rosidl_typesupport_c__pyext[0m
[2.705s] [ 87%] [32mBuilding C object CMakeFiles/srv_alarm_interface__rosidl_typesupport_introspection_c__pyext.dir/rosidl_generator_py/srv_alarm_interface/_srv_alarm_interface_s.ep.rosidl_typesupport_introspection_c.c.o[0m
[2.705s] [ 87%] [32mBuilding C object CMakeFiles/srv_alarm_interface__rosidl_typesupport_c__pyext.dir/rosidl_generator_py/srv_alarm_interface/_srv_alarm_interface_s.ep.rosidl_typesupport_c.c.o[0m
[2.706s] [ 90%] [32mBuilding C object CMakeFiles/srv_alarm_interface__rosidl_typesupport_fastrtps_c__pyext.dir/rosidl_generator_py/srv_alarm_interface/_srv_alarm_interface_s.ep.rosidl_typesupport_fastrtps_c.c.o[0m
[2.764s] [ 96%] [32m[1mLinking C shared library rosidl_generator_py/srv_alarm_interface/srv_alarm_interface_s__rosidl_typesupport_introspection_c.cpython-38-x86_64-linux-gnu.so[0m
[2.764s] [ 96%] [32m[1mLinking C shared library rosidl_generator_py/srv_alarm_interface/srv_alarm_interface_s__rosidl_typesupport_c.cpython-38-x86_64-linux-gnu.so[0m
[2.766s] [100%] [32m[1mLinking CXX shared library rosidl_generator_py/srv_alarm_interface/srv_alarm_interface_s__rosidl_typesupport_fastrtps_c.cpython-38-x86_64-linux-gnu.so[0m
[2.790s] [100%] Built target srv_alarm_interface__rosidl_typesupport_introspection_c__pyext
[2.790s] [100%] Built target srv_alarm_interface__rosidl_typesupport_c__pyext
[2.813s] [100%] Built target srv_alarm_interface__rosidl_typesupport_fastrtps_c__pyext
[2.820s] Invoked command in '/home/dahyeon/dev_ws/build/srv_alarm_interface' returned '0': CMAKE_PREFIX_PATH=${CMAKE_PREFIX_PATH}:/home/dahyeon/dev_ws/install/topic_service_action_rclpy_example:/home/dahyeon/dev_ws/install/time_rclpy_example:/home/dahyeon/dev_ws/install/tf2_rclpy_example:/home/dahyeon/dev_ws/install/ros2env:/home/dahyeon/dev_ws/install/my_first_ros_rclpy_pkg:/home/dahyeon/dev_ws/install/logging_rclpy_example:/opt/ros/foxy /usr/bin/cmake --build /home/dahyeon/dev_ws/build/srv_alarm_interface -- -j12 -l12
[2.859s] Invoking command in '/home/dahyeon/dev_ws/build/srv_alarm_interface': CMAKE_PREFIX_PATH=${CMAKE_PREFIX_PATH}:/home/dahyeon/dev_ws/install/topic_service_action_rclpy_example:/home/dahyeon/dev_ws/install/time_rclpy_example:/home/dahyeon/dev_ws/install/tf2_rclpy_example:/home/dahyeon/dev_ws/install/ros2env:/home/dahyeon/dev_ws/install/my_first_ros_rclpy_pkg:/home/dahyeon/dev_ws/install/logging_rclpy_example:/opt/ros/foxy /usr/bin/cmake --install /home/dahyeon/dev_ws/build/srv_alarm_interface
[2.865s] -- Install configuration: ""
[2.865s] -- Execute custom install script
[2.865s] -- Symlinking: /home/dahyeon/dev_ws/install/srv_alarm_interface/share/ament_index/resource_index/rosidl_interfaces/srv_alarm_interface
[2.872s] -- Symlinking: /home/dahyeon/dev_ws/install/srv_alarm_interface/include/srv_alarm_interface/msg/rosidl_generator_c__visibility_control.h
[2.878s] -- Symlinking: /home/dahyeon/dev_ws/install/srv_alarm_interface/include/srv_alarm_interface/srv/alarm_option.h
[2.884s] -- Symlinking: /home/dahyeon/dev_ws/install/srv_alarm_interface/include/srv_alarm_interface/srv/detail/alarm_option__functions.h
[2.890s] -- Symlinking: /home/dahyeon/dev_ws/install/srv_alarm_interface/include/srv_alarm_interface/srv/detail/alarm_option__struct.h
[2.896s] -- Symlinking: /home/dahyeon/dev_ws/install/srv_alarm_interface/include/srv_alarm_interface/srv/detail/alarm_option__type_support.h
[2.903s] -- Symlinking: /home/dahyeon/dev_ws/install/srv_alarm_interface/share/srv_alarm_interface/environment/library_path.sh
[2.909s] -- Symlinking: /home/dahyeon/dev_ws/install/srv_alarm_interface/share/srv_alarm_interface/environment/library_path.dsv
[2.915s] -- Symlinking: /home/dahyeon/dev_ws/install/srv_alarm_interface/include/srv_alarm_interface/msg/rosidl_typesupport_fastrtps_c__visibility_control.h
[2.921s] -- Symlinking: /home/dahyeon/dev_ws/install/srv_alarm_interface/include/srv_alarm_interface/srv/detail/alarm_option__rosidl_typesupport_fastrtps_c.h
[2.927s] -- Symlinking: /home/dahyeon/dev_ws/install/srv_alarm_interface/lib/libsrv_alarm_interface__rosidl_typesupport_fastrtps_c.so
[2.934s] -- Symlinking: /home/dahyeon/dev_ws/install/srv_alarm_interface/include/srv_alarm_interface/msg/rosidl_typesupport_fastrtps_cpp__visibility_control.h
[2.940s] -- Symlinking: /home/dahyeon/dev_ws/install/srv_alarm_interface/include/srv_alarm_interface/srv/detail/alarm_option__rosidl_typesupport_fastrtps_cpp.hpp
[2.946s] -- Symlinking: /home/dahyeon/dev_ws/install/srv_alarm_interface/lib/libsrv_alarm_interface__rosidl_typesupport_fastrtps_cpp.so
[2.952s] -- Symlinking: /home/dahyeon/dev_ws/install/srv_alarm_interface/include/srv_alarm_interface/msg/rosidl_typesupport_introspection_c__visibility_control.h
[2.960s] -- Symlinking: /home/dahyeon/dev_ws/install/srv_alarm_interface/include/srv_alarm_interface/srv/detail/alarm_option__rosidl_typesupport_introspection_c.h
[2.966s] -- Symlinking: /home/dahyeon/dev_ws/install/srv_alarm_interface/include/srv_alarm_interface/srv/alarm_option.hpp
[2.972s] -- Symlinking: /home/dahyeon/dev_ws/install/srv_alarm_interface/include/srv_alarm_interface/srv/detail/alarm_option__builder.hpp
[2.978s] -- Symlinking: /home/dahyeon/dev_ws/install/srv_alarm_interface/include/srv_alarm_interface/srv/detail/alarm_option__struct.hpp
[2.984s] -- Symlinking: /home/dahyeon/dev_ws/install/srv_alarm_interface/include/srv_alarm_interface/srv/detail/alarm_option__traits.hpp
[2.990s] -- Symlinking: /home/dahyeon/dev_ws/install/srv_alarm_interface/include/srv_alarm_interface/srv/detail/alarm_option__rosidl_typesupport_introspection_cpp.hpp
[2.996s] -- Symlinking: /home/dahyeon/dev_ws/install/srv_alarm_interface/share/srv_alarm_interface/environment/pythonpath.sh
[3.002s] -- Symlinking: /home/dahyeon/dev_ws/install/srv_alarm_interface/share/srv_alarm_interface/environment/pythonpath.dsv
[3.009s] -- Symlinking: /home/dahyeon/dev_ws/install/srv_alarm_interface/lib/python3.8/site-packages/srv_alarm_interface/__init__.py
[3.015s] -- Symlinking: /home/dahyeon/dev_ws/install/srv_alarm_interface/lib/python3.8/site-packages/srv_alarm_interface/srv/__init__.py
[3.021s] -- Symlinking: /home/dahyeon/dev_ws/install/srv_alarm_interface/lib/python3.8/site-packages/srv_alarm_interface/srv/_alarm_option.py
[3.027s] -- Symlinking: /home/dahyeon/dev_ws/install/srv_alarm_interface/lib/python3.8/site-packages/srv_alarm_interface/srv_alarm_interface_s__rosidl_typesupport_fastrtps_c.cpython-38-x86_64-linux-gnu.so
[3.033s] -- Symlinking: /home/dahyeon/dev_ws/install/srv_alarm_interface/lib/python3.8/site-packages/srv_alarm_interface/srv_alarm_interface_s__rosidl_typesupport_introspection_c.cpython-38-x86_64-linux-gnu.so
[3.039s] -- Symlinking: /home/dahyeon/dev_ws/install/srv_alarm_interface/lib/python3.8/site-packages/srv_alarm_interface/srv_alarm_interface_s__rosidl_typesupport_c.cpython-38-x86_64-linux-gnu.so
[3.045s] -- Symlinking: /home/dahyeon/dev_ws/install/srv_alarm_interface/lib/libsrv_alarm_interface__python.so
[3.051s] -- Symlinking: /home/dahyeon/dev_ws/install/srv_alarm_interface/share/srv_alarm_interface/srv/AlarmOption.idl
[3.057s] -- Symlinking: /home/dahyeon/dev_ws/install/srv_alarm_interface/share/srv_alarm_interface/srv/AlarmOption.srv
[3.064s] -- Symlinking: /home/dahyeon/dev_ws/install/srv_alarm_interface/share/srv_alarm_interface/srv/AlarmOption_Request.msg
[3.070s] -- Symlinking: /home/dahyeon/dev_ws/install/srv_alarm_interface/share/srv_alarm_interface/srv/AlarmOption_Response.msg
[3.076s] -- Symlinking: /home/dahyeon/dev_ws/install/srv_alarm_interface/share/ament_index/resource_index/package_run_dependencies/srv_alarm_interface
[3.082s] -- Symlinking: /home/dahyeon/dev_ws/install/srv_alarm_interface/share/ament_index/resource_index/parent_prefix_path/srv_alarm_interface
[3.088s] -- Symlinking: /home/dahyeon/dev_ws/install/srv_alarm_interface/share/srv_alarm_interface/environment/ament_prefix_path.sh
[3.094s] -- Symlinking: /home/dahyeon/dev_ws/install/srv_alarm_interface/share/srv_alarm_interface/environment/ament_prefix_path.dsv
[3.100s] -- Symlinking: /home/dahyeon/dev_ws/install/srv_alarm_interface/share/srv_alarm_interface/environment/path.sh
[3.106s] -- Symlinking: /home/dahyeon/dev_ws/install/srv_alarm_interface/share/srv_alarm_interface/environment/path.dsv
[3.113s] -- Symlinking: /home/dahyeon/dev_ws/install/srv_alarm_interface/share/srv_alarm_interface/local_setup.bash
[3.119s] -- Symlinking: /home/dahyeon/dev_ws/install/srv_alarm_interface/share/srv_alarm_interface/local_setup.sh
[3.125s] -- Symlinking: /home/dahyeon/dev_ws/install/srv_alarm_interface/share/srv_alarm_interface/local_setup.zsh
[3.131s] -- Symlinking: /home/dahyeon/dev_ws/install/srv_alarm_interface/share/srv_alarm_interface/local_setup.dsv
[3.137s] -- Symlinking: /home/dahyeon/dev_ws/install/srv_alarm_interface/share/srv_alarm_interface/package.dsv
[3.143s] -- Symlinking: /home/dahyeon/dev_ws/install/srv_alarm_interface/share/ament_index/resource_index/packages/srv_alarm_interface
[3.149s] -- Symlinking: /home/dahyeon/dev_ws/install/srv_alarm_interface/share/srv_alarm_interface/cmake/rosidl_cmake-extras.cmake
[3.155s] -- Symlinking: /home/dahyeon/dev_ws/install/srv_alarm_interface/share/srv_alarm_interface/cmake/ament_cmake_export_dependencies-extras.cmake
[3.161s] -- Symlinking: /home/dahyeon/dev_ws/install/srv_alarm_interface/share/srv_alarm_interface/cmake/ament_cmake_export_libraries-extras.cmake
[3.167s] -- Symlinking: /home/dahyeon/dev_ws/install/srv_alarm_interface/share/srv_alarm_interface/cmake/ament_cmake_export_targets-extras.cmake
[3.173s] -- Symlinking: /home/dahyeon/dev_ws/install/srv_alarm_interface/share/srv_alarm_interface/cmake/ament_cmake_export_include_directories-extras.cmake
[3.179s] -- Symlinking: /home/dahyeon/dev_ws/install/srv_alarm_interface/share/srv_alarm_interface/cmake/rosidl_cmake_export_typesupport_libraries-extras.cmake
[3.185s] -- Symlinking: /home/dahyeon/dev_ws/install/srv_alarm_interface/share/srv_alarm_interface/cmake/rosidl_cmake_export_typesupport_targets-extras.cmake
[3.190s] -- Symlinking: /home/dahyeon/dev_ws/install/srv_alarm_interface/share/srv_alarm_interface/cmake/srv_alarm_interfaceConfig.cmake
[3.196s] -- Symlinking: /home/dahyeon/dev_ws/install/srv_alarm_interface/share/srv_alarm_interface/cmake/srv_alarm_interfaceConfig-version.cmake
[3.202s] -- Symlinking: /home/dahyeon/dev_ws/install/srv_alarm_interface/share/srv_alarm_interface/package.xml
[3.208s] -- Installing: /home/dahyeon/dev_ws/install/srv_alarm_interface/lib/libsrv_alarm_interface__rosidl_generator_c.so
[3.209s] -- Set runtime path of "/home/dahyeon/dev_ws/install/srv_alarm_interface/lib/libsrv_alarm_interface__rosidl_generator_c.so" to ""
[3.209s] -- Installing: /home/dahyeon/dev_ws/install/srv_alarm_interface/lib/libsrv_alarm_interface__rosidl_typesupport_introspection_c.so
[3.209s] -- Set runtime path of "/home/dahyeon/dev_ws/install/srv_alarm_interface/lib/libsrv_alarm_interface__rosidl_typesupport_introspection_c.so" to ""
[3.209s] -- Installing: /home/dahyeon/dev_ws/install/srv_alarm_interface/lib/libsrv_alarm_interface__rosidl_typesupport_c.so
[3.209s] -- Set runtime path of "/home/dahyeon/dev_ws/install/srv_alarm_interface/lib/libsrv_alarm_interface__rosidl_typesupport_c.so" to ""
[3.209s] -- Installing: /home/dahyeon/dev_ws/install/srv_alarm_interface/lib/libsrv_alarm_interface__rosidl_typesupport_introspection_cpp.so
[3.210s] -- Set runtime path of "/home/dahyeon/dev_ws/install/srv_alarm_interface/lib/libsrv_alarm_interface__rosidl_typesupport_introspection_cpp.so" to ""
[3.210s] -- Installing: /home/dahyeon/dev_ws/install/srv_alarm_interface/lib/libsrv_alarm_interface__rosidl_typesupport_cpp.so
[3.210s] -- Set runtime path of "/home/dahyeon/dev_ws/install/srv_alarm_interface/lib/libsrv_alarm_interface__rosidl_typesupport_cpp.so" to ""
[3.238s] Compiling '/home/dahyeon/dev_ws/install/srv_alarm_interface/lib/python3.8/site-packages/srv_alarm_interface/__init__.py'...
[3.241s] -- Installing: /home/dahyeon/dev_ws/install/srv_alarm_interface/share/srv_alarm_interface/cmake/srv_alarm_interface__rosidl_generator_cExport.cmake
[3.241s] -- Installing: /home/dahyeon/dev_ws/install/srv_alarm_interface/share/srv_alarm_interface/cmake/srv_alarm_interface__rosidl_generator_cExport-noconfig.cmake
[3.241s] -- Installing: /home/dahyeon/dev_ws/install/srv_alarm_interface/share/srv_alarm_interface/cmake/srv_alarm_interface__rosidl_typesupport_introspection_cExport.cmake
[3.242s] -- Installing: /home/dahyeon/dev_ws/install/srv_alarm_interface/share/srv_alarm_interface/cmake/srv_alarm_interface__rosidl_typesupport_introspection_cExport-noconfig.cmake
[3.242s] -- Installing: /home/dahyeon/dev_ws/install/srv_alarm_interface/share/srv_alarm_interface/cmake/srv_alarm_interface__rosidl_typesupport_cExport.cmake
[3.242s] -- Installing: /home/dahyeon/dev_ws/install/srv_alarm_interface/share/srv_alarm_interface/cmake/srv_alarm_interface__rosidl_typesupport_cExport-noconfig.cmake
[3.242s] -- Installing: /home/dahyeon/dev_ws/install/srv_alarm_interface/share/srv_alarm_interface/cmake/srv_alarm_interface__rosidl_generator_cppExport.cmake
[3.242s] -- Installing: /home/dahyeon/dev_ws/install/srv_alarm_interface/share/srv_alarm_interface/cmake/srv_alarm_interface__rosidl_typesupport_introspection_cppExport.cmake
[3.242s] -- Installing: /home/dahyeon/dev_ws/install/srv_alarm_interface/share/srv_alarm_interface/cmake/srv_alarm_interface__rosidl_typesupport_introspection_cppExport-noconfig.cmake
[3.242s] -- Installing: /home/dahyeon/dev_ws/install/srv_alarm_interface/share/srv_alarm_interface/cmake/srv_alarm_interface__rosidl_typesupport_cppExport.cmake
[3.242s] -- Installing: /home/dahyeon/dev_ws/install/srv_alarm_interface/share/srv_alarm_interface/cmake/srv_alarm_interface__rosidl_typesupport_cppExport-noconfig.cmake
[3.245s] Invoked command in '/home/dahyeon/dev_ws/build/srv_alarm_interface' returned '0': CMAKE_PREFIX_PATH=${CMAKE_PREFIX_PATH}:/home/dahyeon/dev_ws/install/topic_service_action_rclpy_example:/home/dahyeon/dev_ws/install/time_rclpy_example:/home/dahyeon/dev_ws/install/tf2_rclpy_example:/home/dahyeon/dev_ws/install/ros2env:/home/dahyeon/dev_ws/install/my_first_ros_rclpy_pkg:/home/dahyeon/dev_ws/install/logging_rclpy_example:/opt/ros/foxy /usr/bin/cmake --install /home/dahyeon/dev_ws/build/srv_alarm_interface
