[0.515s] Invoking command in '/home/dahyeon/dev_ws/build/rqt_example': CMAKE_PREFIX_PATH=${CMAKE_PREFIX_PATH}:/opt/ros/foxy /usr/bin/cmake --build /home/dahyeon/dev_ws/build/rqt_example -- -j12 -l12
[0.706s] Invoked command in '/home/dahyeon/dev_ws/build/rqt_example' returned '0': CMAKE_PREFIX_PATH=${CMAKE_PREFIX_PATH}:/opt/ros/foxy /usr/bin/cmake --build /home/dahyeon/dev_ws/build/rqt_example -- -j12 -l12
[0.751s] Invoking command in '/home/dahyeon/dev_ws/build/rqt_example': CMAKE_PREFIX_PATH=${CMAKE_PREFIX_PATH}:/opt/ros/foxy /usr/bin/cmake --install /home/dahyeon/dev_ws/build/rqt_example
[0.774s] -- Install configuration: ""
[0.775s] -- Execute custom install script
[0.778s] -- Up-to-date symlink: /home/dahyeon/dev_ws/install/rqt_example/share/rqt_example/environment/pythonpath.sh
[0.779s] -- Up-to-date symlink: /home/dahyeon/dev_ws/install/rqt_example/share/rqt_example/environment/pythonpath.dsv
[0.780s] -- Up-to-date symlink: /home/dahyeon/dev_ws/install/rqt_example/lib/python3.8/site-packages/rqt_example/__init__.py
[0.780s] -- Up-to-date symlink: /home/dahyeon/dev_ws/install/rqt_example/lib/python3.8/site-packages/rqt_example/examples.py
[0.780s] -- Up-to-date symlink: /home/dahyeon/dev_ws/install/rqt_example/lib/python3.8/site-packages/rqt_example/examples_widget.py
[0.780s] -- Up-to-date symlink: /home/dahyeon/dev_ws/install/rqt_example/share/rqt_example/plugin.xml
[0.781s] -- Up-to-date symlink: /home/dahyeon/dev_ws/install/rqt_example/share/rqt_example/resource/rqt_example.ui
[0.781s] -- Up-to-date symlink: /home/dahyeon/dev_ws/install/rqt_example/share/rqt_example/launch/turtlesim.launch.py
[0.783s] -- Up-to-date symlink: /home/dahyeon/dev_ws/install/rqt_example/lib/rqt_example/rqt_example
[0.783s] -- Up-to-date symlink: /home/dahyeon/dev_ws/install/rqt_example/share/ament_index/resource_index/package_run_dependencies/rqt_example
[0.785s] -- Up-to-date symlink: /home/dahyeon/dev_ws/install/rqt_example/share/ament_index/resource_index/parent_prefix_path/rqt_example
[0.785s] -- Up-to-date symlink: /home/dahyeon/dev_ws/install/rqt_example/share/rqt_example/environment/ament_prefix_path.sh
[0.785s] -- Up-to-date symlink: /home/dahyeon/dev_ws/install/rqt_example/share/rqt_example/environment/ament_prefix_path.dsv
[0.785s] -- Up-to-date symlink: /home/dahyeon/dev_ws/install/rqt_example/share/rqt_example/environment/path.sh
[0.785s] -- Up-to-date symlink: /home/dahyeon/dev_ws/install/rqt_example/share/rqt_example/environment/path.dsv
[0.787s] -- Up-to-date symlink: /home/dahyeon/dev_ws/install/rqt_example/share/rqt_example/local_setup.bash
[0.787s] -- Up-to-date symlink: /home/dahyeon/dev_ws/install/rqt_example/share/rqt_example/local_setup.sh
[0.789s] -- Up-to-date symlink: /home/dahyeon/dev_ws/install/rqt_example/share/rqt_example/local_setup.zsh
[0.789s] -- Up-to-date symlink: /home/dahyeon/dev_ws/install/rqt_example/share/rqt_example/local_setup.dsv
[0.789s] -- Symlinking: /home/dahyeon/dev_ws/install/rqt_example/share/rqt_example/package.dsv
[0.792s] -- Up-to-date symlink: /home/dahyeon/dev_ws/install/rqt_example/share/ament_index/resource_index/packages/rqt_example
[0.794s] -- Up-to-date symlink: /home/dahyeon/dev_ws/install/rqt_example/share/rqt_example/cmake/rqt_exampleConfig.cmake
[0.795s] -- Up-to-date symlink: /home/dahyeon/dev_ws/install/rqt_example/share/rqt_example/cmake/rqt_exampleConfig-version.cmake
[0.795s] -- Up-to-date symlink: /home/dahyeon/dev_ws/install/rqt_example/share/rqt_example/package.xml
[0.814s] Listing '/home/dahyeon/dev_ws/install/rqt_example/lib/python3.8/site-packages/rqt_example'...
[0.867s] Invoked command in '/home/dahyeon/dev_ws/build/rqt_example' returned '0': CMAKE_PREFIX_PATH=${CMAKE_PREFIX_PATH}:/opt/ros/foxy /usr/bin/cmake --install /home/dahyeon/dev_ws/build/rqt_example
