[1.099s] Invoking command in '/home/dahyeon/dev_ws/build/topic_service_action_rclpy_example': AMENT_PREFIX_PATH=/home/dahyeon/dev_ws/install/msg_srv_action_interface_example:${AMENT_PREFIX_PATH} CMAKE_PREFIX_PATH=/home/dahyeon/dev_ws/install/msg_srv_action_interface_example:${CMAKE_PREFIX_PATH} LD_LIBRARY_PATH=/home/dahyeon/dev_ws/install/msg_srv_action_interface_example/lib:${LD_LIBRARY_PATH} PYTHONPATH=/home/dahyeon/dev_ws/install/topic_service_action_rclpy_example/lib/python3.8/site-packages:/home/dahyeon/dev_ws/install/msg_srv_action_interface_example/lib/python3.8/site-packages:${PYTHONPATH} /usr/bin/python3 setup.py develop --prefix /home/dahyeon/dev_ws/install/topic_service_action_rclpy_example --editable --build-directory /home/dahyeon/dev_ws/build/topic_service_action_rclpy_example/build --no-deps install_data --install-dir /home/dahyeon/dev_ws/install/topic_service_action_rclpy_example
[1.408s] running develop
[1.586s] running egg_info
[1.586s] writing topic_service_action_rclpy_example.egg-info/PKG-INFO
[1.587s] writing dependency_links to topic_service_action_rclpy_example.egg-info/dependency_links.txt
[1.587s] writing entry points to topic_service_action_rclpy_example.egg-info/entry_points.txt
[1.587s] writing requirements to topic_service_action_rclpy_example.egg-info/requires.txt
[1.587s] writing top-level names to topic_service_action_rclpy_example.egg-info/top_level.txt
[1.634s] reading manifest file 'topic_service_action_rclpy_example.egg-info/SOURCES.txt'
[1.635s] writing manifest file 'topic_service_action_rclpy_example.egg-info/SOURCES.txt'
[1.683s] running build_ext
[1.683s] Creating /home/dahyeon/dev_ws/install/topic_service_action_rclpy_example/lib/python3.8/site-packages/topic-service-action-rclpy-example.egg-link (link to .)
[1.684s] Installing argument script to /home/dahyeon/dev_ws/install/topic_service_action_rclpy_example/lib/topic_service_action_rclpy_example
[1.684s] Installing calculator script to /home/dahyeon/dev_ws/install/topic_service_action_rclpy_example/lib/topic_service_action_rclpy_example
[1.684s] Installing checker script to /home/dahyeon/dev_ws/install/topic_service_action_rclpy_example/lib/topic_service_action_rclpy_example
[1.685s] Installing operator script to /home/dahyeon/dev_ws/install/topic_service_action_rclpy_example/lib/topic_service_action_rclpy_example
[1.685s] 
[1.685s] Installed /home/dahyeon/dev_ws/build/topic_service_action_rclpy_example
[1.685s] running install_data
[1.725s] Invoked command in '/home/dahyeon/dev_ws/build/topic_service_action_rclpy_example' returned '0': AMENT_PREFIX_PATH=/home/dahyeon/dev_ws/install/msg_srv_action_interface_example:${AMENT_PREFIX_PATH} CMAKE_PREFIX_PATH=/home/dahyeon/dev_ws/install/msg_srv_action_interface_example:${CMAKE_PREFIX_PATH} LD_LIBRARY_PATH=/home/dahyeon/dev_ws/install/msg_srv_action_interface_example/lib:${LD_LIBRARY_PATH} PYTHONPATH=/home/dahyeon/dev_ws/install/topic_service_action_rclpy_example/lib/python3.8/site-packages:/home/dahyeon/dev_ws/install/msg_srv_action_interface_example/lib/python3.8/site-packages:${PYTHONPATH} /usr/bin/python3 setup.py develop --prefix /home/dahyeon/dev_ws/install/topic_service_action_rclpy_example --editable --build-directory /home/dahyeon/dev_ws/build/topic_service_action_rclpy_example/build --no-deps install_data --install-dir /home/dahyeon/dev_ws/install/topic_service_action_rclpy_example
