[0.000000] (-) TimerEvent: {}
[0.000090] (-) JobUnselected: {'identifier': 'cpp_parameters'}
[0.000189] (-) JobUnselected: {'identifier': 'cpp_pubsub'}
[0.000229] (-) JobUnselected: {'identifier': 'cpp_pubsub'}
[0.000303] (-) JobUnselected: {'identifier': 'logging_rclpy_example'}
[0.000360] (-) JobUnselected: {'identifier': 'msg_srv_action_interface_example'}
[0.000376] (-) JobUnselected: {'identifier': 'my_first_ros_rclcpp_pkg'}
[0.000390] (-) JobUnselected: {'identifier': 'my_first_ros_rclpy_pkg'}
[0.000403] (-) JobUnselected: {'identifier': 'my_package'}
[0.000415] (-) JobUnselected: {'identifier': 'ros2env'}
[0.000446] (-) JobUnselected: {'identifier': 'rqt_example'}
[0.000458] (-) JobUnselected: {'identifier': 'srv_alarm_interface'}
[0.000470] (-) JobUnselected: {'identifier': 'test'}
[0.000482] (-) JobUnselected: {'identifier': 'test'}
[0.000494] (-) JobUnselected: {'identifier': 'testbot_description'}
[0.000506] (-) JobUnselected: {'identifier': 'tf2_rclcpp_example'}
[0.000517] (-) JobUnselected: {'identifier': 'tf2_rclpy_example'}
[0.000529] (-) JobUnselected: {'identifier': 'time_alarm_handle'}
[0.000557] (-) JobUnselected: {'identifier': 'time_calculate'}
[0.000569] (-) JobUnselected: {'identifier': 'time_msgs'}
[0.000580] (-) JobUnselected: {'identifier': 'time_rclcpp_example'}
[0.000592] (-) JobUnselected: {'identifier': 'time_rclpy_example'}
[0.000630] (-) JobUnselected: {'identifier': 'topic_service_action_rclcpp_example'}
[0.000647] (-) JobUnselected: {'identifier': 'topic_service_action_rclpy_example'}
[0.000662] (-) JobUnselected: {'identifier': 'turtlesim'}
[0.000675] (-) JobUnselected: {'identifier': 'uni'}
[0.000705] (-) JobUnselected: {'identifier': 'uni_save'}
[0.000717] (-) EventReactorShutdown: {}
