[0.000000] (-) TimerEvent: {}
[0.000437] (-) JobUnselected: {'identifier': 'cpp_parameters'}
[0.000489] (-) JobUnselected: {'identifier': 'cpp_pubsub'}
[0.000515] (-) JobUnselected: {'identifier': 'cpp_pubsub'}
[0.000536] (-) JobUnselected: {'identifier': 'logging_rclpy_example'}
[0.000550] (-) JobUnselected: {'identifier': 'msg_srv_action_interface_example'}
[0.000565] (-) JobUnselected: {'identifier': 'my_first_ros_rclcpp_pkg'}
[0.000594] (-) JobUnselected: {'identifier': 'my_first_ros_rclpy_pkg'}
[0.000609] (-) JobUnselected: {'identifier': 'my_package'}
[0.000637] (-) JobUnselected: {'identifier': 'ros2env'}
[0.000673] (-) JobUnselected: {'identifier': 'rqt_example'}
[0.000700] (-) JobUnselected: {'identifier': 'srv_alarm_interface'}
[0.000713] (-) JobUnselected: {'identifier': 'test'}
[0.000725] (-) JobUnselected: {'identifier': 'test'}
[0.000738] (-) JobUnselected: {'identifier': 'testbot_description'}
[0.000751] (-) JobUnselected: {'identifier': 'tf2_rclcpp_example'}
[0.000763] (-) JobUnselected: {'identifier': 'tf2_rclpy_example'}
[0.000775] (-) JobUnselected: {'identifier': 'time_alarm_handle'}
[0.000891] (-) JobUnselected: {'identifier': 'time_calculate'}
[0.000952] (-) JobUnselected: {'identifier': 'time_msgs'}
[0.000976] (-) JobUnselected: {'identifier': 'time_rclcpp_example'}
[0.000988] (-) JobUnselected: {'identifier': 'time_rclpy_example'}
[0.001002] (-) JobUnselected: {'identifier': 'topic_service_action_rclcpp_example'}
[0.001013] (-) JobUnselected: {'identifier': 'topic_service_action_rclpy_example'}
[0.001024] (-) JobUnselected: {'identifier': 'turtlesim'}
[0.001035] (-) JobUnselected: {'identifier': 'uni'}
[0.001045] (-) JobUnselected: {'identifier': 'uni_save'}
[0.001057] (-) EventReactorShutdown: {}
