[0.000000] (-) TimerEvent: {}
[0.000555] (-) JobUnselected: {'identifier': 'cpp_parameters'}
[0.001643] (-) JobUnselected: {'identifier': 'cpp_pubsub'}
[0.001675] (-) JobUnselected: {'identifier': 'cpp_pubsub'}
[0.001701] (-) JobUnselected: {'identifier': 'logging_rclpy_example'}
[0.001724] (-) JobUnselected: {'identifier': 'msg_srv_action_interface_example'}
[0.001748] (-) JobUnselected: {'identifier': 'my_first_ros_rclcpp_pkg'}
[0.001779] (-) JobUnselected: {'identifier': 'my_first_ros_rclpy_pkg'}
[0.001802] (-) JobUnselected: {'identifier': 'my_package'}
[0.001841] (-) JobUnselected: {'identifier': 'ros2env'}
[0.001884] (-) JobUnselected: {'identifier': 'rqt_example'}
[0.001906] (-) JobUnselected: {'identifier': 'srv_alarm_interface'}
[0.001920] (-) JobUnselected: {'identifier': 'test'}
[0.001941] (-) JobUnselected: {'identifier': 'test'}
[0.001954] (-) JobUnselected: {'identifier': 'testbot_description'}
[0.001967] (-) JobUnselected: {'identifier': 'tf2_rclcpp_example'}
[0.002010] (-) JobUnselected: {'identifier': 'tf2_rclpy_example'}
[0.002045] (-) JobUnselected: {'identifier': 'time_calculate'}
[0.002059] (-) JobUnselected: {'identifier': 'time_msgs'}
[0.002079] (-) JobUnselected: {'identifier': 'time_rclcpp_example'}
[0.002113] (-) JobUnselected: {'identifier': 'time_rclpy_example'}
[0.002154] (-) JobUnselected: {'identifier': 'topic_service_action_rclcpp_example'}
[0.002179] (-) JobUnselected: {'identifier': 'topic_service_action_rclpy_example'}
[0.002192] (-) JobUnselected: {'identifier': 'turtlesim'}
[0.002213] (-) JobUnselected: {'identifier': 'uni'}
[0.002226] (-) JobUnselected: {'identifier': 'uni_save'}
[0.002269] (time_alarm_handle) JobQueued: {'identifier': 'time_alarm_handle', 'dependencies': OrderedDict([('time_msgs', '/home/dahyeon/dev_ws/install/time_msgs')])}
[0.002304] (time_alarm_handle) JobStarted: {'identifier': 'time_alarm_handle'}
[0.014119] (time_alarm_handle) JobEnded: {'identifier': 'time_alarm_handle', 'rc': 1}
[0.024499] (-) EventReactorShutdown: {}
