[35m[1mScanning dependencies of target checker[0m
[35m[1mScanning dependencies of target operator[0m
[35m[1mScanning dependencies of target calculator[0m
[35m[1mScanning dependencies of target gtest_main[0m
[35m[1mScanning dependencies of target gtest[0m
[35m[1mScanning dependencies of target argument[0m
[  5%] [32mBuilding CXX object CMakeFiles/checker.dir/src/checker/main.cpp.o[0m
[ 11%] [32mBuilding CXX object gtest/CMakeFiles/gtest_main.dir/src/gtest_main.cc.o[0m
[ 17%] [32mBuilding CXX object gtest/CMakeFiles/gtest.dir/src/gtest-all.cc.o[0m
[ 23%] [32mBuilding CXX object CMakeFiles/operator.dir/src/arithmetic/operator.cpp.o[0m
[ 29%] [32mBuilding CXX object CMakeFiles/checker.dir/src/checker/checker.cpp.o[0m
[ 35%] [32mBuilding CXX object CMakeFiles/calculator.dir/src/calculator/main.cpp.o[0m
[ 41%] [32mBuilding CXX object CMakeFiles/argument.dir/src/arithmetic/argument.cpp.o[0m
[ 47%] [32mBuilding CXX object CMakeFiles/calculator.dir/src/calculator/calculator.cpp.o[0m
[ 52%] [32m[1mLinking CXX static library libgtest_main.a[0m
[ 52%] Built target gtest_main
[ 58%] [32m[1mLinking CXX executable operator[0m
[ 58%] Built target operator
[ 64%] [32m[1mLinking CXX executable checker[0m
[ 64%] Built target checker
[ 70%] [32m[1mLinking CXX static library libgtest.a[0m
[ 70%] Built target gtest
[35m[1mScanning dependencies of target test_calculator[0m
[ 82%] [32mBuilding CXX object test/CMakeFiles/test_calculator.dir/__/src/calculator/calculator.cpp.o[0m
[ 82%] [32mBuilding CXX object test/CMakeFiles/test_calculator.dir/test_calculator.cpp.o[0m
[ 88%] [32m[1mLinking CXX executable argument[0m
[ 88%] Built target argument
[ 94%] [32m[1mLinking CXX executable calculator[0m
[ 94%] Built target calculator
[100%] [32m[1mLinking CXX executable test_calculator[0m
[100%] Built target test_calculator
-- Install configuration: ""
-- Execute custom install script
-- Symlinking: /home/dahyeon/dev_ws/install/topic_service_action_rclcpp_example/lib/topic_service_action_rclcpp_example/argument
-- Symlinking: /home/dahyeon/dev_ws/install/topic_service_action_rclcpp_example/lib/topic_service_action_rclcpp_example/calculator
-- Symlinking: /home/dahyeon/dev_ws/install/topic_service_action_rclcpp_example/lib/topic_service_action_rclcpp_example/checker
-- Symlinking: /home/dahyeon/dev_ws/install/topic_service_action_rclcpp_example/lib/topic_service_action_rclcpp_example/operator
-- Symlinking: /home/dahyeon/dev_ws/install/topic_service_action_rclcpp_example/share/topic_service_action_rclcpp_example/launch/arithmetic.launch.py
-- Symlinking: /home/dahyeon/dev_ws/install/topic_service_action_rclcpp_example/share/topic_service_action_rclcpp_example/param/arithmetic_config.yaml
-- Symlinking: /home/dahyeon/dev_ws/install/topic_service_action_rclcpp_example/share/ament_index/resource_index/package_run_dependencies/topic_service_action_rclcpp_example
-- Symlinking: /home/dahyeon/dev_ws/install/topic_service_action_rclcpp_example/share/ament_index/resource_index/parent_prefix_path/topic_service_action_rclcpp_example
-- Symlinking: /home/dahyeon/dev_ws/install/topic_service_action_rclcpp_example/share/topic_service_action_rclcpp_example/environment/ament_prefix_path.sh
-- Symlinking: /home/dahyeon/dev_ws/install/topic_service_action_rclcpp_example/share/topic_service_action_rclcpp_example/environment/ament_prefix_path.dsv
-- Symlinking: /home/dahyeon/dev_ws/install/topic_service_action_rclcpp_example/share/topic_service_action_rclcpp_example/environment/path.sh
-- Symlinking: /home/dahyeon/dev_ws/install/topic_service_action_rclcpp_example/share/topic_service_action_rclcpp_example/environment/path.dsv
-- Symlinking: /home/dahyeon/dev_ws/install/topic_service_action_rclcpp_example/share/topic_service_action_rclcpp_example/local_setup.bash
-- Symlinking: /home/dahyeon/dev_ws/install/topic_service_action_rclcpp_example/share/topic_service_action_rclcpp_example/local_setup.sh
-- Symlinking: /home/dahyeon/dev_ws/install/topic_service_action_rclcpp_example/share/topic_service_action_rclcpp_example/local_setup.zsh
-- Symlinking: /home/dahyeon/dev_ws/install/topic_service_action_rclcpp_example/share/topic_service_action_rclcpp_example/local_setup.dsv
-- Symlinking: /home/dahyeon/dev_ws/install/topic_service_action_rclcpp_example/share/topic_service_action_rclcpp_example/package.dsv
-- Symlinking: /home/dahyeon/dev_ws/install/topic_service_action_rclcpp_example/share/ament_index/resource_index/packages/topic_service_action_rclcpp_example
-- Symlinking: /home/dahyeon/dev_ws/install/topic_service_action_rclcpp_example/share/topic_service_action_rclcpp_example/cmake/topic_service_action_rclcpp_exampleConfig.cmake
-- Symlinking: /home/dahyeon/dev_ws/install/topic_service_action_rclcpp_example/share/topic_service_action_rclcpp_example/cmake/topic_service_action_rclcpp_exampleConfig-version.cmake
-- Symlinking: /home/dahyeon/dev_ws/install/topic_service_action_rclcpp_example/share/topic_service_action_rclcpp_example/package.xml
