[0.038s] Invoking command in '/home/dahyeon/dev_ws/build/topic_service_action_rclcpp_example': AMENT_PREFIX_PATH=/home/dahyeon/dev_ws/install/msg_srv_action_interface_example:${AMENT_PREFIX_PATH} CMAKE_PREFIX_PATH=/home/dahyeon/dev_ws/install/msg_srv_action_interface_example:/home/dahyeon/dev_ws/install/turtlesim:/home/dahyeon/dev_ws/install/my_package:/home/dahyeon/dev_ws/install/my_first_ros_rclcpp_pkg:/home/dahyeon/dev_ws/install/cpp_pubsub:/opt/ros/foxy LD_LIBRARY_PATH=/home/dahyeon/dev_ws/install/msg_srv_action_interface_example/lib:${LD_LIBRARY_PATH} PYTHONPATH=/home/dahyeon/dev_ws/install/msg_srv_action_interface_example/lib/python3.8/site-packages:${PYTHONPATH} /usr/bin/cmake --build /home/dahyeon/dev_ws/build/topic_service_action_rclcpp_example -- -j12 -l12
[0.352s] [35m[1mScanning dependencies of target checker[0m
[0.352s] [35m[1mScanning dependencies of target operator[0m
[0.352s] [35m[1mScanning dependencies of target calculator[0m
[0.352s] [35m[1mScanning dependencies of target gtest_main[0m
[0.353s] [35m[1mScanning dependencies of target gtest[0m
[0.353s] [35m[1mScanning dependencies of target argument[0m
[0.353s] [  5%] [32mBuilding CXX object CMakeFiles/checker.dir/src/checker/main.cpp.o[0m
[0.353s] [ 11%] [32mBuilding CXX object gtest/CMakeFiles/gtest_main.dir/src/gtest_main.cc.o[0m
[0.353s] [ 17%] [32mBuilding CXX object gtest/CMakeFiles/gtest.dir/src/gtest-all.cc.o[0m
[0.353s] [ 23%] [32mBuilding CXX object CMakeFiles/operator.dir/src/arithmetic/operator.cpp.o[0m
[0.353s] [ 29%] [32mBuilding CXX object CMakeFiles/checker.dir/src/checker/checker.cpp.o[0m
[0.353s] [ 35%] [32mBuilding CXX object CMakeFiles/calculator.dir/src/calculator/main.cpp.o[0m
[0.353s] [ 41%] [32mBuilding CXX object CMakeFiles/argument.dir/src/arithmetic/argument.cpp.o[0m
[0.354s] [ 47%] [32mBuilding CXX object CMakeFiles/calculator.dir/src/calculator/calculator.cpp.o[0m
[1.073s] [ 52%] [32m[1mLinking CXX static library libgtest_main.a[0m
[1.140s] [ 52%] Built target gtest_main
[2.742s] [ 58%] [32m[1mLinking CXX executable operator[0m
[2.847s] [ 58%] Built target operator
[3.080s] [ 64%] [32m[1mLinking CXX executable checker[0m
[3.207s] [ 64%] Built target checker
[3.335s] [ 70%] [32m[1mLinking CXX static library libgtest.a[0m
[3.393s] [ 70%] Built target gtest
[3.400s] [35m[1mScanning dependencies of target test_calculator[0m
[3.433s] [ 82%] [32mBuilding CXX object test/CMakeFiles/test_calculator.dir/__/src/calculator/calculator.cpp.o[0m
[3.433s] [ 82%] [32mBuilding CXX object test/CMakeFiles/test_calculator.dir/test_calculator.cpp.o[0m
[5.448s] [ 88%] [32m[1mLinking CXX executable argument[0m
[5.634s] [ 88%] Built target argument
[6.081s] [ 94%] [32m[1mLinking CXX executable calculator[0m
[6.269s] [ 94%] Built target calculator
[7.877s] [100%] [32m[1mLinking CXX executable test_calculator[0m
[8.102s] [100%] Built target test_calculator
[8.111s] Invoked command in '/home/dahyeon/dev_ws/build/topic_service_action_rclcpp_example' returned '0': AMENT_PREFIX_PATH=/home/dahyeon/dev_ws/install/msg_srv_action_interface_example:${AMENT_PREFIX_PATH} CMAKE_PREFIX_PATH=/home/dahyeon/dev_ws/install/msg_srv_action_interface_example:/home/dahyeon/dev_ws/install/turtlesim:/home/dahyeon/dev_ws/install/my_package:/home/dahyeon/dev_ws/install/my_first_ros_rclcpp_pkg:/home/dahyeon/dev_ws/install/cpp_pubsub:/opt/ros/foxy LD_LIBRARY_PATH=/home/dahyeon/dev_ws/install/msg_srv_action_interface_example/lib:${LD_LIBRARY_PATH} PYTHONPATH=/home/dahyeon/dev_ws/install/msg_srv_action_interface_example/lib/python3.8/site-packages:${PYTHONPATH} /usr/bin/cmake --build /home/dahyeon/dev_ws/build/topic_service_action_rclcpp_example -- -j12 -l12
[8.132s] Invoking command in '/home/dahyeon/dev_ws/build/topic_service_action_rclcpp_example': AMENT_PREFIX_PATH=/home/dahyeon/dev_ws/install/msg_srv_action_interface_example:${AMENT_PREFIX_PATH} CMAKE_PREFIX_PATH=/home/dahyeon/dev_ws/install/msg_srv_action_interface_example:/home/dahyeon/dev_ws/install/turtlesim:/home/dahyeon/dev_ws/install/my_package:/home/dahyeon/dev_ws/install/my_first_ros_rclcpp_pkg:/home/dahyeon/dev_ws/install/cpp_pubsub:/opt/ros/foxy LD_LIBRARY_PATH=/home/dahyeon/dev_ws/install/msg_srv_action_interface_example/lib:${LD_LIBRARY_PATH} PYTHONPATH=/home/dahyeon/dev_ws/install/msg_srv_action_interface_example/lib/python3.8/site-packages:${PYTHONPATH} /usr/bin/cmake --install /home/dahyeon/dev_ws/build/topic_service_action_rclcpp_example
[8.138s] -- Install configuration: ""
[8.139s] -- Execute custom install script
[8.139s] -- Symlinking: /home/dahyeon/dev_ws/install/topic_service_action_rclcpp_example/lib/topic_service_action_rclcpp_example/argument
[8.144s] -- Symlinking: /home/dahyeon/dev_ws/install/topic_service_action_rclcpp_example/lib/topic_service_action_rclcpp_example/calculator
[8.150s] -- Symlinking: /home/dahyeon/dev_ws/install/topic_service_action_rclcpp_example/lib/topic_service_action_rclcpp_example/checker
[8.155s] -- Symlinking: /home/dahyeon/dev_ws/install/topic_service_action_rclcpp_example/lib/topic_service_action_rclcpp_example/operator
[8.162s] -- Symlinking: /home/dahyeon/dev_ws/install/topic_service_action_rclcpp_example/share/topic_service_action_rclcpp_example/launch/arithmetic.launch.py
[8.168s] -- Symlinking: /home/dahyeon/dev_ws/install/topic_service_action_rclcpp_example/share/topic_service_action_rclcpp_example/param/arithmetic_config.yaml
[8.174s] -- Symlinking: /home/dahyeon/dev_ws/install/topic_service_action_rclcpp_example/share/ament_index/resource_index/package_run_dependencies/topic_service_action_rclcpp_example
[8.179s] -- Symlinking: /home/dahyeon/dev_ws/install/topic_service_action_rclcpp_example/share/ament_index/resource_index/parent_prefix_path/topic_service_action_rclcpp_example
[8.185s] -- Symlinking: /home/dahyeon/dev_ws/install/topic_service_action_rclcpp_example/share/topic_service_action_rclcpp_example/environment/ament_prefix_path.sh
[8.191s] -- Symlinking: /home/dahyeon/dev_ws/install/topic_service_action_rclcpp_example/share/topic_service_action_rclcpp_example/environment/ament_prefix_path.dsv
[8.197s] -- Symlinking: /home/dahyeon/dev_ws/install/topic_service_action_rclcpp_example/share/topic_service_action_rclcpp_example/environment/path.sh
[8.203s] -- Symlinking: /home/dahyeon/dev_ws/install/topic_service_action_rclcpp_example/share/topic_service_action_rclcpp_example/environment/path.dsv
[8.208s] -- Symlinking: /home/dahyeon/dev_ws/install/topic_service_action_rclcpp_example/share/topic_service_action_rclcpp_example/local_setup.bash
[8.214s] -- Symlinking: /home/dahyeon/dev_ws/install/topic_service_action_rclcpp_example/share/topic_service_action_rclcpp_example/local_setup.sh
[8.220s] -- Symlinking: /home/dahyeon/dev_ws/install/topic_service_action_rclcpp_example/share/topic_service_action_rclcpp_example/local_setup.zsh
[8.225s] -- Symlinking: /home/dahyeon/dev_ws/install/topic_service_action_rclcpp_example/share/topic_service_action_rclcpp_example/local_setup.dsv
[8.231s] -- Symlinking: /home/dahyeon/dev_ws/install/topic_service_action_rclcpp_example/share/topic_service_action_rclcpp_example/package.dsv
[8.236s] -- Symlinking: /home/dahyeon/dev_ws/install/topic_service_action_rclcpp_example/share/ament_index/resource_index/packages/topic_service_action_rclcpp_example
[8.242s] -- Symlinking: /home/dahyeon/dev_ws/install/topic_service_action_rclcpp_example/share/topic_service_action_rclcpp_example/cmake/topic_service_action_rclcpp_exampleConfig.cmake
[8.247s] -- Symlinking: /home/dahyeon/dev_ws/install/topic_service_action_rclcpp_example/share/topic_service_action_rclcpp_example/cmake/topic_service_action_rclcpp_exampleConfig-version.cmake
[8.253s] -- Symlinking: /home/dahyeon/dev_ws/install/topic_service_action_rclcpp_example/share/topic_service_action_rclcpp_example/package.xml
[8.261s] Invoked command in '/home/dahyeon/dev_ws/build/topic_service_action_rclcpp_example' returned '0': AMENT_PREFIX_PATH=/home/dahyeon/dev_ws/install/msg_srv_action_interface_example:${AMENT_PREFIX_PATH} CMAKE_PREFIX_PATH=/home/dahyeon/dev_ws/install/msg_srv_action_interface_example:/home/dahyeon/dev_ws/install/turtlesim:/home/dahyeon/dev_ws/install/my_package:/home/dahyeon/dev_ws/install/my_first_ros_rclcpp_pkg:/home/dahyeon/dev_ws/install/cpp_pubsub:/opt/ros/foxy LD_LIBRARY_PATH=/home/dahyeon/dev_ws/install/msg_srv_action_interface_example/lib:${LD_LIBRARY_PATH} PYTHONPATH=/home/dahyeon/dev_ws/install/msg_srv_action_interface_example/lib/python3.8/site-packages:${PYTHONPATH} /usr/bin/cmake --install /home/dahyeon/dev_ws/build/topic_service_action_rclcpp_example
